<?xml version="1.0" encoding="UTF-8"?>
<testsuite name="com.ceiba.plantaporproveedor.ComandoControladorPlantaPorProveedorTest" tests="1" skipped="0" failures="0" errors="0" timestamp="2022-06-27T03:49:38" hostname="RODRIGO-MONTERO" time="0.227">
  <properties/>
  <testcase name="crearPlantaPorProveedorExitosa()" classname="com.ceiba.plantaporproveedor.ComandoControladorPlantaPorProveedorTest" time="0.227"/>
  <system-out><![CDATA[2022-06-26 22:49:38.002  INFO 32012 --- [    Test worker] o.s.t.c.support.AbstractContextLoader    : Could not detect default resource locations for test class [com.ceiba.plantaporproveedor.ComandoControladorPlantaPorProveedorTest]: no resource found for suffixes {-context.xml, Context.groovy}.
2022-06-26 22:49:38.004  INFO 32012 --- [    Test worker] .b.t.a.w.s.WebMvcTestContextBootstrapper : Loaded default TestExecutionListener class names from location [META-INF/spring.factories]: [org.springframework.boot.test.autoconfigure.restdocs.RestDocsTestExecutionListener, org.springframework.boot.test.autoconfigure.web.client.MockRestServiceServerResetTestExecutionListener, org.springframework.boot.test.autoconfigure.web.servlet.MockMvcPrintOnlyOnFailureTestExecutionListener, org.springframework.boot.test.autoconfigure.web.servlet.WebDriverTestExecutionListener, org.springframework.boot.test.autoconfigure.webservices.client.MockWebServiceServerTestExecutionListener, org.springframework.boot.test.mock.mockito.MockitoTestExecutionListener, org.springframework.boot.test.mock.mockito.ResetMocksTestExecutionListener, org.springframework.test.context.web.ServletTestExecutionListener, org.springframework.test.context.support.DirtiesContextBeforeModesTestExecutionListener, org.springframework.test.context.event.ApplicationEventsTestExecutionListener, org.springframework.test.context.support.DependencyInjectionTestExecutionListener, org.springframework.test.context.support.DirtiesContextTestExecutionListener, org.springframework.test.context.transaction.TransactionalTestExecutionListener, org.springframework.test.context.jdbc.SqlScriptsTestExecutionListener, org.springframework.test.context.event.EventPublishingTestExecutionListener]
2022-06-26 22:49:38.004  INFO 32012 --- [    Test worker] .b.t.a.w.s.WebMvcTestContextBootstrapper : Using TestExecutionListeners: [org.springframework.test.context.web.ServletTestExecutionListener@6434c4c9, org.springframework.test.context.support.DirtiesContextBeforeModesTestExecutionListener@786a411b, org.springframework.test.context.event.ApplicationEventsTestExecutionListener@11f723ef, org.springframework.boot.test.mock.mockito.MockitoTestExecutionListener@65ea5ce7, org.springframework.boot.test.autoconfigure.SpringBootDependencyInjectionTestExecutionListener@27bace1f, org.springframework.test.context.support.DirtiesContextTestExecutionListener@d72316a, org.springframework.test.context.transaction.TransactionalTestExecutionListener@25329370, org.springframework.test.context.jdbc.SqlScriptsTestExecutionListener@1208fe55, org.springframework.test.context.event.EventPublishingTestExecutionListener@6333003d, org.springframework.boot.test.autoconfigure.restdocs.RestDocsTestExecutionListener@7fd68450, org.springframework.boot.test.autoconfigure.web.client.MockRestServiceServerResetTestExecutionListener@4ece21c9, org.springframework.boot.test.autoconfigure.web.servlet.MockMvcPrintOnlyOnFailureTestExecutionListener@1b618413, org.springframework.boot.test.autoconfigure.web.servlet.WebDriverTestExecutionListener@60285daa, org.springframework.boot.test.autoconfigure.webservices.client.MockWebServiceServerTestExecutionListener@2b97a1fb, org.springframework.boot.test.mock.mockito.ResetMocksTestExecutionListener@14680d29]

  .   ____          _            __ _ _
 /\\ / ___'_ __ _ _(_)_ __  __ _ \ \ \ \
( ( )\___ | '_ | '_| | '_ \/ _` | \ \ \ \
 \\/  ___)| |_)| | | | | || (_| |  ) ) ) )
  '  |____| .__|_| |_|_| |_\__, | / / / /
 =========|_|==============|___/=/_/_/_/
 :: Spring Boot ::                (v2.6.7)

2022-06-26 22:49:38.019  INFO 32012 --- [    Test worker] ComandoControladorPlantaPorProveedorTest : Starting ComandoControladorPlantaPorProveedorTest using Java 17.0.2 on RODRIGO-MONTERO with PID 32012 (started by rodrigo.montero in D:\Adn\java-arquitectura-hexagonal\microservicio\infraestructura)
2022-06-26 22:49:38.019  INFO 32012 --- [    Test worker] ComandoControladorPlantaPorProveedorTest : No active profile set, falling back to 1 default profile: "default"
2022-06-26 22:49:38.116  INFO 32012 --- [    Test worker] com.zaxxer.hikari.HikariDataSource       : pool - Starting...
2022-06-26 22:49:38.117  INFO 32012 --- [    Test worker] com.zaxxer.hikari.HikariDataSource       : pool - Start completed.
2022-06-26 22:49:38.205  INFO 32012 --- [    Test worker] o.s.j.d.e.EmbeddedDatabaseFactory        : Starting embedded database: url='jdbc:h2:mem:testdb;DB_CLOSE_DELAY=-1;DB_CLOSE_ON_EXIT=false', username='sa'
2022-06-26 22:49:38.208  INFO 32012 --- [    Test worker] o.f.c.i.database.base.DatabaseType       : Database: jdbc:h2:mem:testdb (H2 1.4)
2022-06-26 22:49:38.212  INFO 32012 --- [    Test worker] o.f.core.internal.command.DbValidate     : Successfully validated 2 migrations (execution time 00:00.002s)
2022-06-26 22:49:38.216  INFO 32012 --- [    Test worker] o.f.core.internal.command.DbMigrate      : Current version of schema "PUBLIC": 1.1
2022-06-26 22:49:38.217  INFO 32012 --- [    Test worker] o.f.core.internal.command.DbMigrate      : Schema "PUBLIC" is up to date. No migration necessary.
2022-06-26 22:49:38.497  INFO 32012 --- [    Test worker] o.s.b.t.m.w.SpringBootMockServletContext : Initializing Spring TestDispatcherServlet ''
2022-06-26 22:49:38.498  INFO 32012 --- [    Test worker] o.s.t.web.servlet.TestDispatcherServlet  : Initializing Servlet ''
2022-06-26 22:49:38.498  INFO 32012 --- [    Test worker] o.s.t.web.servlet.TestDispatcherServlet  : Completed initialization in 0 ms
2022-06-26 22:49:38.506  INFO 32012 --- [    Test worker] ComandoControladorPlantaPorProveedorTest : Started ComandoControladorPlantaPorProveedorTest in 0.5 seconds (JVM running for 13.24)
***** ComandosolicitarPlantaPorProveedor  *******com.ceiba.plantaporproveedor.comando.ComandoSolicitudPlantaPorProveedor@7175d37c
***Fabrica solicitud facturar PROVEEDOR *** com.ceiba.plantaporproveedor.comando.ComandoSolicitudPlantaPorProveedor@7175d37c
***Fabrica solicitud facturar PROVEEDOR *** 22
***Fabrica solicitud facturar PLANTA *** 12
****Mensaje desde la entidad PROVEEDOR ****com.ceiba.proveedor.modelo.entidad.Proveedor@37ab2edc
****Mensaje desde la entidad PLANTA  ******com.ceiba.planta.modelo.entidad.Planta@4aff0bac
2022-06-26 22:49:38.522  INFO 32012 --- [    Test worker] o.s.j.d.e.EmbeddedDatabaseFactory        : Shutting down embedded database: url='jdbc:h2:mem:testdb;DB_CLOSE_DELAY=-1;DB_CLOSE_ON_EXIT=false'
2022-06-26 22:49:38.733  INFO 32012 --- [    Test worker] com.zaxxer.hikari.HikariDataSource       : pool - Shutdown initiated...
2022-06-26 22:49:38.735  INFO 32012 --- [    Test worker] com.zaxxer.hikari.HikariDataSource       : pool - Shutdown completed.
]]></system-out>
  <system-err><![CDATA[]]></system-err>
</testsuite>
