<?xml version="1.0" encoding="UTF-8"?>
<testsuite name="com.ceiba.planta.ConsultaPlantaControladorTest" tests="2" skipped="0" failures="0" errors="0" timestamp="2022-07-28T15:44:42" hostname="RODRIGO-MONTERO" time="0.976">
  <properties/>
  <testcase name="consultarPlantaPorProveedor()" classname="com.ceiba.planta.ConsultaPlantaControladorTest" time="0.215"/>
  <testcase name="consultarPlantas()" classname="com.ceiba.planta.ConsultaPlantaControladorTest" time="0.225"/>
  <system-out><![CDATA[2022-07-28 10:44:42.341  INFO 10764 --- [    Test worker] o.s.t.c.support.AbstractContextLoader    : Could not detect default resource locations for test class [com.ceiba.planta.ConsultaPlantaControladorTest]: no resource found for suffixes {-context.xml, Context.groovy}.
2022-07-28 10:44:42.343  INFO 10764 --- [    Test worker] .b.t.a.w.s.WebMvcTestContextBootstrapper : Loaded default TestExecutionListener class names from location [META-INF/spring.factories]: [org.springframework.boot.test.autoconfigure.restdocs.RestDocsTestExecutionListener, org.springframework.boot.test.autoconfigure.web.client.MockRestServiceServerResetTestExecutionListener, org.springframework.boot.test.autoconfigure.web.servlet.MockMvcPrintOnlyOnFailureTestExecutionListener, org.springframework.boot.test.autoconfigure.web.servlet.WebDriverTestExecutionListener, org.springframework.boot.test.autoconfigure.webservices.client.MockWebServiceServerTestExecutionListener, org.springframework.boot.test.mock.mockito.MockitoTestExecutionListener, org.springframework.boot.test.mock.mockito.ResetMocksTestExecutionListener, org.springframework.test.context.web.ServletTestExecutionListener, org.springframework.test.context.support.DirtiesContextBeforeModesTestExecutionListener, org.springframework.test.context.event.ApplicationEventsTestExecutionListener, org.springframework.test.context.support.DependencyInjectionTestExecutionListener, org.springframework.test.context.support.DirtiesContextTestExecutionListener, org.springframework.test.context.transaction.TransactionalTestExecutionListener, org.springframework.test.context.jdbc.SqlScriptsTestExecutionListener, org.springframework.test.context.event.EventPublishingTestExecutionListener]
2022-07-28 10:44:42.343  INFO 10764 --- [    Test worker] .b.t.a.w.s.WebMvcTestContextBootstrapper : Using TestExecutionListeners: [org.springframework.test.context.web.ServletTestExecutionListener@39dde2a3, org.springframework.test.context.support.DirtiesContextBeforeModesTestExecutionListener@46a2760a, org.springframework.test.context.event.ApplicationEventsTestExecutionListener@5a84e8ec, org.springframework.boot.test.mock.mockito.MockitoTestExecutionListener@65b1321f, org.springframework.boot.test.autoconfigure.SpringBootDependencyInjectionTestExecutionListener@33af0cf0, org.springframework.test.context.support.DirtiesContextTestExecutionListener@66682ea9, org.springframework.test.context.transaction.TransactionalTestExecutionListener@1bd66900, org.springframework.test.context.jdbc.SqlScriptsTestExecutionListener@771b81af, org.springframework.test.context.event.EventPublishingTestExecutionListener@3c18db30, org.springframework.boot.test.autoconfigure.restdocs.RestDocsTestExecutionListener@1b22a77c, org.springframework.boot.test.autoconfigure.web.client.MockRestServiceServerResetTestExecutionListener@33145371, org.springframework.boot.test.autoconfigure.web.servlet.MockMvcPrintOnlyOnFailureTestExecutionListener@1829aa45, org.springframework.boot.test.autoconfigure.web.servlet.WebDriverTestExecutionListener@6212232b, org.springframework.boot.test.autoconfigure.webservices.client.MockWebServiceServerTestExecutionListener@6c057152, org.springframework.boot.test.mock.mockito.ResetMocksTestExecutionListener@7d9b2878]

  .   ____          _            __ _ _
 /\\ / ___'_ __ _ _(_)_ __  __ _ \ \ \ \
( ( )\___ | '_ | '_| | '_ \/ _` | \ \ \ \
 \\/  ___)| |_)| | | | | || (_| |  ) ) ) )
  '  |____| .__|_| |_|_| |_\__, | / / / /
 =========|_|==============|___/=/_/_/_/
 :: Spring Boot ::                (v2.6.7)

2022-07-28 10:44:42.361  INFO 10764 --- [    Test worker] c.c.p.ConsultaPlantaControladorTest      : Starting ConsultaPlantaControladorTest using Java 17.0.3 on RODRIGO-MONTERO with PID 10764 (started by rodrigo.montero in D:\Adn\java-arquitectura-hexagonal\microservicio\infraestructura)
2022-07-28 10:44:42.361  INFO 10764 --- [    Test worker] c.c.p.ConsultaPlantaControladorTest      : No active profile set, falling back to 1 default profile: "default"
2022-07-28 10:44:42.457  INFO 10764 --- [    Test worker] com.zaxxer.hikari.HikariDataSource       : pool - Starting...
2022-07-28 10:44:42.458  INFO 10764 --- [    Test worker] com.zaxxer.hikari.HikariDataSource       : pool - Start completed.
2022-07-28 10:44:42.567  INFO 10764 --- [    Test worker] o.s.j.d.e.EmbeddedDatabaseFactory        : Starting embedded database: url='jdbc:h2:mem:testdb;DB_CLOSE_DELAY=-1;DB_CLOSE_ON_EXIT=false', username='sa'
2022-07-28 10:44:42.570  INFO 10764 --- [    Test worker] o.f.c.i.database.base.DatabaseType       : Database: jdbc:h2:mem:testdb (H2 1.4)
2022-07-28 10:44:42.574  INFO 10764 --- [    Test worker] o.f.core.internal.command.DbValidate     : Successfully validated 2 migrations (execution time 00:00.002s)
2022-07-28 10:44:42.577  INFO 10764 --- [    Test worker] o.f.core.internal.command.DbMigrate      : Current version of schema "PUBLIC": 1.1
2022-07-28 10:44:42.578  INFO 10764 --- [    Test worker] o.f.core.internal.command.DbMigrate      : Schema "PUBLIC" is up to date. No migration necessary.
2022-07-28 10:44:42.846  INFO 10764 --- [    Test worker] o.s.b.t.m.w.SpringBootMockServletContext : Initializing Spring TestDispatcherServlet ''
2022-07-28 10:44:42.847  INFO 10764 --- [    Test worker] o.s.t.web.servlet.TestDispatcherServlet  : Initializing Servlet ''
2022-07-28 10:44:42.847  INFO 10764 --- [    Test worker] o.s.t.web.servlet.TestDispatcherServlet  : Completed initialization in 0 ms
2022-07-28 10:44:42.853  INFO 10764 --- [    Test worker] c.c.p.ConsultaPlantaControladorTest      : Started ConsultaPlantaControladorTest in 0.506 seconds (JVM running for 17.047)
2022-07-28 10:44:42.864  INFO 10764 --- [    Test worker] o.s.j.d.e.EmbeddedDatabaseFactory        : Shutting down embedded database: url='jdbc:h2:mem:testdb;DB_CLOSE_DELAY=-1;DB_CLOSE_ON_EXIT=false'
2022-07-28 10:44:43.068  INFO 10764 --- [    Test worker] com.zaxxer.hikari.HikariDataSource       : pool - Shutdown initiated...
2022-07-28 10:44:43.069  INFO 10764 --- [    Test worker] com.zaxxer.hikari.HikariDataSource       : pool - Shutdown completed.

  .   ____          _            __ _ _
 /\\ / ___'_ __ _ _(_)_ __  __ _ \ \ \ \
( ( )\___ | '_ | '_| | '_ \/ _` | \ \ \ \
 \\/  ___)| |_)| | | | | || (_| |  ) ) ) )
  '  |____| .__|_| |_|_| |_\__, | / / / /
 =========|_|==============|___/=/_/_/_/
 :: Spring Boot ::                (v2.6.7)

2022-07-28 10:44:43.097  INFO 10764 --- [    Test worker] c.c.p.ConsultaPlantaControladorTest      : Starting ConsultaPlantaControladorTest using Java 17.0.3 on RODRIGO-MONTERO with PID 10764 (started by rodrigo.montero in D:\Adn\java-arquitectura-hexagonal\microservicio\infraestructura)
2022-07-28 10:44:43.097  INFO 10764 --- [    Test worker] c.c.p.ConsultaPlantaControladorTest      : No active profile set, falling back to 1 default profile: "default"
2022-07-28 10:44:43.188  INFO 10764 --- [    Test worker] com.zaxxer.hikari.HikariDataSource       : pool - Starting...
2022-07-28 10:44:43.191  INFO 10764 --- [    Test worker] com.zaxxer.hikari.HikariDataSource       : pool - Start completed.
2022-07-28 10:44:43.281  INFO 10764 --- [    Test worker] o.s.j.d.e.EmbeddedDatabaseFactory        : Starting embedded database: url='jdbc:h2:mem:testdb;DB_CLOSE_DELAY=-1;DB_CLOSE_ON_EXIT=false', username='sa'
2022-07-28 10:44:43.285  INFO 10764 --- [    Test worker] o.f.c.i.database.base.DatabaseType       : Database: jdbc:h2:mem:testdb (H2 1.4)
2022-07-28 10:44:43.290  INFO 10764 --- [    Test worker] o.f.core.internal.command.DbValidate     : Successfully validated 2 migrations (execution time 00:00.003s)
2022-07-28 10:44:43.292  INFO 10764 --- [    Test worker] o.f.c.i.s.JdbcTableSchemaHistory         : Creating Schema History table "PUBLIC"."flyway_schema_history" ...
2022-07-28 10:44:43.299  INFO 10764 --- [    Test worker] o.f.core.internal.command.DbMigrate      : Current version of schema "PUBLIC": << Empty Schema >>
2022-07-28 10:44:43.301  INFO 10764 --- [    Test worker] o.f.core.internal.command.DbMigrate      : Migrating schema "PUBLIC" to version 1.0 - schema
2022-07-28 10:44:43.314  INFO 10764 --- [    Test worker] o.f.core.internal.command.DbMigrate      : Migrating schema "PUBLIC" to version 1.1 - data
2022-07-28 10:44:43.321  INFO 10764 --- [    Test worker] o.f.core.internal.command.DbMigrate      : Successfully applied 2 migrations to schema "PUBLIC" (execution time 00:00.023s)
2022-07-28 10:44:43.596  INFO 10764 --- [    Test worker] o.s.b.t.m.w.SpringBootMockServletContext : Initializing Spring TestDispatcherServlet ''
2022-07-28 10:44:43.596  INFO 10764 --- [    Test worker] o.s.t.web.servlet.TestDispatcherServlet  : Initializing Servlet ''
2022-07-28 10:44:43.597  INFO 10764 --- [    Test worker] o.s.t.web.servlet.TestDispatcherServlet  : Completed initialization in 1 ms
2022-07-28 10:44:43.603  INFO 10764 --- [    Test worker] c.c.p.ConsultaPlantaControladorTest      : Started ConsultaPlantaControladorTest in 0.53 seconds (JVM running for 17.797)
2022-07-28 10:44:43.614  INFO 10764 --- [    Test worker] o.s.j.d.e.EmbeddedDatabaseFactory        : Shutting down embedded database: url='jdbc:h2:mem:testdb;DB_CLOSE_DELAY=-1;DB_CLOSE_ON_EXIT=false'
2022-07-28 10:44:43.828  INFO 10764 --- [    Test worker] com.zaxxer.hikari.HikariDataSource       : pool - Shutdown initiated...
2022-07-28 10:44:43.829  INFO 10764 --- [    Test worker] com.zaxxer.hikari.HikariDataSource       : pool - Shutdown completed.
]]></system-out>
  <system-err><![CDATA[]]></system-err>
</testsuite>
