<?xml version="1.0" encoding="UTF-8"?>
<testsuite name="com.ceiba.factura.controlador.ConsultaControladorFacturaTest" tests="2" skipped="0" failures="0" errors="0" timestamp="2022-07-26T20:30:44" hostname="RODRIGO-MONTERO" time="1.015">
  <properties/>
  <testcase name="consultarFacturasAnuladas()" classname="com.ceiba.factura.controlador.ConsultaControladorFacturaTest" time="0.224"/>
  <testcase name="consultarSumaFacturas()" classname="com.ceiba.factura.controlador.ConsultaControladorFacturaTest" time="0.222"/>
  <system-out><![CDATA[2022-07-26 15:30:44.176  INFO 24088 --- [    Test worker] o.s.t.c.support.AbstractContextLoader    : Could not detect default resource locations for test class [com.ceiba.factura.controlador.ConsultaControladorFacturaTest]: no resource found for suffixes {-context.xml, Context.groovy}.
2022-07-26 15:30:44.177  INFO 24088 --- [    Test worker] .b.t.a.w.s.WebMvcTestContextBootstrapper : Loaded default TestExecutionListener class names from location [META-INF/spring.factories]: [org.springframework.boot.test.autoconfigure.restdocs.RestDocsTestExecutionListener, org.springframework.boot.test.autoconfigure.web.client.MockRestServiceServerResetTestExecutionListener, org.springframework.boot.test.autoconfigure.web.servlet.MockMvcPrintOnlyOnFailureTestExecutionListener, org.springframework.boot.test.autoconfigure.web.servlet.WebDriverTestExecutionListener, org.springframework.boot.test.autoconfigure.webservices.client.MockWebServiceServerTestExecutionListener, org.springframework.boot.test.mock.mockito.MockitoTestExecutionListener, org.springframework.boot.test.mock.mockito.ResetMocksTestExecutionListener, org.springframework.test.context.web.ServletTestExecutionListener, org.springframework.test.context.support.DirtiesContextBeforeModesTestExecutionListener, org.springframework.test.context.event.ApplicationEventsTestExecutionListener, org.springframework.test.context.support.DependencyInjectionTestExecutionListener, org.springframework.test.context.support.DirtiesContextTestExecutionListener, org.springframework.test.context.transaction.TransactionalTestExecutionListener, org.springframework.test.context.jdbc.SqlScriptsTestExecutionListener, org.springframework.test.context.event.EventPublishingTestExecutionListener]
2022-07-26 15:30:44.178  INFO 24088 --- [    Test worker] .b.t.a.w.s.WebMvcTestContextBootstrapper : Using TestExecutionListeners: [org.springframework.test.context.web.ServletTestExecutionListener@7831cf5c, org.springframework.test.context.support.DirtiesContextBeforeModesTestExecutionListener@18a0c124, org.springframework.test.context.event.ApplicationEventsTestExecutionListener@3a85c965, org.springframework.boot.test.mock.mockito.MockitoTestExecutionListener@4c77eb54, org.springframework.boot.test.autoconfigure.SpringBootDependencyInjectionTestExecutionListener@3a4a86a9, org.springframework.test.context.support.DirtiesContextTestExecutionListener@247dc925, org.springframework.test.context.transaction.TransactionalTestExecutionListener@30a7f22e, org.springframework.test.context.jdbc.SqlScriptsTestExecutionListener@43798225, org.springframework.test.context.event.EventPublishingTestExecutionListener@2d683b2d, org.springframework.boot.test.autoconfigure.restdocs.RestDocsTestExecutionListener@6716eb44, org.springframework.boot.test.autoconfigure.web.client.MockRestServiceServerResetTestExecutionListener@68af530a, org.springframework.boot.test.autoconfigure.web.servlet.MockMvcPrintOnlyOnFailureTestExecutionListener@67488c90, org.springframework.boot.test.autoconfigure.web.servlet.WebDriverTestExecutionListener@b956207, org.springframework.boot.test.autoconfigure.webservices.client.MockWebServiceServerTestExecutionListener@5b09e4fa, org.springframework.boot.test.mock.mockito.ResetMocksTestExecutionListener@49accb92]

  .   ____          _            __ _ _
 /\\ / ___'_ __ _ _(_)_ __  __ _ \ \ \ \
( ( )\___ | '_ | '_| | '_ \/ _` | \ \ \ \
 \\/  ___)| |_)| | | | | || (_| |  ) ) ) )
  '  |____| .__|_| |_|_| |_\__, | / / / /
 =========|_|==============|___/=/_/_/_/
 :: Spring Boot ::                (v2.6.7)

2022-07-26 15:30:44.201  INFO 24088 --- [    Test worker] c.c.f.c.ConsultaControladorFacturaTest   : Starting ConsultaControladorFacturaTest using Java 17.0.3 on RODRIGO-MONTERO with PID 24088 (started by rodrigo.montero in D:\Adn\java-arquitectura-hexagonal\microservicio\infraestructura)
2022-07-26 15:30:44.201  INFO 24088 --- [    Test worker] c.c.f.c.ConsultaControladorFacturaTest   : No active profile set, falling back to 1 default profile: "default"
2022-07-26 15:30:44.300  INFO 24088 --- [    Test worker] com.zaxxer.hikari.HikariDataSource       : pool - Starting...
2022-07-26 15:30:44.303  INFO 24088 --- [    Test worker] com.zaxxer.hikari.HikariDataSource       : pool - Start completed.
2022-07-26 15:30:44.402  INFO 24088 --- [    Test worker] o.s.j.d.e.EmbeddedDatabaseFactory        : Starting embedded database: url='jdbc:h2:mem:testdb;DB_CLOSE_DELAY=-1;DB_CLOSE_ON_EXIT=false', username='sa'
2022-07-26 15:30:44.407  INFO 24088 --- [    Test worker] o.f.c.i.database.base.DatabaseType       : Database: jdbc:h2:mem:testdb (H2 1.4)
2022-07-26 15:30:44.411  INFO 24088 --- [    Test worker] o.f.core.internal.command.DbValidate     : Successfully validated 2 migrations (execution time 00:00.002s)
2022-07-26 15:30:44.413  INFO 24088 --- [    Test worker] o.f.c.i.s.JdbcTableSchemaHistory         : Creating Schema History table "PUBLIC"."flyway_schema_history" ...
2022-07-26 15:30:44.418  INFO 24088 --- [    Test worker] o.f.core.internal.command.DbMigrate      : Current version of schema "PUBLIC": << Empty Schema >>
2022-07-26 15:30:44.421  INFO 24088 --- [    Test worker] o.f.core.internal.command.DbMigrate      : Migrating schema "PUBLIC" to version 1.0 - schema
2022-07-26 15:30:44.432  INFO 24088 --- [    Test worker] o.f.core.internal.command.DbMigrate      : Migrating schema "PUBLIC" to version 1.1 - data
2022-07-26 15:30:44.441  INFO 24088 --- [    Test worker] o.f.core.internal.command.DbMigrate      : Successfully applied 2 migrations to schema "PUBLIC" (execution time 00:00.024s)
2022-07-26 15:30:44.751  INFO 24088 --- [    Test worker] o.s.b.t.m.w.SpringBootMockServletContext : Initializing Spring TestDispatcherServlet ''
2022-07-26 15:30:44.752  INFO 24088 --- [    Test worker] o.s.t.web.servlet.TestDispatcherServlet  : Initializing Servlet ''
2022-07-26 15:30:44.752  INFO 24088 --- [    Test worker] o.s.t.web.servlet.TestDispatcherServlet  : Completed initialization in 0 ms
2022-07-26 15:30:44.759  INFO 24088 --- [    Test worker] c.c.f.c.ConsultaControladorFacturaTest   : Started ConsultaControladorFacturaTest in 0.578 seconds (JVM running for 15.028)
2022-07-26 15:30:44.774  INFO 24088 --- [    Test worker] o.s.j.d.e.EmbeddedDatabaseFactory        : Shutting down embedded database: url='jdbc:h2:mem:testdb;DB_CLOSE_DELAY=-1;DB_CLOSE_ON_EXIT=false'
2022-07-26 15:30:44.983  INFO 24088 --- [    Test worker] com.zaxxer.hikari.HikariDataSource       : pool - Shutdown initiated...
2022-07-26 15:30:44.985  INFO 24088 --- [    Test worker] com.zaxxer.hikari.HikariDataSource       : pool - Shutdown completed.

  .   ____          _            __ _ _
 /\\ / ___'_ __ _ _(_)_ __  __ _ \ \ \ \
( ( )\___ | '_ | '_| | '_ \/ _` | \ \ \ \
 \\/  ___)| |_)| | | | | || (_| |  ) ) ) )
  '  |____| .__|_| |_|_| |_\__, | / / / /
 =========|_|==============|___/=/_/_/_/
 :: Spring Boot ::                (v2.6.7)

2022-07-26 15:30:45.025  INFO 24088 --- [    Test worker] c.c.f.c.ConsultaControladorFacturaTest   : Starting ConsultaControladorFacturaTest using Java 17.0.3 on RODRIGO-MONTERO with PID 24088 (started by rodrigo.montero in D:\Adn\java-arquitectura-hexagonal\microservicio\infraestructura)
2022-07-26 15:30:45.026  INFO 24088 --- [    Test worker] c.c.f.c.ConsultaControladorFacturaTest   : No active profile set, falling back to 1 default profile: "default"
2022-07-26 15:30:45.123  INFO 24088 --- [    Test worker] com.zaxxer.hikari.HikariDataSource       : pool - Starting...
2022-07-26 15:30:45.125  INFO 24088 --- [    Test worker] com.zaxxer.hikari.HikariDataSource       : pool - Start completed.
2022-07-26 15:30:45.220  INFO 24088 --- [    Test worker] o.s.j.d.e.EmbeddedDatabaseFactory        : Starting embedded database: url='jdbc:h2:mem:testdb;DB_CLOSE_DELAY=-1;DB_CLOSE_ON_EXIT=false', username='sa'
2022-07-26 15:30:45.224  INFO 24088 --- [    Test worker] o.f.c.i.database.base.DatabaseType       : Database: jdbc:h2:mem:testdb (H2 1.4)
2022-07-26 15:30:45.229  INFO 24088 --- [    Test worker] o.f.core.internal.command.DbValidate     : Successfully validated 2 migrations (execution time 00:00.002s)
2022-07-26 15:30:45.237  INFO 24088 --- [    Test worker] o.f.c.i.s.JdbcTableSchemaHistory         : Creating Schema History table "PUBLIC"."flyway_schema_history" ...
2022-07-26 15:30:45.243  INFO 24088 --- [    Test worker] o.f.core.internal.command.DbMigrate      : Current version of schema "PUBLIC": << Empty Schema >>
2022-07-26 15:30:45.246  INFO 24088 --- [    Test worker] o.f.core.internal.command.DbMigrate      : Migrating schema "PUBLIC" to version 1.0 - schema
2022-07-26 15:30:45.257  INFO 24088 --- [    Test worker] o.f.core.internal.command.DbMigrate      : Migrating schema "PUBLIC" to version 1.1 - data
2022-07-26 15:30:45.265  INFO 24088 --- [    Test worker] o.f.core.internal.command.DbMigrate      : Successfully applied 2 migrations to schema "PUBLIC" (execution time 00:00.024s)
2022-07-26 15:30:45.543  INFO 24088 --- [    Test worker] o.s.b.t.m.w.SpringBootMockServletContext : Initializing Spring TestDispatcherServlet ''
2022-07-26 15:30:45.544  INFO 24088 --- [    Test worker] o.s.t.web.servlet.TestDispatcherServlet  : Initializing Servlet ''
2022-07-26 15:30:45.544  INFO 24088 --- [    Test worker] o.s.t.web.servlet.TestDispatcherServlet  : Completed initialization in 0 ms
2022-07-26 15:30:45.552  INFO 24088 --- [    Test worker] c.c.f.c.ConsultaControladorFacturaTest   : Started ConsultaControladorFacturaTest in 0.563 seconds (JVM running for 15.822)
2022-07-26 15:30:45.564  INFO 24088 --- [    Test worker] o.s.j.d.e.EmbeddedDatabaseFactory        : Shutting down embedded database: url='jdbc:h2:mem:testdb;DB_CLOSE_DELAY=-1;DB_CLOSE_ON_EXIT=false'
2022-07-26 15:30:45.775  INFO 24088 --- [    Test worker] com.zaxxer.hikari.HikariDataSource       : pool - Shutdown initiated...
2022-07-26 15:30:45.776  INFO 24088 --- [    Test worker] com.zaxxer.hikari.HikariDataSource       : pool - Shutdown completed.
]]></system-out>
  <system-err><![CDATA[]]></system-err>
</testsuite>
