<?xml version="1.0" encoding="UTF-8"?>
<testsuite name="com.ceiba.planta.ConsultaPlantaControladorTest" tests="2" skipped="0" failures="0" errors="0" timestamp="2022-06-27T17:41:17" hostname="RODRIGO-MONTERO" time="1.174">
  <properties/>
  <testcase name="consultarEmpleados()" classname="com.ceiba.planta.ConsultaPlantaControladorTest" time="0.225"/>
  <testcase name="consultarPlantaPorProveedor()" classname="com.ceiba.planta.ConsultaPlantaControladorTest" time="0.227"/>
  <system-out><![CDATA[2022-06-27 12:41:16.219  INFO 35024 --- [    Test worker] o.s.t.c.support.AbstractContextLoader    : Could not detect default resource locations for test class [com.ceiba.planta.ConsultaPlantaControladorTest]: no resource found for suffixes {-context.xml, Context.groovy}.
2022-06-27 12:41:16.221  INFO 35024 --- [    Test worker] .b.t.a.w.s.WebMvcTestContextBootstrapper : Loaded default TestExecutionListener class names from location [META-INF/spring.factories]: [org.springframework.boot.test.autoconfigure.restdocs.RestDocsTestExecutionListener, org.springframework.boot.test.autoconfigure.web.client.MockRestServiceServerResetTestExecutionListener, org.springframework.boot.test.autoconfigure.web.servlet.MockMvcPrintOnlyOnFailureTestExecutionListener, org.springframework.boot.test.autoconfigure.web.servlet.WebDriverTestExecutionListener, org.springframework.boot.test.autoconfigure.webservices.client.MockWebServiceServerTestExecutionListener, org.springframework.boot.test.mock.mockito.MockitoTestExecutionListener, org.springframework.boot.test.mock.mockito.ResetMocksTestExecutionListener, org.springframework.test.context.web.ServletTestExecutionListener, org.springframework.test.context.support.DirtiesContextBeforeModesTestExecutionListener, org.springframework.test.context.event.ApplicationEventsTestExecutionListener, org.springframework.test.context.support.DependencyInjectionTestExecutionListener, org.springframework.test.context.support.DirtiesContextTestExecutionListener, org.springframework.test.context.transaction.TransactionalTestExecutionListener, org.springframework.test.context.jdbc.SqlScriptsTestExecutionListener, org.springframework.test.context.event.EventPublishingTestExecutionListener]
2022-06-27 12:41:16.221  INFO 35024 --- [    Test worker] .b.t.a.w.s.WebMvcTestContextBootstrapper : Using TestExecutionListeners: [org.springframework.test.context.web.ServletTestExecutionListener@1f027829, org.springframework.test.context.support.DirtiesContextBeforeModesTestExecutionListener@11534eb1, org.springframework.test.context.event.ApplicationEventsTestExecutionListener@5803867a, org.springframework.boot.test.mock.mockito.MockitoTestExecutionListener@28353636, org.springframework.boot.test.autoconfigure.SpringBootDependencyInjectionTestExecutionListener@24fad029, org.springframework.test.context.support.DirtiesContextTestExecutionListener@2fd724c1, org.springframework.test.context.transaction.TransactionalTestExecutionListener@6b235717, org.springframework.test.context.jdbc.SqlScriptsTestExecutionListener@6aa658c3, org.springframework.test.context.event.EventPublishingTestExecutionListener@18afb626, org.springframework.boot.test.autoconfigure.restdocs.RestDocsTestExecutionListener@e4868de, org.springframework.boot.test.autoconfigure.web.client.MockRestServiceServerResetTestExecutionListener@7fa21def, org.springframework.boot.test.autoconfigure.web.servlet.MockMvcPrintOnlyOnFailureTestExecutionListener@279a3298, org.springframework.boot.test.autoconfigure.web.servlet.WebDriverTestExecutionListener@42e1aecb, org.springframework.boot.test.autoconfigure.webservices.client.MockWebServiceServerTestExecutionListener@fa230d1, org.springframework.boot.test.mock.mockito.ResetMocksTestExecutionListener@608019af]

  .   ____          _            __ _ _
 /\\ / ___'_ __ _ _(_)_ __  __ _ \ \ \ \
( ( )\___ | '_ | '_| | '_ \/ _` | \ \ \ \
 \\/  ___)| |_)| | | | | || (_| |  ) ) ) )
  '  |____| .__|_| |_|_| |_\__, | / / / /
 =========|_|==============|___/=/_/_/_/
 :: Spring Boot ::                (v2.6.7)

2022-06-27 12:41:16.251  INFO 35024 --- [    Test worker] c.c.p.ConsultaPlantaControladorTest      : Starting ConsultaPlantaControladorTest using Java 17.0.2 on RODRIGO-MONTERO with PID 35024 (started by rodrigo.montero in D:\Adn\java-arquitectura-hexagonal\microservicio\infraestructura)
2022-06-27 12:41:16.251  INFO 35024 --- [    Test worker] c.c.p.ConsultaPlantaControladorTest      : No active profile set, falling back to 1 default profile: "default"
2022-06-27 12:41:16.417  INFO 35024 --- [    Test worker] com.zaxxer.hikari.HikariDataSource       : pool - Starting...
2022-06-27 12:41:16.418  INFO 35024 --- [    Test worker] com.zaxxer.hikari.HikariDataSource       : pool - Start completed.
2022-06-27 12:41:16.562  INFO 35024 --- [    Test worker] o.s.j.d.e.EmbeddedDatabaseFactory        : Starting embedded database: url='jdbc:h2:mem:testdb;DB_CLOSE_DELAY=-1;DB_CLOSE_ON_EXIT=false', username='sa'
2022-06-27 12:41:16.570  INFO 35024 --- [    Test worker] o.f.c.i.database.base.DatabaseType       : Database: jdbc:h2:mem:testdb (H2 1.4)
2022-06-27 12:41:16.575  INFO 35024 --- [    Test worker] o.f.core.internal.command.DbValidate     : Successfully validated 2 migrations (execution time 00:00.003s)
2022-06-27 12:41:16.579  INFO 35024 --- [    Test worker] o.f.core.internal.command.DbMigrate      : Current version of schema "PUBLIC": 1.1
2022-06-27 12:41:16.581  INFO 35024 --- [    Test worker] o.f.core.internal.command.DbMigrate      : Schema "PUBLIC" is up to date. No migration necessary.
2022-06-27 12:41:17.065  INFO 35024 --- [    Test worker] o.s.b.t.m.w.SpringBootMockServletContext : Initializing Spring TestDispatcherServlet ''
2022-06-27 12:41:17.066  INFO 35024 --- [    Test worker] o.s.t.web.servlet.TestDispatcherServlet  : Initializing Servlet ''
2022-06-27 12:41:17.067  INFO 35024 --- [    Test worker] o.s.t.web.servlet.TestDispatcherServlet  : Completed initialization in 1 ms
2022-06-27 12:41:17.081  INFO 35024 --- [    Test worker] c.c.p.ConsultaPlantaControladorTest      : Started ConsultaPlantaControladorTest in 0.856 seconds (JVM running for 19.807)
2022-06-27 12:41:17.100  INFO 35024 --- [    Test worker] o.s.j.d.e.EmbeddedDatabaseFactory        : Shutting down embedded database: url='jdbc:h2:mem:testdb;DB_CLOSE_DELAY=-1;DB_CLOSE_ON_EXIT=false'
2022-06-27 12:41:17.309  INFO 35024 --- [    Test worker] com.zaxxer.hikari.HikariDataSource       : pool - Shutdown initiated...
2022-06-27 12:41:17.310  INFO 35024 --- [    Test worker] com.zaxxer.hikari.HikariDataSource       : pool - Shutdown completed.

  .   ____          _            __ _ _
 /\\ / ___'_ __ _ _(_)_ __  __ _ \ \ \ \
( ( )\___ | '_ | '_| | '_ \/ _` | \ \ \ \
 \\/  ___)| |_)| | | | | || (_| |  ) ) ) )
  '  |____| .__|_| |_|_| |_\__, | / / / /
 =========|_|==============|___/=/_/_/_/
 :: Spring Boot ::                (v2.6.7)

2022-06-27 12:41:17.338  INFO 35024 --- [    Test worker] c.c.p.ConsultaPlantaControladorTest      : Starting ConsultaPlantaControladorTest using Java 17.0.2 on RODRIGO-MONTERO with PID 35024 (started by rodrigo.montero in D:\Adn\java-arquitectura-hexagonal\microservicio\infraestructura)
2022-06-27 12:41:17.338  INFO 35024 --- [    Test worker] c.c.p.ConsultaPlantaControladorTest      : No active profile set, falling back to 1 default profile: "default"
2022-06-27 12:41:17.459  INFO 35024 --- [    Test worker] com.zaxxer.hikari.HikariDataSource       : pool - Starting...
2022-06-27 12:41:17.461  INFO 35024 --- [    Test worker] com.zaxxer.hikari.HikariDataSource       : pool - Start completed.
2022-06-27 12:41:17.567  INFO 35024 --- [    Test worker] o.s.j.d.e.EmbeddedDatabaseFactory        : Starting embedded database: url='jdbc:h2:mem:testdb;DB_CLOSE_DELAY=-1;DB_CLOSE_ON_EXIT=false', username='sa'
2022-06-27 12:41:17.571  INFO 35024 --- [    Test worker] o.f.c.i.database.base.DatabaseType       : Database: jdbc:h2:mem:testdb (H2 1.4)
2022-06-27 12:41:17.575  INFO 35024 --- [    Test worker] o.f.core.internal.command.DbValidate     : Successfully validated 2 migrations (execution time 00:00.002s)
2022-06-27 12:41:17.578  INFO 35024 --- [    Test worker] o.f.c.i.s.JdbcTableSchemaHistory         : Creating Schema History table "PUBLIC"."flyway_schema_history" ...
2022-06-27 12:41:17.584  INFO 35024 --- [    Test worker] o.f.core.internal.command.DbMigrate      : Current version of schema "PUBLIC": << Empty Schema >>
2022-06-27 12:41:17.586  INFO 35024 --- [    Test worker] o.f.core.internal.command.DbMigrate      : Migrating schema "PUBLIC" to version 1.0 - schema
2022-06-27 12:41:17.600  INFO 35024 --- [    Test worker] o.f.core.internal.command.DbMigrate      : Migrating schema "PUBLIC" to version 1.1 - data
2022-06-27 12:41:17.609  INFO 35024 --- [    Test worker] o.f.core.internal.command.DbMigrate      : Successfully applied 2 migrations to schema "PUBLIC" (execution time 00:00.028s)
2022-06-27 12:41:18.015  INFO 35024 --- [    Test worker] o.s.b.t.m.w.SpringBootMockServletContext : Initializing Spring TestDispatcherServlet ''
2022-06-27 12:41:18.015  INFO 35024 --- [    Test worker] o.s.t.web.servlet.TestDispatcherServlet  : Initializing Servlet ''
2022-06-27 12:41:18.017  INFO 35024 --- [    Test worker] o.s.t.web.servlet.TestDispatcherServlet  : Completed initialization in 2 ms
2022-06-27 12:41:18.029  INFO 35024 --- [    Test worker] c.c.p.ConsultaPlantaControladorTest      : Started ConsultaPlantaControladorTest in 0.715 seconds (JVM running for 20.755)
DATO QUE LE ENTRA A LA CONSULTA: MapSqlParameterSource {id=1}
2022-06-27 12:41:18.047  INFO 35024 --- [    Test worker] o.s.j.d.e.EmbeddedDatabaseFactory        : Shutting down embedded database: url='jdbc:h2:mem:testdb;DB_CLOSE_DELAY=-1;DB_CLOSE_ON_EXIT=false'
2022-06-27 12:41:18.257  INFO 35024 --- [    Test worker] com.zaxxer.hikari.HikariDataSource       : pool - Shutdown initiated...
2022-06-27 12:41:18.258  INFO 35024 --- [    Test worker] com.zaxxer.hikari.HikariDataSource       : pool - Shutdown completed.
]]></system-out>
  <system-err><![CDATA[]]></system-err>
</testsuite>
