<?xml version="1.0" encoding="UTF-8"?>
<testsuite name="com.ceiba.planta.ComandoPlantaControladorTest" tests="3" skipped="0" failures="0" errors="0" timestamp="2022-06-28T12:47:41" hostname="RODRIGO-MONTERO" time="0.027">
  <properties/>
  <testcase name="existe()" classname="com.ceiba.planta.ComandoPlantaControladorTest" time="0.007"/>
  <testcase name="crear()" classname="com.ceiba.planta.ComandoPlantaControladorTest" time="0.012"/>
  <testcase name="eliminar()" classname="com.ceiba.planta.ComandoPlantaControladorTest" time="0.006"/>
  <system-out><![CDATA[2022-06-28 07:47:40.504  INFO 29996 --- [    Test worker] o.s.t.c.support.AbstractContextLoader    : Could not detect default resource locations for test class [com.ceiba.planta.ComandoPlantaControladorTest]: no resource found for suffixes {-context.xml, Context.groovy}.
2022-06-28 07:47:40.506  INFO 29996 --- [    Test worker] .b.t.a.w.s.WebMvcTestContextBootstrapper : Loaded default TestExecutionListener class names from location [META-INF/spring.factories]: [org.springframework.boot.test.autoconfigure.restdocs.RestDocsTestExecutionListener, org.springframework.boot.test.autoconfigure.web.client.MockRestServiceServerResetTestExecutionListener, org.springframework.boot.test.autoconfigure.web.servlet.MockMvcPrintOnlyOnFailureTestExecutionListener, org.springframework.boot.test.autoconfigure.web.servlet.WebDriverTestExecutionListener, org.springframework.boot.test.autoconfigure.webservices.client.MockWebServiceServerTestExecutionListener, org.springframework.boot.test.mock.mockito.MockitoTestExecutionListener, org.springframework.boot.test.mock.mockito.ResetMocksTestExecutionListener, org.springframework.test.context.web.ServletTestExecutionListener, org.springframework.test.context.support.DirtiesContextBeforeModesTestExecutionListener, org.springframework.test.context.event.ApplicationEventsTestExecutionListener, org.springframework.test.context.support.DependencyInjectionTestExecutionListener, org.springframework.test.context.support.DirtiesContextTestExecutionListener, org.springframework.test.context.transaction.TransactionalTestExecutionListener, org.springframework.test.context.jdbc.SqlScriptsTestExecutionListener, org.springframework.test.context.event.EventPublishingTestExecutionListener]
2022-06-28 07:47:40.506  INFO 29996 --- [    Test worker] .b.t.a.w.s.WebMvcTestContextBootstrapper : Using TestExecutionListeners: [org.springframework.test.context.web.ServletTestExecutionListener@7e5090ef, org.springframework.test.context.support.DirtiesContextBeforeModesTestExecutionListener@13ea03f4, org.springframework.test.context.event.ApplicationEventsTestExecutionListener@3923468a, org.springframework.boot.test.mock.mockito.MockitoTestExecutionListener@5137f7a6, org.springframework.boot.test.autoconfigure.SpringBootDependencyInjectionTestExecutionListener@2b1ad287, org.springframework.test.context.support.DirtiesContextTestExecutionListener@682c81b3, org.springframework.test.context.transaction.TransactionalTestExecutionListener@4b189d2a, org.springframework.test.context.jdbc.SqlScriptsTestExecutionListener@25fcc928, org.springframework.test.context.event.EventPublishingTestExecutionListener@588fb9fa, org.springframework.boot.test.autoconfigure.restdocs.RestDocsTestExecutionListener@54228a41, org.springframework.boot.test.autoconfigure.web.client.MockRestServiceServerResetTestExecutionListener@5bdcac22, org.springframework.boot.test.autoconfigure.web.servlet.MockMvcPrintOnlyOnFailureTestExecutionListener@182a8bf8, org.springframework.boot.test.autoconfigure.web.servlet.WebDriverTestExecutionListener@3d4fb16e, org.springframework.boot.test.autoconfigure.webservices.client.MockWebServiceServerTestExecutionListener@7dff5404, org.springframework.boot.test.mock.mockito.ResetMocksTestExecutionListener@437c5a25]

  .   ____          _            __ _ _
 /\\ / ___'_ __ _ _(_)_ __  __ _ \ \ \ \
( ( )\___ | '_ | '_| | '_ \/ _` | \ \ \ \
 \\/  ___)| |_)| | | | | || (_| |  ) ) ) )
  '  |____| .__|_| |_|_| |_\__, | / / / /
 =========|_|==============|___/=/_/_/_/
 :: Spring Boot ::                (v2.6.7)

2022-06-28 07:47:40.525  INFO 29996 --- [    Test worker] c.c.planta.ComandoPlantaControladorTest  : Starting ComandoPlantaControladorTest using Java 17.0.2 on RODRIGO-MONTERO with PID 29996 (started by rodrigo.montero in D:\Adn\java-arquitectura-hexagonal\microservicio\infraestructura)
2022-06-28 07:47:40.525  INFO 29996 --- [    Test worker] c.c.planta.ComandoPlantaControladorTest  : No active profile set, falling back to 1 default profile: "default"
2022-06-28 07:47:40.625  INFO 29996 --- [    Test worker] com.zaxxer.hikari.HikariDataSource       : pool - Starting...
2022-06-28 07:47:40.628  INFO 29996 --- [    Test worker] com.zaxxer.hikari.HikariDataSource       : pool - Start completed.
2022-06-28 07:47:40.713  INFO 29996 --- [    Test worker] o.s.j.d.e.EmbeddedDatabaseFactory        : Starting embedded database: url='jdbc:h2:mem:testdb;DB_CLOSE_DELAY=-1;DB_CLOSE_ON_EXIT=false', username='sa'
2022-06-28 07:47:40.717  INFO 29996 --- [    Test worker] o.f.c.i.database.base.DatabaseType       : Database: jdbc:h2:mem:testdb (H2 1.4)
2022-06-28 07:47:40.721  INFO 29996 --- [    Test worker] o.f.core.internal.command.DbValidate     : Successfully validated 2 migrations (execution time 00:00.001s)
2022-06-28 07:47:40.723  INFO 29996 --- [    Test worker] o.f.c.i.s.JdbcTableSchemaHistory         : Creating Schema History table "PUBLIC"."flyway_schema_history" ...
2022-06-28 07:47:40.729  INFO 29996 --- [    Test worker] o.f.core.internal.command.DbMigrate      : Current version of schema "PUBLIC": << Empty Schema >>
2022-06-28 07:47:40.730  INFO 29996 --- [    Test worker] o.f.core.internal.command.DbMigrate      : Migrating schema "PUBLIC" to version 1.0 - schema
2022-06-28 07:47:40.744  INFO 29996 --- [    Test worker] o.f.core.internal.command.DbMigrate      : Migrating schema "PUBLIC" to version 1.1 - data
2022-06-28 07:47:40.752  INFO 29996 --- [    Test worker] o.f.core.internal.command.DbMigrate      : Successfully applied 2 migrations to schema "PUBLIC" (execution time 00:00.025s)
2022-06-28 07:47:41.085  INFO 29996 --- [    Test worker] o.s.b.t.m.w.SpringBootMockServletContext : Initializing Spring TestDispatcherServlet ''
2022-06-28 07:47:41.085  INFO 29996 --- [    Test worker] o.s.t.web.servlet.TestDispatcherServlet  : Initializing Servlet ''
2022-06-28 07:47:41.085  INFO 29996 --- [    Test worker] o.s.t.web.servlet.TestDispatcherServlet  : Completed initialization in 0 ms
2022-06-28 07:47:41.098  INFO 29996 --- [    Test worker] c.c.planta.ComandoPlantaControladorTest  : Started ComandoPlantaControladorTest in 0.588 seconds (JVM running for 15.739)
***** COMANDO PLANTA  com.ceiba.planta.comando.ComandoPlanta@785b5503
***** Manejador crear planta por proveedor SERVICIO com.ceiba.planta.servicio.ServicioCrearPlanta@67ae73ee
]]></system-out>
  <system-err><![CDATA[]]></system-err>
</testsuite>
