<?xml version="1.0" encoding="UTF-8"?>
<testsuite name="com.ceiba.factura.controlador.ConsultaControladorFacturaTest" tests="2" skipped="0" failures="0" errors="0" timestamp="2022-07-27T10:20:39" hostname="RODRIGO-MONTERO" time="0.976">
  <properties/>
  <testcase name="consultarFacturasAnuladas()" classname="com.ceiba.factura.controlador.ConsultaControladorFacturaTest" time="0.217"/>
  <testcase name="consultarSumaFacturas()" classname="com.ceiba.factura.controlador.ConsultaControladorFacturaTest" time="0.229"/>
  <system-out><![CDATA[2022-07-27 05:20:39.311  INFO 17252 --- [    Test worker] o.s.t.c.support.AbstractContextLoader    : Could not detect default resource locations for test class [com.ceiba.factura.controlador.ConsultaControladorFacturaTest]: no resource found for suffixes {-context.xml, Context.groovy}.
2022-07-27 05:20:39.314  INFO 17252 --- [    Test worker] .b.t.a.w.s.WebMvcTestContextBootstrapper : Loaded default TestExecutionListener class names from location [META-INF/spring.factories]: [org.springframework.boot.test.autoconfigure.restdocs.RestDocsTestExecutionListener, org.springframework.boot.test.autoconfigure.web.client.MockRestServiceServerResetTestExecutionListener, org.springframework.boot.test.autoconfigure.web.servlet.MockMvcPrintOnlyOnFailureTestExecutionListener, org.springframework.boot.test.autoconfigure.web.servlet.WebDriverTestExecutionListener, org.springframework.boot.test.autoconfigure.webservices.client.MockWebServiceServerTestExecutionListener, org.springframework.boot.test.mock.mockito.MockitoTestExecutionListener, org.springframework.boot.test.mock.mockito.ResetMocksTestExecutionListener, org.springframework.test.context.web.ServletTestExecutionListener, org.springframework.test.context.support.DirtiesContextBeforeModesTestExecutionListener, org.springframework.test.context.event.ApplicationEventsTestExecutionListener, org.springframework.test.context.support.DependencyInjectionTestExecutionListener, org.springframework.test.context.support.DirtiesContextTestExecutionListener, org.springframework.test.context.transaction.TransactionalTestExecutionListener, org.springframework.test.context.jdbc.SqlScriptsTestExecutionListener, org.springframework.test.context.event.EventPublishingTestExecutionListener]
2022-07-27 05:20:39.314  INFO 17252 --- [    Test worker] .b.t.a.w.s.WebMvcTestContextBootstrapper : Using TestExecutionListeners: [org.springframework.test.context.web.ServletTestExecutionListener@2d20aacc, org.springframework.test.context.support.DirtiesContextBeforeModesTestExecutionListener@37936dac, org.springframework.test.context.event.ApplicationEventsTestExecutionListener@69e780ff, org.springframework.boot.test.mock.mockito.MockitoTestExecutionListener@1a82c5b5, org.springframework.boot.test.autoconfigure.SpringBootDependencyInjectionTestExecutionListener@32dc7ae3, org.springframework.test.context.support.DirtiesContextTestExecutionListener@1e8e8f19, org.springframework.test.context.transaction.TransactionalTestExecutionListener@4b3b044f, org.springframework.test.context.jdbc.SqlScriptsTestExecutionListener@4798dff0, org.springframework.test.context.event.EventPublishingTestExecutionListener@1642ae82, org.springframework.boot.test.autoconfigure.restdocs.RestDocsTestExecutionListener@7c5e1d14, org.springframework.boot.test.autoconfigure.web.client.MockRestServiceServerResetTestExecutionListener@6f5467ac, org.springframework.boot.test.autoconfigure.web.servlet.MockMvcPrintOnlyOnFailureTestExecutionListener@6e3242e9, org.springframework.boot.test.autoconfigure.web.servlet.WebDriverTestExecutionListener@6d07d713, org.springframework.boot.test.autoconfigure.webservices.client.MockWebServiceServerTestExecutionListener@61bdc11a, org.springframework.boot.test.mock.mockito.ResetMocksTestExecutionListener@2d98b386]

  .   ____          _            __ _ _
 /\\ / ___'_ __ _ _(_)_ __  __ _ \ \ \ \
( ( )\___ | '_ | '_| | '_ \/ _` | \ \ \ \
 \\/  ___)| |_)| | | | | || (_| |  ) ) ) )
  '  |____| .__|_| |_|_| |_\__, | / / / /
 =========|_|==============|___/=/_/_/_/
 :: Spring Boot ::                (v2.6.7)

2022-07-27 05:20:39.336  INFO 17252 --- [    Test worker] c.c.f.c.ConsultaControladorFacturaTest   : Starting ConsultaControladorFacturaTest using Java 17.0.3 on RODRIGO-MONTERO with PID 17252 (started by rodrigo.montero in D:\Adn\java-arquitectura-hexagonal\microservicio\infraestructura)
2022-07-27 05:20:39.337  INFO 17252 --- [    Test worker] c.c.f.c.ConsultaControladorFacturaTest   : No active profile set, falling back to 1 default profile: "default"
2022-07-27 05:20:39.429  INFO 17252 --- [    Test worker] com.zaxxer.hikari.HikariDataSource       : pool - Starting...
2022-07-27 05:20:39.431  INFO 17252 --- [    Test worker] com.zaxxer.hikari.HikariDataSource       : pool - Start completed.
2022-07-27 05:20:39.519  INFO 17252 --- [    Test worker] o.s.j.d.e.EmbeddedDatabaseFactory        : Starting embedded database: url='jdbc:h2:mem:testdb;DB_CLOSE_DELAY=-1;DB_CLOSE_ON_EXIT=false', username='sa'
2022-07-27 05:20:39.523  INFO 17252 --- [    Test worker] o.f.c.i.database.base.DatabaseType       : Database: jdbc:h2:mem:testdb (H2 1.4)
2022-07-27 05:20:39.527  INFO 17252 --- [    Test worker] o.f.core.internal.command.DbValidate     : Successfully validated 2 migrations (execution time 00:00.002s)
2022-07-27 05:20:39.529  INFO 17252 --- [    Test worker] o.f.c.i.s.JdbcTableSchemaHistory         : Creating Schema History table "PUBLIC"."flyway_schema_history" ...
2022-07-27 05:20:39.534  INFO 17252 --- [    Test worker] o.f.core.internal.command.DbMigrate      : Current version of schema "PUBLIC": << Empty Schema >>
2022-07-27 05:20:39.536  INFO 17252 --- [    Test worker] o.f.core.internal.command.DbMigrate      : Migrating schema "PUBLIC" to version 1.0 - schema
2022-07-27 05:20:39.548  INFO 17252 --- [    Test worker] o.f.core.internal.command.DbMigrate      : Migrating schema "PUBLIC" to version 1.1 - data
2022-07-27 05:20:39.555  INFO 17252 --- [    Test worker] o.f.core.internal.command.DbMigrate      : Successfully applied 2 migrations to schema "PUBLIC" (execution time 00:00.023s)
2022-07-27 05:20:39.857  INFO 17252 --- [    Test worker] o.s.b.t.m.w.SpringBootMockServletContext : Initializing Spring TestDispatcherServlet ''
2022-07-27 05:20:39.857  INFO 17252 --- [    Test worker] o.s.t.web.servlet.TestDispatcherServlet  : Initializing Servlet ''
2022-07-27 05:20:39.858  INFO 17252 --- [    Test worker] o.s.t.web.servlet.TestDispatcherServlet  : Completed initialization in 1 ms
2022-07-27 05:20:39.866  INFO 17252 --- [    Test worker] c.c.f.c.ConsultaControladorFacturaTest   : Started ConsultaControladorFacturaTest in 0.549 seconds (JVM running for 15.071)
2022-07-27 05:20:39.878  INFO 17252 --- [    Test worker] o.s.j.d.e.EmbeddedDatabaseFactory        : Shutting down embedded database: url='jdbc:h2:mem:testdb;DB_CLOSE_DELAY=-1;DB_CLOSE_ON_EXIT=false'
2022-07-27 05:20:40.084  INFO 17252 --- [    Test worker] com.zaxxer.hikari.HikariDataSource       : pool - Shutdown initiated...
2022-07-27 05:20:40.085  INFO 17252 --- [    Test worker] com.zaxxer.hikari.HikariDataSource       : pool - Shutdown completed.

  .   ____          _            __ _ _
 /\\ / ___'_ __ _ _(_)_ __  __ _ \ \ \ \
( ( )\___ | '_ | '_| | '_ \/ _` | \ \ \ \
 \\/  ___)| |_)| | | | | || (_| |  ) ) ) )
  '  |____| .__|_| |_|_| |_\__, | / / / /
 =========|_|==============|___/=/_/_/_/
 :: Spring Boot ::                (v2.6.7)

2022-07-27 05:20:40.103  INFO 17252 --- [    Test worker] c.c.f.c.ConsultaControladorFacturaTest   : Starting ConsultaControladorFacturaTest using Java 17.0.3 on RODRIGO-MONTERO with PID 17252 (started by rodrigo.montero in D:\Adn\java-arquitectura-hexagonal\microservicio\infraestructura)
2022-07-27 05:20:40.103  INFO 17252 --- [    Test worker] c.c.f.c.ConsultaControladorFacturaTest   : No active profile set, falling back to 1 default profile: "default"
2022-07-27 05:20:40.196  INFO 17252 --- [    Test worker] com.zaxxer.hikari.HikariDataSource       : pool - Starting...
2022-07-27 05:20:40.198  INFO 17252 --- [    Test worker] com.zaxxer.hikari.HikariDataSource       : pool - Start completed.
2022-07-27 05:20:40.299  INFO 17252 --- [    Test worker] o.s.j.d.e.EmbeddedDatabaseFactory        : Starting embedded database: url='jdbc:h2:mem:testdb;DB_CLOSE_DELAY=-1;DB_CLOSE_ON_EXIT=false', username='sa'
2022-07-27 05:20:40.302  INFO 17252 --- [    Test worker] o.f.c.i.database.base.DatabaseType       : Database: jdbc:h2:mem:testdb (H2 1.4)
2022-07-27 05:20:40.306  INFO 17252 --- [    Test worker] o.f.core.internal.command.DbValidate     : Successfully validated 2 migrations (execution time 00:00.001s)
2022-07-27 05:20:40.308  INFO 17252 --- [    Test worker] o.f.c.i.s.JdbcTableSchemaHistory         : Creating Schema History table "PUBLIC"."flyway_schema_history" ...
2022-07-27 05:20:40.315  INFO 17252 --- [    Test worker] o.f.core.internal.command.DbMigrate      : Current version of schema "PUBLIC": << Empty Schema >>
2022-07-27 05:20:40.317  INFO 17252 --- [    Test worker] o.f.core.internal.command.DbMigrate      : Migrating schema "PUBLIC" to version 1.0 - schema
2022-07-27 05:20:40.326  INFO 17252 --- [    Test worker] o.f.core.internal.command.DbMigrate      : Migrating schema "PUBLIC" to version 1.1 - data
2022-07-27 05:20:40.334  INFO 17252 --- [    Test worker] o.f.core.internal.command.DbMigrate      : Successfully applied 2 migrations to schema "PUBLIC" (execution time 00:00.021s)
2022-07-27 05:20:40.604  INFO 17252 --- [    Test worker] o.s.b.t.m.w.SpringBootMockServletContext : Initializing Spring TestDispatcherServlet ''
2022-07-27 05:20:40.607  INFO 17252 --- [    Test worker] o.s.t.web.servlet.TestDispatcherServlet  : Initializing Servlet ''
2022-07-27 05:20:40.607  INFO 17252 --- [    Test worker] o.s.t.web.servlet.TestDispatcherServlet  : Completed initialization in 0 ms
2022-07-27 05:20:40.614  INFO 17252 --- [    Test worker] c.c.f.c.ConsultaControladorFacturaTest   : Started ConsultaControladorFacturaTest in 0.526 seconds (JVM running for 15.818)
2022-07-27 05:20:40.625  INFO 17252 --- [    Test worker] o.s.j.d.e.EmbeddedDatabaseFactory        : Shutting down embedded database: url='jdbc:h2:mem:testdb;DB_CLOSE_DELAY=-1;DB_CLOSE_ON_EXIT=false'
2022-07-27 05:20:40.842  INFO 17252 --- [    Test worker] com.zaxxer.hikari.HikariDataSource       : pool - Shutdown initiated...
2022-07-27 05:20:40.843  INFO 17252 --- [    Test worker] com.zaxxer.hikari.HikariDataSource       : pool - Shutdown completed.
]]></system-out>
  <system-err><![CDATA[]]></system-err>
</testsuite>
