<?xml version="1.0" encoding="UTF-8"?>
<testsuite name="com.ceiba.planta.ConsultaPlantaControladorTest" tests="2" skipped="0" failures="0" errors="0" timestamp="2022-06-29T01:51:16" hostname="RODRIGO-MONTERO" time="1.299">
  <properties/>
  <testcase name="consultarEmpleados()" classname="com.ceiba.planta.ConsultaPlantaControladorTest" time="0.224"/>
  <testcase name="consultarPlantaPorProveedor()" classname="com.ceiba.planta.ConsultaPlantaControladorTest" time="0.226"/>
  <system-out><![CDATA[2022-06-28 20:51:15.681  INFO 7548 --- [    Test worker] o.s.t.c.support.AbstractContextLoader    : Could not detect default resource locations for test class [com.ceiba.planta.ConsultaPlantaControladorTest]: no resource found for suffixes {-context.xml, Context.groovy}.
2022-06-28 20:51:15.684  INFO 7548 --- [    Test worker] .b.t.a.w.s.WebMvcTestContextBootstrapper : Loaded default TestExecutionListener class names from location [META-INF/spring.factories]: [org.springframework.boot.test.autoconfigure.restdocs.RestDocsTestExecutionListener, org.springframework.boot.test.autoconfigure.web.client.MockRestServiceServerResetTestExecutionListener, org.springframework.boot.test.autoconfigure.web.servlet.MockMvcPrintOnlyOnFailureTestExecutionListener, org.springframework.boot.test.autoconfigure.web.servlet.WebDriverTestExecutionListener, org.springframework.boot.test.autoconfigure.webservices.client.MockWebServiceServerTestExecutionListener, org.springframework.boot.test.mock.mockito.MockitoTestExecutionListener, org.springframework.boot.test.mock.mockito.ResetMocksTestExecutionListener, org.springframework.test.context.web.ServletTestExecutionListener, org.springframework.test.context.support.DirtiesContextBeforeModesTestExecutionListener, org.springframework.test.context.event.ApplicationEventsTestExecutionListener, org.springframework.test.context.support.DependencyInjectionTestExecutionListener, org.springframework.test.context.support.DirtiesContextTestExecutionListener, org.springframework.test.context.transaction.TransactionalTestExecutionListener, org.springframework.test.context.jdbc.SqlScriptsTestExecutionListener, org.springframework.test.context.event.EventPublishingTestExecutionListener]
2022-06-28 20:51:15.687  INFO 7548 --- [    Test worker] .b.t.a.w.s.WebMvcTestContextBootstrapper : Using TestExecutionListeners: [org.springframework.test.context.web.ServletTestExecutionListener@1ad833b4, org.springframework.test.context.support.DirtiesContextBeforeModesTestExecutionListener@23a6b5c3, org.springframework.test.context.event.ApplicationEventsTestExecutionListener@d5ce7bb, org.springframework.boot.test.mock.mockito.MockitoTestExecutionListener@708f5580, org.springframework.boot.test.autoconfigure.SpringBootDependencyInjectionTestExecutionListener@2b919db6, org.springframework.test.context.support.DirtiesContextTestExecutionListener@3d8f2daa, org.springframework.test.context.transaction.TransactionalTestExecutionListener@5784649f, org.springframework.test.context.jdbc.SqlScriptsTestExecutionListener@5d2d08ba, org.springframework.test.context.event.EventPublishingTestExecutionListener@7a765284, org.springframework.boot.test.autoconfigure.restdocs.RestDocsTestExecutionListener@3e50c21d, org.springframework.boot.test.autoconfigure.web.client.MockRestServiceServerResetTestExecutionListener@4a04e9d4, org.springframework.boot.test.autoconfigure.web.servlet.MockMvcPrintOnlyOnFailureTestExecutionListener@7f5950f6, org.springframework.boot.test.autoconfigure.web.servlet.WebDriverTestExecutionListener@3773cfeb, org.springframework.boot.test.autoconfigure.webservices.client.MockWebServiceServerTestExecutionListener@f0bb332, org.springframework.boot.test.mock.mockito.ResetMocksTestExecutionListener@622ca14e]

  .   ____          _            __ _ _
 /\\ / ___'_ __ _ _(_)_ __  __ _ \ \ \ \
( ( )\___ | '_ | '_| | '_ \/ _` | \ \ \ \
 \\/  ___)| |_)| | | | | || (_| |  ) ) ) )
  '  |____| .__|_| |_|_| |_\__, | / / / /
 =========|_|==============|___/=/_/_/_/
 :: Spring Boot ::                (v2.6.7)

2022-06-28 20:51:15.708  INFO 7548 --- [    Test worker] c.c.p.ConsultaPlantaControladorTest      : Starting ConsultaPlantaControladorTest using Java 17.0.2 on RODRIGO-MONTERO with PID 7548 (started by rodrigo.montero in D:\Adn\java-arquitectura-hexagonal\microservicio\infraestructura)
2022-06-28 20:51:15.709  INFO 7548 --- [    Test worker] c.c.p.ConsultaPlantaControladorTest      : No active profile set, falling back to 1 default profile: "default"
2022-06-28 20:51:15.867  INFO 7548 --- [    Test worker] com.zaxxer.hikari.HikariDataSource       : pool - Starting...
2022-06-28 20:51:15.868  INFO 7548 --- [    Test worker] com.zaxxer.hikari.HikariDataSource       : pool - Start completed.
2022-06-28 20:51:16.034  INFO 7548 --- [    Test worker] o.s.j.d.e.EmbeddedDatabaseFactory        : Starting embedded database: url='jdbc:h2:mem:testdb;DB_CLOSE_DELAY=-1;DB_CLOSE_ON_EXIT=false', username='sa'
2022-06-28 20:51:16.039  INFO 7548 --- [    Test worker] o.f.c.i.database.base.DatabaseType       : Database: jdbc:h2:mem:testdb (H2 1.4)
2022-06-28 20:51:16.046  INFO 7548 --- [    Test worker] o.f.core.internal.command.DbValidate     : Successfully validated 2 migrations (execution time 00:00.004s)
2022-06-28 20:51:16.050  INFO 7548 --- [    Test worker] o.f.core.internal.command.DbMigrate      : Current version of schema "PUBLIC": 1.1
2022-06-28 20:51:16.052  INFO 7548 --- [    Test worker] o.f.core.internal.command.DbMigrate      : Schema "PUBLIC" is up to date. No migration necessary.
2022-06-28 20:51:16.657  INFO 7548 --- [    Test worker] o.s.b.t.m.w.SpringBootMockServletContext : Initializing Spring TestDispatcherServlet ''
2022-06-28 20:51:16.657  INFO 7548 --- [    Test worker] o.s.t.web.servlet.TestDispatcherServlet  : Initializing Servlet ''
2022-06-28 20:51:16.658  INFO 7548 --- [    Test worker] o.s.t.web.servlet.TestDispatcherServlet  : Completed initialization in 1 ms
2022-06-28 20:51:16.673  INFO 7548 --- [    Test worker] c.c.p.ConsultaPlantaControladorTest      : Started ConsultaPlantaControladorTest in 0.984 seconds (JVM running for 26.664)
2022-06-28 20:51:16.691  INFO 7548 --- [    Test worker] o.s.j.d.e.EmbeddedDatabaseFactory        : Shutting down embedded database: url='jdbc:h2:mem:testdb;DB_CLOSE_DELAY=-1;DB_CLOSE_ON_EXIT=false'
2022-06-28 20:51:16.899  INFO 7548 --- [    Test worker] com.zaxxer.hikari.HikariDataSource       : pool - Shutdown initiated...
2022-06-28 20:51:16.900  INFO 7548 --- [    Test worker] com.zaxxer.hikari.HikariDataSource       : pool - Shutdown completed.

  .   ____          _            __ _ _
 /\\ / ___'_ __ _ _(_)_ __  __ _ \ \ \ \
( ( )\___ | '_ | '_| | '_ \/ _` | \ \ \ \
 \\/  ___)| |_)| | | | | || (_| |  ) ) ) )
  '  |____| .__|_| |_|_| |_\__, | / / / /
 =========|_|==============|___/=/_/_/_/
 :: Spring Boot ::                (v2.6.7)

2022-06-28 20:51:16.932  INFO 7548 --- [    Test worker] c.c.p.ConsultaPlantaControladorTest      : Starting ConsultaPlantaControladorTest using Java 17.0.2 on RODRIGO-MONTERO with PID 7548 (started by rodrigo.montero in D:\Adn\java-arquitectura-hexagonal\microservicio\infraestructura)
2022-06-28 20:51:16.932  INFO 7548 --- [    Test worker] c.c.p.ConsultaPlantaControladorTest      : No active profile set, falling back to 1 default profile: "default"
2022-06-28 20:51:17.065  INFO 7548 --- [    Test worker] com.zaxxer.hikari.HikariDataSource       : pool - Starting...
2022-06-28 20:51:17.066  INFO 7548 --- [    Test worker] com.zaxxer.hikari.HikariDataSource       : pool - Start completed.
2022-06-28 20:51:17.195  INFO 7548 --- [    Test worker] o.s.j.d.e.EmbeddedDatabaseFactory        : Starting embedded database: url='jdbc:h2:mem:testdb;DB_CLOSE_DELAY=-1;DB_CLOSE_ON_EXIT=false', username='sa'
2022-06-28 20:51:17.200  INFO 7548 --- [    Test worker] o.f.c.i.database.base.DatabaseType       : Database: jdbc:h2:mem:testdb (H2 1.4)
2022-06-28 20:51:17.208  INFO 7548 --- [    Test worker] o.f.core.internal.command.DbValidate     : Successfully validated 2 migrations (execution time 00:00.003s)
2022-06-28 20:51:17.212  INFO 7548 --- [    Test worker] o.f.c.i.s.JdbcTableSchemaHistory         : Creating Schema History table "PUBLIC"."flyway_schema_history" ...
2022-06-28 20:51:17.219  INFO 7548 --- [    Test worker] o.f.core.internal.command.DbMigrate      : Current version of schema "PUBLIC": << Empty Schema >>
2022-06-28 20:51:17.221  INFO 7548 --- [    Test worker] o.f.core.internal.command.DbMigrate      : Migrating schema "PUBLIC" to version 1.0 - schema
2022-06-28 20:51:17.238  INFO 7548 --- [    Test worker] o.f.core.internal.command.DbMigrate      : Migrating schema "PUBLIC" to version 1.1 - data
2022-06-28 20:51:17.250  INFO 7548 --- [    Test worker] o.f.core.internal.command.DbMigrate      : Successfully applied 2 migrations to schema "PUBLIC" (execution time 00:00.034s)
2022-06-28 20:51:17.734  INFO 7548 --- [    Test worker] o.s.b.t.m.w.SpringBootMockServletContext : Initializing Spring TestDispatcherServlet ''
2022-06-28 20:51:17.734  INFO 7548 --- [    Test worker] o.s.t.web.servlet.TestDispatcherServlet  : Initializing Servlet ''
2022-06-28 20:51:17.735  INFO 7548 --- [    Test worker] o.s.t.web.servlet.TestDispatcherServlet  : Completed initialization in 0 ms
2022-06-28 20:51:17.747  INFO 7548 --- [    Test worker] c.c.p.ConsultaPlantaControladorTest      : Started ConsultaPlantaControladorTest in 0.844 seconds (JVM running for 27.737)
2022-06-28 20:51:17.762  INFO 7548 --- [    Test worker] o.s.j.d.e.EmbeddedDatabaseFactory        : Shutting down embedded database: url='jdbc:h2:mem:testdb;DB_CLOSE_DELAY=-1;DB_CLOSE_ON_EXIT=false'
2022-06-28 20:51:17.974  INFO 7548 --- [    Test worker] com.zaxxer.hikari.HikariDataSource       : pool - Shutdown initiated...
2022-06-28 20:51:17.975  INFO 7548 --- [    Test worker] com.zaxxer.hikari.HikariDataSource       : pool - Shutdown completed.
]]></system-out>
  <system-err><![CDATA[]]></system-err>
</testsuite>
