<?xml version="1.0" encoding="UTF-8"?>
<testsuite name="com.ceiba.planta.PlantaControladorTest" tests="1" skipped="0" failures="0" errors="0" timestamp="2022-06-20T23:31:21" hostname="RODRIGO-MONTERO" time="0.014">
  <properties/>
  <testcase name="eliminar()" classname="com.ceiba.planta.PlantaControladorTest" time="0.014"/>
  <system-out><![CDATA[2022-06-20 18:31:20.830  INFO 9960 --- [    Test worker] o.s.t.c.support.AbstractContextLoader    : Could not detect default resource locations for test class [com.ceiba.planta.PlantaControladorTest]: no resource found for suffixes {-context.xml, Context.groovy}.
2022-06-20 18:31:20.834  INFO 9960 --- [    Test worker] .b.t.a.w.s.WebMvcTestContextBootstrapper : Loaded default TestExecutionListener class names from location [META-INF/spring.factories]: [org.springframework.boot.test.autoconfigure.restdocs.RestDocsTestExecutionListener, org.springframework.boot.test.autoconfigure.web.client.MockRestServiceServerResetTestExecutionListener, org.springframework.boot.test.autoconfigure.web.servlet.MockMvcPrintOnlyOnFailureTestExecutionListener, org.springframework.boot.test.autoconfigure.web.servlet.WebDriverTestExecutionListener, org.springframework.boot.test.autoconfigure.webservices.client.MockWebServiceServerTestExecutionListener, org.springframework.boot.test.mock.mockito.MockitoTestExecutionListener, org.springframework.boot.test.mock.mockito.ResetMocksTestExecutionListener, org.springframework.test.context.web.ServletTestExecutionListener, org.springframework.test.context.support.DirtiesContextBeforeModesTestExecutionListener, org.springframework.test.context.event.ApplicationEventsTestExecutionListener, org.springframework.test.context.support.DependencyInjectionTestExecutionListener, org.springframework.test.context.support.DirtiesContextTestExecutionListener, org.springframework.test.context.transaction.TransactionalTestExecutionListener, org.springframework.test.context.jdbc.SqlScriptsTestExecutionListener, org.springframework.test.context.event.EventPublishingTestExecutionListener]
2022-06-20 18:31:20.835  INFO 9960 --- [    Test worker] .b.t.a.w.s.WebMvcTestContextBootstrapper : Using TestExecutionListeners: [org.springframework.test.context.web.ServletTestExecutionListener@1e7d3d93, org.springframework.test.context.support.DirtiesContextBeforeModesTestExecutionListener@5f93c6ef, org.springframework.test.context.event.ApplicationEventsTestExecutionListener@60355cc5, org.springframework.boot.test.mock.mockito.MockitoTestExecutionListener@7defd5f5, org.springframework.boot.test.autoconfigure.SpringBootDependencyInjectionTestExecutionListener@a09fe7e, org.springframework.test.context.support.DirtiesContextTestExecutionListener@4b6cf56e, org.springframework.test.context.transaction.TransactionalTestExecutionListener@1f55bb2, org.springframework.test.context.jdbc.SqlScriptsTestExecutionListener@2366604, org.springframework.test.context.event.EventPublishingTestExecutionListener@47098232, org.springframework.boot.test.autoconfigure.restdocs.RestDocsTestExecutionListener@6be2c838, org.springframework.boot.test.autoconfigure.web.client.MockRestServiceServerResetTestExecutionListener@4061263d, org.springframework.boot.test.autoconfigure.web.servlet.MockMvcPrintOnlyOnFailureTestExecutionListener@71567e73, org.springframework.boot.test.autoconfigure.web.servlet.WebDriverTestExecutionListener@7a456a79, org.springframework.boot.test.autoconfigure.webservices.client.MockWebServiceServerTestExecutionListener@79bde01, org.springframework.boot.test.mock.mockito.ResetMocksTestExecutionListener@4e025001]

  .   ____          _            __ _ _
 /\\ / ___'_ __ _ _(_)_ __  __ _ \ \ \ \
( ( )\___ | '_ | '_| | '_ \/ _` | \ \ \ \
 \\/  ___)| |_)| | | | | || (_| |  ) ) ) )
  '  |____| .__|_| |_|_| |_\__, | / / / /
 =========|_|==============|___/=/_/_/_/
 :: Spring Boot ::                (v2.6.7)

2022-06-20 18:31:20.865  INFO 9960 --- [    Test worker] com.ceiba.planta.PlantaControladorTest   : Starting PlantaControladorTest using Java 17.0.2 on RODRIGO-MONTERO with PID 9960 (started by rodrigo.montero in D:\Adn\java-arquitectura-hexagonal\microservicio\infraestructura)
2022-06-20 18:31:20.866  INFO 9960 --- [    Test worker] com.ceiba.planta.PlantaControladorTest   : No active profile set, falling back to 1 default profile: "default"
2022-06-20 18:31:21.023  INFO 9960 --- [    Test worker] com.zaxxer.hikari.HikariDataSource       : pool - Starting...
2022-06-20 18:31:21.026  INFO 9960 --- [    Test worker] com.zaxxer.hikari.HikariDataSource       : pool - Start completed.
2022-06-20 18:31:21.167  INFO 9960 --- [    Test worker] o.s.j.d.e.EmbeddedDatabaseFactory        : Starting embedded database: url='jdbc:h2:mem:testdb;DB_CLOSE_DELAY=-1;DB_CLOSE_ON_EXIT=false', username='sa'
2022-06-20 18:31:21.172  INFO 9960 --- [    Test worker] o.f.c.i.database.base.DatabaseType       : Database: jdbc:h2:mem:testdb (H2 1.4)
2022-06-20 18:31:21.181  INFO 9960 --- [    Test worker] o.f.core.internal.command.DbValidate     : Successfully validated 2 migrations (execution time 00:00.004s)
2022-06-20 18:31:21.186  INFO 9960 --- [    Test worker] o.f.c.i.s.JdbcTableSchemaHistory         : Creating Schema History table "PUBLIC"."flyway_schema_history" ...
2022-06-20 18:31:21.198  INFO 9960 --- [    Test worker] o.f.core.internal.command.DbMigrate      : Current version of schema "PUBLIC": << Empty Schema >>
2022-06-20 18:31:21.204  INFO 9960 --- [    Test worker] o.f.core.internal.command.DbMigrate      : Migrating schema "PUBLIC" to version 1.0 - schema
2022-06-20 18:31:21.228  INFO 9960 --- [    Test worker] o.f.core.internal.command.DbMigrate      : Migrating schema "PUBLIC" to version 1.1 - data
2022-06-20 18:31:21.242  INFO 9960 --- [    Test worker] o.f.core.internal.command.DbMigrate      : Successfully applied 2 migrations to schema "PUBLIC" (execution time 00:00.047s)
2022-06-20 18:31:21.664  INFO 9960 --- [    Test worker] o.s.b.t.m.w.SpringBootMockServletContext : Initializing Spring TestDispatcherServlet ''
2022-06-20 18:31:21.664  INFO 9960 --- [    Test worker] o.s.t.web.servlet.TestDispatcherServlet  : Initializing Servlet ''
2022-06-20 18:31:21.664  INFO 9960 --- [    Test worker] o.s.t.web.servlet.TestDispatcherServlet  : Completed initialization in 0 ms
2022-06-20 18:31:21.676  INFO 9960 --- [    Test worker] com.ceiba.planta.PlantaControladorTest   : Started PlantaControladorTest in 0.838 seconds (JVM running for 7.259)
]]></system-out>
  <system-err><![CDATA[]]></system-err>
</testsuite>
