<?xml version="1.0" encoding="UTF-8"?>
<testsuite name="com.ceiba.planta.ComandoPlantaControladorTest" tests="3" skipped="0" failures="0" errors="0" timestamp="2022-07-07T21:03:40" hostname="RODRIGO-MONTERO" time="0.023">
  <properties/>
  <testcase name="existe()" classname="com.ceiba.planta.ComandoPlantaControladorTest" time="0.006"/>
  <testcase name="crear()" classname="com.ceiba.planta.ComandoPlantaControladorTest" time="0.011"/>
  <testcase name="eliminar()" classname="com.ceiba.planta.ComandoPlantaControladorTest" time="0.004"/>
  <system-out><![CDATA[2022-07-07 16:03:40.222  INFO 19808 --- [    Test worker] o.s.t.c.support.AbstractContextLoader    : Could not detect default resource locations for test class [com.ceiba.planta.ComandoPlantaControladorTest]: no resource found for suffixes {-context.xml, Context.groovy}.
2022-07-07 16:03:40.224  INFO 19808 --- [    Test worker] .b.t.a.w.s.WebMvcTestContextBootstrapper : Loaded default TestExecutionListener class names from location [META-INF/spring.factories]: [org.springframework.boot.test.autoconfigure.restdocs.RestDocsTestExecutionListener, org.springframework.boot.test.autoconfigure.web.client.MockRestServiceServerResetTestExecutionListener, org.springframework.boot.test.autoconfigure.web.servlet.MockMvcPrintOnlyOnFailureTestExecutionListener, org.springframework.boot.test.autoconfigure.web.servlet.WebDriverTestExecutionListener, org.springframework.boot.test.autoconfigure.webservices.client.MockWebServiceServerTestExecutionListener, org.springframework.boot.test.mock.mockito.MockitoTestExecutionListener, org.springframework.boot.test.mock.mockito.ResetMocksTestExecutionListener, org.springframework.test.context.web.ServletTestExecutionListener, org.springframework.test.context.support.DirtiesContextBeforeModesTestExecutionListener, org.springframework.test.context.event.ApplicationEventsTestExecutionListener, org.springframework.test.context.support.DependencyInjectionTestExecutionListener, org.springframework.test.context.support.DirtiesContextTestExecutionListener, org.springframework.test.context.transaction.TransactionalTestExecutionListener, org.springframework.test.context.jdbc.SqlScriptsTestExecutionListener, org.springframework.test.context.event.EventPublishingTestExecutionListener]
2022-07-07 16:03:40.224  INFO 19808 --- [    Test worker] .b.t.a.w.s.WebMvcTestContextBootstrapper : Using TestExecutionListeners: [org.springframework.test.context.web.ServletTestExecutionListener@6d907337, org.springframework.test.context.support.DirtiesContextBeforeModesTestExecutionListener@8762054, org.springframework.test.context.event.ApplicationEventsTestExecutionListener@62afe4, org.springframework.boot.test.mock.mockito.MockitoTestExecutionListener@770ecf53, org.springframework.boot.test.autoconfigure.SpringBootDependencyInjectionTestExecutionListener@1969034e, org.springframework.test.context.support.DirtiesContextTestExecutionListener@2024f4b7, org.springframework.test.context.transaction.TransactionalTestExecutionListener@352c62d8, org.springframework.test.context.jdbc.SqlScriptsTestExecutionListener@34594779, org.springframework.test.context.event.EventPublishingTestExecutionListener@657b41cf, org.springframework.boot.test.autoconfigure.restdocs.RestDocsTestExecutionListener@62fd809b, org.springframework.boot.test.autoconfigure.web.client.MockRestServiceServerResetTestExecutionListener@349114be, org.springframework.boot.test.autoconfigure.web.servlet.MockMvcPrintOnlyOnFailureTestExecutionListener@4a0dffda, org.springframework.boot.test.autoconfigure.web.servlet.WebDriverTestExecutionListener@75c7aa6d, org.springframework.boot.test.autoconfigure.webservices.client.MockWebServiceServerTestExecutionListener@7bb00516, org.springframework.boot.test.mock.mockito.ResetMocksTestExecutionListener@4738ca3a]

  .   ____          _            __ _ _
 /\\ / ___'_ __ _ _(_)_ __  __ _ \ \ \ \
( ( )\___ | '_ | '_| | '_ \/ _` | \ \ \ \
 \\/  ___)| |_)| | | | | || (_| |  ) ) ) )
  '  |____| .__|_| |_|_| |_\__, | / / / /
 =========|_|==============|___/=/_/_/_/
 :: Spring Boot ::                (v2.6.7)

2022-07-07 16:03:40.247  INFO 19808 --- [    Test worker] c.c.planta.ComandoPlantaControladorTest  : Starting ComandoPlantaControladorTest using Java 17.0.3 on RODRIGO-MONTERO with PID 19808 (started by rodrigo.montero in D:\Adn\java-arquitectura-hexagonal\microservicio\infraestructura)
2022-07-07 16:03:40.247  INFO 19808 --- [    Test worker] c.c.planta.ComandoPlantaControladorTest  : No active profile set, falling back to 1 default profile: "default"
2022-07-07 16:03:40.356  INFO 19808 --- [    Test worker] com.zaxxer.hikari.HikariDataSource       : pool - Starting...
2022-07-07 16:03:40.359  INFO 19808 --- [    Test worker] com.zaxxer.hikari.HikariDataSource       : pool - Start completed.
2022-07-07 16:03:40.504  INFO 19808 --- [    Test worker] o.s.j.d.e.EmbeddedDatabaseFactory        : Starting embedded database: url='jdbc:h2:mem:testdb;DB_CLOSE_DELAY=-1;DB_CLOSE_ON_EXIT=false', username='sa'
2022-07-07 16:03:40.510  INFO 19808 --- [    Test worker] o.f.c.i.database.base.DatabaseType       : Database: jdbc:h2:mem:testdb (H2 1.4)
2022-07-07 16:03:40.514  INFO 19808 --- [    Test worker] o.f.core.internal.command.DbValidate     : Successfully validated 2 migrations (execution time 00:00.001s)
2022-07-07 16:03:40.516  INFO 19808 --- [    Test worker] o.f.c.i.s.JdbcTableSchemaHistory         : Creating Schema History table "PUBLIC"."flyway_schema_history" ...
2022-07-07 16:03:40.524  INFO 19808 --- [    Test worker] o.f.core.internal.command.DbMigrate      : Current version of schema "PUBLIC": << Empty Schema >>
2022-07-07 16:03:40.527  INFO 19808 --- [    Test worker] o.f.core.internal.command.DbMigrate      : Migrating schema "PUBLIC" to version 1.0 - schema
2022-07-07 16:03:40.543  INFO 19808 --- [    Test worker] o.f.core.internal.command.DbMigrate      : Migrating schema "PUBLIC" to version 1.1 - data
2022-07-07 16:03:40.565  INFO 19808 --- [    Test worker] o.f.core.internal.command.DbMigrate      : Successfully applied 2 migrations to schema "PUBLIC" (execution time 00:00.042s)
2022-07-07 16:03:40.908  INFO 19808 --- [    Test worker] o.s.b.t.m.w.SpringBootMockServletContext : Initializing Spring TestDispatcherServlet ''
2022-07-07 16:03:40.908  INFO 19808 --- [    Test worker] o.s.t.web.servlet.TestDispatcherServlet  : Initializing Servlet ''
2022-07-07 16:03:40.908  INFO 19808 --- [    Test worker] o.s.t.web.servlet.TestDispatcherServlet  : Completed initialization in 0 ms
2022-07-07 16:03:40.917  INFO 19808 --- [    Test worker] c.c.planta.ComandoPlantaControladorTest  : Started ComandoPlantaControladorTest in 0.69 seconds (JVM running for 18.577)
]]></system-out>
  <system-err><![CDATA[]]></system-err>
</testsuite>
