<?xml version="1.0" encoding="UTF-8"?>
<testsuite name="com.ceiba.plantaporproveedor.ComandoControladorPlantaPorProveedorTest" tests="3" skipped="0" failures="0" errors="0" timestamp="2022-07-27T10:20:43" hostname="RODRIGO-MONTERO" time="1.699">
  <properties/>
  <testcase name="existe()" classname="com.ceiba.plantaporproveedor.ComandoControladorPlantaPorProveedorTest" time="0.209"/>
  <testcase name="crearPlantaPorProveedorExitosa()" classname="com.ceiba.plantaporproveedor.ComandoControladorPlantaPorProveedorTest" time="0.217"/>
  <testcase name="eliminar()" classname="com.ceiba.plantaporproveedor.ComandoControladorPlantaPorProveedorTest" time="0.211"/>
  <system-out><![CDATA[2022-07-27 05:20:42.970  INFO 17252 --- [    Test worker] o.s.t.c.support.AbstractContextLoader    : Could not detect default resource locations for test class [com.ceiba.plantaporproveedor.ComandoControladorPlantaPorProveedorTest]: no resource found for suffixes {-context.xml, Context.groovy}.
2022-07-27 05:20:42.972  INFO 17252 --- [    Test worker] .b.t.a.w.s.WebMvcTestContextBootstrapper : Loaded default TestExecutionListener class names from location [META-INF/spring.factories]: [org.springframework.boot.test.autoconfigure.restdocs.RestDocsTestExecutionListener, org.springframework.boot.test.autoconfigure.web.client.MockRestServiceServerResetTestExecutionListener, org.springframework.boot.test.autoconfigure.web.servlet.MockMvcPrintOnlyOnFailureTestExecutionListener, org.springframework.boot.test.autoconfigure.web.servlet.WebDriverTestExecutionListener, org.springframework.boot.test.autoconfigure.webservices.client.MockWebServiceServerTestExecutionListener, org.springframework.boot.test.mock.mockito.MockitoTestExecutionListener, org.springframework.boot.test.mock.mockito.ResetMocksTestExecutionListener, org.springframework.test.context.web.ServletTestExecutionListener, org.springframework.test.context.support.DirtiesContextBeforeModesTestExecutionListener, org.springframework.test.context.event.ApplicationEventsTestExecutionListener, org.springframework.test.context.support.DependencyInjectionTestExecutionListener, org.springframework.test.context.support.DirtiesContextTestExecutionListener, org.springframework.test.context.transaction.TransactionalTestExecutionListener, org.springframework.test.context.jdbc.SqlScriptsTestExecutionListener, org.springframework.test.context.event.EventPublishingTestExecutionListener]
2022-07-27 05:20:42.972  INFO 17252 --- [    Test worker] .b.t.a.w.s.WebMvcTestContextBootstrapper : Using TestExecutionListeners: [org.springframework.test.context.web.ServletTestExecutionListener@4b526e15, org.springframework.test.context.support.DirtiesContextBeforeModesTestExecutionListener@1daaed00, org.springframework.test.context.event.ApplicationEventsTestExecutionListener@54362452, org.springframework.boot.test.mock.mockito.MockitoTestExecutionListener@569575ec, org.springframework.boot.test.autoconfigure.SpringBootDependencyInjectionTestExecutionListener@eef8bed, org.springframework.test.context.support.DirtiesContextTestExecutionListener@4467b5dd, org.springframework.test.context.transaction.TransactionalTestExecutionListener@21160db7, org.springframework.test.context.jdbc.SqlScriptsTestExecutionListener@5c51366c, org.springframework.test.context.event.EventPublishingTestExecutionListener@2e137ee8, org.springframework.boot.test.autoconfigure.restdocs.RestDocsTestExecutionListener@5723efaa, org.springframework.boot.test.autoconfigure.web.client.MockRestServiceServerResetTestExecutionListener@46493b4c, org.springframework.boot.test.autoconfigure.web.servlet.MockMvcPrintOnlyOnFailureTestExecutionListener@13fe97bf, org.springframework.boot.test.autoconfigure.web.servlet.WebDriverTestExecutionListener@26af5f16, org.springframework.boot.test.autoconfigure.webservices.client.MockWebServiceServerTestExecutionListener@6e39bad6, org.springframework.boot.test.mock.mockito.ResetMocksTestExecutionListener@61256f06]

  .   ____          _            __ _ _
 /\\ / ___'_ __ _ _(_)_ __  __ _ \ \ \ \
( ( )\___ | '_ | '_| | '_ \/ _` | \ \ \ \
 \\/  ___)| |_)| | | | | || (_| |  ) ) ) )
  '  |____| .__|_| |_|_| |_\__, | / / / /
 =========|_|==============|___/=/_/_/_/
 :: Spring Boot ::                (v2.6.7)

2022-07-27 05:20:43.019  INFO 17252 --- [    Test worker] ComandoControladorPlantaPorProveedorTest : Starting ComandoControladorPlantaPorProveedorTest using Java 17.0.3 on RODRIGO-MONTERO with PID 17252 (started by rodrigo.montero in D:\Adn\java-arquitectura-hexagonal\microservicio\infraestructura)
2022-07-27 05:20:43.019  INFO 17252 --- [    Test worker] ComandoControladorPlantaPorProveedorTest : No active profile set, falling back to 1 default profile: "default"
2022-07-27 05:20:43.117  INFO 17252 --- [    Test worker] com.zaxxer.hikari.HikariDataSource       : pool - Starting...
2022-07-27 05:20:43.118  INFO 17252 --- [    Test worker] com.zaxxer.hikari.HikariDataSource       : pool - Start completed.
2022-07-27 05:20:43.235  INFO 17252 --- [    Test worker] o.s.j.d.e.EmbeddedDatabaseFactory        : Starting embedded database: url='jdbc:h2:mem:testdb;DB_CLOSE_DELAY=-1;DB_CLOSE_ON_EXIT=false', username='sa'
2022-07-27 05:20:43.240  INFO 17252 --- [    Test worker] o.f.c.i.database.base.DatabaseType       : Database: jdbc:h2:mem:testdb (H2 1.4)
2022-07-27 05:20:43.244  INFO 17252 --- [    Test worker] o.f.core.internal.command.DbValidate     : Successfully validated 2 migrations (execution time 00:00.001s)
2022-07-27 05:20:43.246  INFO 17252 --- [    Test worker] o.f.c.i.s.JdbcTableSchemaHistory         : Creating Schema History table "PUBLIC"."flyway_schema_history" ...
2022-07-27 05:20:43.250  INFO 17252 --- [    Test worker] o.f.core.internal.command.DbMigrate      : Current version of schema "PUBLIC": << Empty Schema >>
2022-07-27 05:20:43.252  INFO 17252 --- [    Test worker] o.f.core.internal.command.DbMigrate      : Migrating schema "PUBLIC" to version 1.0 - schema
2022-07-27 05:20:43.266  INFO 17252 --- [    Test worker] o.f.core.internal.command.DbMigrate      : Migrating schema "PUBLIC" to version 1.1 - data
2022-07-27 05:20:43.275  INFO 17252 --- [    Test worker] o.f.core.internal.command.DbMigrate      : Successfully applied 2 migrations to schema "PUBLIC" (execution time 00:00.025s)
2022-07-27 05:20:43.568  INFO 17252 --- [    Test worker] o.s.b.t.m.w.SpringBootMockServletContext : Initializing Spring TestDispatcherServlet ''
2022-07-27 05:20:43.568  INFO 17252 --- [    Test worker] o.s.t.web.servlet.TestDispatcherServlet  : Initializing Servlet ''
2022-07-27 05:20:43.570  INFO 17252 --- [    Test worker] o.s.t.web.servlet.TestDispatcherServlet  : Completed initialization in 0 ms
2022-07-27 05:20:43.578  INFO 17252 --- [    Test worker] ComandoControladorPlantaPorProveedorTest : Started ComandoControladorPlantaPorProveedorTest in 0.591 seconds (JVM running for 18.782)
2022-07-27 05:20:43.585  INFO 17252 --- [    Test worker] o.s.j.d.e.EmbeddedDatabaseFactory        : Shutting down embedded database: url='jdbc:h2:mem:testdb;DB_CLOSE_DELAY=-1;DB_CLOSE_ON_EXIT=false'
2022-07-27 05:20:43.786  INFO 17252 --- [    Test worker] com.zaxxer.hikari.HikariDataSource       : pool - Shutdown initiated...
2022-07-27 05:20:43.787  INFO 17252 --- [    Test worker] com.zaxxer.hikari.HikariDataSource       : pool - Shutdown completed.

  .   ____          _            __ _ _
 /\\ / ___'_ __ _ _(_)_ __  __ _ \ \ \ \
( ( )\___ | '_ | '_| | '_ \/ _` | \ \ \ \
 \\/  ___)| |_)| | | | | || (_| |  ) ) ) )
  '  |____| .__|_| |_|_| |_\__, | / / / /
 =========|_|==============|___/=/_/_/_/
 :: Spring Boot ::                (v2.6.7)

2022-07-27 05:20:43.814  INFO 17252 --- [    Test worker] ComandoControladorPlantaPorProveedorTest : Starting ComandoControladorPlantaPorProveedorTest using Java 17.0.3 on RODRIGO-MONTERO with PID 17252 (started by rodrigo.montero in D:\Adn\java-arquitectura-hexagonal\microservicio\infraestructura)
2022-07-27 05:20:43.814  INFO 17252 --- [    Test worker] ComandoControladorPlantaPorProveedorTest : No active profile set, falling back to 1 default profile: "default"
2022-07-27 05:20:43.897  INFO 17252 --- [    Test worker] com.zaxxer.hikari.HikariDataSource       : pool - Starting...
2022-07-27 05:20:43.900  INFO 17252 --- [    Test worker] com.zaxxer.hikari.HikariDataSource       : pool - Start completed.
2022-07-27 05:20:43.991  INFO 17252 --- [    Test worker] o.s.j.d.e.EmbeddedDatabaseFactory        : Starting embedded database: url='jdbc:h2:mem:testdb;DB_CLOSE_DELAY=-1;DB_CLOSE_ON_EXIT=false', username='sa'
2022-07-27 05:20:43.996  INFO 17252 --- [    Test worker] o.f.c.i.database.base.DatabaseType       : Database: jdbc:h2:mem:testdb (H2 1.4)
2022-07-27 05:20:44.000  INFO 17252 --- [    Test worker] o.f.core.internal.command.DbValidate     : Successfully validated 2 migrations (execution time 00:00.001s)
2022-07-27 05:20:44.001  INFO 17252 --- [    Test worker] o.f.c.i.s.JdbcTableSchemaHistory         : Creating Schema History table "PUBLIC"."flyway_schema_history" ...
2022-07-27 05:20:44.005  INFO 17252 --- [    Test worker] o.f.core.internal.command.DbMigrate      : Current version of schema "PUBLIC": << Empty Schema >>
2022-07-27 05:20:44.007  INFO 17252 --- [    Test worker] o.f.core.internal.command.DbMigrate      : Migrating schema "PUBLIC" to version 1.0 - schema
2022-07-27 05:20:44.023  INFO 17252 --- [    Test worker] o.f.core.internal.command.DbMigrate      : Migrating schema "PUBLIC" to version 1.1 - data
2022-07-27 05:20:44.031  INFO 17252 --- [    Test worker] o.f.core.internal.command.DbMigrate      : Successfully applied 2 migrations to schema "PUBLIC" (execution time 00:00.026s)
2022-07-27 05:20:44.321  INFO 17252 --- [    Test worker] o.s.b.t.m.w.SpringBootMockServletContext : Initializing Spring TestDispatcherServlet ''
2022-07-27 05:20:44.321  INFO 17252 --- [    Test worker] o.s.t.web.servlet.TestDispatcherServlet  : Initializing Servlet ''
2022-07-27 05:20:44.322  INFO 17252 --- [    Test worker] o.s.t.web.servlet.TestDispatcherServlet  : Completed initialization in 0 ms
2022-07-27 05:20:44.329  INFO 17252 --- [    Test worker] ComandoControladorPlantaPorProveedorTest : Started ComandoControladorPlantaPorProveedorTest in 0.539 seconds (JVM running for 19.533)
2022-07-27 05:20:44.339  INFO 17252 --- [    Test worker] o.s.j.d.e.EmbeddedDatabaseFactory        : Shutting down embedded database: url='jdbc:h2:mem:testdb;DB_CLOSE_DELAY=-1;DB_CLOSE_ON_EXIT=false'
2022-07-27 05:20:44.545  INFO 17252 --- [    Test worker] com.zaxxer.hikari.HikariDataSource       : pool - Shutdown initiated...
2022-07-27 05:20:44.546  INFO 17252 --- [    Test worker] com.zaxxer.hikari.HikariDataSource       : pool - Shutdown completed.

  .   ____          _            __ _ _
 /\\ / ___'_ __ _ _(_)_ __  __ _ \ \ \ \
( ( )\___ | '_ | '_| | '_ \/ _` | \ \ \ \
 \\/  ___)| |_)| | | | | || (_| |  ) ) ) )
  '  |____| .__|_| |_|_| |_\__, | / / / /
 =========|_|==============|___/=/_/_/_/
 :: Spring Boot ::                (v2.6.7)

2022-07-27 05:20:44.586  INFO 17252 --- [    Test worker] ComandoControladorPlantaPorProveedorTest : Starting ComandoControladorPlantaPorProveedorTest using Java 17.0.3 on RODRIGO-MONTERO with PID 17252 (started by rodrigo.montero in D:\Adn\java-arquitectura-hexagonal\microservicio\infraestructura)
2022-07-27 05:20:44.586  INFO 17252 --- [    Test worker] ComandoControladorPlantaPorProveedorTest : No active profile set, falling back to 1 default profile: "default"
2022-07-27 05:20:44.671  INFO 17252 --- [    Test worker] com.zaxxer.hikari.HikariDataSource       : pool - Starting...
2022-07-27 05:20:44.672  INFO 17252 --- [    Test worker] com.zaxxer.hikari.HikariDataSource       : pool - Start completed.
2022-07-27 05:20:44.738  INFO 17252 --- [    Test worker] o.s.j.d.e.EmbeddedDatabaseFactory        : Starting embedded database: url='jdbc:h2:mem:testdb;DB_CLOSE_DELAY=-1;DB_CLOSE_ON_EXIT=false', username='sa'
2022-07-27 05:20:44.755  INFO 17252 --- [    Test worker] o.f.c.i.database.base.DatabaseType       : Database: jdbc:h2:mem:testdb (H2 1.4)
2022-07-27 05:20:44.757  INFO 17252 --- [    Test worker] o.f.core.internal.command.DbValidate     : Successfully validated 2 migrations (execution time 00:00.001s)
2022-07-27 05:20:44.759  INFO 17252 --- [    Test worker] o.f.c.i.s.JdbcTableSchemaHistory         : Creating Schema History table "PUBLIC"."flyway_schema_history" ...
2022-07-27 05:20:44.763  INFO 17252 --- [    Test worker] o.f.core.internal.command.DbMigrate      : Current version of schema "PUBLIC": << Empty Schema >>
2022-07-27 05:20:44.765  INFO 17252 --- [    Test worker] o.f.core.internal.command.DbMigrate      : Migrating schema "PUBLIC" to version 1.0 - schema
2022-07-27 05:20:44.774  INFO 17252 --- [    Test worker] o.f.core.internal.command.DbMigrate      : Migrating schema "PUBLIC" to version 1.1 - data
2022-07-27 05:20:44.780  INFO 17252 --- [    Test worker] o.f.core.internal.command.DbMigrate      : Successfully applied 2 migrations to schema "PUBLIC" (execution time 00:00.018s)
2022-07-27 05:20:45.058  INFO 17252 --- [    Test worker] o.s.b.t.m.w.SpringBootMockServletContext : Initializing Spring TestDispatcherServlet ''
2022-07-27 05:20:45.058  INFO 17252 --- [    Test worker] o.s.t.web.servlet.TestDispatcherServlet  : Initializing Servlet ''
2022-07-27 05:20:45.059  INFO 17252 --- [    Test worker] o.s.t.web.servlet.TestDispatcherServlet  : Completed initialization in 1 ms
2022-07-27 05:20:45.060  INFO 17252 --- [    Test worker] ComandoControladorPlantaPorProveedorTest : Started ComandoControladorPlantaPorProveedorTest in 0.515 seconds (JVM running for 20.27)
2022-07-27 05:20:45.073  INFO 17252 --- [    Test worker] o.s.j.d.e.EmbeddedDatabaseFactory        : Shutting down embedded database: url='jdbc:h2:mem:testdb;DB_CLOSE_DELAY=-1;DB_CLOSE_ON_EXIT=false'
2022-07-27 05:20:45.274  INFO 17252 --- [    Test worker] com.zaxxer.hikari.HikariDataSource       : pool - Shutdown initiated...
2022-07-27 05:20:45.276  INFO 17252 --- [    Test worker] com.zaxxer.hikari.HikariDataSource       : pool - Shutdown completed.
]]></system-out>
  <system-err><![CDATA[]]></system-err>
</testsuite>
