<?xml version="1.0" encoding="UTF-8"?>
<testsuite name="com.ceiba.empleado.ComandoEmpleadoControladorTest" tests="1" skipped="0" failures="0" errors="0" timestamp="2022-07-27T17:22:40" hostname="RODRIGO-MONTERO" time="0.233">
  <properties/>
  <testcase name="crearEmpleadoExitoso()" classname="com.ceiba.empleado.ComandoEmpleadoControladorTest" time="0.233"/>
  <system-out><![CDATA[2022-07-27 12:22:40.324  INFO 27892 --- [    Test worker] o.s.t.c.support.AbstractContextLoader    : Could not detect default resource locations for test class [com.ceiba.empleado.ComandoEmpleadoControladorTest]: no resource found for suffixes {-context.xml, Context.groovy}.
2022-07-27 12:22:40.329  INFO 27892 --- [    Test worker] .b.t.a.w.s.WebMvcTestContextBootstrapper : Loaded default TestExecutionListener class names from location [META-INF/spring.factories]: [org.springframework.boot.test.autoconfigure.restdocs.RestDocsTestExecutionListener, org.springframework.boot.test.autoconfigure.web.client.MockRestServiceServerResetTestExecutionListener, org.springframework.boot.test.autoconfigure.web.servlet.MockMvcPrintOnlyOnFailureTestExecutionListener, org.springframework.boot.test.autoconfigure.web.servlet.WebDriverTestExecutionListener, org.springframework.boot.test.autoconfigure.webservices.client.MockWebServiceServerTestExecutionListener, org.springframework.boot.test.mock.mockito.MockitoTestExecutionListener, org.springframework.boot.test.mock.mockito.ResetMocksTestExecutionListener, org.springframework.test.context.web.ServletTestExecutionListener, org.springframework.test.context.support.DirtiesContextBeforeModesTestExecutionListener, org.springframework.test.context.event.ApplicationEventsTestExecutionListener, org.springframework.test.context.support.DependencyInjectionTestExecutionListener, org.springframework.test.context.support.DirtiesContextTestExecutionListener, org.springframework.test.context.transaction.TransactionalTestExecutionListener, org.springframework.test.context.jdbc.SqlScriptsTestExecutionListener, org.springframework.test.context.event.EventPublishingTestExecutionListener]
2022-07-27 12:22:40.329  INFO 27892 --- [    Test worker] .b.t.a.w.s.WebMvcTestContextBootstrapper : Using TestExecutionListeners: [org.springframework.test.context.web.ServletTestExecutionListener@4054397, org.springframework.test.context.support.DirtiesContextBeforeModesTestExecutionListener@3dd09249, org.springframework.test.context.event.ApplicationEventsTestExecutionListener@541c9054, org.springframework.boot.test.mock.mockito.MockitoTestExecutionListener@5613e43a, org.springframework.boot.test.autoconfigure.SpringBootDependencyInjectionTestExecutionListener@78a41c94, org.springframework.test.context.support.DirtiesContextTestExecutionListener@41df8b13, org.springframework.test.context.transaction.TransactionalTestExecutionListener@71f12d4c, org.springframework.test.context.jdbc.SqlScriptsTestExecutionListener@388a357c, org.springframework.test.context.event.EventPublishingTestExecutionListener@6092de45, org.springframework.boot.test.autoconfigure.restdocs.RestDocsTestExecutionListener@5da85657, org.springframework.boot.test.autoconfigure.web.client.MockRestServiceServerResetTestExecutionListener@254b8be3, org.springframework.boot.test.autoconfigure.web.servlet.MockMvcPrintOnlyOnFailureTestExecutionListener@4c837be3, org.springframework.boot.test.autoconfigure.web.servlet.WebDriverTestExecutionListener@3a95f4c0, org.springframework.boot.test.autoconfigure.webservices.client.MockWebServiceServerTestExecutionListener@2590172b, org.springframework.boot.test.mock.mockito.ResetMocksTestExecutionListener@5cfd84e9]

  .   ____          _            __ _ _
 /\\ / ___'_ __ _ _(_)_ __  __ _ \ \ \ \
( ( )\___ | '_ | '_| | '_ \/ _` | \ \ \ \
 \\/  ___)| |_)| | | | | || (_| |  ) ) ) )
  '  |____| .__|_| |_|_| |_\__, | / / / /
 =========|_|==============|___/=/_/_/_/
 :: Spring Boot ::                (v2.6.7)

2022-07-27 12:22:40.367  INFO 27892 --- [    Test worker] c.c.e.ComandoEmpleadoControladorTest     : Starting ComandoEmpleadoControladorTest using Java 17.0.3 on RODRIGO-MONTERO with PID 27892 (started by rodrigo.montero in D:\Adn\java-arquitectura-hexagonal\microservicio\infraestructura)
2022-07-27 12:22:40.367  INFO 27892 --- [    Test worker] c.c.e.ComandoEmpleadoControladorTest     : No active profile set, falling back to 1 default profile: "default"
2022-07-27 12:22:40.486  INFO 27892 --- [    Test worker] com.zaxxer.hikari.HikariDataSource       : pool - Starting...
2022-07-27 12:22:40.488  INFO 27892 --- [    Test worker] com.zaxxer.hikari.HikariDataSource       : pool - Start completed.
2022-07-27 12:22:40.591  INFO 27892 --- [    Test worker] o.s.j.d.e.EmbeddedDatabaseFactory        : Starting embedded database: url='jdbc:h2:mem:testdb;DB_CLOSE_DELAY=-1;DB_CLOSE_ON_EXIT=false', username='sa'
2022-07-27 12:22:40.595  INFO 27892 --- [    Test worker] o.f.c.i.database.base.DatabaseType       : Database: jdbc:h2:mem:testdb (H2 1.4)
2022-07-27 12:22:40.599  INFO 27892 --- [    Test worker] o.f.core.internal.command.DbValidate     : Successfully validated 2 migrations (execution time 00:00.002s)
2022-07-27 12:22:40.603  INFO 27892 --- [    Test worker] o.f.c.i.s.JdbcTableSchemaHistory         : Creating Schema History table "PUBLIC"."flyway_schema_history" ...
2022-07-27 12:22:40.608  INFO 27892 --- [    Test worker] o.f.core.internal.command.DbMigrate      : Current version of schema "PUBLIC": << Empty Schema >>
2022-07-27 12:22:40.610  INFO 27892 --- [    Test worker] o.f.core.internal.command.DbMigrate      : Migrating schema "PUBLIC" to version 1.0 - schema
2022-07-27 12:22:40.624  INFO 27892 --- [    Test worker] o.f.core.internal.command.DbMigrate      : Migrating schema "PUBLIC" to version 1.1 - data
2022-07-27 12:22:40.634  INFO 27892 --- [    Test worker] o.f.core.internal.command.DbMigrate      : Successfully applied 2 migrations to schema "PUBLIC" (execution time 00:00.028s)
2022-07-27 12:22:40.958  INFO 27892 --- [    Test worker] o.s.b.t.m.w.SpringBootMockServletContext : Initializing Spring TestDispatcherServlet ''
2022-07-27 12:22:40.958  INFO 27892 --- [    Test worker] o.s.t.web.servlet.TestDispatcherServlet  : Initializing Servlet ''
2022-07-27 12:22:40.958  INFO 27892 --- [    Test worker] o.s.t.web.servlet.TestDispatcherServlet  : Completed initialization in 0 ms
2022-07-27 12:22:40.967  INFO 27892 --- [    Test worker] c.c.e.ComandoEmpleadoControladorTest     : Started ComandoEmpleadoControladorTest in 0.633 seconds (JVM running for 12.47)
2022-07-27 12:22:40.988  INFO 27892 --- [    Test worker] o.s.j.d.e.EmbeddedDatabaseFactory        : Shutting down embedded database: url='jdbc:h2:mem:testdb;DB_CLOSE_DELAY=-1;DB_CLOSE_ON_EXIT=false'
2022-07-27 12:22:41.201  INFO 27892 --- [    Test worker] com.zaxxer.hikari.HikariDataSource       : pool - Shutdown initiated...
2022-07-27 12:22:41.202  INFO 27892 --- [    Test worker] com.zaxxer.hikari.HikariDataSource       : pool - Shutdown completed.
]]></system-out>
  <system-err><![CDATA[]]></system-err>
</testsuite>
