<?xml version="1.0" encoding="UTF-8"?>
<testsuite name="com.ceiba.planta.ComandoPlantaControladorTest" tests="3" skipped="0" failures="0" errors="0" timestamp="2022-07-28T18:54:00" hostname="RODRIGO-MONTERO" time="0.03">
  <properties/>
  <testcase name="existe()" classname="com.ceiba.planta.ComandoPlantaControladorTest" time="0.011"/>
  <testcase name="crear()" classname="com.ceiba.planta.ComandoPlantaControladorTest" time="0.012"/>
  <testcase name="eliminar()" classname="com.ceiba.planta.ComandoPlantaControladorTest" time="0.005"/>
  <system-out><![CDATA[2022-07-28 13:53:59.467  INFO 20060 --- [    Test worker] o.s.t.c.support.AbstractContextLoader    : Could not detect default resource locations for test class [com.ceiba.planta.ComandoPlantaControladorTest]: no resource found for suffixes {-context.xml, Context.groovy}.
2022-07-28 13:53:59.471  INFO 20060 --- [    Test worker] .b.t.a.w.s.WebMvcTestContextBootstrapper : Loaded default TestExecutionListener class names from location [META-INF/spring.factories]: [org.springframework.boot.test.autoconfigure.restdocs.RestDocsTestExecutionListener, org.springframework.boot.test.autoconfigure.web.client.MockRestServiceServerResetTestExecutionListener, org.springframework.boot.test.autoconfigure.web.servlet.MockMvcPrintOnlyOnFailureTestExecutionListener, org.springframework.boot.test.autoconfigure.web.servlet.WebDriverTestExecutionListener, org.springframework.boot.test.autoconfigure.webservices.client.MockWebServiceServerTestExecutionListener, org.springframework.boot.test.mock.mockito.MockitoTestExecutionListener, org.springframework.boot.test.mock.mockito.ResetMocksTestExecutionListener, org.springframework.test.context.web.ServletTestExecutionListener, org.springframework.test.context.support.DirtiesContextBeforeModesTestExecutionListener, org.springframework.test.context.event.ApplicationEventsTestExecutionListener, org.springframework.test.context.support.DependencyInjectionTestExecutionListener, org.springframework.test.context.support.DirtiesContextTestExecutionListener, org.springframework.test.context.transaction.TransactionalTestExecutionListener, org.springframework.test.context.jdbc.SqlScriptsTestExecutionListener, org.springframework.test.context.event.EventPublishingTestExecutionListener]
2022-07-28 13:53:59.471  INFO 20060 --- [    Test worker] .b.t.a.w.s.WebMvcTestContextBootstrapper : Using TestExecutionListeners: [org.springframework.test.context.web.ServletTestExecutionListener@2b99c80d, org.springframework.test.context.support.DirtiesContextBeforeModesTestExecutionListener@7b609fa2, org.springframework.test.context.event.ApplicationEventsTestExecutionListener@6a5fcb32, org.springframework.boot.test.mock.mockito.MockitoTestExecutionListener@43d71f50, org.springframework.boot.test.autoconfigure.SpringBootDependencyInjectionTestExecutionListener@26eb6e87, org.springframework.test.context.support.DirtiesContextTestExecutionListener@59096877, org.springframework.test.context.transaction.TransactionalTestExecutionListener@4d1b2e3f, org.springframework.test.context.jdbc.SqlScriptsTestExecutionListener@36cd8553, org.springframework.test.context.event.EventPublishingTestExecutionListener@4baf4a5b, org.springframework.boot.test.autoconfigure.restdocs.RestDocsTestExecutionListener@5977c989, org.springframework.boot.test.autoconfigure.web.client.MockRestServiceServerResetTestExecutionListener@4d097e4e, org.springframework.boot.test.autoconfigure.web.servlet.MockMvcPrintOnlyOnFailureTestExecutionListener@17b48da1, org.springframework.boot.test.autoconfigure.web.servlet.WebDriverTestExecutionListener@26f8e09e, org.springframework.boot.test.autoconfigure.webservices.client.MockWebServiceServerTestExecutionListener@41244e49, org.springframework.boot.test.mock.mockito.ResetMocksTestExecutionListener@47d9b32d]

  .   ____          _            __ _ _
 /\\ / ___'_ __ _ _(_)_ __  __ _ \ \ \ \
( ( )\___ | '_ | '_| | '_ \/ _` | \ \ \ \
 \\/  ___)| |_)| | | | | || (_| |  ) ) ) )
  '  |____| .__|_| |_|_| |_\__, | / / / /
 =========|_|==============|___/=/_/_/_/
 :: Spring Boot ::                (v2.6.7)

2022-07-28 13:53:59.549  INFO 20060 --- [    Test worker] c.c.planta.ComandoPlantaControladorTest  : Starting ComandoPlantaControladorTest using Java 17.0.3 on RODRIGO-MONTERO with PID 20060 (started by rodrigo.montero in D:\Adn\java-arquitectura-hexagonal\microservicio\infraestructura)
2022-07-28 13:53:59.549  INFO 20060 --- [    Test worker] c.c.planta.ComandoPlantaControladorTest  : No active profile set, falling back to 1 default profile: "default"
2022-07-28 13:53:59.756  INFO 20060 --- [    Test worker] com.zaxxer.hikari.HikariDataSource       : pool - Starting...
2022-07-28 13:53:59.766  INFO 20060 --- [    Test worker] com.zaxxer.hikari.HikariDataSource       : pool - Start completed.
2022-07-28 13:53:59.902  INFO 20060 --- [    Test worker] o.s.j.d.e.EmbeddedDatabaseFactory        : Starting embedded database: url='jdbc:h2:mem:testdb;DB_CLOSE_DELAY=-1;DB_CLOSE_ON_EXIT=false', username='sa'
2022-07-28 13:53:59.902  INFO 20060 --- [    Test worker] o.f.c.i.database.base.DatabaseType       : Database: jdbc:h2:mem:testdb (H2 1.4)
2022-07-28 13:53:59.902  INFO 20060 --- [    Test worker] o.f.core.internal.command.DbValidate     : Successfully validated 2 migrations (execution time 00:00.002s)
2022-07-28 13:53:59.913  INFO 20060 --- [    Test worker] o.f.c.i.s.JdbcTableSchemaHistory         : Creating Schema History table "PUBLIC"."flyway_schema_history" ...
2022-07-28 13:53:59.917  INFO 20060 --- [    Test worker] o.f.core.internal.command.DbMigrate      : Current version of schema "PUBLIC": << Empty Schema >>
2022-07-28 13:53:59.923  INFO 20060 --- [    Test worker] o.f.core.internal.command.DbMigrate      : Migrating schema "PUBLIC" to version 1.0 - schema
2022-07-28 13:53:59.941  INFO 20060 --- [    Test worker] o.f.core.internal.command.DbMigrate      : Migrating schema "PUBLIC" to version 1.1 - data
2022-07-28 13:53:59.956  INFO 20060 --- [    Test worker] o.f.core.internal.command.DbMigrate      : Successfully applied 2 migrations to schema "PUBLIC" (execution time 00:00.036s)
2022-07-28 13:54:00.345  INFO 20060 --- [    Test worker] o.s.b.t.m.w.SpringBootMockServletContext : Initializing Spring TestDispatcherServlet ''
2022-07-28 13:54:00.345  INFO 20060 --- [    Test worker] o.s.t.web.servlet.TestDispatcherServlet  : Initializing Servlet ''
2022-07-28 13:54:00.346  INFO 20060 --- [    Test worker] o.s.t.web.servlet.TestDispatcherServlet  : Completed initialization in 1 ms
2022-07-28 13:54:00.360  INFO 20060 --- [    Test worker] c.c.planta.ComandoPlantaControladorTest  : Started ComandoPlantaControladorTest in 0.874 seconds (JVM running for 17.38)
]]></system-out>
  <system-err><![CDATA[]]></system-err>
</testsuite>
