<?xml version="1.0" encoding="UTF-8"?>
<testsuite name="com.ceiba.planta.ComandoPlantaControladorTest" tests="3" skipped="0" failures="0" errors="0" timestamp="2022-06-29T03:19:25" hostname="RODRIGO-MONTERO" time="0.034">
  <properties/>
  <testcase name="existe()" classname="com.ceiba.planta.ComandoPlantaControladorTest" time="0.009"/>
  <testcase name="crear()" classname="com.ceiba.planta.ComandoPlantaControladorTest" time="0.015"/>
  <testcase name="eliminar()" classname="com.ceiba.planta.ComandoPlantaControladorTest" time="0.008"/>
  <system-out><![CDATA[2022-06-28 22:19:24.579  INFO 13328 --- [    Test worker] o.s.t.c.support.AbstractContextLoader    : Could not detect default resource locations for test class [com.ceiba.planta.ComandoPlantaControladorTest]: no resource found for suffixes {-context.xml, Context.groovy}.
2022-06-28 22:19:24.581  INFO 13328 --- [    Test worker] .b.t.a.w.s.WebMvcTestContextBootstrapper : Loaded default TestExecutionListener class names from location [META-INF/spring.factories]: [org.springframework.boot.test.autoconfigure.restdocs.RestDocsTestExecutionListener, org.springframework.boot.test.autoconfigure.web.client.MockRestServiceServerResetTestExecutionListener, org.springframework.boot.test.autoconfigure.web.servlet.MockMvcPrintOnlyOnFailureTestExecutionListener, org.springframework.boot.test.autoconfigure.web.servlet.WebDriverTestExecutionListener, org.springframework.boot.test.autoconfigure.webservices.client.MockWebServiceServerTestExecutionListener, org.springframework.boot.test.mock.mockito.MockitoTestExecutionListener, org.springframework.boot.test.mock.mockito.ResetMocksTestExecutionListener, org.springframework.test.context.web.ServletTestExecutionListener, org.springframework.test.context.support.DirtiesContextBeforeModesTestExecutionListener, org.springframework.test.context.event.ApplicationEventsTestExecutionListener, org.springframework.test.context.support.DependencyInjectionTestExecutionListener, org.springframework.test.context.support.DirtiesContextTestExecutionListener, org.springframework.test.context.transaction.TransactionalTestExecutionListener, org.springframework.test.context.jdbc.SqlScriptsTestExecutionListener, org.springframework.test.context.event.EventPublishingTestExecutionListener]
2022-06-28 22:19:24.582  INFO 13328 --- [    Test worker] .b.t.a.w.s.WebMvcTestContextBootstrapper : Using TestExecutionListeners: [org.springframework.test.context.web.ServletTestExecutionListener@7dc963f9, org.springframework.test.context.support.DirtiesContextBeforeModesTestExecutionListener@7e10309a, org.springframework.test.context.event.ApplicationEventsTestExecutionListener@216bd7cb, org.springframework.boot.test.mock.mockito.MockitoTestExecutionListener@6de05f11, org.springframework.boot.test.autoconfigure.SpringBootDependencyInjectionTestExecutionListener@5b803fff, org.springframework.test.context.support.DirtiesContextTestExecutionListener@246b40f5, org.springframework.test.context.transaction.TransactionalTestExecutionListener@5bc11e3c, org.springframework.test.context.jdbc.SqlScriptsTestExecutionListener@3436da82, org.springframework.test.context.event.EventPublishingTestExecutionListener@6e13743c, org.springframework.boot.test.autoconfigure.restdocs.RestDocsTestExecutionListener@1001ede3, org.springframework.boot.test.autoconfigure.web.client.MockRestServiceServerResetTestExecutionListener@43623121, org.springframework.boot.test.autoconfigure.web.servlet.MockMvcPrintOnlyOnFailureTestExecutionListener@41820105, org.springframework.boot.test.autoconfigure.web.servlet.WebDriverTestExecutionListener@34453f9d, org.springframework.boot.test.autoconfigure.webservices.client.MockWebServiceServerTestExecutionListener@2bb4b203, org.springframework.boot.test.mock.mockito.ResetMocksTestExecutionListener@798d656d]

  .   ____          _            __ _ _
 /\\ / ___'_ __ _ _(_)_ __  __ _ \ \ \ \
( ( )\___ | '_ | '_| | '_ \/ _` | \ \ \ \
 \\/  ___)| |_)| | | | | || (_| |  ) ) ) )
  '  |____| .__|_| |_|_| |_\__, | / / / /
 =========|_|==============|___/=/_/_/_/
 :: Spring Boot ::                (v2.6.7)

2022-06-28 22:19:24.606  INFO 13328 --- [    Test worker] c.c.planta.ComandoPlantaControladorTest  : Starting ComandoPlantaControladorTest using Java 17.0.2 on RODRIGO-MONTERO with PID 13328 (started by rodrigo.montero in D:\Adn\java-arquitectura-hexagonal\microservicio\infraestructura)
2022-06-28 22:19:24.607  INFO 13328 --- [    Test worker] c.c.planta.ComandoPlantaControladorTest  : No active profile set, falling back to 1 default profile: "default"
2022-06-28 22:19:24.749  INFO 13328 --- [    Test worker] com.zaxxer.hikari.HikariDataSource       : pool - Starting...
2022-06-28 22:19:24.749  INFO 13328 --- [    Test worker] com.zaxxer.hikari.HikariDataSource       : pool - Start completed.
2022-06-28 22:19:24.908  INFO 13328 --- [    Test worker] o.s.j.d.e.EmbeddedDatabaseFactory        : Starting embedded database: url='jdbc:h2:mem:testdb;DB_CLOSE_DELAY=-1;DB_CLOSE_ON_EXIT=false', username='sa'
2022-06-28 22:19:24.916  INFO 13328 --- [    Test worker] o.f.c.i.database.base.DatabaseType       : Database: jdbc:h2:mem:testdb (H2 1.4)
2022-06-28 22:19:24.917  INFO 13328 --- [    Test worker] o.f.core.internal.command.DbValidate     : Successfully validated 2 migrations (execution time 00:00.003s)
2022-06-28 22:19:24.917  INFO 13328 --- [    Test worker] o.f.c.i.s.JdbcTableSchemaHistory         : Creating Schema History table "PUBLIC"."flyway_schema_history" ...
2022-06-28 22:19:24.933  INFO 13328 --- [    Test worker] o.f.core.internal.command.DbMigrate      : Current version of schema "PUBLIC": << Empty Schema >>
2022-06-28 22:19:24.935  INFO 13328 --- [    Test worker] o.f.core.internal.command.DbMigrate      : Migrating schema "PUBLIC" to version 1.0 - schema
2022-06-28 22:19:24.952  INFO 13328 --- [    Test worker] o.f.core.internal.command.DbMigrate      : Migrating schema "PUBLIC" to version 1.1 - data
2022-06-28 22:19:24.967  INFO 13328 --- [    Test worker] o.f.core.internal.command.DbMigrate      : Successfully applied 2 migrations to schema "PUBLIC" (execution time 00:00.039s)
2022-06-28 22:19:25.364  INFO 13328 --- [    Test worker] o.s.b.t.m.w.SpringBootMockServletContext : Initializing Spring TestDispatcherServlet ''
2022-06-28 22:19:25.364  INFO 13328 --- [    Test worker] o.s.t.web.servlet.TestDispatcherServlet  : Initializing Servlet ''
2022-06-28 22:19:25.364  INFO 13328 --- [    Test worker] o.s.t.web.servlet.TestDispatcherServlet  : Completed initialization in 0 ms
2022-06-28 22:19:25.380  INFO 13328 --- [    Test worker] c.c.planta.ComandoPlantaControladorTest  : Started ComandoPlantaControladorTest in 0.797 seconds (JVM running for 20.933)
]]></system-out>
  <system-err><![CDATA[]]></system-err>
</testsuite>
