<?xml version="1.0" encoding="UTF-8"?>
<testsuite name="com.ceiba.cliente.ComandoClienteControladorTest" tests="1" skipped="0" failures="0" errors="0" timestamp="2022-06-26T21:24:54" hostname="RODRIGO-MONTERO" time="0.239">
  <properties/>
  <testcase name="crearClienteExitoso()" classname="com.ceiba.cliente.ComandoClienteControladorTest" time="0.239"/>
  <system-out><![CDATA[2022-06-26 16:24:53.618  INFO 37380 --- [    Test worker] o.s.t.c.support.AbstractContextLoader    : Could not detect default resource locations for test class [com.ceiba.cliente.ComandoClienteControladorTest]: no resource found for suffixes {-context.xml, Context.groovy}.
2022-06-26 16:24:53.625  INFO 37380 --- [    Test worker] .b.t.a.w.s.WebMvcTestContextBootstrapper : Loaded default TestExecutionListener class names from location [META-INF/spring.factories]: [org.springframework.boot.test.autoconfigure.restdocs.RestDocsTestExecutionListener, org.springframework.boot.test.autoconfigure.web.client.MockRestServiceServerResetTestExecutionListener, org.springframework.boot.test.autoconfigure.web.servlet.MockMvcPrintOnlyOnFailureTestExecutionListener, org.springframework.boot.test.autoconfigure.web.servlet.WebDriverTestExecutionListener, org.springframework.boot.test.autoconfigure.webservices.client.MockWebServiceServerTestExecutionListener, org.springframework.boot.test.mock.mockito.MockitoTestExecutionListener, org.springframework.boot.test.mock.mockito.ResetMocksTestExecutionListener, org.springframework.test.context.web.ServletTestExecutionListener, org.springframework.test.context.support.DirtiesContextBeforeModesTestExecutionListener, org.springframework.test.context.event.ApplicationEventsTestExecutionListener, org.springframework.test.context.support.DependencyInjectionTestExecutionListener, org.springframework.test.context.support.DirtiesContextTestExecutionListener, org.springframework.test.context.transaction.TransactionalTestExecutionListener, org.springframework.test.context.jdbc.SqlScriptsTestExecutionListener, org.springframework.test.context.event.EventPublishingTestExecutionListener]
2022-06-26 16:24:53.625  INFO 37380 --- [    Test worker] .b.t.a.w.s.WebMvcTestContextBootstrapper : Using TestExecutionListeners: [org.springframework.test.context.web.ServletTestExecutionListener@321f3b88, org.springframework.test.context.support.DirtiesContextBeforeModesTestExecutionListener@68374279, org.springframework.test.context.event.ApplicationEventsTestExecutionListener@2c0c1730, org.springframework.boot.test.mock.mockito.MockitoTestExecutionListener@6b5c4867, org.springframework.boot.test.autoconfigure.SpringBootDependencyInjectionTestExecutionListener@20d4fdff, org.springframework.test.context.support.DirtiesContextTestExecutionListener@72a25716, org.springframework.test.context.transaction.TransactionalTestExecutionListener@3edb7be5, org.springframework.test.context.jdbc.SqlScriptsTestExecutionListener@374d0329, org.springframework.test.context.event.EventPublishingTestExecutionListener@30f13b3a, org.springframework.boot.test.autoconfigure.restdocs.RestDocsTestExecutionListener@508bd0d5, org.springframework.boot.test.autoconfigure.web.client.MockRestServiceServerResetTestExecutionListener@35ea9d72, org.springframework.boot.test.autoconfigure.web.servlet.MockMvcPrintOnlyOnFailureTestExecutionListener@6ae194ad, org.springframework.boot.test.autoconfigure.web.servlet.WebDriverTestExecutionListener@53f04a20, org.springframework.boot.test.autoconfigure.webservices.client.MockWebServiceServerTestExecutionListener@5d7325f3, org.springframework.boot.test.mock.mockito.ResetMocksTestExecutionListener@3c932222]

  .   ____          _            __ _ _
 /\\ / ___'_ __ _ _(_)_ __  __ _ \ \ \ \
( ( )\___ | '_ | '_| | '_ \/ _` | \ \ \ \
 \\/  ___)| |_)| | | | | || (_| |  ) ) ) )
  '  |____| .__|_| |_|_| |_\__, | / / / /
 =========|_|==============|___/=/_/_/_/
 :: Spring Boot ::                (v2.6.7)

2022-06-26 16:24:53.660  INFO 37380 --- [    Test worker] c.c.c.ComandoClienteControladorTest      : Starting ComandoClienteControladorTest using Java 17.0.2 on RODRIGO-MONTERO with PID 37380 (started by rodrigo.montero in D:\Adn\java-arquitectura-hexagonal\microservicio\infraestructura)
2022-06-26 16:24:53.660  INFO 37380 --- [    Test worker] c.c.c.ComandoClienteControladorTest      : No active profile set, falling back to 1 default profile: "default"
2022-06-26 16:24:53.827  INFO 37380 --- [    Test worker] com.zaxxer.hikari.HikariDataSource       : pool - Starting...
2022-06-26 16:24:53.830  INFO 37380 --- [    Test worker] com.zaxxer.hikari.HikariDataSource       : pool - Start completed.
2022-06-26 16:24:53.963  INFO 37380 --- [    Test worker] o.s.j.d.e.EmbeddedDatabaseFactory        : Starting embedded database: url='jdbc:h2:mem:testdb;DB_CLOSE_DELAY=-1;DB_CLOSE_ON_EXIT=false', username='sa'
2022-06-26 16:24:53.970  INFO 37380 --- [    Test worker] o.f.c.i.database.base.DatabaseType       : Database: jdbc:h2:mem:testdb (H2 1.4)
2022-06-26 16:24:53.978  INFO 37380 --- [    Test worker] o.f.core.internal.command.DbValidate     : Successfully validated 2 migrations (execution time 00:00.004s)
2022-06-26 16:24:53.984  INFO 37380 --- [    Test worker] o.f.c.i.s.JdbcTableSchemaHistory         : Creating Schema History table "PUBLIC"."flyway_schema_history" ...
2022-06-26 16:24:53.995  INFO 37380 --- [    Test worker] o.f.core.internal.command.DbMigrate      : Current version of schema "PUBLIC": << Empty Schema >>
2022-06-26 16:24:53.999  INFO 37380 --- [    Test worker] o.f.core.internal.command.DbMigrate      : Migrating schema "PUBLIC" to version 1.0 - schema
2022-06-26 16:24:54.025  INFO 37380 --- [    Test worker] o.f.core.internal.command.DbMigrate      : Migrating schema "PUBLIC" to version 1.1 - data
2022-06-26 16:24:54.044  INFO 37380 --- [    Test worker] o.f.core.internal.command.DbMigrate      : Successfully applied 2 migrations to schema "PUBLIC" (execution time 00:00.052s)
2022-06-26 16:24:54.445  INFO 37380 --- [    Test worker] o.s.b.t.m.w.SpringBootMockServletContext : Initializing Spring TestDispatcherServlet ''
2022-06-26 16:24:54.445  INFO 37380 --- [    Test worker] o.s.t.web.servlet.TestDispatcherServlet  : Initializing Servlet ''
2022-06-26 16:24:54.447  INFO 37380 --- [    Test worker] o.s.t.web.servlet.TestDispatcherServlet  : Completed initialization in 2 ms
2022-06-26 16:24:54.458  INFO 37380 --- [    Test worker] c.c.c.ComandoClienteControladorTest      : Started ComandoClienteControladorTest in 0.829 seconds (JVM running for 7.229)
**********com.ceiba.cliente.comando.ComandoCliente@242c2da4
Cliente guardado: com.ceiba.cliente.modelo.entidad.Cliente@5a85526b
2022-06-26 16:24:54.482  INFO 37380 --- [    Test worker] o.s.j.d.e.EmbeddedDatabaseFactory        : Shutting down embedded database: url='jdbc:h2:mem:testdb;DB_CLOSE_DELAY=-1;DB_CLOSE_ON_EXIT=false'
2022-06-26 16:24:54.695  INFO 37380 --- [    Test worker] com.zaxxer.hikari.HikariDataSource       : pool - Shutdown initiated...
2022-06-26 16:24:54.699  INFO 37380 --- [    Test worker] com.zaxxer.hikari.HikariDataSource       : pool - Shutdown completed.
]]></system-out>
  <system-err><![CDATA[]]></system-err>
</testsuite>
