<?xml version="1.0" encoding="UTF-8"?>
<testsuite name="com.ceiba.factura.controlador.ConsultaControladorFacturaTest" tests="2" skipped="0" failures="0" errors="0" timestamp="2022-07-28T18:53:58" hostname="RODRIGO-MONTERO" time="1.117">
  <properties/>
  <testcase name="consultarFacturasAnuladas()" classname="com.ceiba.factura.controlador.ConsultaControladorFacturaTest" time="0.23"/>
  <testcase name="consultarSumaFacturas()" classname="com.ceiba.factura.controlador.ConsultaControladorFacturaTest" time="0.235"/>
  <system-out><![CDATA[2022-07-28 13:53:57.733  INFO 20060 --- [    Test worker] o.s.t.c.support.AbstractContextLoader    : Could not detect default resource locations for test class [com.ceiba.factura.controlador.ConsultaControladorFacturaTest]: no resource found for suffixes {-context.xml, Context.groovy}.
2022-07-28 13:53:57.734  INFO 20060 --- [    Test worker] .b.t.a.w.s.WebMvcTestContextBootstrapper : Loaded default TestExecutionListener class names from location [META-INF/spring.factories]: [org.springframework.boot.test.autoconfigure.restdocs.RestDocsTestExecutionListener, org.springframework.boot.test.autoconfigure.web.client.MockRestServiceServerResetTestExecutionListener, org.springframework.boot.test.autoconfigure.web.servlet.MockMvcPrintOnlyOnFailureTestExecutionListener, org.springframework.boot.test.autoconfigure.web.servlet.WebDriverTestExecutionListener, org.springframework.boot.test.autoconfigure.webservices.client.MockWebServiceServerTestExecutionListener, org.springframework.boot.test.mock.mockito.MockitoTestExecutionListener, org.springframework.boot.test.mock.mockito.ResetMocksTestExecutionListener, org.springframework.test.context.web.ServletTestExecutionListener, org.springframework.test.context.support.DirtiesContextBeforeModesTestExecutionListener, org.springframework.test.context.event.ApplicationEventsTestExecutionListener, org.springframework.test.context.support.DependencyInjectionTestExecutionListener, org.springframework.test.context.support.DirtiesContextTestExecutionListener, org.springframework.test.context.transaction.TransactionalTestExecutionListener, org.springframework.test.context.jdbc.SqlScriptsTestExecutionListener, org.springframework.test.context.event.EventPublishingTestExecutionListener]
2022-07-28 13:53:57.735  INFO 20060 --- [    Test worker] .b.t.a.w.s.WebMvcTestContextBootstrapper : Using TestExecutionListeners: [org.springframework.test.context.web.ServletTestExecutionListener@2d20aacc, org.springframework.test.context.support.DirtiesContextBeforeModesTestExecutionListener@37936dac, org.springframework.test.context.event.ApplicationEventsTestExecutionListener@69e780ff, org.springframework.boot.test.mock.mockito.MockitoTestExecutionListener@1a82c5b5, org.springframework.boot.test.autoconfigure.SpringBootDependencyInjectionTestExecutionListener@32dc7ae3, org.springframework.test.context.support.DirtiesContextTestExecutionListener@1e8e8f19, org.springframework.test.context.transaction.TransactionalTestExecutionListener@4b3b044f, org.springframework.test.context.jdbc.SqlScriptsTestExecutionListener@4798dff0, org.springframework.test.context.event.EventPublishingTestExecutionListener@1642ae82, org.springframework.boot.test.autoconfigure.restdocs.RestDocsTestExecutionListener@7c5e1d14, org.springframework.boot.test.autoconfigure.web.client.MockRestServiceServerResetTestExecutionListener@6f5467ac, org.springframework.boot.test.autoconfigure.web.servlet.MockMvcPrintOnlyOnFailureTestExecutionListener@6e3242e9, org.springframework.boot.test.autoconfigure.web.servlet.WebDriverTestExecutionListener@6d07d713, org.springframework.boot.test.autoconfigure.webservices.client.MockWebServiceServerTestExecutionListener@61bdc11a, org.springframework.boot.test.mock.mockito.ResetMocksTestExecutionListener@2d98b386]

  .   ____          _            __ _ _
 /\\ / ___'_ __ _ _(_)_ __  __ _ \ \ \ \
( ( )\___ | '_ | '_| | '_ \/ _` | \ \ \ \
 \\/  ___)| |_)| | | | | || (_| |  ) ) ) )
  '  |____| .__|_| |_|_| |_\__, | / / / /
 =========|_|==============|___/=/_/_/_/
 :: Spring Boot ::                (v2.6.7)

2022-07-28 13:53:57.760  INFO 20060 --- [    Test worker] c.c.f.c.ConsultaControladorFacturaTest   : Starting ConsultaControladorFacturaTest using Java 17.0.3 on RODRIGO-MONTERO with PID 20060 (started by rodrigo.montero in D:\Adn\java-arquitectura-hexagonal\microservicio\infraestructura)
2022-07-28 13:53:57.760  INFO 20060 --- [    Test worker] c.c.f.c.ConsultaControladorFacturaTest   : No active profile set, falling back to 1 default profile: "default"
2022-07-28 13:53:57.877  INFO 20060 --- [    Test worker] com.zaxxer.hikari.HikariDataSource       : pool - Starting...
2022-07-28 13:53:57.879  INFO 20060 --- [    Test worker] com.zaxxer.hikari.HikariDataSource       : pool - Start completed.
2022-07-28 13:53:57.968  INFO 20060 --- [    Test worker] o.s.j.d.e.EmbeddedDatabaseFactory        : Starting embedded database: url='jdbc:h2:mem:testdb;DB_CLOSE_DELAY=-1;DB_CLOSE_ON_EXIT=false', username='sa'
2022-07-28 13:53:57.972  INFO 20060 --- [    Test worker] o.f.c.i.database.base.DatabaseType       : Database: jdbc:h2:mem:testdb (H2 1.4)
2022-07-28 13:53:57.977  INFO 20060 --- [    Test worker] o.f.core.internal.command.DbValidate     : Successfully validated 2 migrations (execution time 00:00.002s)
2022-07-28 13:53:57.979  INFO 20060 --- [    Test worker] o.f.c.i.s.JdbcTableSchemaHistory         : Creating Schema History table "PUBLIC"."flyway_schema_history" ...
2022-07-28 13:53:57.985  INFO 20060 --- [    Test worker] o.f.core.internal.command.DbMigrate      : Current version of schema "PUBLIC": << Empty Schema >>
2022-07-28 13:53:57.988  INFO 20060 --- [    Test worker] o.f.core.internal.command.DbMigrate      : Migrating schema "PUBLIC" to version 1.0 - schema
2022-07-28 13:53:58.000  INFO 20060 --- [    Test worker] o.f.core.internal.command.DbMigrate      : Migrating schema "PUBLIC" to version 1.1 - data
2022-07-28 13:53:58.007  INFO 20060 --- [    Test worker] o.f.core.internal.command.DbMigrate      : Successfully applied 2 migrations to schema "PUBLIC" (execution time 00:00.024s)
2022-07-28 13:53:58.331  INFO 20060 --- [    Test worker] o.s.b.t.m.w.SpringBootMockServletContext : Initializing Spring TestDispatcherServlet ''
2022-07-28 13:53:58.331  INFO 20060 --- [    Test worker] o.s.t.web.servlet.TestDispatcherServlet  : Initializing Servlet ''
2022-07-28 13:53:58.332  INFO 20060 --- [    Test worker] o.s.t.web.servlet.TestDispatcherServlet  : Completed initialization in 1 ms
2022-07-28 13:53:58.341  INFO 20060 --- [    Test worker] c.c.f.c.ConsultaControladorFacturaTest   : Started ConsultaControladorFacturaTest in 0.601 seconds (JVM running for 15.361)
2022-07-28 13:53:58.356  INFO 20060 --- [    Test worker] o.s.j.d.e.EmbeddedDatabaseFactory        : Shutting down embedded database: url='jdbc:h2:mem:testdb;DB_CLOSE_DELAY=-1;DB_CLOSE_ON_EXIT=false'
2022-07-28 13:53:58.571  INFO 20060 --- [    Test worker] com.zaxxer.hikari.HikariDataSource       : pool - Shutdown initiated...
2022-07-28 13:53:58.572  INFO 20060 --- [    Test worker] com.zaxxer.hikari.HikariDataSource       : pool - Shutdown completed.

  .   ____          _            __ _ _
 /\\ / ___'_ __ _ _(_)_ __  __ _ \ \ \ \
( ( )\___ | '_ | '_| | '_ \/ _` | \ \ \ \
 \\/  ___)| |_)| | | | | || (_| |  ) ) ) )
  '  |____| .__|_| |_|_| |_\__, | / / / /
 =========|_|==============|___/=/_/_/_/
 :: Spring Boot ::                (v2.6.7)

2022-07-28 13:53:58.627  INFO 20060 --- [    Test worker] c.c.f.c.ConsultaControladorFacturaTest   : Starting ConsultaControladorFacturaTest using Java 17.0.3 on RODRIGO-MONTERO with PID 20060 (started by rodrigo.montero in D:\Adn\java-arquitectura-hexagonal\microservicio\infraestructura)
2022-07-28 13:53:58.628  INFO 20060 --- [    Test worker] c.c.f.c.ConsultaControladorFacturaTest   : No active profile set, falling back to 1 default profile: "default"
2022-07-28 13:53:58.733  INFO 20060 --- [    Test worker] com.zaxxer.hikari.HikariDataSource       : pool - Starting...
2022-07-28 13:53:58.735  INFO 20060 --- [    Test worker] com.zaxxer.hikari.HikariDataSource       : pool - Start completed.
2022-07-28 13:53:58.834  INFO 20060 --- [    Test worker] o.s.j.d.e.EmbeddedDatabaseFactory        : Starting embedded database: url='jdbc:h2:mem:testdb;DB_CLOSE_DELAY=-1;DB_CLOSE_ON_EXIT=false', username='sa'
2022-07-28 13:53:58.839  INFO 20060 --- [    Test worker] o.f.c.i.database.base.DatabaseType       : Database: jdbc:h2:mem:testdb (H2 1.4)
2022-07-28 13:53:58.842  INFO 20060 --- [    Test worker] o.f.core.internal.command.DbValidate     : Successfully validated 2 migrations (execution time 00:00.001s)
2022-07-28 13:53:58.845  INFO 20060 --- [    Test worker] o.f.c.i.s.JdbcTableSchemaHistory         : Creating Schema History table "PUBLIC"."flyway_schema_history" ...
2022-07-28 13:53:58.849  INFO 20060 --- [    Test worker] o.f.core.internal.command.DbMigrate      : Current version of schema "PUBLIC": << Empty Schema >>
2022-07-28 13:53:58.851  INFO 20060 --- [    Test worker] o.f.core.internal.command.DbMigrate      : Migrating schema "PUBLIC" to version 1.0 - schema
2022-07-28 13:53:58.862  INFO 20060 --- [    Test worker] o.f.core.internal.command.DbMigrate      : Migrating schema "PUBLIC" to version 1.1 - data
2022-07-28 13:53:58.870  INFO 20060 --- [    Test worker] o.f.core.internal.command.DbMigrate      : Successfully applied 2 migrations to schema "PUBLIC" (execution time 00:00.022s)
2022-07-28 13:53:59.205  INFO 20060 --- [    Test worker] o.s.b.t.m.w.SpringBootMockServletContext : Initializing Spring TestDispatcherServlet ''
2022-07-28 13:53:59.205  INFO 20060 --- [    Test worker] o.s.t.web.servlet.TestDispatcherServlet  : Initializing Servlet ''
2022-07-28 13:53:59.205  INFO 20060 --- [    Test worker] o.s.t.web.servlet.TestDispatcherServlet  : Completed initialization in 0 ms
2022-07-28 13:53:59.221  INFO 20060 --- [    Test worker] c.c.f.c.ConsultaControladorFacturaTest   : Started ConsultaControladorFacturaTest in 0.643 seconds (JVM running for 16.243)
2022-07-28 13:53:59.242  INFO 20060 --- [    Test worker] o.s.j.d.e.EmbeddedDatabaseFactory        : Shutting down embedded database: url='jdbc:h2:mem:testdb;DB_CLOSE_DELAY=-1;DB_CLOSE_ON_EXIT=false'
2022-07-28 13:53:59.457  INFO 20060 --- [    Test worker] com.zaxxer.hikari.HikariDataSource       : pool - Shutdown initiated...
2022-07-28 13:53:59.460  INFO 20060 --- [    Test worker] com.zaxxer.hikari.HikariDataSource       : pool - Shutdown completed.
]]></system-out>
  <system-err><![CDATA[]]></system-err>
</testsuite>
