<?xml version="1.0" encoding="UTF-8"?>
<testsuite name="com.ceiba.Proveedor.ConsultaControladorProveedorTest" tests="2" skipped="0" failures="0" errors="0" timestamp="2022-07-28T10:29:03" hostname="RODRIGO-MONTERO" time="1.292">
  <properties/>
  <testcase name="consultarProveedores()" classname="com.ceiba.Proveedor.ConsultaControladorProveedorTest" time="0.288"/>
  <testcase name="consultarUnProveedor()" classname="com.ceiba.Proveedor.ConsultaControladorProveedorTest" time="0.23"/>
  <system-out><![CDATA[2022-07-28 05:29:02.626  INFO 9704 --- [    Test worker] o.s.t.c.support.AbstractContextLoader    : Could not detect default resource locations for test class [com.ceiba.Proveedor.ConsultaControladorProveedorTest]: no resource found for suffixes {-context.xml, Context.groovy}.
2022-07-28 05:29:02.629  INFO 9704 --- [    Test worker] .b.t.a.w.s.WebMvcTestContextBootstrapper : Loaded default TestExecutionListener class names from location [META-INF/spring.factories]: [org.springframework.boot.test.autoconfigure.restdocs.RestDocsTestExecutionListener, org.springframework.boot.test.autoconfigure.web.client.MockRestServiceServerResetTestExecutionListener, org.springframework.boot.test.autoconfigure.web.servlet.MockMvcPrintOnlyOnFailureTestExecutionListener, org.springframework.boot.test.autoconfigure.web.servlet.WebDriverTestExecutionListener, org.springframework.boot.test.autoconfigure.webservices.client.MockWebServiceServerTestExecutionListener, org.springframework.boot.test.mock.mockito.MockitoTestExecutionListener, org.springframework.boot.test.mock.mockito.ResetMocksTestExecutionListener, org.springframework.test.context.web.ServletTestExecutionListener, org.springframework.test.context.support.DirtiesContextBeforeModesTestExecutionListener, org.springframework.test.context.event.ApplicationEventsTestExecutionListener, org.springframework.test.context.support.DependencyInjectionTestExecutionListener, org.springframework.test.context.support.DirtiesContextTestExecutionListener, org.springframework.test.context.transaction.TransactionalTestExecutionListener, org.springframework.test.context.jdbc.SqlScriptsTestExecutionListener, org.springframework.test.context.event.EventPublishingTestExecutionListener]
2022-07-28 05:29:02.630  INFO 9704 --- [    Test worker] .b.t.a.w.s.WebMvcTestContextBootstrapper : Using TestExecutionListeners: [org.springframework.test.context.web.ServletTestExecutionListener@10958e5, org.springframework.test.context.support.DirtiesContextBeforeModesTestExecutionListener@dfa1f68, org.springframework.test.context.event.ApplicationEventsTestExecutionListener@3741c7de, org.springframework.boot.test.mock.mockito.MockitoTestExecutionListener@24a887a0, org.springframework.boot.test.autoconfigure.SpringBootDependencyInjectionTestExecutionListener@6fad2da0, org.springframework.test.context.support.DirtiesContextTestExecutionListener@32f17e62, org.springframework.test.context.transaction.TransactionalTestExecutionListener@b3730d5, org.springframework.test.context.jdbc.SqlScriptsTestExecutionListener@6b423394, org.springframework.test.context.event.EventPublishingTestExecutionListener@6d84d371, org.springframework.boot.test.autoconfigure.restdocs.RestDocsTestExecutionListener@543fb2cd, org.springframework.boot.test.autoconfigure.web.client.MockRestServiceServerResetTestExecutionListener@66bc8107, org.springframework.boot.test.autoconfigure.web.servlet.MockMvcPrintOnlyOnFailureTestExecutionListener@1c18d0d7, org.springframework.boot.test.autoconfigure.web.servlet.WebDriverTestExecutionListener@574c877e, org.springframework.boot.test.autoconfigure.webservices.client.MockWebServiceServerTestExecutionListener@7eccee80, org.springframework.boot.test.mock.mockito.ResetMocksTestExecutionListener@7c7afce7]

  .   ____          _            __ _ _
 /\\ / ___'_ __ _ _(_)_ __  __ _ \ \ \ \
( ( )\___ | '_ | '_| | '_ \/ _` | \ \ \ \
 \\/  ___)| |_)| | | | | || (_| |  ) ) ) )
  '  |____| .__|_| |_|_| |_\__, | / / / /
 =========|_|==============|___/=/_/_/_/
 :: Spring Boot ::                (v2.6.7)

2022-07-28 05:29:02.663  INFO 9704 --- [    Test worker] c.c.P.ConsultaControladorProveedorTest   : Starting ConsultaControladorProveedorTest using Java 17.0.3 on RODRIGO-MONTERO with PID 9704 (started by rodrigo.montero in D:\Adn\java-arquitectura-hexagonal\microservicio\infraestructura)
2022-07-28 05:29:02.663  INFO 9704 --- [    Test worker] c.c.P.ConsultaControladorProveedorTest   : No active profile set, falling back to 1 default profile: "default"
2022-07-28 05:29:02.827  INFO 9704 --- [    Test worker] com.zaxxer.hikari.HikariDataSource       : pool - Starting...
2022-07-28 05:29:02.830  INFO 9704 --- [    Test worker] com.zaxxer.hikari.HikariDataSource       : pool - Start completed.
2022-07-28 05:29:02.968  INFO 9704 --- [    Test worker] o.s.j.d.e.EmbeddedDatabaseFactory        : Starting embedded database: url='jdbc:h2:mem:testdb;DB_CLOSE_DELAY=-1;DB_CLOSE_ON_EXIT=false', username='sa'
2022-07-28 05:29:02.973  INFO 9704 --- [    Test worker] o.f.c.i.database.base.DatabaseType       : Database: jdbc:h2:mem:testdb (H2 1.4)
2022-07-28 05:29:02.980  INFO 9704 --- [    Test worker] o.f.core.internal.command.DbValidate     : Successfully validated 2 migrations (execution time 00:00.004s)
2022-07-28 05:29:02.985  INFO 9704 --- [    Test worker] o.f.c.i.s.JdbcTableSchemaHistory         : Creating Schema History table "PUBLIC"."flyway_schema_history" ...
2022-07-28 05:29:02.999  INFO 9704 --- [    Test worker] o.f.core.internal.command.DbMigrate      : Current version of schema "PUBLIC": << Empty Schema >>
2022-07-28 05:29:03.003  INFO 9704 --- [    Test worker] o.f.core.internal.command.DbMigrate      : Migrating schema "PUBLIC" to version 1.0 - schema
2022-07-28 05:29:03.029  INFO 9704 --- [    Test worker] o.f.core.internal.command.DbMigrate      : Migrating schema "PUBLIC" to version 1.1 - data
2022-07-28 05:29:03.047  INFO 9704 --- [    Test worker] o.f.core.internal.command.DbMigrate      : Successfully applied 2 migrations to schema "PUBLIC" (execution time 00:00.052s)
2022-07-28 05:29:03.470  INFO 9704 --- [    Test worker] o.s.b.t.m.w.SpringBootMockServletContext : Initializing Spring TestDispatcherServlet ''
2022-07-28 05:29:03.470  INFO 9704 --- [    Test worker] o.s.t.web.servlet.TestDispatcherServlet  : Initializing Servlet ''
2022-07-28 05:29:03.470  INFO 9704 --- [    Test worker] o.s.t.web.servlet.TestDispatcherServlet  : Completed initialization in 0 ms
2022-07-28 05:29:03.483  INFO 9704 --- [    Test worker] c.c.P.ConsultaControladorProveedorTest   : Started ConsultaControladorProveedorTest in 0.851 seconds (JVM running for 7.489)
2022-07-28 05:29:03.558  INFO 9704 --- [    Test worker] o.s.j.d.e.EmbeddedDatabaseFactory        : Shutting down embedded database: url='jdbc:h2:mem:testdb;DB_CLOSE_DELAY=-1;DB_CLOSE_ON_EXIT=false'
2022-07-28 05:29:03.772  INFO 9704 --- [    Test worker] com.zaxxer.hikari.HikariDataSource       : pool - Shutdown initiated...
2022-07-28 05:29:03.773  INFO 9704 --- [    Test worker] com.zaxxer.hikari.HikariDataSource       : pool - Shutdown completed.

  .   ____          _            __ _ _
 /\\ / ___'_ __ _ _(_)_ __  __ _ \ \ \ \
( ( )\___ | '_ | '_| | '_ \/ _` | \ \ \ \
 \\/  ___)| |_)| | | | | || (_| |  ) ) ) )
  '  |____| .__|_| |_|_| |_\__, | / / / /
 =========|_|==============|___/=/_/_/_/
 :: Spring Boot ::                (v2.6.7)

2022-07-28 05:29:03.803  INFO 9704 --- [    Test worker] c.c.P.ConsultaControladorProveedorTest   : Starting ConsultaControladorProveedorTest using Java 17.0.3 on RODRIGO-MONTERO with PID 9704 (started by rodrigo.montero in D:\Adn\java-arquitectura-hexagonal\microservicio\infraestructura)
2022-07-28 05:29:03.803  INFO 9704 --- [    Test worker] c.c.P.ConsultaControladorProveedorTest   : No active profile set, falling back to 1 default profile: "default"
2022-07-28 05:29:03.953  INFO 9704 --- [    Test worker] com.zaxxer.hikari.HikariDataSource       : pool - Starting...
2022-07-28 05:29:03.955  INFO 9704 --- [    Test worker] com.zaxxer.hikari.HikariDataSource       : pool - Start completed.
2022-07-28 05:29:04.076  INFO 9704 --- [    Test worker] o.s.j.d.e.EmbeddedDatabaseFactory        : Starting embedded database: url='jdbc:h2:mem:testdb;DB_CLOSE_DELAY=-1;DB_CLOSE_ON_EXIT=false', username='sa'
2022-07-28 05:29:04.083  INFO 9704 --- [    Test worker] o.f.c.i.database.base.DatabaseType       : Database: jdbc:h2:mem:testdb (H2 1.4)
2022-07-28 05:29:04.088  INFO 9704 --- [    Test worker] o.f.core.internal.command.DbValidate     : Successfully validated 2 migrations (execution time 00:00.003s)
2022-07-28 05:29:04.092  INFO 9704 --- [    Test worker] o.f.c.i.s.JdbcTableSchemaHistory         : Creating Schema History table "PUBLIC"."flyway_schema_history" ...
2022-07-28 05:29:04.100  INFO 9704 --- [    Test worker] o.f.core.internal.command.DbMigrate      : Current version of schema "PUBLIC": << Empty Schema >>
2022-07-28 05:29:04.103  INFO 9704 --- [    Test worker] o.f.core.internal.command.DbMigrate      : Migrating schema "PUBLIC" to version 1.0 - schema
2022-07-28 05:29:04.123  INFO 9704 --- [    Test worker] o.f.core.internal.command.DbMigrate      : Migrating schema "PUBLIC" to version 1.1 - data
2022-07-28 05:29:04.136  INFO 9704 --- [    Test worker] o.f.core.internal.command.DbMigrate      : Successfully applied 2 migrations to schema "PUBLIC" (execution time 00:00.039s)
2022-07-28 05:29:04.533  INFO 9704 --- [    Test worker] o.s.b.t.m.w.SpringBootMockServletContext : Initializing Spring TestDispatcherServlet ''
2022-07-28 05:29:04.533  INFO 9704 --- [    Test worker] o.s.t.web.servlet.TestDispatcherServlet  : Initializing Servlet ''
2022-07-28 05:29:04.533  INFO 9704 --- [    Test worker] o.s.t.web.servlet.TestDispatcherServlet  : Completed initialization in 0 ms
2022-07-28 05:29:04.545  INFO 9704 --- [    Test worker] c.c.P.ConsultaControladorProveedorTest   : Started ConsultaControladorProveedorTest in 0.768 seconds (JVM running for 8.55)
2022-07-28 05:29:04.557  INFO 9704 --- [    Test worker] o.s.j.d.e.EmbeddedDatabaseFactory        : Shutting down embedded database: url='jdbc:h2:mem:testdb;DB_CLOSE_DELAY=-1;DB_CLOSE_ON_EXIT=false'
2022-07-28 05:29:04.776  INFO 9704 --- [    Test worker] com.zaxxer.hikari.HikariDataSource       : pool - Shutdown initiated...
2022-07-28 05:29:04.777  INFO 9704 --- [    Test worker] com.zaxxer.hikari.HikariDataSource       : pool - Shutdown completed.
]]></system-out>
  <system-err><![CDATA[]]></system-err>
</testsuite>
