<?xml version="1.0" encoding="UTF-8"?>
<testsuite name="com.ceiba.planta.PlantaControladorTest" tests="1" skipped="0" failures="0" errors="0" timestamp="2022-06-23T00:49:37" hostname="RODRIGO-MONTERO" time="0.013">
  <properties/>
  <testcase name="eliminar()" classname="com.ceiba.planta.PlantaControladorTest" time="0.013"/>
  <system-out><![CDATA[2022-06-22 19:49:36.836  INFO 31380 --- [    Test worker] o.s.t.c.support.AbstractContextLoader    : Could not detect default resource locations for test class [com.ceiba.planta.PlantaControladorTest]: no resource found for suffixes {-context.xml, Context.groovy}.
2022-06-22 19:49:36.842  INFO 31380 --- [    Test worker] .b.t.a.w.s.WebMvcTestContextBootstrapper : Loaded default TestExecutionListener class names from location [META-INF/spring.factories]: [org.springframework.boot.test.autoconfigure.restdocs.RestDocsTestExecutionListener, org.springframework.boot.test.autoconfigure.web.client.MockRestServiceServerResetTestExecutionListener, org.springframework.boot.test.autoconfigure.web.servlet.MockMvcPrintOnlyOnFailureTestExecutionListener, org.springframework.boot.test.autoconfigure.web.servlet.WebDriverTestExecutionListener, org.springframework.boot.test.autoconfigure.webservices.client.MockWebServiceServerTestExecutionListener, org.springframework.boot.test.mock.mockito.MockitoTestExecutionListener, org.springframework.boot.test.mock.mockito.ResetMocksTestExecutionListener, org.springframework.test.context.web.ServletTestExecutionListener, org.springframework.test.context.support.DirtiesContextBeforeModesTestExecutionListener, org.springframework.test.context.event.ApplicationEventsTestExecutionListener, org.springframework.test.context.support.DependencyInjectionTestExecutionListener, org.springframework.test.context.support.DirtiesContextTestExecutionListener, org.springframework.test.context.transaction.TransactionalTestExecutionListener, org.springframework.test.context.jdbc.SqlScriptsTestExecutionListener, org.springframework.test.context.event.EventPublishingTestExecutionListener]
2022-06-22 19:49:36.842  INFO 31380 --- [    Test worker] .b.t.a.w.s.WebMvcTestContextBootstrapper : Using TestExecutionListeners: [org.springframework.test.context.web.ServletTestExecutionListener@4e542ef4, org.springframework.test.context.support.DirtiesContextBeforeModesTestExecutionListener@6bbd44e7, org.springframework.test.context.event.ApplicationEventsTestExecutionListener@16641839, org.springframework.boot.test.mock.mockito.MockitoTestExecutionListener@62640933, org.springframework.boot.test.autoconfigure.SpringBootDependencyInjectionTestExecutionListener@d28a805, org.springframework.test.context.support.DirtiesContextTestExecutionListener@c334f3b, org.springframework.test.context.transaction.TransactionalTestExecutionListener@3aa02b54, org.springframework.test.context.jdbc.SqlScriptsTestExecutionListener@78cf80a2, org.springframework.test.context.event.EventPublishingTestExecutionListener@30ef773e, org.springframework.boot.test.autoconfigure.restdocs.RestDocsTestExecutionListener@26b3bc8f, org.springframework.boot.test.autoconfigure.web.client.MockRestServiceServerResetTestExecutionListener@1df2d986, org.springframework.boot.test.autoconfigure.web.servlet.MockMvcPrintOnlyOnFailureTestExecutionListener@19bc800a, org.springframework.boot.test.autoconfigure.web.servlet.WebDriverTestExecutionListener@52214284, org.springframework.boot.test.autoconfigure.webservices.client.MockWebServiceServerTestExecutionListener@694ddb8b, org.springframework.boot.test.mock.mockito.ResetMocksTestExecutionListener@62f801cd]

  .   ____          _            __ _ _
 /\\ / ___'_ __ _ _(_)_ __  __ _ \ \ \ \
( ( )\___ | '_ | '_| | '_ \/ _` | \ \ \ \
 \\/  ___)| |_)| | | | | || (_| |  ) ) ) )
  '  |____| .__|_| |_|_| |_\__, | / / / /
 =========|_|==============|___/=/_/_/_/
 :: Spring Boot ::                (v2.6.7)

2022-06-22 19:49:36.874  INFO 31380 --- [    Test worker] com.ceiba.planta.PlantaControladorTest   : Starting PlantaControladorTest using Java 17.0.2 on RODRIGO-MONTERO with PID 31380 (started by rodrigo.montero in D:\Adn\java-arquitectura-hexagonal\microservicio\infraestructura)
2022-06-22 19:49:36.874  INFO 31380 --- [    Test worker] com.ceiba.planta.PlantaControladorTest   : No active profile set, falling back to 1 default profile: "default"
2022-06-22 19:49:37.028  INFO 31380 --- [    Test worker] com.zaxxer.hikari.HikariDataSource       : pool - Starting...
2022-06-22 19:49:37.030  INFO 31380 --- [    Test worker] com.zaxxer.hikari.HikariDataSource       : pool - Start completed.
2022-06-22 19:49:37.157  INFO 31380 --- [    Test worker] o.s.j.d.e.EmbeddedDatabaseFactory        : Starting embedded database: url='jdbc:h2:mem:testdb;DB_CLOSE_DELAY=-1;DB_CLOSE_ON_EXIT=false', username='sa'
2022-06-22 19:49:37.161  INFO 31380 --- [    Test worker] o.f.c.i.database.base.DatabaseType       : Database: jdbc:h2:mem:testdb (H2 1.4)
2022-06-22 19:49:37.170  INFO 31380 --- [    Test worker] o.f.core.internal.command.DbValidate     : Successfully validated 2 migrations (execution time 00:00.004s)
2022-06-22 19:49:37.175  INFO 31380 --- [    Test worker] o.f.c.i.s.JdbcTableSchemaHistory         : Creating Schema History table "PUBLIC"."flyway_schema_history" ...
2022-06-22 19:49:37.187  INFO 31380 --- [    Test worker] o.f.core.internal.command.DbMigrate      : Current version of schema "PUBLIC": << Empty Schema >>
2022-06-22 19:49:37.191  INFO 31380 --- [    Test worker] o.f.core.internal.command.DbMigrate      : Migrating schema "PUBLIC" to version 1.0 - schema
2022-06-22 19:49:37.216  INFO 31380 --- [    Test worker] o.f.core.internal.command.DbMigrate      : Migrating schema "PUBLIC" to version 1.1 - data
2022-06-22 19:49:37.229  INFO 31380 --- [    Test worker] o.f.core.internal.command.DbMigrate      : Successfully applied 2 migrations to schema "PUBLIC" (execution time 00:00.046s)
2022-06-22 19:49:37.635  INFO 31380 --- [    Test worker] o.s.b.t.m.w.SpringBootMockServletContext : Initializing Spring TestDispatcherServlet ''
2022-06-22 19:49:37.635  INFO 31380 --- [    Test worker] o.s.t.web.servlet.TestDispatcherServlet  : Initializing Servlet ''
2022-06-22 19:49:37.636  INFO 31380 --- [    Test worker] o.s.t.web.servlet.TestDispatcherServlet  : Completed initialization in 1 ms
2022-06-22 19:49:37.648  INFO 31380 --- [    Test worker] com.ceiba.planta.PlantaControladorTest   : Started PlantaControladorTest in 0.804 seconds (JVM running for 7.31)
]]></system-out>
  <system-err><![CDATA[]]></system-err>
</testsuite>
