<?xml version="1.0" encoding="UTF-8"?>
<testsuite name="com.ceiba.cliente.ComandoClienteControladorTest" tests="2" skipped="0" failures="0" errors="0" timestamp="2022-07-27T10:20:34" hostname="RODRIGO-MONTERO" time="1.114">
  <properties/>
  <testcase name="eliminar()" classname="com.ceiba.cliente.ComandoClienteControladorTest" time="0.221"/>
  <testcase name="crearClienteExitoso()" classname="com.ceiba.cliente.ComandoClienteControladorTest" time="0.225"/>
  <system-out><![CDATA[2022-07-27 05:20:33.315  INFO 17252 --- [    Test worker] o.s.t.c.support.AbstractContextLoader    : Could not detect default resource locations for test class [com.ceiba.cliente.ComandoClienteControladorTest]: no resource found for suffixes {-context.xml, Context.groovy}.
2022-07-27 05:20:33.325  INFO 17252 --- [    Test worker] .b.t.a.w.s.WebMvcTestContextBootstrapper : Loaded default TestExecutionListener class names from location [META-INF/spring.factories]: [org.springframework.boot.test.autoconfigure.restdocs.RestDocsTestExecutionListener, org.springframework.boot.test.autoconfigure.web.client.MockRestServiceServerResetTestExecutionListener, org.springframework.boot.test.autoconfigure.web.servlet.MockMvcPrintOnlyOnFailureTestExecutionListener, org.springframework.boot.test.autoconfigure.web.servlet.WebDriverTestExecutionListener, org.springframework.boot.test.autoconfigure.webservices.client.MockWebServiceServerTestExecutionListener, org.springframework.boot.test.mock.mockito.MockitoTestExecutionListener, org.springframework.boot.test.mock.mockito.ResetMocksTestExecutionListener, org.springframework.test.context.web.ServletTestExecutionListener, org.springframework.test.context.support.DirtiesContextBeforeModesTestExecutionListener, org.springframework.test.context.event.ApplicationEventsTestExecutionListener, org.springframework.test.context.support.DependencyInjectionTestExecutionListener, org.springframework.test.context.support.DirtiesContextTestExecutionListener, org.springframework.test.context.transaction.TransactionalTestExecutionListener, org.springframework.test.context.jdbc.SqlScriptsTestExecutionListener, org.springframework.test.context.event.EventPublishingTestExecutionListener]
2022-07-27 05:20:33.326  INFO 17252 --- [    Test worker] .b.t.a.w.s.WebMvcTestContextBootstrapper : Using TestExecutionListeners: [org.springframework.test.context.web.ServletTestExecutionListener@51b59c1a, org.springframework.test.context.support.DirtiesContextBeforeModesTestExecutionListener@51952ba0, org.springframework.test.context.event.ApplicationEventsTestExecutionListener@798ba61, org.springframework.boot.test.mock.mockito.MockitoTestExecutionListener@2547d1b8, org.springframework.boot.test.autoconfigure.SpringBootDependencyInjectionTestExecutionListener@586fcc46, org.springframework.test.context.support.DirtiesContextTestExecutionListener@20df24c0, org.springframework.test.context.transaction.TransactionalTestExecutionListener@6256d908, org.springframework.test.context.jdbc.SqlScriptsTestExecutionListener@79871eeb, org.springframework.test.context.event.EventPublishingTestExecutionListener@5facf061, org.springframework.boot.test.autoconfigure.restdocs.RestDocsTestExecutionListener@68c3670, org.springframework.boot.test.autoconfigure.web.client.MockRestServiceServerResetTestExecutionListener@52463130, org.springframework.boot.test.autoconfigure.web.servlet.MockMvcPrintOnlyOnFailureTestExecutionListener@13f70dd5, org.springframework.boot.test.autoconfigure.web.servlet.WebDriverTestExecutionListener@2b60c832, org.springframework.boot.test.autoconfigure.webservices.client.MockWebServiceServerTestExecutionListener@4c384498, org.springframework.boot.test.mock.mockito.ResetMocksTestExecutionListener@2f94339e]

  .   ____          _            __ _ _
 /\\ / ___'_ __ _ _(_)_ __  __ _ \ \ \ \
( ( )\___ | '_ | '_| | '_ \/ _` | \ \ \ \
 \\/  ___)| |_)| | | | | || (_| |  ) ) ) )
  '  |____| .__|_| |_|_| |_\__, | / / / /
 =========|_|==============|___/=/_/_/_/
 :: Spring Boot ::                (v2.6.7)

2022-07-27 05:20:33.380  INFO 17252 --- [    Test worker] c.c.c.ComandoClienteControladorTest      : Starting ComandoClienteControladorTest using Java 17.0.3 on RODRIGO-MONTERO with PID 17252 (started by rodrigo.montero in D:\Adn\java-arquitectura-hexagonal\microservicio\infraestructura)
2022-07-27 05:20:33.381  INFO 17252 --- [    Test worker] c.c.c.ComandoClienteControladorTest      : No active profile set, falling back to 1 default profile: "default"
2022-07-27 05:20:33.495  INFO 17252 --- [    Test worker] com.zaxxer.hikari.HikariDataSource       : pool - Starting...
2022-07-27 05:20:33.497  INFO 17252 --- [    Test worker] com.zaxxer.hikari.HikariDataSource       : pool - Start completed.
2022-07-27 05:20:33.607  INFO 17252 --- [    Test worker] o.s.j.d.e.EmbeddedDatabaseFactory        : Starting embedded database: url='jdbc:h2:mem:testdb;DB_CLOSE_DELAY=-1;DB_CLOSE_ON_EXIT=false', username='sa'
2022-07-27 05:20:33.611  INFO 17252 --- [    Test worker] o.f.c.i.database.base.DatabaseType       : Database: jdbc:h2:mem:testdb (H2 1.4)
2022-07-27 05:20:33.616  INFO 17252 --- [    Test worker] o.f.core.internal.command.DbValidate     : Successfully validated 2 migrations (execution time 00:00.003s)
2022-07-27 05:20:33.619  INFO 17252 --- [    Test worker] o.f.c.i.s.JdbcTableSchemaHistory         : Creating Schema History table "PUBLIC"."flyway_schema_history" ...
2022-07-27 05:20:33.627  INFO 17252 --- [    Test worker] o.f.core.internal.command.DbMigrate      : Current version of schema "PUBLIC": << Empty Schema >>
2022-07-27 05:20:33.629  INFO 17252 --- [    Test worker] o.f.core.internal.command.DbMigrate      : Migrating schema "PUBLIC" to version 1.0 - schema
2022-07-27 05:20:33.646  INFO 17252 --- [    Test worker] o.f.core.internal.command.DbMigrate      : Migrating schema "PUBLIC" to version 1.1 - data
2022-07-27 05:20:33.659  INFO 17252 --- [    Test worker] o.f.core.internal.command.DbMigrate      : Successfully applied 2 migrations to schema "PUBLIC" (execution time 00:00.035s)
2022-07-27 05:20:34.005  INFO 17252 --- [    Test worker] o.s.b.t.m.w.SpringBootMockServletContext : Initializing Spring TestDispatcherServlet ''
2022-07-27 05:20:34.005  INFO 17252 --- [    Test worker] o.s.t.web.servlet.TestDispatcherServlet  : Initializing Servlet ''
2022-07-27 05:20:34.006  INFO 17252 --- [    Test worker] o.s.t.web.servlet.TestDispatcherServlet  : Completed initialization in 1 ms
2022-07-27 05:20:34.015  INFO 17252 --- [    Test worker] c.c.c.ComandoClienteControladorTest      : Started ComandoClienteControladorTest in 0.682 seconds (JVM running for 9.22)
2022-07-27 05:20:34.028  INFO 17252 --- [    Test worker] o.s.j.d.e.EmbeddedDatabaseFactory        : Shutting down embedded database: url='jdbc:h2:mem:testdb;DB_CLOSE_DELAY=-1;DB_CLOSE_ON_EXIT=false'
2022-07-27 05:20:34.236  INFO 17252 --- [    Test worker] com.zaxxer.hikari.HikariDataSource       : pool - Shutdown initiated...
2022-07-27 05:20:34.238  INFO 17252 --- [    Test worker] com.zaxxer.hikari.HikariDataSource       : pool - Shutdown completed.

  .   ____          _            __ _ _
 /\\ / ___'_ __ _ _(_)_ __  __ _ \ \ \ \
( ( )\___ | '_ | '_| | '_ \/ _` | \ \ \ \
 \\/  ___)| |_)| | | | | || (_| |  ) ) ) )
  '  |____| .__|_| |_|_| |_\__, | / / / /
 =========|_|==============|___/=/_/_/_/
 :: Spring Boot ::                (v2.6.7)

2022-07-27 05:20:34.287  INFO 17252 --- [    Test worker] c.c.c.ComandoClienteControladorTest      : Starting ComandoClienteControladorTest using Java 17.0.3 on RODRIGO-MONTERO with PID 17252 (started by rodrigo.montero in D:\Adn\java-arquitectura-hexagonal\microservicio\infraestructura)
2022-07-27 05:20:34.287  INFO 17252 --- [    Test worker] c.c.c.ComandoClienteControladorTest      : No active profile set, falling back to 1 default profile: "default"
2022-07-27 05:20:34.398  INFO 17252 --- [    Test worker] com.zaxxer.hikari.HikariDataSource       : pool - Starting...
2022-07-27 05:20:34.403  INFO 17252 --- [    Test worker] com.zaxxer.hikari.HikariDataSource       : pool - Start completed.
2022-07-27 05:20:34.512  INFO 17252 --- [    Test worker] o.s.j.d.e.EmbeddedDatabaseFactory        : Starting embedded database: url='jdbc:h2:mem:testdb;DB_CLOSE_DELAY=-1;DB_CLOSE_ON_EXIT=false', username='sa'
2022-07-27 05:20:34.516  INFO 17252 --- [    Test worker] o.f.c.i.database.base.DatabaseType       : Database: jdbc:h2:mem:testdb (H2 1.4)
2022-07-27 05:20:34.521  INFO 17252 --- [    Test worker] o.f.core.internal.command.DbValidate     : Successfully validated 2 migrations (execution time 00:00.002s)
2022-07-27 05:20:34.524  INFO 17252 --- [    Test worker] o.f.c.i.s.JdbcTableSchemaHistory         : Creating Schema History table "PUBLIC"."flyway_schema_history" ...
2022-07-27 05:20:34.529  INFO 17252 --- [    Test worker] o.f.core.internal.command.DbMigrate      : Current version of schema "PUBLIC": << Empty Schema >>
2022-07-27 05:20:34.532  INFO 17252 --- [    Test worker] o.f.core.internal.command.DbMigrate      : Migrating schema "PUBLIC" to version 1.0 - schema
2022-07-27 05:20:34.548  INFO 17252 --- [    Test worker] o.f.core.internal.command.DbMigrate      : Migrating schema "PUBLIC" to version 1.1 - data
2022-07-27 05:20:34.559  INFO 17252 --- [    Test worker] o.f.core.internal.command.DbMigrate      : Successfully applied 2 migrations to schema "PUBLIC" (execution time 00:00.031s)
2022-07-27 05:20:34.895  INFO 17252 --- [    Test worker] o.s.b.t.m.w.SpringBootMockServletContext : Initializing Spring TestDispatcherServlet ''
2022-07-27 05:20:34.895  INFO 17252 --- [    Test worker] o.s.t.web.servlet.TestDispatcherServlet  : Initializing Servlet ''
2022-07-27 05:20:34.895  INFO 17252 --- [    Test worker] o.s.t.web.servlet.TestDispatcherServlet  : Completed initialization in 0 ms
2022-07-27 05:20:34.904  INFO 17252 --- [    Test worker] c.c.c.ComandoClienteControladorTest      : Started ComandoClienteControladorTest in 0.66 seconds (JVM running for 10.109)
2022-07-27 05:20:34.923  INFO 17252 --- [    Test worker] o.s.j.d.e.EmbeddedDatabaseFactory        : Shutting down embedded database: url='jdbc:h2:mem:testdb;DB_CLOSE_DELAY=-1;DB_CLOSE_ON_EXIT=false'
2022-07-27 05:20:35.131  INFO 17252 --- [    Test worker] com.zaxxer.hikari.HikariDataSource       : pool - Shutdown initiated...
2022-07-27 05:20:35.131  INFO 17252 --- [    Test worker] com.zaxxer.hikari.HikariDataSource       : pool - Shutdown completed.
]]></system-out>
  <system-err><![CDATA[]]></system-err>
</testsuite>
