<?xml version="1.0" encoding="UTF-8"?>
<testsuite name="com.ceiba.cliente.ComandoClienteControladorTest" tests="1" skipped="0" failures="0" errors="0" timestamp="2022-06-27T17:41:07" hostname="RODRIGO-MONTERO" time="0.257">
  <properties/>
  <testcase name="crearClienteExitoso()" classname="com.ceiba.cliente.ComandoClienteControladorTest" time="0.257"/>
  <system-out><![CDATA[2022-06-27 12:41:06.126  INFO 35024 --- [    Test worker] o.s.t.c.support.AbstractContextLoader    : Could not detect default resource locations for test class [com.ceiba.cliente.ComandoClienteControladorTest]: no resource found for suffixes {-context.xml, Context.groovy}.
2022-06-27 12:41:06.130  INFO 35024 --- [    Test worker] .b.t.a.w.s.WebMvcTestContextBootstrapper : Loaded default TestExecutionListener class names from location [META-INF/spring.factories]: [org.springframework.boot.test.autoconfigure.restdocs.RestDocsTestExecutionListener, org.springframework.boot.test.autoconfigure.web.client.MockRestServiceServerResetTestExecutionListener, org.springframework.boot.test.autoconfigure.web.servlet.MockMvcPrintOnlyOnFailureTestExecutionListener, org.springframework.boot.test.autoconfigure.web.servlet.WebDriverTestExecutionListener, org.springframework.boot.test.autoconfigure.webservices.client.MockWebServiceServerTestExecutionListener, org.springframework.boot.test.mock.mockito.MockitoTestExecutionListener, org.springframework.boot.test.mock.mockito.ResetMocksTestExecutionListener, org.springframework.test.context.web.ServletTestExecutionListener, org.springframework.test.context.support.DirtiesContextBeforeModesTestExecutionListener, org.springframework.test.context.event.ApplicationEventsTestExecutionListener, org.springframework.test.context.support.DependencyInjectionTestExecutionListener, org.springframework.test.context.support.DirtiesContextTestExecutionListener, org.springframework.test.context.transaction.TransactionalTestExecutionListener, org.springframework.test.context.jdbc.SqlScriptsTestExecutionListener, org.springframework.test.context.event.EventPublishingTestExecutionListener]
2022-06-27 12:41:06.131  INFO 35024 --- [    Test worker] .b.t.a.w.s.WebMvcTestContextBootstrapper : Using TestExecutionListeners: [org.springframework.test.context.web.ServletTestExecutionListener@20d4fdff, org.springframework.test.context.support.DirtiesContextBeforeModesTestExecutionListener@72a25716, org.springframework.test.context.event.ApplicationEventsTestExecutionListener@3edb7be5, org.springframework.boot.test.mock.mockito.MockitoTestExecutionListener@374d0329, org.springframework.boot.test.autoconfigure.SpringBootDependencyInjectionTestExecutionListener@30f13b3a, org.springframework.test.context.support.DirtiesContextTestExecutionListener@508bd0d5, org.springframework.test.context.transaction.TransactionalTestExecutionListener@35ea9d72, org.springframework.test.context.jdbc.SqlScriptsTestExecutionListener@6ae194ad, org.springframework.test.context.event.EventPublishingTestExecutionListener@53f04a20, org.springframework.boot.test.autoconfigure.restdocs.RestDocsTestExecutionListener@5d7325f3, org.springframework.boot.test.autoconfigure.web.client.MockRestServiceServerResetTestExecutionListener@3c932222, org.springframework.boot.test.autoconfigure.web.servlet.MockMvcPrintOnlyOnFailureTestExecutionListener@5a318de1, org.springframework.boot.test.autoconfigure.web.servlet.WebDriverTestExecutionListener@bc16dcd, org.springframework.boot.test.autoconfigure.webservices.client.MockWebServiceServerTestExecutionListener@4f598dfb, org.springframework.boot.test.mock.mockito.ResetMocksTestExecutionListener@6afe2400]

  .   ____          _            __ _ _
 /\\ / ___'_ __ _ _(_)_ __  __ _ \ \ \ \
( ( )\___ | '_ | '_| | '_ \/ _` | \ \ \ \
 \\/  ___)| |_)| | | | | || (_| |  ) ) ) )
  '  |____| .__|_| |_|_| |_\__, | / / / /
 =========|_|==============|___/=/_/_/_/
 :: Spring Boot ::                (v2.6.7)

2022-06-27 12:41:06.171  INFO 35024 --- [    Test worker] c.c.c.ComandoClienteControladorTest      : Starting ComandoClienteControladorTest using Java 17.0.2 on RODRIGO-MONTERO with PID 35024 (started by rodrigo.montero in D:\Adn\java-arquitectura-hexagonal\microservicio\infraestructura)
2022-06-27 12:41:06.171  INFO 35024 --- [    Test worker] c.c.c.ComandoClienteControladorTest      : No active profile set, falling back to 1 default profile: "default"
2022-06-27 12:41:06.372  INFO 35024 --- [    Test worker] com.zaxxer.hikari.HikariDataSource       : pool - Starting...
2022-06-27 12:41:06.375  INFO 35024 --- [    Test worker] com.zaxxer.hikari.HikariDataSource       : pool - Start completed.
2022-06-27 12:41:06.564  INFO 35024 --- [    Test worker] o.s.j.d.e.EmbeddedDatabaseFactory        : Starting embedded database: url='jdbc:h2:mem:testdb;DB_CLOSE_DELAY=-1;DB_CLOSE_ON_EXIT=false', username='sa'
2022-06-27 12:41:06.571  INFO 35024 --- [    Test worker] o.f.c.i.database.base.DatabaseType       : Database: jdbc:h2:mem:testdb (H2 1.4)
2022-06-27 12:41:06.583  INFO 35024 --- [    Test worker] o.f.core.internal.command.DbValidate     : Successfully validated 2 migrations (execution time 00:00.007s)
2022-06-27 12:41:06.595  INFO 35024 --- [    Test worker] o.f.c.i.s.JdbcTableSchemaHistory         : Creating Schema History table "PUBLIC"."flyway_schema_history" ...
2022-06-27 12:41:06.611  INFO 35024 --- [    Test worker] o.f.core.internal.command.DbMigrate      : Current version of schema "PUBLIC": << Empty Schema >>
2022-06-27 12:41:06.614  INFO 35024 --- [    Test worker] o.f.core.internal.command.DbMigrate      : Migrating schema "PUBLIC" to version 1.0 - schema
2022-06-27 12:41:06.655  INFO 35024 --- [    Test worker] o.f.core.internal.command.DbMigrate      : Migrating schema "PUBLIC" to version 1.1 - data
2022-06-27 12:41:06.683  INFO 35024 --- [    Test worker] o.f.core.internal.command.DbMigrate      : Successfully applied 2 migrations to schema "PUBLIC" (execution time 00:00.078s)
2022-06-27 12:41:07.341  INFO 35024 --- [    Test worker] o.s.b.t.m.w.SpringBootMockServletContext : Initializing Spring TestDispatcherServlet ''
2022-06-27 12:41:07.342  INFO 35024 --- [    Test worker] o.s.t.web.servlet.TestDispatcherServlet  : Initializing Servlet ''
2022-06-27 12:41:07.343  INFO 35024 --- [    Test worker] o.s.t.web.servlet.TestDispatcherServlet  : Completed initialization in 0 ms
2022-06-27 12:41:07.366  INFO 35024 --- [    Test worker] c.c.c.ComandoClienteControladorTest      : Started ComandoClienteControladorTest in 1.232 seconds (JVM running for 10.092)
Cliente guardado: com.ceiba.cliente.modelo.entidad.Cliente@24b83648
2022-06-27 12:41:07.411  INFO 35024 --- [    Test worker] o.s.j.d.e.EmbeddedDatabaseFactory        : Shutting down embedded database: url='jdbc:h2:mem:testdb;DB_CLOSE_DELAY=-1;DB_CLOSE_ON_EXIT=false'
2022-06-27 12:41:07.623  INFO 35024 --- [    Test worker] com.zaxxer.hikari.HikariDataSource       : pool - Shutdown initiated...
2022-06-27 12:41:07.626  INFO 35024 --- [    Test worker] com.zaxxer.hikari.HikariDataSource       : pool - Shutdown completed.
]]></system-out>
  <system-err><![CDATA[]]></system-err>
</testsuite>
