<?xml version="1.0" encoding="UTF-8"?>
<testsuite name="com.ceiba.planta.ConsultaPlantaControladorTest" tests="2" skipped="0" failures="0" errors="0" timestamp="2022-07-28T13:04:18" hostname="RODRIGO-MONTERO" time="0.951">
  <properties/>
  <testcase name="consultarPlantaPorProveedor()" classname="com.ceiba.planta.ConsultaPlantaControladorTest" time="0.225"/>
  <testcase name="consultarPlantas()" classname="com.ceiba.planta.ConsultaPlantaControladorTest" time="0.213"/>
  <system-out><![CDATA[2022-07-28 08:04:17.621  INFO 22204 --- [    Test worker] o.s.t.c.support.AbstractContextLoader    : Could not detect default resource locations for test class [com.ceiba.planta.ConsultaPlantaControladorTest]: no resource found for suffixes {-context.xml, Context.groovy}.
2022-07-28 08:04:17.622  INFO 22204 --- [    Test worker] .b.t.a.w.s.WebMvcTestContextBootstrapper : Loaded default TestExecutionListener class names from location [META-INF/spring.factories]: [org.springframework.boot.test.autoconfigure.restdocs.RestDocsTestExecutionListener, org.springframework.boot.test.autoconfigure.web.client.MockRestServiceServerResetTestExecutionListener, org.springframework.boot.test.autoconfigure.web.servlet.MockMvcPrintOnlyOnFailureTestExecutionListener, org.springframework.boot.test.autoconfigure.web.servlet.WebDriverTestExecutionListener, org.springframework.boot.test.autoconfigure.webservices.client.MockWebServiceServerTestExecutionListener, org.springframework.boot.test.mock.mockito.MockitoTestExecutionListener, org.springframework.boot.test.mock.mockito.ResetMocksTestExecutionListener, org.springframework.test.context.web.ServletTestExecutionListener, org.springframework.test.context.support.DirtiesContextBeforeModesTestExecutionListener, org.springframework.test.context.event.ApplicationEventsTestExecutionListener, org.springframework.test.context.support.DependencyInjectionTestExecutionListener, org.springframework.test.context.support.DirtiesContextTestExecutionListener, org.springframework.test.context.transaction.TransactionalTestExecutionListener, org.springframework.test.context.jdbc.SqlScriptsTestExecutionListener, org.springframework.test.context.event.EventPublishingTestExecutionListener]
2022-07-28 08:04:17.624  INFO 22204 --- [    Test worker] .b.t.a.w.s.WebMvcTestContextBootstrapper : Using TestExecutionListeners: [org.springframework.test.context.web.ServletTestExecutionListener@6738ccc0, org.springframework.test.context.support.DirtiesContextBeforeModesTestExecutionListener@14b59871, org.springframework.test.context.event.ApplicationEventsTestExecutionListener@54cc721d, org.springframework.boot.test.mock.mockito.MockitoTestExecutionListener@40216e38, org.springframework.boot.test.autoconfigure.SpringBootDependencyInjectionTestExecutionListener@615ef430, org.springframework.test.context.support.DirtiesContextTestExecutionListener@59109e7a, org.springframework.test.context.transaction.TransactionalTestExecutionListener@6e7b53df, org.springframework.test.context.jdbc.SqlScriptsTestExecutionListener@2560a086, org.springframework.test.context.event.EventPublishingTestExecutionListener@33092f6e, org.springframework.boot.test.autoconfigure.restdocs.RestDocsTestExecutionListener@6e37943b, org.springframework.boot.test.autoconfigure.web.client.MockRestServiceServerResetTestExecutionListener@5a66d789, org.springframework.boot.test.autoconfigure.web.servlet.MockMvcPrintOnlyOnFailureTestExecutionListener@7a2238d3, org.springframework.boot.test.autoconfigure.web.servlet.WebDriverTestExecutionListener@aa0aa6, org.springframework.boot.test.autoconfigure.webservices.client.MockWebServiceServerTestExecutionListener@52eed0c4, org.springframework.boot.test.mock.mockito.ResetMocksTestExecutionListener@3ed88f8f]

  .   ____          _            __ _ _
 /\\ / ___'_ __ _ _(_)_ __  __ _ \ \ \ \
( ( )\___ | '_ | '_| | '_ \/ _` | \ \ \ \
 \\/  ___)| |_)| | | | | || (_| |  ) ) ) )
  '  |____| .__|_| |_|_| |_\__, | / / / /
 =========|_|==============|___/=/_/_/_/
 :: Spring Boot ::                (v2.6.7)

2022-07-28 08:04:17.639  INFO 22204 --- [    Test worker] c.c.p.ConsultaPlantaControladorTest      : Starting ConsultaPlantaControladorTest using Java 17.0.3 on RODRIGO-MONTERO with PID 22204 (started by rodrigo.montero in D:\Adn\java-arquitectura-hexagonal\microservicio\infraestructura)
2022-07-28 08:04:17.639  INFO 22204 --- [    Test worker] c.c.p.ConsultaPlantaControladorTest      : No active profile set, falling back to 1 default profile: "default"
2022-07-28 08:04:17.738  INFO 22204 --- [    Test worker] com.zaxxer.hikari.HikariDataSource       : pool - Starting...
2022-07-28 08:04:17.739  INFO 22204 --- [    Test worker] com.zaxxer.hikari.HikariDataSource       : pool - Start completed.
2022-07-28 08:04:17.823  INFO 22204 --- [    Test worker] o.s.j.d.e.EmbeddedDatabaseFactory        : Starting embedded database: url='jdbc:h2:mem:testdb;DB_CLOSE_DELAY=-1;DB_CLOSE_ON_EXIT=false', username='sa'
2022-07-28 08:04:17.826  INFO 22204 --- [    Test worker] o.f.c.i.database.base.DatabaseType       : Database: jdbc:h2:mem:testdb (H2 1.4)
2022-07-28 08:04:17.830  INFO 22204 --- [    Test worker] o.f.core.internal.command.DbValidate     : Successfully validated 2 migrations (execution time 00:00.002s)
2022-07-28 08:04:17.833  INFO 22204 --- [    Test worker] o.f.core.internal.command.DbMigrate      : Current version of schema "PUBLIC": 1.1
2022-07-28 08:04:17.834  INFO 22204 --- [    Test worker] o.f.core.internal.command.DbMigrate      : Schema "PUBLIC" is up to date. No migration necessary.
2022-07-28 08:04:18.086  INFO 22204 --- [    Test worker] o.s.b.t.m.w.SpringBootMockServletContext : Initializing Spring TestDispatcherServlet ''
2022-07-28 08:04:18.086  INFO 22204 --- [    Test worker] o.s.t.web.servlet.TestDispatcherServlet  : Initializing Servlet ''
2022-07-28 08:04:18.087  INFO 22204 --- [    Test worker] o.s.t.web.servlet.TestDispatcherServlet  : Completed initialization in 1 ms
2022-07-28 08:04:18.093  INFO 22204 --- [    Test worker] c.c.p.ConsultaPlantaControladorTest      : Started ConsultaPlantaControladorTest in 0.467 seconds (JVM running for 16.506)
2022-07-28 08:04:18.103  INFO 22204 --- [    Test worker] o.s.j.d.e.EmbeddedDatabaseFactory        : Shutting down embedded database: url='jdbc:h2:mem:testdb;DB_CLOSE_DELAY=-1;DB_CLOSE_ON_EXIT=false'
2022-07-28 08:04:18.318  INFO 22204 --- [    Test worker] com.zaxxer.hikari.HikariDataSource       : pool - Shutdown initiated...
2022-07-28 08:04:18.320  INFO 22204 --- [    Test worker] com.zaxxer.hikari.HikariDataSource       : pool - Shutdown completed.

  .   ____          _            __ _ _
 /\\ / ___'_ __ _ _(_)_ __  __ _ \ \ \ \
( ( )\___ | '_ | '_| | '_ \/ _` | \ \ \ \
 \\/  ___)| |_)| | | | | || (_| |  ) ) ) )
  '  |____| .__|_| |_|_| |_\__, | / / / /
 =========|_|==============|___/=/_/_/_/
 :: Spring Boot ::                (v2.6.7)

2022-07-28 08:04:18.351  INFO 22204 --- [    Test worker] c.c.p.ConsultaPlantaControladorTest      : Starting ConsultaPlantaControladorTest using Java 17.0.3 on RODRIGO-MONTERO with PID 22204 (started by rodrigo.montero in D:\Adn\java-arquitectura-hexagonal\microservicio\infraestructura)
2022-07-28 08:04:18.351  INFO 22204 --- [    Test worker] c.c.p.ConsultaPlantaControladorTest      : No active profile set, falling back to 1 default profile: "default"
2022-07-28 08:04:18.439  INFO 22204 --- [    Test worker] com.zaxxer.hikari.HikariDataSource       : pool - Starting...
2022-07-28 08:04:18.440  INFO 22204 --- [    Test worker] com.zaxxer.hikari.HikariDataSource       : pool - Start completed.
2022-07-28 08:04:18.522  INFO 22204 --- [    Test worker] o.s.j.d.e.EmbeddedDatabaseFactory        : Starting embedded database: url='jdbc:h2:mem:testdb;DB_CLOSE_DELAY=-1;DB_CLOSE_ON_EXIT=false', username='sa'
2022-07-28 08:04:18.526  INFO 22204 --- [    Test worker] o.f.c.i.database.base.DatabaseType       : Database: jdbc:h2:mem:testdb (H2 1.4)
2022-07-28 08:04:18.529  INFO 22204 --- [    Test worker] o.f.core.internal.command.DbValidate     : Successfully validated 2 migrations (execution time 00:00.001s)
2022-07-28 08:04:18.531  INFO 22204 --- [    Test worker] o.f.c.i.s.JdbcTableSchemaHistory         : Creating Schema History table "PUBLIC"."flyway_schema_history" ...
2022-07-28 08:04:18.536  INFO 22204 --- [    Test worker] o.f.core.internal.command.DbMigrate      : Current version of schema "PUBLIC": << Empty Schema >>
2022-07-28 08:04:18.538  INFO 22204 --- [    Test worker] o.f.core.internal.command.DbMigrate      : Migrating schema "PUBLIC" to version 1.0 - schema
2022-07-28 08:04:18.548  INFO 22204 --- [    Test worker] o.f.core.internal.command.DbMigrate      : Migrating schema "PUBLIC" to version 1.1 - data
2022-07-28 08:04:18.556  INFO 22204 --- [    Test worker] o.f.core.internal.command.DbMigrate      : Successfully applied 2 migrations to schema "PUBLIC" (execution time 00:00.022s)
2022-07-28 08:04:18.825  INFO 22204 --- [    Test worker] o.s.b.t.m.w.SpringBootMockServletContext : Initializing Spring TestDispatcherServlet ''
2022-07-28 08:04:18.825  INFO 22204 --- [    Test worker] o.s.t.web.servlet.TestDispatcherServlet  : Initializing Servlet ''
2022-07-28 08:04:18.826  INFO 22204 --- [    Test worker] o.s.t.web.servlet.TestDispatcherServlet  : Completed initialization in 1 ms
2022-07-28 08:04:18.832  INFO 22204 --- [    Test worker] c.c.p.ConsultaPlantaControladorTest      : Started ConsultaPlantaControladorTest in 0.508 seconds (JVM running for 17.245)
2022-07-28 08:04:18.842  INFO 22204 --- [    Test worker] o.s.j.d.e.EmbeddedDatabaseFactory        : Shutting down embedded database: url='jdbc:h2:mem:testdb;DB_CLOSE_DELAY=-1;DB_CLOSE_ON_EXIT=false'
2022-07-28 08:04:19.043  INFO 22204 --- [    Test worker] com.zaxxer.hikari.HikariDataSource       : pool - Shutdown initiated...
2022-07-28 08:04:19.046  INFO 22204 --- [    Test worker] com.zaxxer.hikari.HikariDataSource       : pool - Shutdown completed.
]]></system-out>
  <system-err><![CDATA[]]></system-err>
</testsuite>
