<?xml version="1.0" encoding="UTF-8"?>
<testsuite name="com.ceiba.factura.controlador.ComandoControladorFacturaTest" tests="3" skipped="0" failures="0" errors="0" timestamp="2022-07-27T17:22:42" hostname="RODRIGO-MONTERO" time="1.809">
  <properties/>
  <testcase name="busqueDeFacturaExitosa()" classname="com.ceiba.factura.controlador.ComandoControladorFacturaTest" time="0.225"/>
  <testcase name="crearFacturaExitosa()" classname="com.ceiba.factura.controlador.ComandoControladorFacturaTest" time="0.235"/>
  <testcase name="anularFacturaExitosa()" classname="com.ceiba.factura.controlador.ComandoControladorFacturaTest" time="0.232"/>
  <system-out><![CDATA[2022-07-27 12:22:42.015  INFO 27892 --- [    Test worker] o.s.t.c.support.AbstractContextLoader    : Could not detect default resource locations for test class [com.ceiba.factura.controlador.ComandoControladorFacturaTest]: no resource found for suffixes {-context.xml, Context.groovy}.
2022-07-27 12:22:42.023  INFO 27892 --- [    Test worker] .b.t.a.w.s.WebMvcTestContextBootstrapper : Loaded default TestExecutionListener class names from location [META-INF/spring.factories]: [org.springframework.boot.test.autoconfigure.restdocs.RestDocsTestExecutionListener, org.springframework.boot.test.autoconfigure.web.client.MockRestServiceServerResetTestExecutionListener, org.springframework.boot.test.autoconfigure.web.servlet.MockMvcPrintOnlyOnFailureTestExecutionListener, org.springframework.boot.test.autoconfigure.web.servlet.WebDriverTestExecutionListener, org.springframework.boot.test.autoconfigure.webservices.client.MockWebServiceServerTestExecutionListener, org.springframework.boot.test.mock.mockito.MockitoTestExecutionListener, org.springframework.boot.test.mock.mockito.ResetMocksTestExecutionListener, org.springframework.test.context.web.ServletTestExecutionListener, org.springframework.test.context.support.DirtiesContextBeforeModesTestExecutionListener, org.springframework.test.context.event.ApplicationEventsTestExecutionListener, org.springframework.test.context.support.DependencyInjectionTestExecutionListener, org.springframework.test.context.support.DirtiesContextTestExecutionListener, org.springframework.test.context.transaction.TransactionalTestExecutionListener, org.springframework.test.context.jdbc.SqlScriptsTestExecutionListener, org.springframework.test.context.event.EventPublishingTestExecutionListener]
2022-07-27 12:22:42.024  INFO 27892 --- [    Test worker] .b.t.a.w.s.WebMvcTestContextBootstrapper : Using TestExecutionListeners: [org.springframework.test.context.web.ServletTestExecutionListener@1e6facc1, org.springframework.test.context.support.DirtiesContextBeforeModesTestExecutionListener@1c7f3446, org.springframework.test.context.event.ApplicationEventsTestExecutionListener@bb8a702, org.springframework.boot.test.mock.mockito.MockitoTestExecutionListener@2187cfc, org.springframework.boot.test.autoconfigure.SpringBootDependencyInjectionTestExecutionListener@61f2c1da, org.springframework.test.context.support.DirtiesContextTestExecutionListener@44a14a6, org.springframework.test.context.transaction.TransactionalTestExecutionListener@4a84239a, org.springframework.test.context.jdbc.SqlScriptsTestExecutionListener@b3a49aa, org.springframework.test.context.event.EventPublishingTestExecutionListener@7c31a506, org.springframework.boot.test.autoconfigure.restdocs.RestDocsTestExecutionListener@288a7102, org.springframework.boot.test.autoconfigure.web.client.MockRestServiceServerResetTestExecutionListener@43790f7a, org.springframework.boot.test.autoconfigure.web.servlet.MockMvcPrintOnlyOnFailureTestExecutionListener@1ad779a6, org.springframework.boot.test.autoconfigure.web.servlet.WebDriverTestExecutionListener@6bbff66f, org.springframework.boot.test.autoconfigure.webservices.client.MockWebServiceServerTestExecutionListener@1046987b, org.springframework.boot.test.mock.mockito.ResetMocksTestExecutionListener@1b4f57d6]

  .   ____          _            __ _ _
 /\\ / ___'_ __ _ _(_)_ __  __ _ \ \ \ \
( ( )\___ | '_ | '_| | '_ \/ _` | \ \ \ \
 \\/  ___)| |_)| | | | | || (_| |  ) ) ) )
  '  |____| .__|_| |_|_| |_\__, | / / / /
 =========|_|==============|___/=/_/_/_/
 :: Spring Boot ::                (v2.6.7)

2022-07-27 12:22:42.072  INFO 27892 --- [    Test worker] c.c.f.c.ComandoControladorFacturaTest    : Starting ComandoControladorFacturaTest using Java 17.0.3 on RODRIGO-MONTERO with PID 27892 (started by rodrigo.montero in D:\Adn\java-arquitectura-hexagonal\microservicio\infraestructura)
2022-07-27 12:22:42.072  INFO 27892 --- [    Test worker] c.c.f.c.ComandoControladorFacturaTest    : No active profile set, falling back to 1 default profile: "default"
2022-07-27 12:22:42.173  INFO 27892 --- [    Test worker] com.zaxxer.hikari.HikariDataSource       : pool - Starting...
2022-07-27 12:22:42.175  INFO 27892 --- [    Test worker] com.zaxxer.hikari.HikariDataSource       : pool - Start completed.
2022-07-27 12:22:42.263  INFO 27892 --- [    Test worker] o.s.j.d.e.EmbeddedDatabaseFactory        : Starting embedded database: url='jdbc:h2:mem:testdb;DB_CLOSE_DELAY=-1;DB_CLOSE_ON_EXIT=false', username='sa'
2022-07-27 12:22:42.268  INFO 27892 --- [    Test worker] o.f.c.i.database.base.DatabaseType       : Database: jdbc:h2:mem:testdb (H2 1.4)
2022-07-27 12:22:42.271  INFO 27892 --- [    Test worker] o.f.core.internal.command.DbValidate     : Successfully validated 2 migrations (execution time 00:00.001s)
2022-07-27 12:22:42.273  INFO 27892 --- [    Test worker] o.f.c.i.s.JdbcTableSchemaHistory         : Creating Schema History table "PUBLIC"."flyway_schema_history" ...
2022-07-27 12:22:42.278  INFO 27892 --- [    Test worker] o.f.core.internal.command.DbMigrate      : Current version of schema "PUBLIC": << Empty Schema >>
2022-07-27 12:22:42.280  INFO 27892 --- [    Test worker] o.f.core.internal.command.DbMigrate      : Migrating schema "PUBLIC" to version 1.0 - schema
2022-07-27 12:22:42.290  INFO 27892 --- [    Test worker] o.f.core.internal.command.DbMigrate      : Migrating schema "PUBLIC" to version 1.1 - data
2022-07-27 12:22:42.298  INFO 27892 --- [    Test worker] o.f.core.internal.command.DbMigrate      : Successfully applied 2 migrations to schema "PUBLIC" (execution time 00:00.022s)
2022-07-27 12:22:42.570  INFO 27892 --- [    Test worker] o.s.b.t.m.w.SpringBootMockServletContext : Initializing Spring TestDispatcherServlet ''
2022-07-27 12:22:42.570  INFO 27892 --- [    Test worker] o.s.t.web.servlet.TestDispatcherServlet  : Initializing Servlet ''
2022-07-27 12:22:42.571  INFO 27892 --- [    Test worker] o.s.t.web.servlet.TestDispatcherServlet  : Completed initialization in 1 ms
2022-07-27 12:22:42.579  INFO 27892 --- [    Test worker] c.c.f.c.ComandoControladorFacturaTest    : Started ComandoControladorFacturaTest in 0.549 seconds (JVM running for 14.082)
2022-07-27 12:22:42.593  INFO 27892 --- [    Test worker] o.s.j.d.e.EmbeddedDatabaseFactory        : Shutting down embedded database: url='jdbc:h2:mem:testdb;DB_CLOSE_DELAY=-1;DB_CLOSE_ON_EXIT=false'
2022-07-27 12:22:42.804  INFO 27892 --- [    Test worker] com.zaxxer.hikari.HikariDataSource       : pool - Shutdown initiated...
2022-07-27 12:22:42.806  INFO 27892 --- [    Test worker] com.zaxxer.hikari.HikariDataSource       : pool - Shutdown completed.

  .   ____          _            __ _ _
 /\\ / ___'_ __ _ _(_)_ __  __ _ \ \ \ \
( ( )\___ | '_ | '_| | '_ \/ _` | \ \ \ \
 \\/  ___)| |_)| | | | | || (_| |  ) ) ) )
  '  |____| .__|_| |_|_| |_\__, | / / / /
 =========|_|==============|___/=/_/_/_/
 :: Spring Boot ::                (v2.6.7)

2022-07-27 12:22:42.824  INFO 27892 --- [    Test worker] c.c.f.c.ComandoControladorFacturaTest    : Starting ComandoControladorFacturaTest using Java 17.0.3 on RODRIGO-MONTERO with PID 27892 (started by rodrigo.montero in D:\Adn\java-arquitectura-hexagonal\microservicio\infraestructura)
2022-07-27 12:22:42.824  INFO 27892 --- [    Test worker] c.c.f.c.ComandoControladorFacturaTest    : No active profile set, falling back to 1 default profile: "default"
2022-07-27 12:22:42.917  INFO 27892 --- [    Test worker] com.zaxxer.hikari.HikariDataSource       : pool - Starting...
2022-07-27 12:22:42.920  INFO 27892 --- [    Test worker] com.zaxxer.hikari.HikariDataSource       : pool - Start completed.
2022-07-27 12:22:43.004  INFO 27892 --- [    Test worker] o.s.j.d.e.EmbeddedDatabaseFactory        : Starting embedded database: url='jdbc:h2:mem:testdb;DB_CLOSE_DELAY=-1;DB_CLOSE_ON_EXIT=false', username='sa'
2022-07-27 12:22:43.009  INFO 27892 --- [    Test worker] o.f.c.i.database.base.DatabaseType       : Database: jdbc:h2:mem:testdb (H2 1.4)
2022-07-27 12:22:43.013  INFO 27892 --- [    Test worker] o.f.core.internal.command.DbValidate     : Successfully validated 2 migrations (execution time 00:00.001s)
2022-07-27 12:22:43.014  INFO 27892 --- [    Test worker] o.f.c.i.s.JdbcTableSchemaHistory         : Creating Schema History table "PUBLIC"."flyway_schema_history" ...
2022-07-27 12:22:43.020  INFO 27892 --- [    Test worker] o.f.core.internal.command.DbMigrate      : Current version of schema "PUBLIC": << Empty Schema >>
2022-07-27 12:22:43.022  INFO 27892 --- [    Test worker] o.f.core.internal.command.DbMigrate      : Migrating schema "PUBLIC" to version 1.0 - schema
2022-07-27 12:22:43.034  INFO 27892 --- [    Test worker] o.f.core.internal.command.DbMigrate      : Migrating schema "PUBLIC" to version 1.1 - data
2022-07-27 12:22:43.041  INFO 27892 --- [    Test worker] o.f.core.internal.command.DbMigrate      : Successfully applied 2 migrations to schema "PUBLIC" (execution time 00:00.022s)
2022-07-27 12:22:43.347  INFO 27892 --- [    Test worker] o.s.b.t.m.w.SpringBootMockServletContext : Initializing Spring TestDispatcherServlet ''
2022-07-27 12:22:43.347  INFO 27892 --- [    Test worker] o.s.t.web.servlet.TestDispatcherServlet  : Initializing Servlet ''
2022-07-27 12:22:43.348  INFO 27892 --- [    Test worker] o.s.t.web.servlet.TestDispatcherServlet  : Completed initialization in 1 ms
2022-07-27 12:22:43.356  INFO 27892 --- [    Test worker] c.c.f.c.ComandoControladorFacturaTest    : Started ComandoControladorFacturaTest in 0.547 seconds (JVM running for 14.86)
2022-07-27 12:22:43.382  INFO 27892 --- [    Test worker] o.s.j.d.e.EmbeddedDatabaseFactory        : Shutting down embedded database: url='jdbc:h2:mem:testdb;DB_CLOSE_DELAY=-1;DB_CLOSE_ON_EXIT=false'
2022-07-27 12:22:43.592  INFO 27892 --- [    Test worker] com.zaxxer.hikari.HikariDataSource       : pool - Shutdown initiated...
2022-07-27 12:22:43.593  INFO 27892 --- [    Test worker] com.zaxxer.hikari.HikariDataSource       : pool - Shutdown completed.

  .   ____          _            __ _ _
 /\\ / ___'_ __ _ _(_)_ __  __ _ \ \ \ \
( ( )\___ | '_ | '_| | '_ \/ _` | \ \ \ \
 \\/  ___)| |_)| | | | | || (_| |  ) ) ) )
  '  |____| .__|_| |_|_| |_\__, | / / / /
 =========|_|==============|___/=/_/_/_/
 :: Spring Boot ::                (v2.6.7)

2022-07-27 12:22:43.618  INFO 27892 --- [    Test worker] c.c.f.c.ComandoControladorFacturaTest    : Starting ComandoControladorFacturaTest using Java 17.0.3 on RODRIGO-MONTERO with PID 27892 (started by rodrigo.montero in D:\Adn\java-arquitectura-hexagonal\microservicio\infraestructura)
2022-07-27 12:22:43.618  INFO 27892 --- [    Test worker] c.c.f.c.ComandoControladorFacturaTest    : No active profile set, falling back to 1 default profile: "default"
2022-07-27 12:22:43.713  INFO 27892 --- [    Test worker] com.zaxxer.hikari.HikariDataSource       : pool - Starting...
2022-07-27 12:22:43.714  INFO 27892 --- [    Test worker] com.zaxxer.hikari.HikariDataSource       : pool - Start completed.
2022-07-27 12:22:43.811  INFO 27892 --- [    Test worker] o.s.j.d.e.EmbeddedDatabaseFactory        : Starting embedded database: url='jdbc:h2:mem:testdb;DB_CLOSE_DELAY=-1;DB_CLOSE_ON_EXIT=false', username='sa'
2022-07-27 12:22:43.815  INFO 27892 --- [    Test worker] o.f.c.i.database.base.DatabaseType       : Database: jdbc:h2:mem:testdb (H2 1.4)
2022-07-27 12:22:43.818  INFO 27892 --- [    Test worker] o.f.core.internal.command.DbValidate     : Successfully validated 2 migrations (execution time 00:00.001s)
2022-07-27 12:22:43.820  INFO 27892 --- [    Test worker] o.f.c.i.s.JdbcTableSchemaHistory         : Creating Schema History table "PUBLIC"."flyway_schema_history" ...
2022-07-27 12:22:43.827  INFO 27892 --- [    Test worker] o.f.core.internal.command.DbMigrate      : Current version of schema "PUBLIC": << Empty Schema >>
2022-07-27 12:22:43.829  INFO 27892 --- [    Test worker] o.f.core.internal.command.DbMigrate      : Migrating schema "PUBLIC" to version 1.0 - schema
2022-07-27 12:22:43.840  INFO 27892 --- [    Test worker] o.f.core.internal.command.DbMigrate      : Migrating schema "PUBLIC" to version 1.1 - data
2022-07-27 12:22:43.847  INFO 27892 --- [    Test worker] o.f.core.internal.command.DbMigrate      : Successfully applied 2 migrations to schema "PUBLIC" (execution time 00:00.022s)
2022-07-27 12:22:44.147  INFO 27892 --- [    Test worker] o.s.b.t.m.w.SpringBootMockServletContext : Initializing Spring TestDispatcherServlet ''
2022-07-27 12:22:44.147  INFO 27892 --- [    Test worker] o.s.t.web.servlet.TestDispatcherServlet  : Initializing Servlet ''
2022-07-27 12:22:44.147  INFO 27892 --- [    Test worker] o.s.t.web.servlet.TestDispatcherServlet  : Completed initialization in 0 ms
2022-07-27 12:22:44.153  INFO 27892 --- [    Test worker] c.c.f.c.ComandoControladorFacturaTest    : Started ComandoControladorFacturaTest in 0.558 seconds (JVM running for 15.658)
2022-07-27 12:22:44.166  INFO 27892 --- [    Test worker] o.s.j.d.e.EmbeddedDatabaseFactory        : Shutting down embedded database: url='jdbc:h2:mem:testdb;DB_CLOSE_DELAY=-1;DB_CLOSE_ON_EXIT=false'
2022-07-27 12:22:44.387  INFO 27892 --- [    Test worker] com.zaxxer.hikari.HikariDataSource       : pool - Shutdown initiated...
2022-07-27 12:22:44.388  INFO 27892 --- [    Test worker] com.zaxxer.hikari.HikariDataSource       : pool - Shutdown completed.
]]></system-out>
  <system-err><![CDATA[]]></system-err>
</testsuite>
