<?xml version="1.0" encoding="UTF-8"?>
<testsuite name="com.ceiba.planta.ComandoPlantaControladorTest" tests="2" skipped="0" failures="0" errors="0" timestamp="2022-06-27T04:14:38" hostname="RODRIGO-MONTERO" time="0.023">
  <properties/>
  <testcase name="crear()" classname="com.ceiba.planta.ComandoPlantaControladorTest" time="0.015"/>
  <testcase name="eliminar()" classname="com.ceiba.planta.ComandoPlantaControladorTest" time="0.008"/>
  <system-out><![CDATA[2022-06-26 23:14:37.595  INFO 31728 --- [    Test worker] o.s.t.c.support.AbstractContextLoader    : Could not detect default resource locations for test class [com.ceiba.planta.ComandoPlantaControladorTest]: no resource found for suffixes {-context.xml, Context.groovy}.
2022-06-26 23:14:37.600  INFO 31728 --- [    Test worker] .b.t.a.w.s.WebMvcTestContextBootstrapper : Loaded default TestExecutionListener class names from location [META-INF/spring.factories]: [org.springframework.boot.test.autoconfigure.restdocs.RestDocsTestExecutionListener, org.springframework.boot.test.autoconfigure.web.client.MockRestServiceServerResetTestExecutionListener, org.springframework.boot.test.autoconfigure.web.servlet.MockMvcPrintOnlyOnFailureTestExecutionListener, org.springframework.boot.test.autoconfigure.web.servlet.WebDriverTestExecutionListener, org.springframework.boot.test.autoconfigure.webservices.client.MockWebServiceServerTestExecutionListener, org.springframework.boot.test.mock.mockito.MockitoTestExecutionListener, org.springframework.boot.test.mock.mockito.ResetMocksTestExecutionListener, org.springframework.test.context.web.ServletTestExecutionListener, org.springframework.test.context.support.DirtiesContextBeforeModesTestExecutionListener, org.springframework.test.context.event.ApplicationEventsTestExecutionListener, org.springframework.test.context.support.DependencyInjectionTestExecutionListener, org.springframework.test.context.support.DirtiesContextTestExecutionListener, org.springframework.test.context.transaction.TransactionalTestExecutionListener, org.springframework.test.context.jdbc.SqlScriptsTestExecutionListener, org.springframework.test.context.event.EventPublishingTestExecutionListener]
2022-06-26 23:14:37.600  INFO 31728 --- [    Test worker] .b.t.a.w.s.WebMvcTestContextBootstrapper : Using TestExecutionListeners: [org.springframework.test.context.web.ServletTestExecutionListener@6f760360, org.springframework.test.context.support.DirtiesContextBeforeModesTestExecutionListener@2687f5d6, org.springframework.test.context.event.ApplicationEventsTestExecutionListener@71c17e17, org.springframework.boot.test.mock.mockito.MockitoTestExecutionListener@3882a09a, org.springframework.boot.test.autoconfigure.SpringBootDependencyInjectionTestExecutionListener@67b0c9e9, org.springframework.test.context.support.DirtiesContextTestExecutionListener@7e80a98c, org.springframework.test.context.transaction.TransactionalTestExecutionListener@4cb518d, org.springframework.test.context.jdbc.SqlScriptsTestExecutionListener@2960a7fe, org.springframework.test.context.event.EventPublishingTestExecutionListener@487edcba, org.springframework.boot.test.autoconfigure.restdocs.RestDocsTestExecutionListener@33c9c0f0, org.springframework.boot.test.autoconfigure.web.client.MockRestServiceServerResetTestExecutionListener@6dd0a83d, org.springframework.boot.test.autoconfigure.web.servlet.MockMvcPrintOnlyOnFailureTestExecutionListener@41a3bd2e, org.springframework.boot.test.autoconfigure.web.servlet.WebDriverTestExecutionListener@7f0632ac, org.springframework.boot.test.autoconfigure.webservices.client.MockWebServiceServerTestExecutionListener@235a3fc, org.springframework.boot.test.mock.mockito.ResetMocksTestExecutionListener@6acc72c7]

  .   ____          _            __ _ _
 /\\ / ___'_ __ _ _(_)_ __  __ _ \ \ \ \
( ( )\___ | '_ | '_| | '_ \/ _` | \ \ \ \
 \\/  ___)| |_)| | | | | || (_| |  ) ) ) )
  '  |____| .__|_| |_|_| |_\__, | / / / /
 =========|_|==============|___/=/_/_/_/
 :: Spring Boot ::                (v2.6.7)

2022-06-26 23:14:37.646  INFO 31728 --- [    Test worker] c.c.planta.ComandoPlantaControladorTest  : Starting ComandoPlantaControladorTest using Java 17.0.2 on RODRIGO-MONTERO with PID 31728 (started by rodrigo.montero in D:\Adn\java-arquitectura-hexagonal\microservicio\infraestructura)
2022-06-26 23:14:37.646  INFO 31728 --- [    Test worker] c.c.planta.ComandoPlantaControladorTest  : No active profile set, falling back to 1 default profile: "default"
2022-06-26 23:14:37.779  INFO 31728 --- [    Test worker] com.zaxxer.hikari.HikariDataSource       : pool - Starting...
2022-06-26 23:14:37.783  INFO 31728 --- [    Test worker] com.zaxxer.hikari.HikariDataSource       : pool - Start completed.
2022-06-26 23:14:37.885  INFO 31728 --- [    Test worker] o.s.j.d.e.EmbeddedDatabaseFactory        : Starting embedded database: url='jdbc:h2:mem:testdb;DB_CLOSE_DELAY=-1;DB_CLOSE_ON_EXIT=false', username='sa'
2022-06-26 23:14:37.890  INFO 31728 --- [    Test worker] o.f.c.i.database.base.DatabaseType       : Database: jdbc:h2:mem:testdb (H2 1.4)
2022-06-26 23:14:37.894  INFO 31728 --- [    Test worker] o.f.core.internal.command.DbValidate     : Successfully validated 2 migrations (execution time 00:00.002s)
2022-06-26 23:14:37.896  INFO 31728 --- [    Test worker] o.f.c.i.s.JdbcTableSchemaHistory         : Creating Schema History table "PUBLIC"."flyway_schema_history" ...
2022-06-26 23:14:37.901  INFO 31728 --- [    Test worker] o.f.core.internal.command.DbMigrate      : Current version of schema "PUBLIC": << Empty Schema >>
2022-06-26 23:14:37.904  INFO 31728 --- [    Test worker] o.f.core.internal.command.DbMigrate      : Migrating schema "PUBLIC" to version 1.0 - schema
2022-06-26 23:14:37.915  INFO 31728 --- [    Test worker] o.f.core.internal.command.DbMigrate      : Migrating schema "PUBLIC" to version 1.1 - data
2022-06-26 23:14:37.923  INFO 31728 --- [    Test worker] o.f.core.internal.command.DbMigrate      : Successfully applied 2 migrations to schema "PUBLIC" (execution time 00:00.024s)
2022-06-26 23:14:38.248  INFO 31728 --- [    Test worker] o.s.b.t.m.w.SpringBootMockServletContext : Initializing Spring TestDispatcherServlet ''
2022-06-26 23:14:38.249  INFO 31728 --- [    Test worker] o.s.t.web.servlet.TestDispatcherServlet  : Initializing Servlet ''
2022-06-26 23:14:38.249  INFO 31728 --- [    Test worker] o.s.t.web.servlet.TestDispatcherServlet  : Completed initialization in 0 ms
2022-06-26 23:14:38.260  INFO 31728 --- [    Test worker] c.c.planta.ComandoPlantaControladorTest  : Started ComandoPlantaControladorTest in 0.653 seconds (JVM running for 12.832)
]]></system-out>
  <system-err><![CDATA[]]></system-err>
</testsuite>
