<?xml version="1.0" encoding="UTF-8"?>
<testsuite name="com.ceiba.empleado.ConsultaEmpleadoControladorTest" tests="1" skipped="0" failures="0" errors="0" timestamp="2022-06-26T22:33:19" hostname="RODRIGO-MONTERO" time="0.269">
  <properties/>
  <testcase name="consultarEmpleados()" classname="com.ceiba.empleado.ConsultaEmpleadoControladorTest" time="0.269"/>
  <system-out><![CDATA[2022-06-26 17:33:19.141  INFO 35304 --- [    Test worker] o.s.t.c.support.AbstractContextLoader    : Could not detect default resource locations for test class [com.ceiba.empleado.ConsultaEmpleadoControladorTest]: no resource found for suffixes {-context.xml, Context.groovy}.
2022-06-26 17:33:19.160  INFO 35304 --- [    Test worker] .b.t.a.w.s.WebMvcTestContextBootstrapper : Loaded default TestExecutionListener class names from location [META-INF/spring.factories]: [org.springframework.boot.test.autoconfigure.restdocs.RestDocsTestExecutionListener, org.springframework.boot.test.autoconfigure.web.client.MockRestServiceServerResetTestExecutionListener, org.springframework.boot.test.autoconfigure.web.servlet.MockMvcPrintOnlyOnFailureTestExecutionListener, org.springframework.boot.test.autoconfigure.web.servlet.WebDriverTestExecutionListener, org.springframework.boot.test.autoconfigure.webservices.client.MockWebServiceServerTestExecutionListener, org.springframework.boot.test.mock.mockito.MockitoTestExecutionListener, org.springframework.boot.test.mock.mockito.ResetMocksTestExecutionListener, org.springframework.test.context.web.ServletTestExecutionListener, org.springframework.test.context.support.DirtiesContextBeforeModesTestExecutionListener, org.springframework.test.context.event.ApplicationEventsTestExecutionListener, org.springframework.test.context.support.DependencyInjectionTestExecutionListener, org.springframework.test.context.support.DirtiesContextTestExecutionListener, org.springframework.test.context.transaction.TransactionalTestExecutionListener, org.springframework.test.context.jdbc.SqlScriptsTestExecutionListener, org.springframework.test.context.event.EventPublishingTestExecutionListener]
2022-06-26 17:33:19.162  INFO 35304 --- [    Test worker] .b.t.a.w.s.WebMvcTestContextBootstrapper : Using TestExecutionListeners: [org.springframework.test.context.web.ServletTestExecutionListener@31b1a4e0, org.springframework.test.context.support.DirtiesContextBeforeModesTestExecutionListener@2478f64c, org.springframework.test.context.event.ApplicationEventsTestExecutionListener@2bbf85e2, org.springframework.boot.test.mock.mockito.MockitoTestExecutionListener@5af2f934, org.springframework.boot.test.autoconfigure.SpringBootDependencyInjectionTestExecutionListener@66d8d02e, org.springframework.test.context.support.DirtiesContextTestExecutionListener@571802f, org.springframework.test.context.transaction.TransactionalTestExecutionListener@523685f6, org.springframework.test.context.jdbc.SqlScriptsTestExecutionListener@1f40fddd, org.springframework.test.context.event.EventPublishingTestExecutionListener@3fb917bb, org.springframework.boot.test.autoconfigure.restdocs.RestDocsTestExecutionListener@3640989b, org.springframework.boot.test.autoconfigure.web.client.MockRestServiceServerResetTestExecutionListener@503fa290, org.springframework.boot.test.autoconfigure.web.servlet.MockMvcPrintOnlyOnFailureTestExecutionListener@4809035f, org.springframework.boot.test.autoconfigure.web.servlet.WebDriverTestExecutionListener@3ffac12a, org.springframework.boot.test.autoconfigure.webservices.client.MockWebServiceServerTestExecutionListener@dcc120e, org.springframework.boot.test.mock.mockito.ResetMocksTestExecutionListener@20ca1a05]

  .   ____          _            __ _ _
 /\\ / ___'_ __ _ _(_)_ __  __ _ \ \ \ \
( ( )\___ | '_ | '_| | '_ \/ _` | \ \ \ \
 \\/  ___)| |_)| | | | | || (_| |  ) ) ) )
  '  |____| .__|_| |_|_| |_\__, | / / / /
 =========|_|==============|___/=/_/_/_/
 :: Spring Boot ::                (v2.6.7)

2022-06-26 17:33:19.192  INFO 35304 --- [    Test worker] c.c.e.ConsultaEmpleadoControladorTest    : Starting ConsultaEmpleadoControladorTest using Java 17.0.2 on RODRIGO-MONTERO with PID 35304 (started by rodrigo.montero in D:\Adn\java-arquitectura-hexagonal\microservicio\infraestructura)
2022-06-26 17:33:19.192  INFO 35304 --- [    Test worker] c.c.e.ConsultaEmpleadoControladorTest    : No active profile set, falling back to 1 default profile: "default"
2022-06-26 17:33:19.314  INFO 35304 --- [    Test worker] com.zaxxer.hikari.HikariDataSource       : pool - Starting...
2022-06-26 17:33:19.316  INFO 35304 --- [    Test worker] com.zaxxer.hikari.HikariDataSource       : pool - Start completed.
2022-06-26 17:33:19.439  INFO 35304 --- [    Test worker] o.s.j.d.e.EmbeddedDatabaseFactory        : Starting embedded database: url='jdbc:h2:mem:testdb;DB_CLOSE_DELAY=-1;DB_CLOSE_ON_EXIT=false', username='sa'
2022-06-26 17:33:19.443  INFO 35304 --- [    Test worker] o.f.c.i.database.base.DatabaseType       : Database: jdbc:h2:mem:testdb (H2 1.4)
2022-06-26 17:33:19.448  INFO 35304 --- [    Test worker] o.f.core.internal.command.DbValidate     : Successfully validated 2 migrations (execution time 00:00.002s)
2022-06-26 17:33:19.452  INFO 35304 --- [    Test worker] o.f.c.i.s.JdbcTableSchemaHistory         : Creating Schema History table "PUBLIC"."flyway_schema_history" ...
2022-06-26 17:33:19.458  INFO 35304 --- [    Test worker] o.f.core.internal.command.DbMigrate      : Current version of schema "PUBLIC": << Empty Schema >>
2022-06-26 17:33:19.462  INFO 35304 --- [    Test worker] o.f.core.internal.command.DbMigrate      : Migrating schema "PUBLIC" to version 1.0 - schema
2022-06-26 17:33:19.480  INFO 35304 --- [    Test worker] o.f.core.internal.command.DbMigrate      : Migrating schema "PUBLIC" to version 1.1 - data
2022-06-26 17:33:19.493  INFO 35304 --- [    Test worker] o.f.core.internal.command.DbMigrate      : Successfully applied 2 migrations to schema "PUBLIC" (execution time 00:00.036s)
2022-06-26 17:33:19.827  INFO 35304 --- [    Test worker] o.s.b.t.m.w.SpringBootMockServletContext : Initializing Spring TestDispatcherServlet ''
2022-06-26 17:33:19.827  INFO 35304 --- [    Test worker] o.s.t.web.servlet.TestDispatcherServlet  : Initializing Servlet ''
2022-06-26 17:33:19.828  INFO 35304 --- [    Test worker] o.s.t.web.servlet.TestDispatcherServlet  : Completed initialization in 0 ms
2022-06-26 17:33:19.838  INFO 35304 --- [    Test worker] c.c.e.ConsultaEmpleadoControladorTest    : Started ConsultaEmpleadoControladorTest in 0.672 seconds (JVM running for 9.244)
2022-06-26 17:33:19.904  INFO 35304 --- [    Test worker] o.s.j.d.e.EmbeddedDatabaseFactory        : Shutting down embedded database: url='jdbc:h2:mem:testdb;DB_CLOSE_DELAY=-1;DB_CLOSE_ON_EXIT=false'
2022-06-26 17:33:20.108  INFO 35304 --- [    Test worker] com.zaxxer.hikari.HikariDataSource       : pool - Shutdown initiated...
2022-06-26 17:33:20.109  INFO 35304 --- [    Test worker] com.zaxxer.hikari.HikariDataSource       : pool - Shutdown completed.
]]></system-out>
  <system-err><![CDATA[]]></system-err>
</testsuite>
