<?xml version="1.0" encoding="UTF-8"?>
<testsuite name="com.ceiba.cliente.ComandoClienteControladorTest" tests="2" skipped="0" failures="0" errors="0" timestamp="2022-07-26T20:30:38" hostname="RODRIGO-MONTERO" time="1.097">
  <properties/>
  <testcase name="eliminar()" classname="com.ceiba.cliente.ComandoClienteControladorTest" time="0.218"/>
  <testcase name="crearClienteExitoso()" classname="com.ceiba.cliente.ComandoClienteControladorTest" time="0.235"/>
  <system-out><![CDATA[2022-07-26 15:30:38.311  INFO 24088 --- [    Test worker] o.s.t.c.support.AbstractContextLoader    : Could not detect default resource locations for test class [com.ceiba.cliente.ComandoClienteControladorTest]: no resource found for suffixes {-context.xml, Context.groovy}.
2022-07-26 15:30:38.314  INFO 24088 --- [    Test worker] .b.t.a.w.s.WebMvcTestContextBootstrapper : Loaded default TestExecutionListener class names from location [META-INF/spring.factories]: [org.springframework.boot.test.autoconfigure.restdocs.RestDocsTestExecutionListener, org.springframework.boot.test.autoconfigure.web.client.MockRestServiceServerResetTestExecutionListener, org.springframework.boot.test.autoconfigure.web.servlet.MockMvcPrintOnlyOnFailureTestExecutionListener, org.springframework.boot.test.autoconfigure.web.servlet.WebDriverTestExecutionListener, org.springframework.boot.test.autoconfigure.webservices.client.MockWebServiceServerTestExecutionListener, org.springframework.boot.test.mock.mockito.MockitoTestExecutionListener, org.springframework.boot.test.mock.mockito.ResetMocksTestExecutionListener, org.springframework.test.context.web.ServletTestExecutionListener, org.springframework.test.context.support.DirtiesContextBeforeModesTestExecutionListener, org.springframework.test.context.event.ApplicationEventsTestExecutionListener, org.springframework.test.context.support.DependencyInjectionTestExecutionListener, org.springframework.test.context.support.DirtiesContextTestExecutionListener, org.springframework.test.context.transaction.TransactionalTestExecutionListener, org.springframework.test.context.jdbc.SqlScriptsTestExecutionListener, org.springframework.test.context.event.EventPublishingTestExecutionListener]
2022-07-26 15:30:38.314  INFO 24088 --- [    Test worker] .b.t.a.w.s.WebMvcTestContextBootstrapper : Using TestExecutionListeners: [org.springframework.test.context.web.ServletTestExecutionListener@5938041b, org.springframework.test.context.support.DirtiesContextBeforeModesTestExecutionListener@10b648c0, org.springframework.test.context.event.ApplicationEventsTestExecutionListener@9d2723e, org.springframework.boot.test.mock.mockito.MockitoTestExecutionListener@68817cd7, org.springframework.boot.test.autoconfigure.SpringBootDependencyInjectionTestExecutionListener@7180b500, org.springframework.test.context.support.DirtiesContextTestExecutionListener@535203b8, org.springframework.test.context.transaction.TransactionalTestExecutionListener@490bc86e, org.springframework.test.context.jdbc.SqlScriptsTestExecutionListener@2a0f625c, org.springframework.test.context.event.EventPublishingTestExecutionListener@5e53faa8, org.springframework.boot.test.autoconfigure.restdocs.RestDocsTestExecutionListener@1ddf7d19, org.springframework.boot.test.autoconfigure.web.client.MockRestServiceServerResetTestExecutionListener@a809e74, org.springframework.boot.test.autoconfigure.web.servlet.MockMvcPrintOnlyOnFailureTestExecutionListener@5bcc10fa, org.springframework.boot.test.autoconfigure.web.servlet.WebDriverTestExecutionListener@1a8b3791, org.springframework.boot.test.autoconfigure.webservices.client.MockWebServiceServerTestExecutionListener@7cdab66c, org.springframework.boot.test.mock.mockito.ResetMocksTestExecutionListener@7227f4bd]

  .   ____          _            __ _ _
 /\\ / ___'_ __ _ _(_)_ __  __ _ \ \ \ \
( ( )\___ | '_ | '_| | '_ \/ _` | \ \ \ \
 \\/  ___)| |_)| | | | | || (_| |  ) ) ) )
  '  |____| .__|_| |_|_| |_\__, | / / / /
 =========|_|==============|___/=/_/_/_/
 :: Spring Boot ::                (v2.6.7)

2022-07-26 15:30:38.340  INFO 24088 --- [    Test worker] c.c.c.ComandoClienteControladorTest      : Starting ComandoClienteControladorTest using Java 17.0.3 on RODRIGO-MONTERO with PID 24088 (started by rodrigo.montero in D:\Adn\java-arquitectura-hexagonal\microservicio\infraestructura)
2022-07-26 15:30:38.340  INFO 24088 --- [    Test worker] c.c.c.ComandoClienteControladorTest      : No active profile set, falling back to 1 default profile: "default"
2022-07-26 15:30:38.458  INFO 24088 --- [    Test worker] com.zaxxer.hikari.HikariDataSource       : pool - Starting...
2022-07-26 15:30:38.460  INFO 24088 --- [    Test worker] com.zaxxer.hikari.HikariDataSource       : pool - Start completed.
2022-07-26 15:30:38.570  INFO 24088 --- [    Test worker] o.s.j.d.e.EmbeddedDatabaseFactory        : Starting embedded database: url='jdbc:h2:mem:testdb;DB_CLOSE_DELAY=-1;DB_CLOSE_ON_EXIT=false', username='sa'
2022-07-26 15:30:38.576  INFO 24088 --- [    Test worker] o.f.c.i.database.base.DatabaseType       : Database: jdbc:h2:mem:testdb (H2 1.4)
2022-07-26 15:30:38.580  INFO 24088 --- [    Test worker] o.f.core.internal.command.DbValidate     : Successfully validated 2 migrations (execution time 00:00.002s)
2022-07-26 15:30:38.583  INFO 24088 --- [    Test worker] o.f.c.i.s.JdbcTableSchemaHistory         : Creating Schema History table "PUBLIC"."flyway_schema_history" ...
2022-07-26 15:30:38.589  INFO 24088 --- [    Test worker] o.f.core.internal.command.DbMigrate      : Current version of schema "PUBLIC": << Empty Schema >>
2022-07-26 15:30:38.592  INFO 24088 --- [    Test worker] o.f.core.internal.command.DbMigrate      : Migrating schema "PUBLIC" to version 1.0 - schema
2022-07-26 15:30:38.608  INFO 24088 --- [    Test worker] o.f.core.internal.command.DbMigrate      : Migrating schema "PUBLIC" to version 1.1 - data
2022-07-26 15:30:38.619  INFO 24088 --- [    Test worker] o.f.core.internal.command.DbMigrate      : Successfully applied 2 migrations to schema "PUBLIC" (execution time 00:00.031s)
2022-07-26 15:30:38.952  INFO 24088 --- [    Test worker] o.s.b.t.m.w.SpringBootMockServletContext : Initializing Spring TestDispatcherServlet ''
2022-07-26 15:30:38.953  INFO 24088 --- [    Test worker] o.s.t.web.servlet.TestDispatcherServlet  : Initializing Servlet ''
2022-07-26 15:30:38.953  INFO 24088 --- [    Test worker] o.s.t.web.servlet.TestDispatcherServlet  : Completed initialization in 0 ms
2022-07-26 15:30:38.963  INFO 24088 --- [    Test worker] c.c.c.ComandoClienteControladorTest      : Started ComandoClienteControladorTest in 0.645 seconds (JVM running for 9.232)
2022-07-26 15:30:38.974  INFO 24088 --- [    Test worker] o.s.j.d.e.EmbeddedDatabaseFactory        : Shutting down embedded database: url='jdbc:h2:mem:testdb;DB_CLOSE_DELAY=-1;DB_CLOSE_ON_EXIT=false'
2022-07-26 15:30:39.180  INFO 24088 --- [    Test worker] com.zaxxer.hikari.HikariDataSource       : pool - Shutdown initiated...
2022-07-26 15:30:39.182  INFO 24088 --- [    Test worker] com.zaxxer.hikari.HikariDataSource       : pool - Shutdown completed.

  .   ____          _            __ _ _
 /\\ / ___'_ __ _ _(_)_ __  __ _ \ \ \ \
( ( )\___ | '_ | '_| | '_ \/ _` | \ \ \ \
 \\/  ___)| |_)| | | | | || (_| |  ) ) ) )
  '  |____| .__|_| |_|_| |_\__, | / / / /
 =========|_|==============|___/=/_/_/_/
 :: Spring Boot ::                (v2.6.7)

2022-07-26 15:30:39.225  INFO 24088 --- [    Test worker] c.c.c.ComandoClienteControladorTest      : Starting ComandoClienteControladorTest using Java 17.0.3 on RODRIGO-MONTERO with PID 24088 (started by rodrigo.montero in D:\Adn\java-arquitectura-hexagonal\microservicio\infraestructura)
2022-07-26 15:30:39.225  INFO 24088 --- [    Test worker] c.c.c.ComandoClienteControladorTest      : No active profile set, falling back to 1 default profile: "default"
2022-07-26 15:30:39.343  INFO 24088 --- [    Test worker] com.zaxxer.hikari.HikariDataSource       : pool - Starting...
2022-07-26 15:30:39.345  INFO 24088 --- [    Test worker] com.zaxxer.hikari.HikariDataSource       : pool - Start completed.
2022-07-26 15:30:39.451  INFO 24088 --- [    Test worker] o.s.j.d.e.EmbeddedDatabaseFactory        : Starting embedded database: url='jdbc:h2:mem:testdb;DB_CLOSE_DELAY=-1;DB_CLOSE_ON_EXIT=false', username='sa'
2022-07-26 15:30:39.457  INFO 24088 --- [    Test worker] o.f.c.i.database.base.DatabaseType       : Database: jdbc:h2:mem:testdb (H2 1.4)
2022-07-26 15:30:39.462  INFO 24088 --- [    Test worker] o.f.core.internal.command.DbValidate     : Successfully validated 2 migrations (execution time 00:00.002s)
2022-07-26 15:30:39.465  INFO 24088 --- [    Test worker] o.f.c.i.s.JdbcTableSchemaHistory         : Creating Schema History table "PUBLIC"."flyway_schema_history" ...
2022-07-26 15:30:39.472  INFO 24088 --- [    Test worker] o.f.core.internal.command.DbMigrate      : Current version of schema "PUBLIC": << Empty Schema >>
2022-07-26 15:30:39.474  INFO 24088 --- [    Test worker] o.f.core.internal.command.DbMigrate      : Migrating schema "PUBLIC" to version 1.0 - schema
2022-07-26 15:30:39.489  INFO 24088 --- [    Test worker] o.f.core.internal.command.DbMigrate      : Migrating schema "PUBLIC" to version 1.1 - data
2022-07-26 15:30:39.499  INFO 24088 --- [    Test worker] o.f.core.internal.command.DbMigrate      : Successfully applied 2 migrations to schema "PUBLIC" (execution time 00:00.029s)
2022-07-26 15:30:39.815  INFO 24088 --- [    Test worker] o.s.b.t.m.w.SpringBootMockServletContext : Initializing Spring TestDispatcherServlet ''
2022-07-26 15:30:39.815  INFO 24088 --- [    Test worker] o.s.t.web.servlet.TestDispatcherServlet  : Initializing Servlet ''
2022-07-26 15:30:39.815  INFO 24088 --- [    Test worker] o.s.t.web.servlet.TestDispatcherServlet  : Completed initialization in 0 ms
2022-07-26 15:30:39.824  INFO 24088 --- [    Test worker] c.c.c.ComandoClienteControladorTest      : Started ComandoClienteControladorTest in 0.637 seconds (JVM running for 10.093)
2022-07-26 15:30:39.845  INFO 24088 --- [    Test worker] o.s.j.d.e.EmbeddedDatabaseFactory        : Shutting down embedded database: url='jdbc:h2:mem:testdb;DB_CLOSE_DELAY=-1;DB_CLOSE_ON_EXIT=false'
2022-07-26 15:30:40.050  INFO 24088 --- [    Test worker] com.zaxxer.hikari.HikariDataSource       : pool - Shutdown initiated...
2022-07-26 15:30:40.062  INFO 24088 --- [    Test worker] com.zaxxer.hikari.HikariDataSource       : pool - Shutdown completed.
]]></system-out>
  <system-err><![CDATA[]]></system-err>
</testsuite>
