<?xml version="1.0" encoding="UTF-8"?>
<testsuite name="com.ceiba.planta.ComandoPlantaControladorTest" tests="3" skipped="0" failures="0" errors="0" timestamp="2022-07-26T20:30:46" hostname="RODRIGO-MONTERO" time="0.023">
  <properties/>
  <testcase name="existe()" classname="com.ceiba.planta.ComandoPlantaControladorTest" time="0.006"/>
  <testcase name="crear()" classname="com.ceiba.planta.ComandoPlantaControladorTest" time="0.01"/>
  <testcase name="eliminar()" classname="com.ceiba.planta.ComandoPlantaControladorTest" time="0.005"/>
  <system-out><![CDATA[2022-07-26 15:30:45.778  INFO 24088 --- [    Test worker] o.s.t.c.support.AbstractContextLoader    : Could not detect default resource locations for test class [com.ceiba.planta.ComandoPlantaControladorTest]: no resource found for suffixes {-context.xml, Context.groovy}.
2022-07-26 15:30:45.780  INFO 24088 --- [    Test worker] .b.t.a.w.s.WebMvcTestContextBootstrapper : Loaded default TestExecutionListener class names from location [META-INF/spring.factories]: [org.springframework.boot.test.autoconfigure.restdocs.RestDocsTestExecutionListener, org.springframework.boot.test.autoconfigure.web.client.MockRestServiceServerResetTestExecutionListener, org.springframework.boot.test.autoconfigure.web.servlet.MockMvcPrintOnlyOnFailureTestExecutionListener, org.springframework.boot.test.autoconfigure.web.servlet.WebDriverTestExecutionListener, org.springframework.boot.test.autoconfigure.webservices.client.MockWebServiceServerTestExecutionListener, org.springframework.boot.test.mock.mockito.MockitoTestExecutionListener, org.springframework.boot.test.mock.mockito.ResetMocksTestExecutionListener, org.springframework.test.context.web.ServletTestExecutionListener, org.springframework.test.context.support.DirtiesContextBeforeModesTestExecutionListener, org.springframework.test.context.event.ApplicationEventsTestExecutionListener, org.springframework.test.context.support.DependencyInjectionTestExecutionListener, org.springframework.test.context.support.DirtiesContextTestExecutionListener, org.springframework.test.context.transaction.TransactionalTestExecutionListener, org.springframework.test.context.jdbc.SqlScriptsTestExecutionListener, org.springframework.test.context.event.EventPublishingTestExecutionListener]
2022-07-26 15:30:45.780  INFO 24088 --- [    Test worker] .b.t.a.w.s.WebMvcTestContextBootstrapper : Using TestExecutionListeners: [org.springframework.test.context.web.ServletTestExecutionListener@3ceb2d1c, org.springframework.test.context.support.DirtiesContextBeforeModesTestExecutionListener@4789e2bc, org.springframework.test.context.event.ApplicationEventsTestExecutionListener@5cc57bc0, org.springframework.boot.test.mock.mockito.MockitoTestExecutionListener@6d907337, org.springframework.boot.test.autoconfigure.SpringBootDependencyInjectionTestExecutionListener@8762054, org.springframework.test.context.support.DirtiesContextTestExecutionListener@62afe4, org.springframework.test.context.transaction.TransactionalTestExecutionListener@770ecf53, org.springframework.test.context.jdbc.SqlScriptsTestExecutionListener@1969034e, org.springframework.test.context.event.EventPublishingTestExecutionListener@2024f4b7, org.springframework.boot.test.autoconfigure.restdocs.RestDocsTestExecutionListener@352c62d8, org.springframework.boot.test.autoconfigure.web.client.MockRestServiceServerResetTestExecutionListener@34594779, org.springframework.boot.test.autoconfigure.web.servlet.MockMvcPrintOnlyOnFailureTestExecutionListener@657b41cf, org.springframework.boot.test.autoconfigure.web.servlet.WebDriverTestExecutionListener@62fd809b, org.springframework.boot.test.autoconfigure.webservices.client.MockWebServiceServerTestExecutionListener@349114be, org.springframework.boot.test.mock.mockito.ResetMocksTestExecutionListener@4a0dffda]

  .   ____          _            __ _ _
 /\\ / ___'_ __ _ _(_)_ __  __ _ \ \ \ \
( ( )\___ | '_ | '_| | '_ \/ _` | \ \ \ \
 \\/  ___)| |_)| | | | | || (_| |  ) ) ) )
  '  |____| .__|_| |_|_| |_\__, | / / / /
 =========|_|==============|___/=/_/_/_/
 :: Spring Boot ::                (v2.6.7)

2022-07-26 15:30:45.795  INFO 24088 --- [    Test worker] c.c.planta.ComandoPlantaControladorTest  : Starting ComandoPlantaControladorTest using Java 17.0.3 on RODRIGO-MONTERO with PID 24088 (started by rodrigo.montero in D:\Adn\java-arquitectura-hexagonal\microservicio\infraestructura)
2022-07-26 15:30:45.796  INFO 24088 --- [    Test worker] c.c.planta.ComandoPlantaControladorTest  : No active profile set, falling back to 1 default profile: "default"
2022-07-26 15:30:45.888  INFO 24088 --- [    Test worker] com.zaxxer.hikari.HikariDataSource       : pool - Starting...
2022-07-26 15:30:45.889  INFO 24088 --- [    Test worker] com.zaxxer.hikari.HikariDataSource       : pool - Start completed.
2022-07-26 15:30:45.971  INFO 24088 --- [    Test worker] o.s.j.d.e.EmbeddedDatabaseFactory        : Starting embedded database: url='jdbc:h2:mem:testdb;DB_CLOSE_DELAY=-1;DB_CLOSE_ON_EXIT=false', username='sa'
2022-07-26 15:30:45.974  INFO 24088 --- [    Test worker] o.f.c.i.database.base.DatabaseType       : Database: jdbc:h2:mem:testdb (H2 1.4)
2022-07-26 15:30:45.978  INFO 24088 --- [    Test worker] o.f.core.internal.command.DbValidate     : Successfully validated 2 migrations (execution time 00:00.001s)
2022-07-26 15:30:45.980  INFO 24088 --- [    Test worker] o.f.c.i.s.JdbcTableSchemaHistory         : Creating Schema History table "PUBLIC"."flyway_schema_history" ...
2022-07-26 15:30:45.986  INFO 24088 --- [    Test worker] o.f.core.internal.command.DbMigrate      : Current version of schema "PUBLIC": << Empty Schema >>
2022-07-26 15:30:45.988  INFO 24088 --- [    Test worker] o.f.core.internal.command.DbMigrate      : Migrating schema "PUBLIC" to version 1.0 - schema
2022-07-26 15:30:45.999  INFO 24088 --- [    Test worker] o.f.core.internal.command.DbMigrate      : Migrating schema "PUBLIC" to version 1.1 - data
2022-07-26 15:30:46.006  INFO 24088 --- [    Test worker] o.f.core.internal.command.DbMigrate      : Successfully applied 2 migrations to schema "PUBLIC" (execution time 00:00.022s)
2022-07-26 15:30:46.317  INFO 24088 --- [    Test worker] o.s.b.t.m.w.SpringBootMockServletContext : Initializing Spring TestDispatcherServlet ''
2022-07-26 15:30:46.317  INFO 24088 --- [    Test worker] o.s.t.web.servlet.TestDispatcherServlet  : Initializing Servlet ''
2022-07-26 15:30:46.318  INFO 24088 --- [    Test worker] o.s.t.web.servlet.TestDispatcherServlet  : Completed initialization in 1 ms
2022-07-26 15:30:46.326  INFO 24088 --- [    Test worker] c.c.planta.ComandoPlantaControladorTest  : Started ComandoPlantaControladorTest in 0.543 seconds (JVM running for 16.594)
]]></system-out>
  <system-err><![CDATA[]]></system-err>
</testsuite>
