<?xml version="1.0" encoding="UTF-8"?>
<testsuite name="com.ceiba.planta.ComandoPlantaControladorTest" tests="3" skipped="0" failures="0" errors="0" timestamp="2022-06-29T01:51:15" hostname="RODRIGO-MONTERO" time="0.032">
  <properties/>
  <testcase name="existe()" classname="com.ceiba.planta.ComandoPlantaControladorTest" time="0.008"/>
  <testcase name="crear()" classname="com.ceiba.planta.ComandoPlantaControladorTest" time="0.015"/>
  <testcase name="eliminar()" classname="com.ceiba.planta.ComandoPlantaControladorTest" time="0.008"/>
  <system-out><![CDATA[2022-06-28 20:51:14.807  INFO 7548 --- [    Test worker] o.s.t.c.support.AbstractContextLoader    : Could not detect default resource locations for test class [com.ceiba.planta.ComandoPlantaControladorTest]: no resource found for suffixes {-context.xml, Context.groovy}.
2022-06-28 20:51:14.809  INFO 7548 --- [    Test worker] .b.t.a.w.s.WebMvcTestContextBootstrapper : Loaded default TestExecutionListener class names from location [META-INF/spring.factories]: [org.springframework.boot.test.autoconfigure.restdocs.RestDocsTestExecutionListener, org.springframework.boot.test.autoconfigure.web.client.MockRestServiceServerResetTestExecutionListener, org.springframework.boot.test.autoconfigure.web.servlet.MockMvcPrintOnlyOnFailureTestExecutionListener, org.springframework.boot.test.autoconfigure.web.servlet.WebDriverTestExecutionListener, org.springframework.boot.test.autoconfigure.webservices.client.MockWebServiceServerTestExecutionListener, org.springframework.boot.test.mock.mockito.MockitoTestExecutionListener, org.springframework.boot.test.mock.mockito.ResetMocksTestExecutionListener, org.springframework.test.context.web.ServletTestExecutionListener, org.springframework.test.context.support.DirtiesContextBeforeModesTestExecutionListener, org.springframework.test.context.event.ApplicationEventsTestExecutionListener, org.springframework.test.context.support.DependencyInjectionTestExecutionListener, org.springframework.test.context.support.DirtiesContextTestExecutionListener, org.springframework.test.context.transaction.TransactionalTestExecutionListener, org.springframework.test.context.jdbc.SqlScriptsTestExecutionListener, org.springframework.test.context.event.EventPublishingTestExecutionListener]
2022-06-28 20:51:14.809  INFO 7548 --- [    Test worker] .b.t.a.w.s.WebMvcTestContextBootstrapper : Using TestExecutionListeners: [org.springframework.test.context.web.ServletTestExecutionListener@798d656d, org.springframework.test.context.support.DirtiesContextBeforeModesTestExecutionListener@28d6d970, org.springframework.test.context.event.ApplicationEventsTestExecutionListener@35f2b220, org.springframework.boot.test.mock.mockito.MockitoTestExecutionListener@3b582a37, org.springframework.boot.test.autoconfigure.SpringBootDependencyInjectionTestExecutionListener@296c863c, org.springframework.test.context.support.DirtiesContextTestExecutionListener@37efd738, org.springframework.test.context.transaction.TransactionalTestExecutionListener@17ac0057, org.springframework.test.context.jdbc.SqlScriptsTestExecutionListener@6d5f9907, org.springframework.test.context.event.EventPublishingTestExecutionListener@20cfbff6, org.springframework.boot.test.autoconfigure.restdocs.RestDocsTestExecutionListener@69d0fac0, org.springframework.boot.test.autoconfigure.web.client.MockRestServiceServerResetTestExecutionListener@1e09e115, org.springframework.boot.test.autoconfigure.web.servlet.MockMvcPrintOnlyOnFailureTestExecutionListener@f8fd472, org.springframework.boot.test.autoconfigure.web.servlet.WebDriverTestExecutionListener@52e2ea7a, org.springframework.boot.test.autoconfigure.webservices.client.MockWebServiceServerTestExecutionListener@3c0a1c1c, org.springframework.boot.test.mock.mockito.ResetMocksTestExecutionListener@6d5a43c1]

  .   ____          _            __ _ _
 /\\ / ___'_ __ _ _(_)_ __  __ _ \ \ \ \
( ( )\___ | '_ | '_| | '_ \/ _` | \ \ \ \
 \\/  ___)| |_)| | | | | || (_| |  ) ) ) )
  '  |____| .__|_| |_|_| |_\__, | / / / /
 =========|_|==============|___/=/_/_/_/
 :: Spring Boot ::                (v2.6.7)

2022-06-28 20:51:14.836  INFO 7548 --- [    Test worker] c.c.planta.ComandoPlantaControladorTest  : Starting ComandoPlantaControladorTest using Java 17.0.2 on RODRIGO-MONTERO with PID 7548 (started by rodrigo.montero in D:\Adn\java-arquitectura-hexagonal\microservicio\infraestructura)
2022-06-28 20:51:14.836  INFO 7548 --- [    Test worker] c.c.planta.ComandoPlantaControladorTest  : No active profile set, falling back to 1 default profile: "default"
2022-06-28 20:51:14.985  INFO 7548 --- [    Test worker] com.zaxxer.hikari.HikariDataSource       : pool - Starting...
2022-06-28 20:51:14.986  INFO 7548 --- [    Test worker] com.zaxxer.hikari.HikariDataSource       : pool - Start completed.
2022-06-28 20:51:15.124  INFO 7548 --- [    Test worker] o.s.j.d.e.EmbeddedDatabaseFactory        : Starting embedded database: url='jdbc:h2:mem:testdb;DB_CLOSE_DELAY=-1;DB_CLOSE_ON_EXIT=false', username='sa'
2022-06-28 20:51:15.128  INFO 7548 --- [    Test worker] o.f.c.i.database.base.DatabaseType       : Database: jdbc:h2:mem:testdb (H2 1.4)
2022-06-28 20:51:15.133  INFO 7548 --- [    Test worker] o.f.core.internal.command.DbValidate     : Successfully validated 2 migrations (execution time 00:00.002s)
2022-06-28 20:51:15.136  INFO 7548 --- [    Test worker] o.f.c.i.s.JdbcTableSchemaHistory         : Creating Schema History table "PUBLIC"."flyway_schema_history" ...
2022-06-28 20:51:15.143  INFO 7548 --- [    Test worker] o.f.core.internal.command.DbMigrate      : Current version of schema "PUBLIC": << Empty Schema >>
2022-06-28 20:51:15.145  INFO 7548 --- [    Test worker] o.f.core.internal.command.DbMigrate      : Migrating schema "PUBLIC" to version 1.0 - schema
2022-06-28 20:51:15.159  INFO 7548 --- [    Test worker] o.f.core.internal.command.DbMigrate      : Migrating schema "PUBLIC" to version 1.1 - data
2022-06-28 20:51:15.171  INFO 7548 --- [    Test worker] o.f.core.internal.command.DbMigrate      : Successfully applied 2 migrations to schema "PUBLIC" (execution time 00:00.029s)
2022-06-28 20:51:15.632  INFO 7548 --- [    Test worker] o.s.b.t.m.w.SpringBootMockServletContext : Initializing Spring TestDispatcherServlet ''
2022-06-28 20:51:15.632  INFO 7548 --- [    Test worker] o.s.t.web.servlet.TestDispatcherServlet  : Initializing Servlet ''
2022-06-28 20:51:15.634  INFO 7548 --- [    Test worker] o.s.t.web.servlet.TestDispatcherServlet  : Completed initialization in 2 ms
2022-06-28 20:51:15.645  INFO 7548 --- [    Test worker] c.c.planta.ComandoPlantaControladorTest  : Started ComandoPlantaControladorTest in 0.832 seconds (JVM running for 25.634)
]]></system-out>
  <system-err><![CDATA[]]></system-err>
</testsuite>
