<?xml version="1.0" encoding="UTF-8"?>
<testsuite name="com.ceiba.empleado.ConsultaEmpleadoControladorTest" tests="1" skipped="0" failures="0" errors="0" timestamp="2022-07-07T21:03:35" hostname="RODRIGO-MONTERO" time="0.223">
  <properties/>
  <testcase name="consultarEmpleados()" classname="com.ceiba.empleado.ConsultaEmpleadoControladorTest" time="0.223"/>
  <system-out><![CDATA[2022-07-07 16:03:34.886  INFO 19808 --- [    Test worker] o.s.t.c.support.AbstractContextLoader    : Could not detect default resource locations for test class [com.ceiba.empleado.ConsultaEmpleadoControladorTest]: no resource found for suffixes {-context.xml, Context.groovy}.
2022-07-07 16:03:34.889  INFO 19808 --- [    Test worker] .b.t.a.w.s.WebMvcTestContextBootstrapper : Loaded default TestExecutionListener class names from location [META-INF/spring.factories]: [org.springframework.boot.test.autoconfigure.restdocs.RestDocsTestExecutionListener, org.springframework.boot.test.autoconfigure.web.client.MockRestServiceServerResetTestExecutionListener, org.springframework.boot.test.autoconfigure.web.servlet.MockMvcPrintOnlyOnFailureTestExecutionListener, org.springframework.boot.test.autoconfigure.web.servlet.WebDriverTestExecutionListener, org.springframework.boot.test.autoconfigure.webservices.client.MockWebServiceServerTestExecutionListener, org.springframework.boot.test.mock.mockito.MockitoTestExecutionListener, org.springframework.boot.test.mock.mockito.ResetMocksTestExecutionListener, org.springframework.test.context.web.ServletTestExecutionListener, org.springframework.test.context.support.DirtiesContextBeforeModesTestExecutionListener, org.springframework.test.context.event.ApplicationEventsTestExecutionListener, org.springframework.test.context.support.DependencyInjectionTestExecutionListener, org.springframework.test.context.support.DirtiesContextTestExecutionListener, org.springframework.test.context.transaction.TransactionalTestExecutionListener, org.springframework.test.context.jdbc.SqlScriptsTestExecutionListener, org.springframework.test.context.event.EventPublishingTestExecutionListener]
2022-07-07 16:03:34.889  INFO 19808 --- [    Test worker] .b.t.a.w.s.WebMvcTestContextBootstrapper : Using TestExecutionListeners: [org.springframework.test.context.web.ServletTestExecutionListener@2b661463, org.springframework.test.context.support.DirtiesContextBeforeModesTestExecutionListener@108aaf1f, org.springframework.test.context.event.ApplicationEventsTestExecutionListener@3cdd54be, org.springframework.boot.test.mock.mockito.MockitoTestExecutionListener@11d7d941, org.springframework.boot.test.autoconfigure.SpringBootDependencyInjectionTestExecutionListener@a891214, org.springframework.test.context.support.DirtiesContextTestExecutionListener@4f3ea60d, org.springframework.test.context.transaction.TransactionalTestExecutionListener@191063f0, org.springframework.test.context.jdbc.SqlScriptsTestExecutionListener@36a2bc42, org.springframework.test.context.event.EventPublishingTestExecutionListener@74791130, org.springframework.boot.test.autoconfigure.restdocs.RestDocsTestExecutionListener@4e4dcf7c, org.springframework.boot.test.autoconfigure.web.client.MockRestServiceServerResetTestExecutionListener@54583aa6, org.springframework.boot.test.autoconfigure.web.servlet.MockMvcPrintOnlyOnFailureTestExecutionListener@773bccc3, org.springframework.boot.test.autoconfigure.web.servlet.WebDriverTestExecutionListener@4bf7b385, org.springframework.boot.test.autoconfigure.webservices.client.MockWebServiceServerTestExecutionListener@6b61b3a8, org.springframework.boot.test.mock.mockito.ResetMocksTestExecutionListener@7ef93968]

  .   ____          _            __ _ _
 /\\ / ___'_ __ _ _(_)_ __  __ _ \ \ \ \
( ( )\___ | '_ | '_| | '_ \/ _` | \ \ \ \
 \\/  ___)| |_)| | | | | || (_| |  ) ) ) )
  '  |____| .__|_| |_|_| |_\__, | / / / /
 =========|_|==============|___/=/_/_/_/
 :: Spring Boot ::                (v2.6.7)

2022-07-07 16:03:34.921  INFO 19808 --- [    Test worker] c.c.e.ConsultaEmpleadoControladorTest    : Starting ConsultaEmpleadoControladorTest using Java 17.0.3 on RODRIGO-MONTERO with PID 19808 (started by rodrigo.montero in D:\Adn\java-arquitectura-hexagonal\microservicio\infraestructura)
2022-07-07 16:03:34.921  INFO 19808 --- [    Test worker] c.c.e.ConsultaEmpleadoControladorTest    : No active profile set, falling back to 1 default profile: "default"
2022-07-07 16:03:35.053  INFO 19808 --- [    Test worker] com.zaxxer.hikari.HikariDataSource       : pool - Starting...
2022-07-07 16:03:35.055  INFO 19808 --- [    Test worker] com.zaxxer.hikari.HikariDataSource       : pool - Start completed.
2022-07-07 16:03:35.171  INFO 19808 --- [    Test worker] o.s.j.d.e.EmbeddedDatabaseFactory        : Starting embedded database: url='jdbc:h2:mem:testdb;DB_CLOSE_DELAY=-1;DB_CLOSE_ON_EXIT=false', username='sa'
2022-07-07 16:03:35.177  INFO 19808 --- [    Test worker] o.f.c.i.database.base.DatabaseType       : Database: jdbc:h2:mem:testdb (H2 1.4)
2022-07-07 16:03:35.182  INFO 19808 --- [    Test worker] o.f.core.internal.command.DbValidate     : Successfully validated 2 migrations (execution time 00:00.002s)
2022-07-07 16:03:35.185  INFO 19808 --- [    Test worker] o.f.c.i.s.JdbcTableSchemaHistory         : Creating Schema History table "PUBLIC"."flyway_schema_history" ...
2022-07-07 16:03:35.191  INFO 19808 --- [    Test worker] o.f.core.internal.command.DbMigrate      : Current version of schema "PUBLIC": << Empty Schema >>
2022-07-07 16:03:35.193  INFO 19808 --- [    Test worker] o.f.core.internal.command.DbMigrate      : Migrating schema "PUBLIC" to version 1.0 - schema
2022-07-07 16:03:35.207  INFO 19808 --- [    Test worker] o.f.core.internal.command.DbMigrate      : Migrating schema "PUBLIC" to version 1.1 - data
2022-07-07 16:03:35.219  INFO 19808 --- [    Test worker] o.f.core.internal.command.DbMigrate      : Successfully applied 2 migrations to schema "PUBLIC" (execution time 00:00.029s)
2022-07-07 16:03:35.587  INFO 19808 --- [    Test worker] o.s.b.t.m.w.SpringBootMockServletContext : Initializing Spring TestDispatcherServlet ''
2022-07-07 16:03:35.587  INFO 19808 --- [    Test worker] o.s.t.web.servlet.TestDispatcherServlet  : Initializing Servlet ''
2022-07-07 16:03:35.588  INFO 19808 --- [    Test worker] o.s.t.web.servlet.TestDispatcherServlet  : Completed initialization in 0 ms
2022-07-07 16:03:35.598  INFO 19808 --- [    Test worker] c.c.e.ConsultaEmpleadoControladorTest    : Started ConsultaEmpleadoControladorTest in 0.706 seconds (JVM running for 13.258)
2022-07-07 16:03:35.609  INFO 19808 --- [    Test worker] o.s.j.d.e.EmbeddedDatabaseFactory        : Shutting down embedded database: url='jdbc:h2:mem:testdb;DB_CLOSE_DELAY=-1;DB_CLOSE_ON_EXIT=false'
2022-07-07 16:03:35.822  INFO 19808 --- [    Test worker] com.zaxxer.hikari.HikariDataSource       : pool - Shutdown initiated...
2022-07-07 16:03:35.824  INFO 19808 --- [    Test worker] com.zaxxer.hikari.HikariDataSource       : pool - Shutdown completed.
]]></system-out>
  <system-err><![CDATA[]]></system-err>
</testsuite>
