<?xml version="1.0" encoding="UTF-8"?>
<testsuite name="com.ceiba.empleado.ConsultaEmpleadoControladorTest" tests="1" skipped="0" failures="0" errors="0" timestamp="2022-07-28T15:44:37" hostname="RODRIGO-MONTERO" time="0.215">
  <properties/>
  <testcase name="consultarEmpleados()" classname="com.ceiba.empleado.ConsultaEmpleadoControladorTest" time="0.215"/>
  <system-out><![CDATA[2022-07-28 10:44:36.805  INFO 10764 --- [    Test worker] o.s.t.c.support.AbstractContextLoader    : Could not detect default resource locations for test class [com.ceiba.empleado.ConsultaEmpleadoControladorTest]: no resource found for suffixes {-context.xml, Context.groovy}.
2022-07-28 10:44:36.806  INFO 10764 --- [    Test worker] .b.t.a.w.s.WebMvcTestContextBootstrapper : Loaded default TestExecutionListener class names from location [META-INF/spring.factories]: [org.springframework.boot.test.autoconfigure.restdocs.RestDocsTestExecutionListener, org.springframework.boot.test.autoconfigure.web.client.MockRestServiceServerResetTestExecutionListener, org.springframework.boot.test.autoconfigure.web.servlet.MockMvcPrintOnlyOnFailureTestExecutionListener, org.springframework.boot.test.autoconfigure.web.servlet.WebDriverTestExecutionListener, org.springframework.boot.test.autoconfigure.webservices.client.MockWebServiceServerTestExecutionListener, org.springframework.boot.test.mock.mockito.MockitoTestExecutionListener, org.springframework.boot.test.mock.mockito.ResetMocksTestExecutionListener, org.springframework.test.context.web.ServletTestExecutionListener, org.springframework.test.context.support.DirtiesContextBeforeModesTestExecutionListener, org.springframework.test.context.event.ApplicationEventsTestExecutionListener, org.springframework.test.context.support.DependencyInjectionTestExecutionListener, org.springframework.test.context.support.DirtiesContextTestExecutionListener, org.springframework.test.context.transaction.TransactionalTestExecutionListener, org.springframework.test.context.jdbc.SqlScriptsTestExecutionListener, org.springframework.test.context.event.EventPublishingTestExecutionListener]
2022-07-28 10:44:36.807  INFO 10764 --- [    Test worker] .b.t.a.w.s.WebMvcTestContextBootstrapper : Using TestExecutionListeners: [org.springframework.test.context.web.ServletTestExecutionListener@649cae23, org.springframework.test.context.support.DirtiesContextBeforeModesTestExecutionListener@32101098, org.springframework.test.context.event.ApplicationEventsTestExecutionListener@22360505, org.springframework.boot.test.mock.mockito.MockitoTestExecutionListener@d0e05e8, org.springframework.boot.test.autoconfigure.SpringBootDependencyInjectionTestExecutionListener@c624fdc, org.springframework.test.context.support.DirtiesContextTestExecutionListener@3ec40a18, org.springframework.test.context.transaction.TransactionalTestExecutionListener@2cc83ee8, org.springframework.test.context.jdbc.SqlScriptsTestExecutionListener@51145fdc, org.springframework.test.context.event.EventPublishingTestExecutionListener@4f16f68d, org.springframework.boot.test.autoconfigure.restdocs.RestDocsTestExecutionListener@519cb1bd, org.springframework.boot.test.autoconfigure.web.client.MockRestServiceServerResetTestExecutionListener@3cceea18, org.springframework.boot.test.autoconfigure.web.servlet.MockMvcPrintOnlyOnFailureTestExecutionListener@4f57a8e2, org.springframework.boot.test.autoconfigure.web.servlet.WebDriverTestExecutionListener@378d8d1b, org.springframework.boot.test.autoconfigure.webservices.client.MockWebServiceServerTestExecutionListener@3a8d30e, org.springframework.boot.test.mock.mockito.ResetMocksTestExecutionListener@48fd7749]

  .   ____          _            __ _ _
 /\\ / ___'_ __ _ _(_)_ __  __ _ \ \ \ \
( ( )\___ | '_ | '_| | '_ \/ _` | \ \ \ \
 \\/  ___)| |_)| | | | | || (_| |  ) ) ) )
  '  |____| .__|_| |_|_| |_\__, | / / / /
 =========|_|==============|___/=/_/_/_/
 :: Spring Boot ::                (v2.6.7)

2022-07-28 10:44:36.830  INFO 10764 --- [    Test worker] c.c.e.ConsultaEmpleadoControladorTest    : Starting ConsultaEmpleadoControladorTest using Java 17.0.3 on RODRIGO-MONTERO with PID 10764 (started by rodrigo.montero in D:\Adn\java-arquitectura-hexagonal\microservicio\infraestructura)
2022-07-28 10:44:36.830  INFO 10764 --- [    Test worker] c.c.e.ConsultaEmpleadoControladorTest    : No active profile set, falling back to 1 default profile: "default"
2022-07-28 10:44:36.934  INFO 10764 --- [    Test worker] com.zaxxer.hikari.HikariDataSource       : pool - Starting...
2022-07-28 10:44:36.938  INFO 10764 --- [    Test worker] com.zaxxer.hikari.HikariDataSource       : pool - Start completed.
2022-07-28 10:44:37.048  INFO 10764 --- [    Test worker] o.s.j.d.e.EmbeddedDatabaseFactory        : Starting embedded database: url='jdbc:h2:mem:testdb;DB_CLOSE_DELAY=-1;DB_CLOSE_ON_EXIT=false', username='sa'
2022-07-28 10:44:37.054  INFO 10764 --- [    Test worker] o.f.c.i.database.base.DatabaseType       : Database: jdbc:h2:mem:testdb (H2 1.4)
2022-07-28 10:44:37.058  INFO 10764 --- [    Test worker] o.f.core.internal.command.DbValidate     : Successfully validated 2 migrations (execution time 00:00.002s)
2022-07-28 10:44:37.060  INFO 10764 --- [    Test worker] o.f.c.i.s.JdbcTableSchemaHistory         : Creating Schema History table "PUBLIC"."flyway_schema_history" ...
2022-07-28 10:44:37.068  INFO 10764 --- [    Test worker] o.f.core.internal.command.DbMigrate      : Current version of schema "PUBLIC": << Empty Schema >>
2022-07-28 10:44:37.070  INFO 10764 --- [    Test worker] o.f.core.internal.command.DbMigrate      : Migrating schema "PUBLIC" to version 1.0 - schema
2022-07-28 10:44:37.085  INFO 10764 --- [    Test worker] o.f.core.internal.command.DbMigrate      : Migrating schema "PUBLIC" to version 1.1 - data
2022-07-28 10:44:37.093  INFO 10764 --- [    Test worker] o.f.core.internal.command.DbMigrate      : Successfully applied 2 migrations to schema "PUBLIC" (execution time 00:00.026s)
2022-07-28 10:44:37.409  INFO 10764 --- [    Test worker] o.s.b.t.m.w.SpringBootMockServletContext : Initializing Spring TestDispatcherServlet ''
2022-07-28 10:44:37.409  INFO 10764 --- [    Test worker] o.s.t.web.servlet.TestDispatcherServlet  : Initializing Servlet ''
2022-07-28 10:44:37.409  INFO 10764 --- [    Test worker] o.s.t.web.servlet.TestDispatcherServlet  : Completed initialization in 0 ms
2022-07-28 10:44:37.420  INFO 10764 --- [    Test worker] c.c.e.ConsultaEmpleadoControladorTest    : Started ConsultaEmpleadoControladorTest in 0.611 seconds (JVM running for 11.613)
2022-07-28 10:44:37.430  INFO 10764 --- [    Test worker] o.s.j.d.e.EmbeddedDatabaseFactory        : Shutting down embedded database: url='jdbc:h2:mem:testdb;DB_CLOSE_DELAY=-1;DB_CLOSE_ON_EXIT=false'
2022-07-28 10:44:37.636  INFO 10764 --- [    Test worker] com.zaxxer.hikari.HikariDataSource       : pool - Shutdown initiated...
2022-07-28 10:44:37.637  INFO 10764 --- [    Test worker] com.zaxxer.hikari.HikariDataSource       : pool - Shutdown completed.
]]></system-out>
  <system-err><![CDATA[]]></system-err>
</testsuite>
