<?xml version="1.0" encoding="UTF-8"?>
<testsuite name="com.ceiba.Proveedor.ConsultaControladorProveedorTest" tests="2" skipped="0" failures="0" errors="0" timestamp="2022-07-27T10:20:32" hostname="RODRIGO-MONTERO" time="1.254">
  <properties/>
  <testcase name="consultarProveedores()" classname="com.ceiba.Proveedor.ConsultaControladorProveedorTest" time="0.285"/>
  <testcase name="consultarUnProveedor()" classname="com.ceiba.Proveedor.ConsultaControladorProveedorTest" time="0.217"/>
  <system-out><![CDATA[2022-07-27 05:20:31.184  INFO 17252 --- [    Test worker] o.s.t.c.support.AbstractContextLoader    : Could not detect default resource locations for test class [com.ceiba.Proveedor.ConsultaControladorProveedorTest]: no resource found for suffixes {-context.xml, Context.groovy}.
2022-07-27 05:20:31.187  INFO 17252 --- [    Test worker] .b.t.a.w.s.WebMvcTestContextBootstrapper : Loaded default TestExecutionListener class names from location [META-INF/spring.factories]: [org.springframework.boot.test.autoconfigure.restdocs.RestDocsTestExecutionListener, org.springframework.boot.test.autoconfigure.web.client.MockRestServiceServerResetTestExecutionListener, org.springframework.boot.test.autoconfigure.web.servlet.MockMvcPrintOnlyOnFailureTestExecutionListener, org.springframework.boot.test.autoconfigure.web.servlet.WebDriverTestExecutionListener, org.springframework.boot.test.autoconfigure.webservices.client.MockWebServiceServerTestExecutionListener, org.springframework.boot.test.mock.mockito.MockitoTestExecutionListener, org.springframework.boot.test.mock.mockito.ResetMocksTestExecutionListener, org.springframework.test.context.web.ServletTestExecutionListener, org.springframework.test.context.support.DirtiesContextBeforeModesTestExecutionListener, org.springframework.test.context.event.ApplicationEventsTestExecutionListener, org.springframework.test.context.support.DependencyInjectionTestExecutionListener, org.springframework.test.context.support.DirtiesContextTestExecutionListener, org.springframework.test.context.transaction.TransactionalTestExecutionListener, org.springframework.test.context.jdbc.SqlScriptsTestExecutionListener, org.springframework.test.context.event.EventPublishingTestExecutionListener]
2022-07-27 05:20:31.187  INFO 17252 --- [    Test worker] .b.t.a.w.s.WebMvcTestContextBootstrapper : Using TestExecutionListeners: [org.springframework.test.context.web.ServletTestExecutionListener@6b423394, org.springframework.test.context.support.DirtiesContextBeforeModesTestExecutionListener@6d84d371, org.springframework.test.context.event.ApplicationEventsTestExecutionListener@543fb2cd, org.springframework.boot.test.mock.mockito.MockitoTestExecutionListener@66bc8107, org.springframework.boot.test.autoconfigure.SpringBootDependencyInjectionTestExecutionListener@1c18d0d7, org.springframework.test.context.support.DirtiesContextTestExecutionListener@574c877e, org.springframework.test.context.transaction.TransactionalTestExecutionListener@7eccee80, org.springframework.test.context.jdbc.SqlScriptsTestExecutionListener@7c7afce7, org.springframework.test.context.event.EventPublishingTestExecutionListener@26be15d7, org.springframework.boot.test.autoconfigure.restdocs.RestDocsTestExecutionListener@157a0109, org.springframework.boot.test.autoconfigure.web.client.MockRestServiceServerResetTestExecutionListener@c5b55c8, org.springframework.boot.test.autoconfigure.web.servlet.MockMvcPrintOnlyOnFailureTestExecutionListener@27ed1d60, org.springframework.boot.test.autoconfigure.web.servlet.WebDriverTestExecutionListener@71abb4e7, org.springframework.boot.test.autoconfigure.webservices.client.MockWebServiceServerTestExecutionListener@341c9192, org.springframework.boot.test.mock.mockito.ResetMocksTestExecutionListener@62bf77cc]

  .   ____          _            __ _ _
 /\\ / ___'_ __ _ _(_)_ __  __ _ \ \ \ \
( ( )\___ | '_ | '_| | '_ \/ _` | \ \ \ \
 \\/  ___)| |_)| | | | | || (_| |  ) ) ) )
  '  |____| .__|_| |_|_| |_\__, | / / / /
 =========|_|==============|___/=/_/_/_/
 :: Spring Boot ::                (v2.6.7)

2022-07-27 05:20:31.220  INFO 17252 --- [    Test worker] c.c.P.ConsultaControladorProveedorTest   : Starting ConsultaControladorProveedorTest using Java 17.0.3 on RODRIGO-MONTERO with PID 17252 (started by rodrigo.montero in D:\Adn\java-arquitectura-hexagonal\microservicio\infraestructura)
2022-07-27 05:20:31.220  INFO 17252 --- [    Test worker] c.c.P.ConsultaControladorProveedorTest   : No active profile set, falling back to 1 default profile: "default"
2022-07-27 05:20:31.381  INFO 17252 --- [    Test worker] com.zaxxer.hikari.HikariDataSource       : pool - Starting...
2022-07-27 05:20:31.384  INFO 17252 --- [    Test worker] com.zaxxer.hikari.HikariDataSource       : pool - Start completed.
2022-07-27 05:20:31.521  INFO 17252 --- [    Test worker] o.s.j.d.e.EmbeddedDatabaseFactory        : Starting embedded database: url='jdbc:h2:mem:testdb;DB_CLOSE_DELAY=-1;DB_CLOSE_ON_EXIT=false', username='sa'
2022-07-27 05:20:31.527  INFO 17252 --- [    Test worker] o.f.c.i.database.base.DatabaseType       : Database: jdbc:h2:mem:testdb (H2 1.4)
2022-07-27 05:20:31.534  INFO 17252 --- [    Test worker] o.f.core.internal.command.DbValidate     : Successfully validated 2 migrations (execution time 00:00.004s)
2022-07-27 05:20:31.539  INFO 17252 --- [    Test worker] o.f.c.i.s.JdbcTableSchemaHistory         : Creating Schema History table "PUBLIC"."flyway_schema_history" ...
2022-07-27 05:20:31.551  INFO 17252 --- [    Test worker] o.f.core.internal.command.DbMigrate      : Current version of schema "PUBLIC": << Empty Schema >>
2022-07-27 05:20:31.555  INFO 17252 --- [    Test worker] o.f.core.internal.command.DbMigrate      : Migrating schema "PUBLIC" to version 1.0 - schema
2022-07-27 05:20:31.582  INFO 17252 --- [    Test worker] o.f.core.internal.command.DbMigrate      : Migrating schema "PUBLIC" to version 1.1 - data
2022-07-27 05:20:31.602  INFO 17252 --- [    Test worker] o.f.core.internal.command.DbMigrate      : Successfully applied 2 migrations to schema "PUBLIC" (execution time 00:00.055s)
2022-07-27 05:20:32.038  INFO 17252 --- [    Test worker] o.s.b.t.m.w.SpringBootMockServletContext : Initializing Spring TestDispatcherServlet ''
2022-07-27 05:20:32.038  INFO 17252 --- [    Test worker] o.s.t.web.servlet.TestDispatcherServlet  : Initializing Servlet ''
2022-07-27 05:20:32.039  INFO 17252 --- [    Test worker] o.s.t.web.servlet.TestDispatcherServlet  : Completed initialization in 1 ms
2022-07-27 05:20:32.051  INFO 17252 --- [    Test worker] c.c.P.ConsultaControladorProveedorTest   : Started ConsultaControladorProveedorTest in 0.861 seconds (JVM running for 7.256)
2022-07-27 05:20:32.121  INFO 17252 --- [    Test worker] o.s.j.d.e.EmbeddedDatabaseFactory        : Shutting down embedded database: url='jdbc:h2:mem:testdb;DB_CLOSE_DELAY=-1;DB_CLOSE_ON_EXIT=false'
2022-07-27 05:20:32.336  INFO 17252 --- [    Test worker] com.zaxxer.hikari.HikariDataSource       : pool - Shutdown initiated...
2022-07-27 05:20:32.338  INFO 17252 --- [    Test worker] com.zaxxer.hikari.HikariDataSource       : pool - Shutdown completed.

  .   ____          _            __ _ _
 /\\ / ___'_ __ _ _(_)_ __  __ _ \ \ \ \
( ( )\___ | '_ | '_| | '_ \/ _` | \ \ \ \
 \\/  ___)| |_)| | | | | || (_| |  ) ) ) )
  '  |____| .__|_| |_|_| |_\__, | / / / /
 =========|_|==============|___/=/_/_/_/
 :: Spring Boot ::                (v2.6.7)

2022-07-27 05:20:32.395  INFO 17252 --- [    Test worker] c.c.P.ConsultaControladorProveedorTest   : Starting ConsultaControladorProveedorTest using Java 17.0.3 on RODRIGO-MONTERO with PID 17252 (started by rodrigo.montero in D:\Adn\java-arquitectura-hexagonal\microservicio\infraestructura)
2022-07-27 05:20:32.395  INFO 17252 --- [    Test worker] c.c.P.ConsultaControladorProveedorTest   : No active profile set, falling back to 1 default profile: "default"
2022-07-27 05:20:32.524  INFO 17252 --- [    Test worker] com.zaxxer.hikari.HikariDataSource       : pool - Starting...
2022-07-27 05:20:32.527  INFO 17252 --- [    Test worker] com.zaxxer.hikari.HikariDataSource       : pool - Start completed.
2022-07-27 05:20:32.637  INFO 17252 --- [    Test worker] o.s.j.d.e.EmbeddedDatabaseFactory        : Starting embedded database: url='jdbc:h2:mem:testdb;DB_CLOSE_DELAY=-1;DB_CLOSE_ON_EXIT=false', username='sa'
2022-07-27 05:20:32.642  INFO 17252 --- [    Test worker] o.f.c.i.database.base.DatabaseType       : Database: jdbc:h2:mem:testdb (H2 1.4)
2022-07-27 05:20:32.648  INFO 17252 --- [    Test worker] o.f.core.internal.command.DbValidate     : Successfully validated 2 migrations (execution time 00:00.003s)
2022-07-27 05:20:32.652  INFO 17252 --- [    Test worker] o.f.c.i.s.JdbcTableSchemaHistory         : Creating Schema History table "PUBLIC"."flyway_schema_history" ...
2022-07-27 05:20:32.659  INFO 17252 --- [    Test worker] o.f.core.internal.command.DbMigrate      : Current version of schema "PUBLIC": << Empty Schema >>
2022-07-27 05:20:32.662  INFO 17252 --- [    Test worker] o.f.core.internal.command.DbMigrate      : Migrating schema "PUBLIC" to version 1.0 - schema
2022-07-27 05:20:32.682  INFO 17252 --- [    Test worker] o.f.core.internal.command.DbMigrate      : Migrating schema "PUBLIC" to version 1.1 - data
2022-07-27 05:20:32.696  INFO 17252 --- [    Test worker] o.f.core.internal.command.DbMigrate      : Successfully applied 2 migrations to schema "PUBLIC" (execution time 00:00.038s)
2022-07-27 05:20:33.078  INFO 17252 --- [    Test worker] o.s.b.t.m.w.SpringBootMockServletContext : Initializing Spring TestDispatcherServlet ''
2022-07-27 05:20:33.078  INFO 17252 --- [    Test worker] o.s.t.web.servlet.TestDispatcherServlet  : Initializing Servlet ''
2022-07-27 05:20:33.079  INFO 17252 --- [    Test worker] o.s.t.web.servlet.TestDispatcherServlet  : Completed initialization in 1 ms
2022-07-27 05:20:33.089  INFO 17252 --- [    Test worker] c.c.P.ConsultaControladorProveedorTest   : Started ConsultaControladorProveedorTest in 0.745 seconds (JVM running for 8.293)
2022-07-27 05:20:33.102  INFO 17252 --- [    Test worker] o.s.j.d.e.EmbeddedDatabaseFactory        : Shutting down embedded database: url='jdbc:h2:mem:testdb;DB_CLOSE_DELAY=-1;DB_CLOSE_ON_EXIT=false'
2022-07-27 05:20:33.305  INFO 17252 --- [    Test worker] com.zaxxer.hikari.HikariDataSource       : pool - Shutdown initiated...
2022-07-27 05:20:33.307  INFO 17252 --- [    Test worker] com.zaxxer.hikari.HikariDataSource       : pool - Shutdown completed.
]]></system-out>
  <system-err><![CDATA[]]></system-err>
</testsuite>
