<?xml version="1.0" encoding="UTF-8"?>
<testsuite name="com.ceiba.empleado.ComandoEmpleadoControladorTest" tests="1" skipped="0" failures="0" errors="0" timestamp="2022-06-27T17:41:08" hostname="RODRIGO-MONTERO" time="0.246">
  <properties/>
  <testcase name="crearEmpleadoExitoso()" classname="com.ceiba.empleado.ComandoEmpleadoControladorTest" time="0.246"/>
  <system-out><![CDATA[2022-06-27 12:41:07.632  INFO 35024 --- [    Test worker] o.s.t.c.support.AbstractContextLoader    : Could not detect default resource locations for test class [com.ceiba.empleado.ComandoEmpleadoControladorTest]: no resource found for suffixes {-context.xml, Context.groovy}.
2022-06-27 12:41:07.636  INFO 35024 --- [    Test worker] .b.t.a.w.s.WebMvcTestContextBootstrapper : Loaded default TestExecutionListener class names from location [META-INF/spring.factories]: [org.springframework.boot.test.autoconfigure.restdocs.RestDocsTestExecutionListener, org.springframework.boot.test.autoconfigure.web.client.MockRestServiceServerResetTestExecutionListener, org.springframework.boot.test.autoconfigure.web.servlet.MockMvcPrintOnlyOnFailureTestExecutionListener, org.springframework.boot.test.autoconfigure.web.servlet.WebDriverTestExecutionListener, org.springframework.boot.test.autoconfigure.webservices.client.MockWebServiceServerTestExecutionListener, org.springframework.boot.test.mock.mockito.MockitoTestExecutionListener, org.springframework.boot.test.mock.mockito.ResetMocksTestExecutionListener, org.springframework.test.context.web.ServletTestExecutionListener, org.springframework.test.context.support.DirtiesContextBeforeModesTestExecutionListener, org.springframework.test.context.event.ApplicationEventsTestExecutionListener, org.springframework.test.context.support.DependencyInjectionTestExecutionListener, org.springframework.test.context.support.DirtiesContextTestExecutionListener, org.springframework.test.context.transaction.TransactionalTestExecutionListener, org.springframework.test.context.jdbc.SqlScriptsTestExecutionListener, org.springframework.test.context.event.EventPublishingTestExecutionListener]
2022-06-27 12:41:07.636  INFO 35024 --- [    Test worker] .b.t.a.w.s.WebMvcTestContextBootstrapper : Using TestExecutionListeners: [org.springframework.test.context.web.ServletTestExecutionListener@6f889214, org.springframework.test.context.support.DirtiesContextBeforeModesTestExecutionListener@16013989, org.springframework.test.context.event.ApplicationEventsTestExecutionListener@56c7ec0a, org.springframework.boot.test.mock.mockito.MockitoTestExecutionListener@1f35f2e1, org.springframework.boot.test.autoconfigure.SpringBootDependencyInjectionTestExecutionListener@3486cb21, org.springframework.test.context.support.DirtiesContextTestExecutionListener@2b547149, org.springframework.test.context.transaction.TransactionalTestExecutionListener@429a6f95, org.springframework.test.context.jdbc.SqlScriptsTestExecutionListener@72083fdd, org.springframework.test.context.event.EventPublishingTestExecutionListener@70d52d7e, org.springframework.boot.test.autoconfigure.restdocs.RestDocsTestExecutionListener@7883c414, org.springframework.boot.test.autoconfigure.web.client.MockRestServiceServerResetTestExecutionListener@69f4fa56, org.springframework.boot.test.autoconfigure.web.servlet.MockMvcPrintOnlyOnFailureTestExecutionListener@5a31d662, org.springframework.boot.test.autoconfigure.web.servlet.WebDriverTestExecutionListener@356be87, org.springframework.boot.test.autoconfigure.webservices.client.MockWebServiceServerTestExecutionListener@6513699d, org.springframework.boot.test.mock.mockito.ResetMocksTestExecutionListener@2bfb0923]

  .   ____          _            __ _ _
 /\\ / ___'_ __ _ _(_)_ __  __ _ \ \ \ \
( ( )\___ | '_ | '_| | '_ \/ _` | \ \ \ \
 \\/  ___)| |_)| | | | | || (_| |  ) ) ) )
  '  |____| .__|_| |_|_| |_\__, | / / / /
 =========|_|==============|___/=/_/_/_/
 :: Spring Boot ::                (v2.6.7)

2022-06-27 12:41:07.673  INFO 35024 --- [    Test worker] c.c.e.ComandoEmpleadoControladorTest     : Starting ComandoEmpleadoControladorTest using Java 17.0.2 on RODRIGO-MONTERO with PID 35024 (started by rodrigo.montero in D:\Adn\java-arquitectura-hexagonal\microservicio\infraestructura)
2022-06-27 12:41:07.674  INFO 35024 --- [    Test worker] c.c.e.ComandoEmpleadoControladorTest     : No active profile set, falling back to 1 default profile: "default"
2022-06-27 12:41:07.881  INFO 35024 --- [    Test worker] com.zaxxer.hikari.HikariDataSource       : pool - Starting...
2022-06-27 12:41:07.883  INFO 35024 --- [    Test worker] com.zaxxer.hikari.HikariDataSource       : pool - Start completed.
2022-06-27 12:41:08.059  INFO 35024 --- [    Test worker] o.s.j.d.e.EmbeddedDatabaseFactory        : Starting embedded database: url='jdbc:h2:mem:testdb;DB_CLOSE_DELAY=-1;DB_CLOSE_ON_EXIT=false', username='sa'
2022-06-27 12:41:08.067  INFO 35024 --- [    Test worker] o.f.c.i.database.base.DatabaseType       : Database: jdbc:h2:mem:testdb (H2 1.4)
2022-06-27 12:41:08.077  INFO 35024 --- [    Test worker] o.f.core.internal.command.DbValidate     : Successfully validated 2 migrations (execution time 00:00.005s)
2022-06-27 12:41:08.083  INFO 35024 --- [    Test worker] o.f.c.i.s.JdbcTableSchemaHistory         : Creating Schema History table "PUBLIC"."flyway_schema_history" ...
2022-06-27 12:41:08.097  INFO 35024 --- [    Test worker] o.f.core.internal.command.DbMigrate      : Current version of schema "PUBLIC": << Empty Schema >>
2022-06-27 12:41:08.106  INFO 35024 --- [    Test worker] o.f.core.internal.command.DbMigrate      : Migrating schema "PUBLIC" to version 1.0 - schema
2022-06-27 12:41:08.137  INFO 35024 --- [    Test worker] o.f.core.internal.command.DbMigrate      : Migrating schema "PUBLIC" to version 1.1 - data
2022-06-27 12:41:08.159  INFO 35024 --- [    Test worker] o.f.core.internal.command.DbMigrate      : Successfully applied 2 migrations to schema "PUBLIC" (execution time 00:00.065s)
2022-06-27 12:41:08.768  INFO 35024 --- [    Test worker] o.s.b.t.m.w.SpringBootMockServletContext : Initializing Spring TestDispatcherServlet ''
2022-06-27 12:41:08.769  INFO 35024 --- [    Test worker] o.s.t.web.servlet.TestDispatcherServlet  : Initializing Servlet ''
2022-06-27 12:41:08.769  INFO 35024 --- [    Test worker] o.s.t.web.servlet.TestDispatcherServlet  : Completed initialization in 0 ms
2022-06-27 12:41:08.789  INFO 35024 --- [    Test worker] c.c.e.ComandoEmpleadoControladorTest     : Started ComandoEmpleadoControladorTest in 1.149 seconds (JVM running for 11.516)
2022-06-27 12:41:08.826  INFO 35024 --- [    Test worker] o.s.j.d.e.EmbeddedDatabaseFactory        : Shutting down embedded database: url='jdbc:h2:mem:testdb;DB_CLOSE_DELAY=-1;DB_CLOSE_ON_EXIT=false'
2022-06-27 12:41:09.036  INFO 35024 --- [    Test worker] com.zaxxer.hikari.HikariDataSource       : pool - Shutdown initiated...
2022-06-27 12:41:09.039  INFO 35024 --- [    Test worker] com.zaxxer.hikari.HikariDataSource       : pool - Shutdown completed.
]]></system-out>
  <system-err><![CDATA[]]></system-err>
</testsuite>
