<?xml version="1.0" encoding="UTF-8"?>
<testsuite name="com.ceiba.planta.ConsultaPlantaControladorTest" tests="2" skipped="0" failures="0" errors="0" timestamp="2022-06-29T03:19:26" hostname="RODRIGO-MONTERO" time="1.257">
  <properties/>
  <testcase name="consultarEmpleados()" classname="com.ceiba.planta.ConsultaPlantaControladorTest" time="0.227"/>
  <testcase name="consultarPlantaPorProveedor()" classname="com.ceiba.planta.ConsultaPlantaControladorTest" time="0.237"/>
  <system-out><![CDATA[2022-06-28 22:19:25.420  INFO 13328 --- [    Test worker] o.s.t.c.support.AbstractContextLoader    : Could not detect default resource locations for test class [com.ceiba.planta.ConsultaPlantaControladorTest]: no resource found for suffixes {-context.xml, Context.groovy}.
2022-06-28 22:19:25.420  INFO 13328 --- [    Test worker] .b.t.a.w.s.WebMvcTestContextBootstrapper : Loaded default TestExecutionListener class names from location [META-INF/spring.factories]: [org.springframework.boot.test.autoconfigure.restdocs.RestDocsTestExecutionListener, org.springframework.boot.test.autoconfigure.web.client.MockRestServiceServerResetTestExecutionListener, org.springframework.boot.test.autoconfigure.web.servlet.MockMvcPrintOnlyOnFailureTestExecutionListener, org.springframework.boot.test.autoconfigure.web.servlet.WebDriverTestExecutionListener, org.springframework.boot.test.autoconfigure.webservices.client.MockWebServiceServerTestExecutionListener, org.springframework.boot.test.mock.mockito.MockitoTestExecutionListener, org.springframework.boot.test.mock.mockito.ResetMocksTestExecutionListener, org.springframework.test.context.web.ServletTestExecutionListener, org.springframework.test.context.support.DirtiesContextBeforeModesTestExecutionListener, org.springframework.test.context.event.ApplicationEventsTestExecutionListener, org.springframework.test.context.support.DependencyInjectionTestExecutionListener, org.springframework.test.context.support.DirtiesContextTestExecutionListener, org.springframework.test.context.transaction.TransactionalTestExecutionListener, org.springframework.test.context.jdbc.SqlScriptsTestExecutionListener, org.springframework.test.context.event.EventPublishingTestExecutionListener]
2022-06-28 22:19:25.420  INFO 13328 --- [    Test worker] .b.t.a.w.s.WebMvcTestContextBootstrapper : Using TestExecutionListeners: [org.springframework.test.context.web.ServletTestExecutionListener@1b03b0c2, org.springframework.test.context.support.DirtiesContextBeforeModesTestExecutionListener@55e2c6ca, org.springframework.test.context.event.ApplicationEventsTestExecutionListener@66a44fa4, org.springframework.boot.test.mock.mockito.MockitoTestExecutionListener@6febc148, org.springframework.boot.test.autoconfigure.SpringBootDependencyInjectionTestExecutionListener@6968e9d7, org.springframework.test.context.support.DirtiesContextTestExecutionListener@2a7fa6a6, org.springframework.test.context.transaction.TransactionalTestExecutionListener@6e620522, org.springframework.test.context.jdbc.SqlScriptsTestExecutionListener@5fb26827, org.springframework.test.context.event.EventPublishingTestExecutionListener@71ba1457, org.springframework.boot.test.autoconfigure.restdocs.RestDocsTestExecutionListener@26a7c650, org.springframework.boot.test.autoconfigure.web.client.MockRestServiceServerResetTestExecutionListener@58929cb3, org.springframework.boot.test.autoconfigure.web.servlet.MockMvcPrintOnlyOnFailureTestExecutionListener@14ad34d6, org.springframework.boot.test.autoconfigure.web.servlet.WebDriverTestExecutionListener@351492b8, org.springframework.boot.test.autoconfigure.webservices.client.MockWebServiceServerTestExecutionListener@2d99470c, org.springframework.boot.test.mock.mockito.ResetMocksTestExecutionListener@61223108]

  .   ____          _            __ _ _
 /\\ / ___'_ __ _ _(_)_ __  __ _ \ \ \ \
( ( )\___ | '_ | '_| | '_ \/ _` | \ \ \ \
 \\/  ___)| |_)| | | | | || (_| |  ) ) ) )
  '  |____| .__|_| |_|_| |_\__, | / / / /
 =========|_|==============|___/=/_/_/_/
 :: Spring Boot ::                (v2.6.7)

2022-06-28 22:19:25.439  INFO 13328 --- [    Test worker] c.c.p.ConsultaPlantaControladorTest      : Starting ConsultaPlantaControladorTest using Java 17.0.2 on RODRIGO-MONTERO with PID 13328 (started by rodrigo.montero in D:\Adn\java-arquitectura-hexagonal\microservicio\infraestructura)
2022-06-28 22:19:25.439  INFO 13328 --- [    Test worker] c.c.p.ConsultaPlantaControladorTest      : No active profile set, falling back to 1 default profile: "default"
2022-06-28 22:19:25.597  INFO 13328 --- [    Test worker] com.zaxxer.hikari.HikariDataSource       : pool - Starting...
2022-06-28 22:19:25.598  INFO 13328 --- [    Test worker] com.zaxxer.hikari.HikariDataSource       : pool - Start completed.
2022-06-28 22:19:25.727  INFO 13328 --- [    Test worker] o.s.j.d.e.EmbeddedDatabaseFactory        : Starting embedded database: url='jdbc:h2:mem:testdb;DB_CLOSE_DELAY=-1;DB_CLOSE_ON_EXIT=false', username='sa'
2022-06-28 22:19:25.733  INFO 13328 --- [    Test worker] o.f.c.i.database.base.DatabaseType       : Database: jdbc:h2:mem:testdb (H2 1.4)
2022-06-28 22:19:25.740  INFO 13328 --- [    Test worker] o.f.core.internal.command.DbValidate     : Successfully validated 2 migrations (execution time 00:00.004s)
2022-06-28 22:19:25.744  INFO 13328 --- [    Test worker] o.f.core.internal.command.DbMigrate      : Current version of schema "PUBLIC": 1.1
2022-06-28 22:19:25.746  INFO 13328 --- [    Test worker] o.f.core.internal.command.DbMigrate      : Schema "PUBLIC" is up to date. No migration necessary.
2022-06-28 22:19:26.121  INFO 13328 --- [    Test worker] o.s.b.t.m.w.SpringBootMockServletContext : Initializing Spring TestDispatcherServlet ''
2022-06-28 22:19:26.121  INFO 13328 --- [    Test worker] o.s.t.web.servlet.TestDispatcherServlet  : Initializing Servlet ''
2022-06-28 22:19:26.121  INFO 13328 --- [    Test worker] o.s.t.web.servlet.TestDispatcherServlet  : Completed initialization in 0 ms
2022-06-28 22:19:26.131  INFO 13328 --- [    Test worker] c.c.p.ConsultaPlantaControladorTest      : Started ConsultaPlantaControladorTest in 0.704 seconds (JVM running for 21.682)
2022-06-28 22:19:26.146  INFO 13328 --- [    Test worker] o.s.j.d.e.EmbeddedDatabaseFactory        : Shutting down embedded database: url='jdbc:h2:mem:testdb;DB_CLOSE_DELAY=-1;DB_CLOSE_ON_EXIT=false'
2022-06-28 22:19:26.358  INFO 13328 --- [    Test worker] com.zaxxer.hikari.HikariDataSource       : pool - Shutdown initiated...
2022-06-28 22:19:26.359  INFO 13328 --- [    Test worker] com.zaxxer.hikari.HikariDataSource       : pool - Shutdown completed.

  .   ____          _            __ _ _
 /\\ / ___'_ __ _ _(_)_ __  __ _ \ \ \ \
( ( )\___ | '_ | '_| | '_ \/ _` | \ \ \ \
 \\/  ___)| |_)| | | | | || (_| |  ) ) ) )
  '  |____| .__|_| |_|_| |_\__, | / / / /
 =========|_|==============|___/=/_/_/_/
 :: Spring Boot ::                (v2.6.7)

2022-06-28 22:19:26.417  INFO 13328 --- [    Test worker] c.c.p.ConsultaPlantaControladorTest      : Starting ConsultaPlantaControladorTest using Java 17.0.2 on RODRIGO-MONTERO with PID 13328 (started by rodrigo.montero in D:\Adn\java-arquitectura-hexagonal\microservicio\infraestructura)
2022-06-28 22:19:26.417  INFO 13328 --- [    Test worker] c.c.p.ConsultaPlantaControladorTest      : No active profile set, falling back to 1 default profile: "default"
2022-06-28 22:19:26.615  INFO 13328 --- [    Test worker] com.zaxxer.hikari.HikariDataSource       : pool - Starting...
2022-06-28 22:19:26.616  INFO 13328 --- [    Test worker] com.zaxxer.hikari.HikariDataSource       : pool - Start completed.
2022-06-28 22:19:26.761  INFO 13328 --- [    Test worker] o.s.j.d.e.EmbeddedDatabaseFactory        : Starting embedded database: url='jdbc:h2:mem:testdb;DB_CLOSE_DELAY=-1;DB_CLOSE_ON_EXIT=false', username='sa'
2022-06-28 22:19:26.767  INFO 13328 --- [    Test worker] o.f.c.i.database.base.DatabaseType       : Database: jdbc:h2:mem:testdb (H2 1.4)
2022-06-28 22:19:26.772  INFO 13328 --- [    Test worker] o.f.core.internal.command.DbValidate     : Successfully validated 2 migrations (execution time 00:00.002s)
2022-06-28 22:19:26.775  INFO 13328 --- [    Test worker] o.f.c.i.s.JdbcTableSchemaHistory         : Creating Schema History table "PUBLIC"."flyway_schema_history" ...
2022-06-28 22:19:26.781  INFO 13328 --- [    Test worker] o.f.core.internal.command.DbMigrate      : Current version of schema "PUBLIC": << Empty Schema >>
2022-06-28 22:19:26.784  INFO 13328 --- [    Test worker] o.f.core.internal.command.DbMigrate      : Migrating schema "PUBLIC" to version 1.0 - schema
2022-06-28 22:19:26.797  INFO 13328 --- [    Test worker] o.f.core.internal.command.DbMigrate      : Migrating schema "PUBLIC" to version 1.1 - data
2022-06-28 22:19:26.808  INFO 13328 --- [    Test worker] o.f.core.internal.command.DbMigrate      : Successfully applied 2 migrations to schema "PUBLIC" (execution time 00:00.029s)
2022-06-28 22:19:27.135  INFO 13328 --- [    Test worker] o.s.b.t.m.w.SpringBootMockServletContext : Initializing Spring TestDispatcherServlet ''
2022-06-28 22:19:27.135  INFO 13328 --- [    Test worker] o.s.t.web.servlet.TestDispatcherServlet  : Initializing Servlet ''
2022-06-28 22:19:27.135  INFO 13328 --- [    Test worker] o.s.t.web.servlet.TestDispatcherServlet  : Completed initialization in 0 ms
2022-06-28 22:19:27.151  INFO 13328 --- [    Test worker] c.c.p.ConsultaPlantaControladorTest      : Started ConsultaPlantaControladorTest in 0.786 seconds (JVM running for 22.703)
2022-06-28 22:19:27.164  INFO 13328 --- [    Test worker] o.s.j.d.e.EmbeddedDatabaseFactory        : Shutting down embedded database: url='jdbc:h2:mem:testdb;DB_CLOSE_DELAY=-1;DB_CLOSE_ON_EXIT=false'
2022-06-28 22:19:27.377  INFO 13328 --- [    Test worker] com.zaxxer.hikari.HikariDataSource       : pool - Shutdown initiated...
2022-06-28 22:19:27.379  INFO 13328 --- [    Test worker] com.zaxxer.hikari.HikariDataSource       : pool - Shutdown completed.
]]></system-out>
  <system-err><![CDATA[]]></system-err>
</testsuite>
