<?xml version="1.0" encoding="UTF-8"?>
<testsuite name="com.ceiba.Proveedor.ConsultaControladorProveedorTest" tests="2" skipped="0" failures="0" errors="0" timestamp="2022-06-29T01:51:02" hostname="RODRIGO-MONTERO" time="1.711">
  <properties/>
  <testcase name="consultarProveedores()" classname="com.ceiba.Proveedor.ConsultaControladorProveedorTest" time="0.325"/>
  <testcase name="consultarUnProveedor()" classname="com.ceiba.Proveedor.ConsultaControladorProveedorTest" time="0.234"/>
  <system-out><![CDATA[2022-06-28 20:51:00.870  INFO 7548 --- [    Test worker] o.s.t.c.support.AbstractContextLoader    : Could not detect default resource locations for test class [com.ceiba.Proveedor.ConsultaControladorProveedorTest]: no resource found for suffixes {-context.xml, Context.groovy}.
2022-06-28 20:51:00.875  INFO 7548 --- [    Test worker] .b.t.a.w.s.WebMvcTestContextBootstrapper : Loaded default TestExecutionListener class names from location [META-INF/spring.factories]: [org.springframework.boot.test.autoconfigure.restdocs.RestDocsTestExecutionListener, org.springframework.boot.test.autoconfigure.web.client.MockRestServiceServerResetTestExecutionListener, org.springframework.boot.test.autoconfigure.web.servlet.MockMvcPrintOnlyOnFailureTestExecutionListener, org.springframework.boot.test.autoconfigure.web.servlet.WebDriverTestExecutionListener, org.springframework.boot.test.autoconfigure.webservices.client.MockWebServiceServerTestExecutionListener, org.springframework.boot.test.mock.mockito.MockitoTestExecutionListener, org.springframework.boot.test.mock.mockito.ResetMocksTestExecutionListener, org.springframework.test.context.web.ServletTestExecutionListener, org.springframework.test.context.support.DirtiesContextBeforeModesTestExecutionListener, org.springframework.test.context.event.ApplicationEventsTestExecutionListener, org.springframework.test.context.support.DependencyInjectionTestExecutionListener, org.springframework.test.context.support.DirtiesContextTestExecutionListener, org.springframework.test.context.transaction.TransactionalTestExecutionListener, org.springframework.test.context.jdbc.SqlScriptsTestExecutionListener, org.springframework.test.context.event.EventPublishingTestExecutionListener]
2022-06-28 20:51:00.876  INFO 7548 --- [    Test worker] .b.t.a.w.s.WebMvcTestContextBootstrapper : Using TestExecutionListeners: [org.springframework.test.context.web.ServletTestExecutionListener@5069b3c6, org.springframework.test.context.support.DirtiesContextBeforeModesTestExecutionListener@187f107, org.springframework.test.context.event.ApplicationEventsTestExecutionListener@56062720, org.springframework.boot.test.mock.mockito.MockitoTestExecutionListener@69f9ab8a, org.springframework.boot.test.autoconfigure.SpringBootDependencyInjectionTestExecutionListener@7493d2f0, org.springframework.test.context.support.DirtiesContextTestExecutionListener@4aa20aac, org.springframework.test.context.transaction.TransactionalTestExecutionListener@2dfa0bff, org.springframework.test.context.jdbc.SqlScriptsTestExecutionListener@9fb4031, org.springframework.test.context.event.EventPublishingTestExecutionListener@639517ac, org.springframework.boot.test.autoconfigure.restdocs.RestDocsTestExecutionListener@39b88618, org.springframework.boot.test.autoconfigure.web.client.MockRestServiceServerResetTestExecutionListener@4460c723, org.springframework.boot.test.autoconfigure.web.servlet.MockMvcPrintOnlyOnFailureTestExecutionListener@1749ed56, org.springframework.boot.test.autoconfigure.web.servlet.WebDriverTestExecutionListener@5caab064, org.springframework.boot.test.autoconfigure.webservices.client.MockWebServiceServerTestExecutionListener@215f65af, org.springframework.boot.test.mock.mockito.ResetMocksTestExecutionListener@63c4f778]

  .   ____          _            __ _ _
 /\\ / ___'_ __ _ _(_)_ __  __ _ \ \ \ \
( ( )\___ | '_ | '_| | '_ \/ _` | \ \ \ \
 \\/  ___)| |_)| | | | | || (_| |  ) ) ) )
  '  |____| .__|_| |_|_| |_\__, | / / / /
 =========|_|==============|___/=/_/_/_/
 :: Spring Boot ::                (v2.6.7)

2022-06-28 20:51:00.911  INFO 7548 --- [    Test worker] c.c.P.ConsultaControladorProveedorTest   : Starting ConsultaControladorProveedorTest using Java 17.0.2 on RODRIGO-MONTERO with PID 7548 (started by rodrigo.montero in D:\Adn\java-arquitectura-hexagonal\microservicio\infraestructura)
2022-06-28 20:51:00.912  INFO 7548 --- [    Test worker] c.c.P.ConsultaControladorProveedorTest   : No active profile set, falling back to 1 default profile: "default"
2022-06-28 20:51:01.136  INFO 7548 --- [    Test worker] com.zaxxer.hikari.HikariDataSource       : pool - Starting...
2022-06-28 20:51:01.140  INFO 7548 --- [    Test worker] com.zaxxer.hikari.HikariDataSource       : pool - Start completed.
2022-06-28 20:51:01.365  INFO 7548 --- [    Test worker] o.s.j.d.e.EmbeddedDatabaseFactory        : Starting embedded database: url='jdbc:h2:mem:testdb;DB_CLOSE_DELAY=-1;DB_CLOSE_ON_EXIT=false', username='sa'
2022-06-28 20:51:01.374  INFO 7548 --- [    Test worker] o.f.c.i.database.base.DatabaseType       : Database: jdbc:h2:mem:testdb (H2 1.4)
2022-06-28 20:51:01.388  INFO 7548 --- [    Test worker] o.f.core.internal.command.DbValidate     : Successfully validated 2 migrations (execution time 00:00.009s)
2022-06-28 20:51:01.396  INFO 7548 --- [    Test worker] o.f.c.i.s.JdbcTableSchemaHistory         : Creating Schema History table "PUBLIC"."flyway_schema_history" ...
2022-06-28 20:51:01.419  INFO 7548 --- [    Test worker] o.f.core.internal.command.DbMigrate      : Current version of schema "PUBLIC": << Empty Schema >>
2022-06-28 20:51:01.426  INFO 7548 --- [    Test worker] o.f.core.internal.command.DbMigrate      : Migrating schema "PUBLIC" to version 1.0 - schema
2022-06-28 20:51:01.474  INFO 7548 --- [    Test worker] o.f.core.internal.command.DbMigrate      : Migrating schema "PUBLIC" to version 1.1 - data
2022-06-28 20:51:01.512  INFO 7548 --- [    Test worker] o.f.core.internal.command.DbMigrate      : Successfully applied 2 migrations to schema "PUBLIC" (execution time 00:00.101s)
2022-06-28 20:51:02.176  INFO 7548 --- [    Test worker] o.s.b.t.m.w.SpringBootMockServletContext : Initializing Spring TestDispatcherServlet ''
2022-06-28 20:51:02.176  INFO 7548 --- [    Test worker] o.s.t.web.servlet.TestDispatcherServlet  : Initializing Servlet ''
2022-06-28 20:51:02.178  INFO 7548 --- [    Test worker] o.s.t.web.servlet.TestDispatcherServlet  : Completed initialization in 1 ms
2022-06-28 20:51:02.198  INFO 7548 --- [    Test worker] c.c.P.ConsultaControladorProveedorTest   : Started ConsultaControladorProveedorTest in 1.32 seconds (JVM running for 12.188)
2022-06-28 20:51:02.320  INFO 7548 --- [    Test worker] o.s.j.d.e.EmbeddedDatabaseFactory        : Shutting down embedded database: url='jdbc:h2:mem:testdb;DB_CLOSE_DELAY=-1;DB_CLOSE_ON_EXIT=false'
2022-06-28 20:51:02.526  INFO 7548 --- [    Test worker] com.zaxxer.hikari.HikariDataSource       : pool - Shutdown initiated...
2022-06-28 20:51:02.527  INFO 7548 --- [    Test worker] com.zaxxer.hikari.HikariDataSource       : pool - Shutdown completed.

  .   ____          _            __ _ _
 /\\ / ___'_ __ _ _(_)_ __  __ _ \ \ \ \
( ( )\___ | '_ | '_| | '_ \/ _` | \ \ \ \
 \\/  ___)| |_)| | | | | || (_| |  ) ) ) )
  '  |____| .__|_| |_|_| |_\__, | / / / /
 =========|_|==============|___/=/_/_/_/
 :: Spring Boot ::                (v2.6.7)

2022-06-28 20:51:02.564  INFO 7548 --- [    Test worker] c.c.P.ConsultaControladorProveedorTest   : Starting ConsultaControladorProveedorTest using Java 17.0.2 on RODRIGO-MONTERO with PID 7548 (started by rodrigo.montero in D:\Adn\java-arquitectura-hexagonal\microservicio\infraestructura)
2022-06-28 20:51:02.565  INFO 7548 --- [    Test worker] c.c.P.ConsultaControladorProveedorTest   : No active profile set, falling back to 1 default profile: "default"
2022-06-28 20:51:02.790  INFO 7548 --- [    Test worker] com.zaxxer.hikari.HikariDataSource       : pool - Starting...
2022-06-28 20:51:02.792  INFO 7548 --- [    Test worker] com.zaxxer.hikari.HikariDataSource       : pool - Start completed.
2022-06-28 20:51:02.966  INFO 7548 --- [    Test worker] o.s.j.d.e.EmbeddedDatabaseFactory        : Starting embedded database: url='jdbc:h2:mem:testdb;DB_CLOSE_DELAY=-1;DB_CLOSE_ON_EXIT=false', username='sa'
2022-06-28 20:51:02.973  INFO 7548 --- [    Test worker] o.f.c.i.database.base.DatabaseType       : Database: jdbc:h2:mem:testdb (H2 1.4)
2022-06-28 20:51:02.983  INFO 7548 --- [    Test worker] o.f.core.internal.command.DbValidate     : Successfully validated 2 migrations (execution time 00:00.005s)
2022-06-28 20:51:02.988  INFO 7548 --- [    Test worker] o.f.c.i.s.JdbcTableSchemaHistory         : Creating Schema History table "PUBLIC"."flyway_schema_history" ...
2022-06-28 20:51:03.001  INFO 7548 --- [    Test worker] o.f.core.internal.command.DbMigrate      : Current version of schema "PUBLIC": << Empty Schema >>
2022-06-28 20:51:03.006  INFO 7548 --- [    Test worker] o.f.core.internal.command.DbMigrate      : Migrating schema "PUBLIC" to version 1.0 - schema
2022-06-28 20:51:03.039  INFO 7548 --- [    Test worker] o.f.core.internal.command.DbMigrate      : Migrating schema "PUBLIC" to version 1.1 - data
2022-06-28 20:51:03.062  INFO 7548 --- [    Test worker] o.f.core.internal.command.DbMigrate      : Successfully applied 2 migrations to schema "PUBLIC" (execution time 00:00.065s)
2022-06-28 20:51:03.656  INFO 7548 --- [    Test worker] o.s.b.t.m.w.SpringBootMockServletContext : Initializing Spring TestDispatcherServlet ''
2022-06-28 20:51:03.657  INFO 7548 --- [    Test worker] o.s.t.web.servlet.TestDispatcherServlet  : Initializing Servlet ''
2022-06-28 20:51:03.658  INFO 7548 --- [    Test worker] o.s.t.web.servlet.TestDispatcherServlet  : Completed initialization in 1 ms
2022-06-28 20:51:03.676  INFO 7548 --- [    Test worker] c.c.P.ConsultaControladorProveedorTest   : Started ConsultaControladorProveedorTest in 1.145 seconds (JVM running for 13.666)
2022-06-28 20:51:03.696  INFO 7548 --- [    Test worker] o.s.j.d.e.EmbeddedDatabaseFactory        : Shutting down embedded database: url='jdbc:h2:mem:testdb;DB_CLOSE_DELAY=-1;DB_CLOSE_ON_EXIT=false'
2022-06-28 20:51:03.913  INFO 7548 --- [    Test worker] com.zaxxer.hikari.HikariDataSource       : pool - Shutdown initiated...
2022-06-28 20:51:03.914  INFO 7548 --- [    Test worker] com.zaxxer.hikari.HikariDataSource       : pool - Shutdown completed.
]]></system-out>
  <system-err><![CDATA[]]></system-err>
</testsuite>
