<?xml version="1.0" encoding="UTF-8"?>
<testsuite name="com.ceiba.factura.controlador.ConsultaControladorFacturaTest" tests="1" skipped="0" failures="0" errors="0" timestamp="2022-06-27T04:14:37" hostname="RODRIGO-MONTERO" time="0.217">
  <properties/>
  <testcase name="consultarFacturasAnuladas()" classname="com.ceiba.factura.controlador.ConsultaControladorFacturaTest" time="0.217"/>
  <system-out><![CDATA[2022-06-26 23:14:36.758  INFO 31728 --- [    Test worker] o.s.t.c.support.AbstractContextLoader    : Could not detect default resource locations for test class [com.ceiba.factura.controlador.ConsultaControladorFacturaTest]: no resource found for suffixes {-context.xml, Context.groovy}.
2022-06-26 23:14:36.759  INFO 31728 --- [    Test worker] .b.t.a.w.s.WebMvcTestContextBootstrapper : Loaded default TestExecutionListener class names from location [META-INF/spring.factories]: [org.springframework.boot.test.autoconfigure.restdocs.RestDocsTestExecutionListener, org.springframework.boot.test.autoconfigure.web.client.MockRestServiceServerResetTestExecutionListener, org.springframework.boot.test.autoconfigure.web.servlet.MockMvcPrintOnlyOnFailureTestExecutionListener, org.springframework.boot.test.autoconfigure.web.servlet.WebDriverTestExecutionListener, org.springframework.boot.test.autoconfigure.webservices.client.MockWebServiceServerTestExecutionListener, org.springframework.boot.test.mock.mockito.MockitoTestExecutionListener, org.springframework.boot.test.mock.mockito.ResetMocksTestExecutionListener, org.springframework.test.context.web.ServletTestExecutionListener, org.springframework.test.context.support.DirtiesContextBeforeModesTestExecutionListener, org.springframework.test.context.event.ApplicationEventsTestExecutionListener, org.springframework.test.context.support.DependencyInjectionTestExecutionListener, org.springframework.test.context.support.DirtiesContextTestExecutionListener, org.springframework.test.context.transaction.TransactionalTestExecutionListener, org.springframework.test.context.jdbc.SqlScriptsTestExecutionListener, org.springframework.test.context.event.EventPublishingTestExecutionListener]
2022-06-26 23:14:36.759  INFO 31728 --- [    Test worker] .b.t.a.w.s.WebMvcTestContextBootstrapper : Using TestExecutionListeners: [org.springframework.test.context.web.ServletTestExecutionListener@24edca5e, org.springframework.test.context.support.DirtiesContextBeforeModesTestExecutionListener@6b7072c3, org.springframework.test.context.event.ApplicationEventsTestExecutionListener@6fd2bc3a, org.springframework.boot.test.mock.mockito.MockitoTestExecutionListener@56609c11, org.springframework.boot.test.autoconfigure.SpringBootDependencyInjectionTestExecutionListener@1c9513b9, org.springframework.test.context.support.DirtiesContextTestExecutionListener@749b9c82, org.springframework.test.context.transaction.TransactionalTestExecutionListener@e52dd47, org.springframework.test.context.jdbc.SqlScriptsTestExecutionListener@5c804888, org.springframework.test.context.event.EventPublishingTestExecutionListener@683c907a, org.springframework.boot.test.autoconfigure.restdocs.RestDocsTestExecutionListener@406b7e73, org.springframework.boot.test.autoconfigure.web.client.MockRestServiceServerResetTestExecutionListener@584b3bdc, org.springframework.boot.test.autoconfigure.web.servlet.MockMvcPrintOnlyOnFailureTestExecutionListener@6d1fc55, org.springframework.boot.test.autoconfigure.web.servlet.WebDriverTestExecutionListener@a6203b5, org.springframework.boot.test.autoconfigure.webservices.client.MockWebServiceServerTestExecutionListener@11617c6c, org.springframework.boot.test.mock.mockito.ResetMocksTestExecutionListener@10f52047]

  .   ____          _            __ _ _
 /\\ / ___'_ __ _ _(_)_ __  __ _ \ \ \ \
( ( )\___ | '_ | '_| | '_ \/ _` | \ \ \ \
 \\/  ___)| |_)| | | | | || (_| |  ) ) ) )
  '  |____| .__|_| |_|_| |_\__, | / / / /
 =========|_|==============|___/=/_/_/_/
 :: Spring Boot ::                (v2.6.7)

2022-06-26 23:14:36.788  INFO 31728 --- [    Test worker] c.c.f.c.ConsultaControladorFacturaTest   : Starting ConsultaControladorFacturaTest using Java 17.0.2 on RODRIGO-MONTERO with PID 31728 (started by rodrigo.montero in D:\Adn\java-arquitectura-hexagonal\microservicio\infraestructura)
2022-06-26 23:14:36.788  INFO 31728 --- [    Test worker] c.c.f.c.ConsultaControladorFacturaTest   : No active profile set, falling back to 1 default profile: "default"
2022-06-26 23:14:36.898  INFO 31728 --- [    Test worker] com.zaxxer.hikari.HikariDataSource       : pool - Starting...
2022-06-26 23:14:36.900  INFO 31728 --- [    Test worker] com.zaxxer.hikari.HikariDataSource       : pool - Start completed.
2022-06-26 23:14:37.002  INFO 31728 --- [    Test worker] o.s.j.d.e.EmbeddedDatabaseFactory        : Starting embedded database: url='jdbc:h2:mem:testdb;DB_CLOSE_DELAY=-1;DB_CLOSE_ON_EXIT=false', username='sa'
2022-06-26 23:14:37.010  INFO 31728 --- [    Test worker] o.f.c.i.database.base.DatabaseType       : Database: jdbc:h2:mem:testdb (H2 1.4)
2022-06-26 23:14:37.013  INFO 31728 --- [    Test worker] o.f.core.internal.command.DbValidate     : Successfully validated 2 migrations (execution time 00:00.002s)
2022-06-26 23:14:37.016  INFO 31728 --- [    Test worker] o.f.c.i.s.JdbcTableSchemaHistory         : Creating Schema History table "PUBLIC"."flyway_schema_history" ...
2022-06-26 23:14:37.021  INFO 31728 --- [    Test worker] o.f.core.internal.command.DbMigrate      : Current version of schema "PUBLIC": << Empty Schema >>
2022-06-26 23:14:37.024  INFO 31728 --- [    Test worker] o.f.core.internal.command.DbMigrate      : Migrating schema "PUBLIC" to version 1.0 - schema
2022-06-26 23:14:37.035  INFO 31728 --- [    Test worker] o.f.core.internal.command.DbMigrate      : Migrating schema "PUBLIC" to version 1.1 - data
2022-06-26 23:14:37.045  INFO 31728 --- [    Test worker] o.f.core.internal.command.DbMigrate      : Successfully applied 2 migrations to schema "PUBLIC" (execution time 00:00.024s)
2022-06-26 23:14:37.363  INFO 31728 --- [    Test worker] o.s.b.t.m.w.SpringBootMockServletContext : Initializing Spring TestDispatcherServlet ''
2022-06-26 23:14:37.363  INFO 31728 --- [    Test worker] o.s.t.web.servlet.TestDispatcherServlet  : Initializing Servlet ''
2022-06-26 23:14:37.364  INFO 31728 --- [    Test worker] o.s.t.web.servlet.TestDispatcherServlet  : Completed initialization in 1 ms
2022-06-26 23:14:37.373  INFO 31728 --- [    Test worker] c.c.f.c.ConsultaControladorFacturaTest   : Started ConsultaControladorFacturaTest in 0.608 seconds (JVM running for 11.944)
2022-06-26 23:14:37.385  INFO 31728 --- [    Test worker] o.s.j.d.e.EmbeddedDatabaseFactory        : Shutting down embedded database: url='jdbc:h2:mem:testdb;DB_CLOSE_DELAY=-1;DB_CLOSE_ON_EXIT=false'
2022-06-26 23:14:37.589  INFO 31728 --- [    Test worker] com.zaxxer.hikari.HikariDataSource       : pool - Shutdown initiated...
2022-06-26 23:14:37.590  INFO 31728 --- [    Test worker] com.zaxxer.hikari.HikariDataSource       : pool - Shutdown completed.
]]></system-out>
  <system-err><![CDATA[]]></system-err>
</testsuite>
