<?xml version="1.0" encoding="UTF-8"?>
<testsuite name="com.ceiba.factura.controlador.ComandoControladorFacturaTest" tests="3" skipped="0" failures="0" errors="0" timestamp="2022-07-28T10:29:09" hostname="RODRIGO-MONTERO" time="1.883">
  <properties/>
  <testcase name="busqueDeFacturaExitosa()" classname="com.ceiba.factura.controlador.ComandoControladorFacturaTest" time="0.223"/>
  <testcase name="crearFacturaExitosa()" classname="com.ceiba.factura.controlador.ComandoControladorFacturaTest" time="0.242"/>
  <testcase name="anularFacturaExitosa()" classname="com.ceiba.factura.controlador.ComandoControladorFacturaTest" time="0.226"/>
  <system-out><![CDATA[2022-07-28 05:29:08.384  INFO 9704 --- [    Test worker] o.s.t.c.support.AbstractContextLoader    : Could not detect default resource locations for test class [com.ceiba.factura.controlador.ComandoControladorFacturaTest]: no resource found for suffixes {-context.xml, Context.groovy}.
2022-07-28 05:29:08.391  INFO 9704 --- [    Test worker] .b.t.a.w.s.WebMvcTestContextBootstrapper : Loaded default TestExecutionListener class names from location [META-INF/spring.factories]: [org.springframework.boot.test.autoconfigure.restdocs.RestDocsTestExecutionListener, org.springframework.boot.test.autoconfigure.web.client.MockRestServiceServerResetTestExecutionListener, org.springframework.boot.test.autoconfigure.web.servlet.MockMvcPrintOnlyOnFailureTestExecutionListener, org.springframework.boot.test.autoconfigure.web.servlet.WebDriverTestExecutionListener, org.springframework.boot.test.autoconfigure.webservices.client.MockWebServiceServerTestExecutionListener, org.springframework.boot.test.mock.mockito.MockitoTestExecutionListener, org.springframework.boot.test.mock.mockito.ResetMocksTestExecutionListener, org.springframework.test.context.web.ServletTestExecutionListener, org.springframework.test.context.support.DirtiesContextBeforeModesTestExecutionListener, org.springframework.test.context.event.ApplicationEventsTestExecutionListener, org.springframework.test.context.support.DependencyInjectionTestExecutionListener, org.springframework.test.context.support.DirtiesContextTestExecutionListener, org.springframework.test.context.transaction.TransactionalTestExecutionListener, org.springframework.test.context.jdbc.SqlScriptsTestExecutionListener, org.springframework.test.context.event.EventPublishingTestExecutionListener]
2022-07-28 05:29:08.392  INFO 9704 --- [    Test worker] .b.t.a.w.s.WebMvcTestContextBootstrapper : Using TestExecutionListeners: [org.springframework.test.context.web.ServletTestExecutionListener@6f8c22b2, org.springframework.test.context.support.DirtiesContextBeforeModesTestExecutionListener@458e82d4, org.springframework.test.context.event.ApplicationEventsTestExecutionListener@326c6ac1, org.springframework.boot.test.mock.mockito.MockitoTestExecutionListener@115b4117, org.springframework.boot.test.autoconfigure.SpringBootDependencyInjectionTestExecutionListener@1f4c683c, org.springframework.test.context.support.DirtiesContextTestExecutionListener@2e65c123, org.springframework.test.context.transaction.TransactionalTestExecutionListener@7f0e9c4c, org.springframework.test.context.jdbc.SqlScriptsTestExecutionListener@34963943, org.springframework.test.context.event.EventPublishingTestExecutionListener@4867aa65, org.springframework.boot.test.autoconfigure.restdocs.RestDocsTestExecutionListener@480b1693, org.springframework.boot.test.autoconfigure.web.client.MockRestServiceServerResetTestExecutionListener@43ec0f22, org.springframework.boot.test.autoconfigure.web.servlet.MockMvcPrintOnlyOnFailureTestExecutionListener@46b57a3d, org.springframework.boot.test.autoconfigure.web.servlet.WebDriverTestExecutionListener@33f4c40c, org.springframework.boot.test.autoconfigure.webservices.client.MockWebServiceServerTestExecutionListener@235bf36f, org.springframework.boot.test.mock.mockito.ResetMocksTestExecutionListener@ed7d39]

  .   ____          _            __ _ _
 /\\ / ___'_ __ _ _(_)_ __  __ _ \ \ \ \
( ( )\___ | '_ | '_| | '_ \/ _` | \ \ \ \
 \\/  ___)| |_)| | | | | || (_| |  ) ) ) )
  '  |____| .__|_| |_|_| |_\__, | / / / /
 =========|_|==============|___/=/_/_/_/
 :: Spring Boot ::                (v2.6.7)

2022-07-28 05:29:08.424  INFO 9704 --- [    Test worker] c.c.f.c.ComandoControladorFacturaTest    : Starting ComandoControladorFacturaTest using Java 17.0.3 on RODRIGO-MONTERO with PID 9704 (started by rodrigo.montero in D:\Adn\java-arquitectura-hexagonal\microservicio\infraestructura)
2022-07-28 05:29:08.424  INFO 9704 --- [    Test worker] c.c.f.c.ComandoControladorFacturaTest    : No active profile set, falling back to 1 default profile: "default"
2022-07-28 05:29:08.535  INFO 9704 --- [    Test worker] com.zaxxer.hikari.HikariDataSource       : pool - Starting...
2022-07-28 05:29:08.536  INFO 9704 --- [    Test worker] com.zaxxer.hikari.HikariDataSource       : pool - Start completed.
2022-07-28 05:29:08.641  INFO 9704 --- [    Test worker] o.s.j.d.e.EmbeddedDatabaseFactory        : Starting embedded database: url='jdbc:h2:mem:testdb;DB_CLOSE_DELAY=-1;DB_CLOSE_ON_EXIT=false', username='sa'
2022-07-28 05:29:08.645  INFO 9704 --- [    Test worker] o.f.c.i.database.base.DatabaseType       : Database: jdbc:h2:mem:testdb (H2 1.4)
2022-07-28 05:29:08.650  INFO 9704 --- [    Test worker] o.f.core.internal.command.DbValidate     : Successfully validated 2 migrations (execution time 00:00.002s)
2022-07-28 05:29:08.652  INFO 9704 --- [    Test worker] o.f.c.i.s.JdbcTableSchemaHistory         : Creating Schema History table "PUBLIC"."flyway_schema_history" ...
2022-07-28 05:29:08.656  INFO 9704 --- [    Test worker] o.f.core.internal.command.DbMigrate      : Current version of schema "PUBLIC": << Empty Schema >>
2022-07-28 05:29:08.658  INFO 9704 --- [    Test worker] o.f.core.internal.command.DbMigrate      : Migrating schema "PUBLIC" to version 1.0 - schema
2022-07-28 05:29:08.670  INFO 9704 --- [    Test worker] o.f.core.internal.command.DbMigrate      : Migrating schema "PUBLIC" to version 1.1 - data
2022-07-28 05:29:08.680  INFO 9704 --- [    Test worker] o.f.core.internal.command.DbMigrate      : Successfully applied 2 migrations to schema "PUBLIC" (execution time 00:00.024s)
2022-07-28 05:29:09.013  INFO 9704 --- [    Test worker] o.s.b.t.m.w.SpringBootMockServletContext : Initializing Spring TestDispatcherServlet ''
2022-07-28 05:29:09.013  INFO 9704 --- [    Test worker] o.s.t.web.servlet.TestDispatcherServlet  : Initializing Servlet ''
2022-07-28 05:29:09.014  INFO 9704 --- [    Test worker] o.s.t.web.servlet.TestDispatcherServlet  : Completed initialization in 1 ms
2022-07-28 05:29:09.025  INFO 9704 --- [    Test worker] c.c.f.c.ComandoControladorFacturaTest    : Started ComandoControladorFacturaTest in 0.628 seconds (JVM running for 13.031)
2022-07-28 05:29:09.040  INFO 9704 --- [    Test worker] o.s.j.d.e.EmbeddedDatabaseFactory        : Shutting down embedded database: url='jdbc:h2:mem:testdb;DB_CLOSE_DELAY=-1;DB_CLOSE_ON_EXIT=false'
2022-07-28 05:29:09.249  INFO 9704 --- [    Test worker] com.zaxxer.hikari.HikariDataSource       : pool - Shutdown initiated...
2022-07-28 05:29:09.250  INFO 9704 --- [    Test worker] com.zaxxer.hikari.HikariDataSource       : pool - Shutdown completed.

  .   ____          _            __ _ _
 /\\ / ___'_ __ _ _(_)_ __  __ _ \ \ \ \
( ( )\___ | '_ | '_| | '_ \/ _` | \ \ \ \
 \\/  ___)| |_)| | | | | || (_| |  ) ) ) )
  '  |____| .__|_| |_|_| |_\__, | / / / /
 =========|_|==============|___/=/_/_/_/
 :: Spring Boot ::                (v2.6.7)

2022-07-28 05:29:09.290  INFO 9704 --- [    Test worker] c.c.f.c.ComandoControladorFacturaTest    : Starting ComandoControladorFacturaTest using Java 17.0.3 on RODRIGO-MONTERO with PID 9704 (started by rodrigo.montero in D:\Adn\java-arquitectura-hexagonal\microservicio\infraestructura)
2022-07-28 05:29:09.290  INFO 9704 --- [    Test worker] c.c.f.c.ComandoControladorFacturaTest    : No active profile set, falling back to 1 default profile: "default"
2022-07-28 05:29:09.387  INFO 9704 --- [    Test worker] com.zaxxer.hikari.HikariDataSource       : pool - Starting...
2022-07-28 05:29:09.390  INFO 9704 --- [    Test worker] com.zaxxer.hikari.HikariDataSource       : pool - Start completed.
2022-07-28 05:29:09.491  INFO 9704 --- [    Test worker] o.s.j.d.e.EmbeddedDatabaseFactory        : Starting embedded database: url='jdbc:h2:mem:testdb;DB_CLOSE_DELAY=-1;DB_CLOSE_ON_EXIT=false', username='sa'
2022-07-28 05:29:09.496  INFO 9704 --- [    Test worker] o.f.c.i.database.base.DatabaseType       : Database: jdbc:h2:mem:testdb (H2 1.4)
2022-07-28 05:29:09.499  INFO 9704 --- [    Test worker] o.f.core.internal.command.DbValidate     : Successfully validated 2 migrations (execution time 00:00.002s)
2022-07-28 05:29:09.501  INFO 9704 --- [    Test worker] o.f.c.i.s.JdbcTableSchemaHistory         : Creating Schema History table "PUBLIC"."flyway_schema_history" ...
2022-07-28 05:29:09.510  INFO 9704 --- [    Test worker] o.f.core.internal.command.DbMigrate      : Current version of schema "PUBLIC": << Empty Schema >>
2022-07-28 05:29:09.516  INFO 9704 --- [    Test worker] o.f.core.internal.command.DbMigrate      : Migrating schema "PUBLIC" to version 1.0 - schema
2022-07-28 05:29:09.529  INFO 9704 --- [    Test worker] o.f.core.internal.command.DbMigrate      : Migrating schema "PUBLIC" to version 1.1 - data
2022-07-28 05:29:09.537  INFO 9704 --- [    Test worker] o.f.core.internal.command.DbMigrate      : Successfully applied 2 migrations to schema "PUBLIC" (execution time 00:00.030s)
2022-07-28 05:29:09.849  INFO 9704 --- [    Test worker] o.s.b.t.m.w.SpringBootMockServletContext : Initializing Spring TestDispatcherServlet ''
2022-07-28 05:29:09.849  INFO 9704 --- [    Test worker] o.s.t.web.servlet.TestDispatcherServlet  : Initializing Servlet ''
2022-07-28 05:29:09.850  INFO 9704 --- [    Test worker] o.s.t.web.servlet.TestDispatcherServlet  : Completed initialization in 1 ms
2022-07-28 05:29:09.856  INFO 9704 --- [    Test worker] c.c.f.c.ComandoControladorFacturaTest    : Started ComandoControladorFacturaTest in 0.601 seconds (JVM running for 13.863)
2022-07-28 05:29:09.884  INFO 9704 --- [    Test worker] o.s.j.d.e.EmbeddedDatabaseFactory        : Shutting down embedded database: url='jdbc:h2:mem:testdb;DB_CLOSE_DELAY=-1;DB_CLOSE_ON_EXIT=false'
2022-07-28 05:29:10.100  INFO 9704 --- [    Test worker] com.zaxxer.hikari.HikariDataSource       : pool - Shutdown initiated...
2022-07-28 05:29:10.101  INFO 9704 --- [    Test worker] com.zaxxer.hikari.HikariDataSource       : pool - Shutdown completed.

  .   ____          _            __ _ _
 /\\ / ___'_ __ _ _(_)_ __  __ _ \ \ \ \
( ( )\___ | '_ | '_| | '_ \/ _` | \ \ \ \
 \\/  ___)| |_)| | | | | || (_| |  ) ) ) )
  '  |____| .__|_| |_|_| |_\__, | / / / /
 =========|_|==============|___/=/_/_/_/
 :: Spring Boot ::                (v2.6.7)

2022-07-28 05:29:10.130  INFO 9704 --- [    Test worker] c.c.f.c.ComandoControladorFacturaTest    : Starting ComandoControladorFacturaTest using Java 17.0.3 on RODRIGO-MONTERO with PID 9704 (started by rodrigo.montero in D:\Adn\java-arquitectura-hexagonal\microservicio\infraestructura)
2022-07-28 05:29:10.130  INFO 9704 --- [    Test worker] c.c.f.c.ComandoControladorFacturaTest    : No active profile set, falling back to 1 default profile: "default"
2022-07-28 05:29:10.226  INFO 9704 --- [    Test worker] com.zaxxer.hikari.HikariDataSource       : pool - Starting...
2022-07-28 05:29:10.227  INFO 9704 --- [    Test worker] com.zaxxer.hikari.HikariDataSource       : pool - Start completed.
2022-07-28 05:29:10.334  INFO 9704 --- [    Test worker] o.s.j.d.e.EmbeddedDatabaseFactory        : Starting embedded database: url='jdbc:h2:mem:testdb;DB_CLOSE_DELAY=-1;DB_CLOSE_ON_EXIT=false', username='sa'
2022-07-28 05:29:10.338  INFO 9704 --- [    Test worker] o.f.c.i.database.base.DatabaseType       : Database: jdbc:h2:mem:testdb (H2 1.4)
2022-07-28 05:29:10.341  INFO 9704 --- [    Test worker] o.f.core.internal.command.DbValidate     : Successfully validated 2 migrations (execution time 00:00.002s)
2022-07-28 05:29:10.344  INFO 9704 --- [    Test worker] o.f.c.i.s.JdbcTableSchemaHistory         : Creating Schema History table "PUBLIC"."flyway_schema_history" ...
2022-07-28 05:29:10.350  INFO 9704 --- [    Test worker] o.f.core.internal.command.DbMigrate      : Current version of schema "PUBLIC": << Empty Schema >>
2022-07-28 05:29:10.352  INFO 9704 --- [    Test worker] o.f.core.internal.command.DbMigrate      : Migrating schema "PUBLIC" to version 1.0 - schema
2022-07-28 05:29:10.364  INFO 9704 --- [    Test worker] o.f.core.internal.command.DbMigrate      : Migrating schema "PUBLIC" to version 1.1 - data
2022-07-28 05:29:10.370  INFO 9704 --- [    Test worker] o.f.core.internal.command.DbMigrate      : Successfully applied 2 migrations to schema "PUBLIC" (execution time 00:00.023s)
2022-07-28 05:29:10.673  INFO 9704 --- [    Test worker] o.s.b.t.m.w.SpringBootMockServletContext : Initializing Spring TestDispatcherServlet ''
2022-07-28 05:29:10.673  INFO 9704 --- [    Test worker] o.s.t.web.servlet.TestDispatcherServlet  : Initializing Servlet ''
2022-07-28 05:29:10.674  INFO 9704 --- [    Test worker] o.s.t.web.servlet.TestDispatcherServlet  : Completed initialization in 0 ms
2022-07-28 05:29:10.682  INFO 9704 --- [    Test worker] c.c.f.c.ComandoControladorFacturaTest    : Started ComandoControladorFacturaTest in 0.577 seconds (JVM running for 14.688)
2022-07-28 05:29:10.695  INFO 9704 --- [    Test worker] o.s.j.d.e.EmbeddedDatabaseFactory        : Shutting down embedded database: url='jdbc:h2:mem:testdb;DB_CLOSE_DELAY=-1;DB_CLOSE_ON_EXIT=false'
2022-07-28 05:29:10.908  INFO 9704 --- [    Test worker] com.zaxxer.hikari.HikariDataSource       : pool - Shutdown initiated...
2022-07-28 05:29:10.910  INFO 9704 --- [    Test worker] com.zaxxer.hikari.HikariDataSource       : pool - Shutdown completed.
]]></system-out>
  <system-err><![CDATA[]]></system-err>
</testsuite>
