<?xml version="1.0" encoding="UTF-8"?>
<testsuite name="com.ceiba.empleado.ConsultaEmpleadoControladorTest" tests="1" skipped="0" failures="0" errors="0" timestamp="2022-06-29T01:51:08" hostname="RODRIGO-MONTERO" time="0.219">
  <properties/>
  <testcase name="consultarEmpleados()" classname="com.ceiba.empleado.ConsultaEmpleadoControladorTest" time="0.219"/>
  <system-out><![CDATA[2022-06-28 20:51:07.770  INFO 7548 --- [    Test worker] o.s.t.c.support.AbstractContextLoader    : Could not detect default resource locations for test class [com.ceiba.empleado.ConsultaEmpleadoControladorTest]: no resource found for suffixes {-context.xml, Context.groovy}.
2022-06-28 20:51:07.773  INFO 7548 --- [    Test worker] .b.t.a.w.s.WebMvcTestContextBootstrapper : Loaded default TestExecutionListener class names from location [META-INF/spring.factories]: [org.springframework.boot.test.autoconfigure.restdocs.RestDocsTestExecutionListener, org.springframework.boot.test.autoconfigure.web.client.MockRestServiceServerResetTestExecutionListener, org.springframework.boot.test.autoconfigure.web.servlet.MockMvcPrintOnlyOnFailureTestExecutionListener, org.springframework.boot.test.autoconfigure.web.servlet.WebDriverTestExecutionListener, org.springframework.boot.test.autoconfigure.webservices.client.MockWebServiceServerTestExecutionListener, org.springframework.boot.test.mock.mockito.MockitoTestExecutionListener, org.springframework.boot.test.mock.mockito.ResetMocksTestExecutionListener, org.springframework.test.context.web.ServletTestExecutionListener, org.springframework.test.context.support.DirtiesContextBeforeModesTestExecutionListener, org.springframework.test.context.event.ApplicationEventsTestExecutionListener, org.springframework.test.context.support.DependencyInjectionTestExecutionListener, org.springframework.test.context.support.DirtiesContextTestExecutionListener, org.springframework.test.context.transaction.TransactionalTestExecutionListener, org.springframework.test.context.jdbc.SqlScriptsTestExecutionListener, org.springframework.test.context.event.EventPublishingTestExecutionListener]
2022-06-28 20:51:07.773  INFO 7548 --- [    Test worker] .b.t.a.w.s.WebMvcTestContextBootstrapper : Using TestExecutionListeners: [org.springframework.test.context.web.ServletTestExecutionListener@f57058f, org.springframework.test.context.support.DirtiesContextBeforeModesTestExecutionListener@4d704218, org.springframework.test.context.event.ApplicationEventsTestExecutionListener@7ab187ee, org.springframework.boot.test.mock.mockito.MockitoTestExecutionListener@6ae6a1ce, org.springframework.boot.test.autoconfigure.SpringBootDependencyInjectionTestExecutionListener@5daaaa60, org.springframework.test.context.support.DirtiesContextTestExecutionListener@1205434f, org.springframework.test.context.transaction.TransactionalTestExecutionListener@64fd2816, org.springframework.test.context.jdbc.SqlScriptsTestExecutionListener@3b4a0d96, org.springframework.test.context.event.EventPublishingTestExecutionListener@33bb4935, org.springframework.boot.test.autoconfigure.restdocs.RestDocsTestExecutionListener@b1c7b36, org.springframework.boot.test.autoconfigure.web.client.MockRestServiceServerResetTestExecutionListener@6ac5fdb, org.springframework.boot.test.autoconfigure.web.servlet.MockMvcPrintOnlyOnFailureTestExecutionListener@6d61c425, org.springframework.boot.test.autoconfigure.web.servlet.WebDriverTestExecutionListener@4faca5d, org.springframework.boot.test.autoconfigure.webservices.client.MockWebServiceServerTestExecutionListener@6cd7d43f, org.springframework.boot.test.mock.mockito.ResetMocksTestExecutionListener@8e10cf9]

  .   ____          _            __ _ _
 /\\ / ___'_ __ _ _(_)_ __  __ _ \ \ \ \
( ( )\___ | '_ | '_| | '_ \/ _` | \ \ \ \
 \\/  ___)| |_)| | | | | || (_| |  ) ) ) )
  '  |____| .__|_| |_|_| |_\__, | / / / /
 =========|_|==============|___/=/_/_/_/
 :: Spring Boot ::                (v2.6.7)

2022-06-28 20:51:07.803  INFO 7548 --- [    Test worker] c.c.e.ConsultaEmpleadoControladorTest    : Starting ConsultaEmpleadoControladorTest using Java 17.0.2 on RODRIGO-MONTERO with PID 7548 (started by rodrigo.montero in D:\Adn\java-arquitectura-hexagonal\microservicio\infraestructura)
2022-06-28 20:51:07.803  INFO 7548 --- [    Test worker] c.c.e.ConsultaEmpleadoControladorTest    : No active profile set, falling back to 1 default profile: "default"
2022-06-28 20:51:07.972  INFO 7548 --- [    Test worker] com.zaxxer.hikari.HikariDataSource       : pool - Starting...
2022-06-28 20:51:07.974  INFO 7548 --- [    Test worker] com.zaxxer.hikari.HikariDataSource       : pool - Start completed.
2022-06-28 20:51:08.134  INFO 7548 --- [    Test worker] o.s.j.d.e.EmbeddedDatabaseFactory        : Starting embedded database: url='jdbc:h2:mem:testdb;DB_CLOSE_DELAY=-1;DB_CLOSE_ON_EXIT=false', username='sa'
2022-06-28 20:51:08.140  INFO 7548 --- [    Test worker] o.f.c.i.database.base.DatabaseType       : Database: jdbc:h2:mem:testdb (H2 1.4)
2022-06-28 20:51:08.146  INFO 7548 --- [    Test worker] o.f.core.internal.command.DbValidate     : Successfully validated 2 migrations (execution time 00:00.003s)
2022-06-28 20:51:08.149  INFO 7548 --- [    Test worker] o.f.c.i.s.JdbcTableSchemaHistory         : Creating Schema History table "PUBLIC"."flyway_schema_history" ...
2022-06-28 20:51:08.157  INFO 7548 --- [    Test worker] o.f.core.internal.command.DbMigrate      : Current version of schema "PUBLIC": << Empty Schema >>
2022-06-28 20:51:08.161  INFO 7548 --- [    Test worker] o.f.core.internal.command.DbMigrate      : Migrating schema "PUBLIC" to version 1.0 - schema
2022-06-28 20:51:08.179  INFO 7548 --- [    Test worker] o.f.core.internal.command.DbMigrate      : Migrating schema "PUBLIC" to version 1.1 - data
2022-06-28 20:51:08.194  INFO 7548 --- [    Test worker] o.f.core.internal.command.DbMigrate      : Successfully applied 2 migrations to schema "PUBLIC" (execution time 00:00.039s)
2022-06-28 20:51:08.731  INFO 7548 --- [    Test worker] o.s.b.t.m.w.SpringBootMockServletContext : Initializing Spring TestDispatcherServlet ''
2022-06-28 20:51:08.732  INFO 7548 --- [    Test worker] o.s.t.web.servlet.TestDispatcherServlet  : Initializing Servlet ''
2022-06-28 20:51:08.733  INFO 7548 --- [    Test worker] o.s.t.web.servlet.TestDispatcherServlet  : Completed initialization in 0 ms
2022-06-28 20:51:08.750  INFO 7548 --- [    Test worker] c.c.e.ConsultaEmpleadoControladorTest    : Started ConsultaEmpleadoControladorTest in 0.974 seconds (JVM running for 18.74)
2022-06-28 20:51:08.766  INFO 7548 --- [    Test worker] o.s.j.d.e.EmbeddedDatabaseFactory        : Shutting down embedded database: url='jdbc:h2:mem:testdb;DB_CLOSE_DELAY=-1;DB_CLOSE_ON_EXIT=false'
2022-06-28 20:51:08.971  INFO 7548 --- [    Test worker] com.zaxxer.hikari.HikariDataSource       : pool - Shutdown initiated...
2022-06-28 20:51:08.972  INFO 7548 --- [    Test worker] com.zaxxer.hikari.HikariDataSource       : pool - Shutdown completed.
]]></system-out>
  <system-err><![CDATA[]]></system-err>
</testsuite>
