<?xml version="1.0" encoding="UTF-8"?>
<testsuite name="com.ceiba.plantaporproveedor.ComandoControladorPlantaPorProveedorTest" tests="2" skipped="0" failures="0" errors="0" timestamp="2022-07-28T15:44:44" hostname="RODRIGO-MONTERO" time="1.005">
  <properties/>
  <testcase name="existe()" classname="com.ceiba.plantaporproveedor.ComandoControladorPlantaPorProveedorTest" time="0.217"/>
  <testcase name="eliminar()" classname="com.ceiba.plantaporproveedor.ComandoControladorPlantaPorProveedorTest" time="0.212"/>
  <system-out><![CDATA[2022-07-28 10:44:43.831  INFO 10764 --- [    Test worker] o.s.t.c.support.AbstractContextLoader    : Could not detect default resource locations for test class [com.ceiba.plantaporproveedor.ComandoControladorPlantaPorProveedorTest]: no resource found for suffixes {-context.xml, Context.groovy}.
2022-07-28 10:44:43.834  INFO 10764 --- [    Test worker] .b.t.a.w.s.WebMvcTestContextBootstrapper : Loaded default TestExecutionListener class names from location [META-INF/spring.factories]: [org.springframework.boot.test.autoconfigure.restdocs.RestDocsTestExecutionListener, org.springframework.boot.test.autoconfigure.web.client.MockRestServiceServerResetTestExecutionListener, org.springframework.boot.test.autoconfigure.web.servlet.MockMvcPrintOnlyOnFailureTestExecutionListener, org.springframework.boot.test.autoconfigure.web.servlet.WebDriverTestExecutionListener, org.springframework.boot.test.autoconfigure.webservices.client.MockWebServiceServerTestExecutionListener, org.springframework.boot.test.mock.mockito.MockitoTestExecutionListener, org.springframework.boot.test.mock.mockito.ResetMocksTestExecutionListener, org.springframework.test.context.web.ServletTestExecutionListener, org.springframework.test.context.support.DirtiesContextBeforeModesTestExecutionListener, org.springframework.test.context.event.ApplicationEventsTestExecutionListener, org.springframework.test.context.support.DependencyInjectionTestExecutionListener, org.springframework.test.context.support.DirtiesContextTestExecutionListener, org.springframework.test.context.transaction.TransactionalTestExecutionListener, org.springframework.test.context.jdbc.SqlScriptsTestExecutionListener, org.springframework.test.context.event.EventPublishingTestExecutionListener]
2022-07-28 10:44:43.835  INFO 10764 --- [    Test worker] .b.t.a.w.s.WebMvcTestContextBootstrapper : Using TestExecutionListeners: [org.springframework.test.context.web.ServletTestExecutionListener@5321c455, org.springframework.test.context.support.DirtiesContextBeforeModesTestExecutionListener@2e163f44, org.springframework.test.context.event.ApplicationEventsTestExecutionListener@de1d842, org.springframework.boot.test.mock.mockito.MockitoTestExecutionListener@50e9e1cd, org.springframework.boot.test.autoconfigure.SpringBootDependencyInjectionTestExecutionListener@d3784e9, org.springframework.test.context.support.DirtiesContextTestExecutionListener@12446614, org.springframework.test.context.transaction.TransactionalTestExecutionListener@11648fd6, org.springframework.test.context.jdbc.SqlScriptsTestExecutionListener@e9ce3be, org.springframework.test.context.event.EventPublishingTestExecutionListener@3fbd3e48, org.springframework.boot.test.autoconfigure.restdocs.RestDocsTestExecutionListener@ef88b6d, org.springframework.boot.test.autoconfigure.web.client.MockRestServiceServerResetTestExecutionListener@3bd7af5b, org.springframework.boot.test.autoconfigure.web.servlet.MockMvcPrintOnlyOnFailureTestExecutionListener@52bf3a8c, org.springframework.boot.test.autoconfigure.web.servlet.WebDriverTestExecutionListener@42611ed, org.springframework.boot.test.autoconfigure.webservices.client.MockWebServiceServerTestExecutionListener@4e4f51e7, org.springframework.boot.test.mock.mockito.ResetMocksTestExecutionListener@48649202]

  .   ____          _            __ _ _
 /\\ / ___'_ __ _ _(_)_ __  __ _ \ \ \ \
( ( )\___ | '_ | '_| | '_ \/ _` | \ \ \ \
 \\/  ___)| |_)| | | | | || (_| |  ) ) ) )
  '  |____| .__|_| |_|_| |_\__, | / / / /
 =========|_|==============|___/=/_/_/_/
 :: Spring Boot ::                (v2.6.7)

2022-07-28 10:44:43.868  INFO 10764 --- [    Test worker] ComandoControladorPlantaPorProveedorTest : Starting ComandoControladorPlantaPorProveedorTest using Java 17.0.3 on RODRIGO-MONTERO with PID 10764 (started by rodrigo.montero in D:\Adn\java-arquitectura-hexagonal\microservicio\infraestructura)
2022-07-28 10:44:43.868  INFO 10764 --- [    Test worker] ComandoControladorPlantaPorProveedorTest : No active profile set, falling back to 1 default profile: "default"
2022-07-28 10:44:43.964  INFO 10764 --- [    Test worker] com.zaxxer.hikari.HikariDataSource       : pool - Starting...
2022-07-28 10:44:43.966  INFO 10764 --- [    Test worker] com.zaxxer.hikari.HikariDataSource       : pool - Start completed.
2022-07-28 10:44:44.066  INFO 10764 --- [    Test worker] o.s.j.d.e.EmbeddedDatabaseFactory        : Starting embedded database: url='jdbc:h2:mem:testdb;DB_CLOSE_DELAY=-1;DB_CLOSE_ON_EXIT=false', username='sa'
2022-07-28 10:44:44.070  INFO 10764 --- [    Test worker] o.f.c.i.database.base.DatabaseType       : Database: jdbc:h2:mem:testdb (H2 1.4)
2022-07-28 10:44:44.074  INFO 10764 --- [    Test worker] o.f.core.internal.command.DbValidate     : Successfully validated 2 migrations (execution time 00:00.001s)
2022-07-28 10:44:44.075  INFO 10764 --- [    Test worker] o.f.c.i.s.JdbcTableSchemaHistory         : Creating Schema History table "PUBLIC"."flyway_schema_history" ...
2022-07-28 10:44:44.078  INFO 10764 --- [    Test worker] o.f.core.internal.command.DbMigrate      : Current version of schema "PUBLIC": << Empty Schema >>
2022-07-28 10:44:44.081  INFO 10764 --- [    Test worker] o.f.core.internal.command.DbMigrate      : Migrating schema "PUBLIC" to version 1.0 - schema
2022-07-28 10:44:44.092  INFO 10764 --- [    Test worker] o.f.core.internal.command.DbMigrate      : Migrating schema "PUBLIC" to version 1.1 - data
2022-07-28 10:44:44.099  INFO 10764 --- [    Test worker] o.f.core.internal.command.DbMigrate      : Successfully applied 2 migrations to schema "PUBLIC" (execution time 00:00.021s)
2022-07-28 10:44:44.394  INFO 10764 --- [    Test worker] o.s.b.t.m.w.SpringBootMockServletContext : Initializing Spring TestDispatcherServlet ''
2022-07-28 10:44:44.394  INFO 10764 --- [    Test worker] o.s.t.web.servlet.TestDispatcherServlet  : Initializing Servlet ''
2022-07-28 10:44:44.395  INFO 10764 --- [    Test worker] o.s.t.web.servlet.TestDispatcherServlet  : Completed initialization in 1 ms
2022-07-28 10:44:44.403  INFO 10764 --- [    Test worker] ComandoControladorPlantaPorProveedorTest : Started ComandoControladorPlantaPorProveedorTest in 0.562 seconds (JVM running for 18.596)
2022-07-28 10:44:44.410  INFO 10764 --- [    Test worker] o.s.j.d.e.EmbeddedDatabaseFactory        : Shutting down embedded database: url='jdbc:h2:mem:testdb;DB_CLOSE_DELAY=-1;DB_CLOSE_ON_EXIT=false'
2022-07-28 10:44:44.620  INFO 10764 --- [    Test worker] com.zaxxer.hikari.HikariDataSource       : pool - Shutdown initiated...
2022-07-28 10:44:44.621  INFO 10764 --- [    Test worker] com.zaxxer.hikari.HikariDataSource       : pool - Shutdown completed.

  .   ____          _            __ _ _
 /\\ / ___'_ __ _ _(_)_ __  __ _ \ \ \ \
( ( )\___ | '_ | '_| | '_ \/ _` | \ \ \ \
 \\/  ___)| |_)| | | | | || (_| |  ) ) ) )
  '  |____| .__|_| |_|_| |_\__, | / / / /
 =========|_|==============|___/=/_/_/_/
 :: Spring Boot ::                (v2.6.7)

2022-07-28 10:44:44.654  INFO 10764 --- [    Test worker] ComandoControladorPlantaPorProveedorTest : Starting ComandoControladorPlantaPorProveedorTest using Java 17.0.3 on RODRIGO-MONTERO with PID 10764 (started by rodrigo.montero in D:\Adn\java-arquitectura-hexagonal\microservicio\infraestructura)
2022-07-28 10:44:44.654  INFO 10764 --- [    Test worker] ComandoControladorPlantaPorProveedorTest : No active profile set, falling back to 1 default profile: "default"
2022-07-28 10:44:44.750  INFO 10764 --- [    Test worker] com.zaxxer.hikari.HikariDataSource       : pool - Starting...
2022-07-28 10:44:44.754  INFO 10764 --- [    Test worker] com.zaxxer.hikari.HikariDataSource       : pool - Start completed.
2022-07-28 10:44:44.852  INFO 10764 --- [    Test worker] o.s.j.d.e.EmbeddedDatabaseFactory        : Starting embedded database: url='jdbc:h2:mem:testdb;DB_CLOSE_DELAY=-1;DB_CLOSE_ON_EXIT=false', username='sa'
2022-07-28 10:44:44.856  INFO 10764 --- [    Test worker] o.f.c.i.database.base.DatabaseType       : Database: jdbc:h2:mem:testdb (H2 1.4)
2022-07-28 10:44:44.862  INFO 10764 --- [    Test worker] o.f.core.internal.command.DbValidate     : Successfully validated 2 migrations (execution time 00:00.002s)
2022-07-28 10:44:44.864  INFO 10764 --- [    Test worker] o.f.c.i.s.JdbcTableSchemaHistory         : Creating Schema History table "PUBLIC"."flyway_schema_history" ...
2022-07-28 10:44:44.867  INFO 10764 --- [    Test worker] o.f.core.internal.command.DbMigrate      : Current version of schema "PUBLIC": << Empty Schema >>
2022-07-28 10:44:44.869  INFO 10764 --- [    Test worker] o.f.core.internal.command.DbMigrate      : Migrating schema "PUBLIC" to version 1.0 - schema
2022-07-28 10:44:44.886  INFO 10764 --- [    Test worker] o.f.core.internal.command.DbMigrate      : Migrating schema "PUBLIC" to version 1.1 - data
2022-07-28 10:44:44.893  INFO 10764 --- [    Test worker] o.f.core.internal.command.DbMigrate      : Successfully applied 2 migrations to schema "PUBLIC" (execution time 00:00.027s)
2022-07-28 10:44:45.189  INFO 10764 --- [    Test worker] o.s.b.t.m.w.SpringBootMockServletContext : Initializing Spring TestDispatcherServlet ''
2022-07-28 10:44:45.189  INFO 10764 --- [    Test worker] o.s.t.web.servlet.TestDispatcherServlet  : Initializing Servlet ''
2022-07-28 10:44:45.189  INFO 10764 --- [    Test worker] o.s.t.web.servlet.TestDispatcherServlet  : Completed initialization in 0 ms
2022-07-28 10:44:45.196  INFO 10764 --- [    Test worker] ComandoControladorPlantaPorProveedorTest : Started ComandoControladorPlantaPorProveedorTest in 0.57 seconds (JVM running for 19.39)
2022-07-28 10:44:45.204  INFO 10764 --- [    Test worker] o.s.j.d.e.EmbeddedDatabaseFactory        : Shutting down embedded database: url='jdbc:h2:mem:testdb;DB_CLOSE_DELAY=-1;DB_CLOSE_ON_EXIT=false'
2022-07-28 10:44:45.408  INFO 10764 --- [    Test worker] com.zaxxer.hikari.HikariDataSource       : pool - Shutdown initiated...
2022-07-28 10:44:45.410  INFO 10764 --- [    Test worker] com.zaxxer.hikari.HikariDataSource       : pool - Shutdown completed.
]]></system-out>
  <system-err><![CDATA[]]></system-err>
</testsuite>
