<?xml version="1.0" encoding="UTF-8"?>
<testsuite name="com.ceiba.planta.ComandoPlantaControladorTest" tests="3" skipped="0" failures="0" errors="0" timestamp="2022-07-28T09:27:59" hostname="RODRIGO-MONTERO" time="0.022">
  <properties/>
  <testcase name="existe()" classname="com.ceiba.planta.ComandoPlantaControladorTest" time="0.006"/>
  <testcase name="crear()" classname="com.ceiba.planta.ComandoPlantaControladorTest" time="0.01"/>
  <testcase name="eliminar()" classname="com.ceiba.planta.ComandoPlantaControladorTest" time="0.004"/>
  <system-out><![CDATA[2022-07-28 04:27:58.445  INFO 10748 --- [    Test worker] o.s.t.c.support.AbstractContextLoader    : Could not detect default resource locations for test class [com.ceiba.planta.ComandoPlantaControladorTest]: no resource found for suffixes {-context.xml, Context.groovy}.
2022-07-28 04:27:58.450  INFO 10748 --- [    Test worker] .b.t.a.w.s.WebMvcTestContextBootstrapper : Loaded default TestExecutionListener class names from location [META-INF/spring.factories]: [org.springframework.boot.test.autoconfigure.restdocs.RestDocsTestExecutionListener, org.springframework.boot.test.autoconfigure.web.client.MockRestServiceServerResetTestExecutionListener, org.springframework.boot.test.autoconfigure.web.servlet.MockMvcPrintOnlyOnFailureTestExecutionListener, org.springframework.boot.test.autoconfigure.web.servlet.WebDriverTestExecutionListener, org.springframework.boot.test.autoconfigure.webservices.client.MockWebServiceServerTestExecutionListener, org.springframework.boot.test.mock.mockito.MockitoTestExecutionListener, org.springframework.boot.test.mock.mockito.ResetMocksTestExecutionListener, org.springframework.test.context.web.ServletTestExecutionListener, org.springframework.test.context.support.DirtiesContextBeforeModesTestExecutionListener, org.springframework.test.context.event.ApplicationEventsTestExecutionListener, org.springframework.test.context.support.DependencyInjectionTestExecutionListener, org.springframework.test.context.support.DirtiesContextTestExecutionListener, org.springframework.test.context.transaction.TransactionalTestExecutionListener, org.springframework.test.context.jdbc.SqlScriptsTestExecutionListener, org.springframework.test.context.event.EventPublishingTestExecutionListener]
2022-07-28 04:27:58.451  INFO 10748 --- [    Test worker] .b.t.a.w.s.WebMvcTestContextBootstrapper : Using TestExecutionListeners: [org.springframework.test.context.web.ServletTestExecutionListener@7c8d4a94, org.springframework.test.context.support.DirtiesContextBeforeModesTestExecutionListener@18d3759c, org.springframework.test.context.event.ApplicationEventsTestExecutionListener@416f3cd1, org.springframework.boot.test.mock.mockito.MockitoTestExecutionListener@1d3bca62, org.springframework.boot.test.autoconfigure.SpringBootDependencyInjectionTestExecutionListener@b74eabb, org.springframework.test.context.support.DirtiesContextTestExecutionListener@80801dc, org.springframework.test.context.transaction.TransactionalTestExecutionListener@30393db8, org.springframework.test.context.jdbc.SqlScriptsTestExecutionListener@73129907, org.springframework.test.context.event.EventPublishingTestExecutionListener@5f9f94ec, org.springframework.boot.test.autoconfigure.restdocs.RestDocsTestExecutionListener@17d17822, org.springframework.boot.test.autoconfigure.web.client.MockRestServiceServerResetTestExecutionListener@6e7c539d, org.springframework.boot.test.autoconfigure.web.servlet.MockMvcPrintOnlyOnFailureTestExecutionListener@9c125f4, org.springframework.boot.test.autoconfigure.web.servlet.WebDriverTestExecutionListener@2a5ae8d4, org.springframework.boot.test.autoconfigure.webservices.client.MockWebServiceServerTestExecutionListener@36d685d5, org.springframework.boot.test.mock.mockito.ResetMocksTestExecutionListener@3abad829]

  .   ____          _            __ _ _
 /\\ / ___'_ __ _ _(_)_ __  __ _ \ \ \ \
( ( )\___ | '_ | '_| | '_ \/ _` | \ \ \ \
 \\/  ___)| |_)| | | | | || (_| |  ) ) ) )
  '  |____| .__|_| |_|_| |_\__, | / / / /
 =========|_|==============|___/=/_/_/_/
 :: Spring Boot ::                (v2.6.7)

2022-07-28 04:27:58.480  INFO 10748 --- [    Test worker] c.c.planta.ComandoPlantaControladorTest  : Starting ComandoPlantaControladorTest using Java 17.0.3 on RODRIGO-MONTERO with PID 10748 (started by rodrigo.montero in D:\Adn\java-arquitectura-hexagonal\microservicio\infraestructura)
2022-07-28 04:27:58.480  INFO 10748 --- [    Test worker] c.c.planta.ComandoPlantaControladorTest  : No active profile set, falling back to 1 default profile: "default"
2022-07-28 04:27:58.573  INFO 10748 --- [    Test worker] com.zaxxer.hikari.HikariDataSource       : pool - Starting...
2022-07-28 04:27:58.575  INFO 10748 --- [    Test worker] com.zaxxer.hikari.HikariDataSource       : pool - Start completed.
2022-07-28 04:27:58.665  INFO 10748 --- [    Test worker] o.s.j.d.e.EmbeddedDatabaseFactory        : Starting embedded database: url='jdbc:h2:mem:testdb;DB_CLOSE_DELAY=-1;DB_CLOSE_ON_EXIT=false', username='sa'
2022-07-28 04:27:58.669  INFO 10748 --- [    Test worker] o.f.c.i.database.base.DatabaseType       : Database: jdbc:h2:mem:testdb (H2 1.4)
2022-07-28 04:27:58.672  INFO 10748 --- [    Test worker] o.f.core.internal.command.DbValidate     : Successfully validated 2 migrations (execution time 00:00.001s)
2022-07-28 04:27:58.674  INFO 10748 --- [    Test worker] o.f.c.i.s.JdbcTableSchemaHistory         : Creating Schema History table "PUBLIC"."flyway_schema_history" ...
2022-07-28 04:27:58.679  INFO 10748 --- [    Test worker] o.f.core.internal.command.DbMigrate      : Current version of schema "PUBLIC": << Empty Schema >>
2022-07-28 04:27:58.681  INFO 10748 --- [    Test worker] o.f.core.internal.command.DbMigrate      : Migrating schema "PUBLIC" to version 1.0 - schema
2022-07-28 04:27:58.691  INFO 10748 --- [    Test worker] o.f.core.internal.command.DbMigrate      : Migrating schema "PUBLIC" to version 1.1 - data
2022-07-28 04:27:58.698  INFO 10748 --- [    Test worker] o.f.core.internal.command.DbMigrate      : Successfully applied 2 migrations to schema "PUBLIC" (execution time 00:00.020s)
2022-07-28 04:27:59.020  INFO 10748 --- [    Test worker] o.s.b.t.m.w.SpringBootMockServletContext : Initializing Spring TestDispatcherServlet ''
2022-07-28 04:27:59.021  INFO 10748 --- [    Test worker] o.s.t.web.servlet.TestDispatcherServlet  : Initializing Servlet ''
2022-07-28 04:27:59.021  INFO 10748 --- [    Test worker] o.s.t.web.servlet.TestDispatcherServlet  : Completed initialization in 0 ms
2022-07-28 04:27:59.029  INFO 10748 --- [    Test worker] c.c.planta.ComandoPlantaControladorTest  : Started ComandoPlantaControladorTest in 0.573 seconds (JVM running for 16.399)
]]></system-out>
  <system-err><![CDATA[]]></system-err>
</testsuite>
