<?xml version="1.0" encoding="UTF-8"?>
<testsuite name="com.ceiba.empleado.ConsultaEmpleadoControladorTest" tests="1" skipped="0" failures="0" errors="0" timestamp="2022-06-28T12:47:36" hostname="RODRIGO-MONTERO" time="0.231">
  <properties/>
  <testcase name="consultarEmpleados()" classname="com.ceiba.empleado.ConsultaEmpleadoControladorTest" time="0.231"/>
  <system-out><![CDATA[2022-06-28 07:47:36.225  INFO 29996 --- [    Test worker] o.s.t.c.support.AbstractContextLoader    : Could not detect default resource locations for test class [com.ceiba.empleado.ConsultaEmpleadoControladorTest]: no resource found for suffixes {-context.xml, Context.groovy}.
2022-06-28 07:47:36.229  INFO 29996 --- [    Test worker] .b.t.a.w.s.WebMvcTestContextBootstrapper : Loaded default TestExecutionListener class names from location [META-INF/spring.factories]: [org.springframework.boot.test.autoconfigure.restdocs.RestDocsTestExecutionListener, org.springframework.boot.test.autoconfigure.web.client.MockRestServiceServerResetTestExecutionListener, org.springframework.boot.test.autoconfigure.web.servlet.MockMvcPrintOnlyOnFailureTestExecutionListener, org.springframework.boot.test.autoconfigure.web.servlet.WebDriverTestExecutionListener, org.springframework.boot.test.autoconfigure.webservices.client.MockWebServiceServerTestExecutionListener, org.springframework.boot.test.mock.mockito.MockitoTestExecutionListener, org.springframework.boot.test.mock.mockito.ResetMocksTestExecutionListener, org.springframework.test.context.web.ServletTestExecutionListener, org.springframework.test.context.support.DirtiesContextBeforeModesTestExecutionListener, org.springframework.test.context.event.ApplicationEventsTestExecutionListener, org.springframework.test.context.support.DependencyInjectionTestExecutionListener, org.springframework.test.context.support.DirtiesContextTestExecutionListener, org.springframework.test.context.transaction.TransactionalTestExecutionListener, org.springframework.test.context.jdbc.SqlScriptsTestExecutionListener, org.springframework.test.context.event.EventPublishingTestExecutionListener]
2022-06-28 07:47:36.229  INFO 29996 --- [    Test worker] .b.t.a.w.s.WebMvcTestContextBootstrapper : Using TestExecutionListeners: [org.springframework.test.context.web.ServletTestExecutionListener@1b5a471d, org.springframework.test.context.support.DirtiesContextBeforeModesTestExecutionListener@1ff49da3, org.springframework.test.context.event.ApplicationEventsTestExecutionListener@68fbb22, org.springframework.boot.test.mock.mockito.MockitoTestExecutionListener@64a82b3c, org.springframework.boot.test.autoconfigure.SpringBootDependencyInjectionTestExecutionListener@2d83ea1b, org.springframework.test.context.support.DirtiesContextTestExecutionListener@16a1738d, org.springframework.test.context.transaction.TransactionalTestExecutionListener@6d0c8cd0, org.springframework.test.context.jdbc.SqlScriptsTestExecutionListener@48d8ab86, org.springframework.test.context.event.EventPublishingTestExecutionListener@7a3953b4, org.springframework.boot.test.autoconfigure.restdocs.RestDocsTestExecutionListener@67196a65, org.springframework.boot.test.autoconfigure.web.client.MockRestServiceServerResetTestExecutionListener@6efa105a, org.springframework.boot.test.autoconfigure.web.servlet.MockMvcPrintOnlyOnFailureTestExecutionListener@63730298, org.springframework.boot.test.autoconfigure.web.servlet.WebDriverTestExecutionListener@53e759b1, org.springframework.boot.test.autoconfigure.webservices.client.MockWebServiceServerTestExecutionListener@7f815bea, org.springframework.boot.test.mock.mockito.ResetMocksTestExecutionListener@4147ec80]

  .   ____          _            __ _ _
 /\\ / ___'_ __ _ _(_)_ __  __ _ \ \ \ \
( ( )\___ | '_ | '_| | '_ \/ _` | \ \ \ \
 \\/  ___)| |_)| | | | | || (_| |  ) ) ) )
  '  |____| .__|_| |_|_| |_\__, | / / / /
 =========|_|==============|___/=/_/_/_/
 :: Spring Boot ::                (v2.6.7)

2022-06-28 07:47:36.258  INFO 29996 --- [    Test worker] c.c.e.ConsultaEmpleadoControladorTest    : Starting ConsultaEmpleadoControladorTest using Java 17.0.2 on RODRIGO-MONTERO with PID 29996 (started by rodrigo.montero in D:\Adn\java-arquitectura-hexagonal\microservicio\infraestructura)
2022-06-28 07:47:36.258  INFO 29996 --- [    Test worker] c.c.e.ConsultaEmpleadoControladorTest    : No active profile set, falling back to 1 default profile: "default"
2022-06-28 07:47:36.379  INFO 29996 --- [    Test worker] com.zaxxer.hikari.HikariDataSource       : pool - Starting...
2022-06-28 07:47:36.381  INFO 29996 --- [    Test worker] com.zaxxer.hikari.HikariDataSource       : pool - Start completed.
2022-06-28 07:47:36.486  INFO 29996 --- [    Test worker] o.s.j.d.e.EmbeddedDatabaseFactory        : Starting embedded database: url='jdbc:h2:mem:testdb;DB_CLOSE_DELAY=-1;DB_CLOSE_ON_EXIT=false', username='sa'
2022-06-28 07:47:36.491  INFO 29996 --- [    Test worker] o.f.c.i.database.base.DatabaseType       : Database: jdbc:h2:mem:testdb (H2 1.4)
2022-06-28 07:47:36.496  INFO 29996 --- [    Test worker] o.f.core.internal.command.DbValidate     : Successfully validated 2 migrations (execution time 00:00.002s)
2022-06-28 07:47:36.499  INFO 29996 --- [    Test worker] o.f.c.i.s.JdbcTableSchemaHistory         : Creating Schema History table "PUBLIC"."flyway_schema_history" ...
2022-06-28 07:47:36.505  INFO 29996 --- [    Test worker] o.f.core.internal.command.DbMigrate      : Current version of schema "PUBLIC": << Empty Schema >>
2022-06-28 07:47:36.507  INFO 29996 --- [    Test worker] o.f.core.internal.command.DbMigrate      : Migrating schema "PUBLIC" to version 1.0 - schema
2022-06-28 07:47:36.525  INFO 29996 --- [    Test worker] o.f.core.internal.command.DbMigrate      : Migrating schema "PUBLIC" to version 1.1 - data
2022-06-28 07:47:36.535  INFO 29996 --- [    Test worker] o.f.core.internal.command.DbMigrate      : Successfully applied 2 migrations to schema "PUBLIC" (execution time 00:00.031s)
2022-06-28 07:47:36.862  INFO 29996 --- [    Test worker] o.s.b.t.m.w.SpringBootMockServletContext : Initializing Spring TestDispatcherServlet ''
2022-06-28 07:47:36.862  INFO 29996 --- [    Test worker] o.s.t.web.servlet.TestDispatcherServlet  : Initializing Servlet ''
2022-06-28 07:47:36.862  INFO 29996 --- [    Test worker] o.s.t.web.servlet.TestDispatcherServlet  : Completed initialization in 0 ms
2022-06-28 07:47:36.872  INFO 29996 --- [    Test worker] c.c.e.ConsultaEmpleadoControladorTest    : Started ConsultaEmpleadoControladorTest in 0.64 seconds (JVM running for 11.513)
2022-06-28 07:47:36.884  INFO 29996 --- [    Test worker] o.s.j.d.e.EmbeddedDatabaseFactory        : Shutting down embedded database: url='jdbc:h2:mem:testdb;DB_CLOSE_DELAY=-1;DB_CLOSE_ON_EXIT=false'
2022-06-28 07:47:37.105  INFO 29996 --- [    Test worker] com.zaxxer.hikari.HikariDataSource       : pool - Shutdown initiated...
2022-06-28 07:47:37.106  INFO 29996 --- [    Test worker] com.zaxxer.hikari.HikariDataSource       : pool - Shutdown completed.
]]></system-out>
  <system-err><![CDATA[]]></system-err>
</testsuite>
