<?xml version="1.0" encoding="UTF-8"?>
<testsuite name="com.ceiba.planta.ConsultaPlantaControladorTest" tests="2" skipped="0" failures="0" errors="0" timestamp="2022-07-26T20:30:46" hostname="RODRIGO-MONTERO" time="0.993">
  <properties/>
  <testcase name="consultarPlantaPorProveedor()" classname="com.ceiba.planta.ConsultaPlantaControladorTest" time="0.215"/>
  <testcase name="consultarPlantas()" classname="com.ceiba.planta.ConsultaPlantaControladorTest" time="0.22"/>
  <system-out><![CDATA[2022-07-26 15:30:46.353  INFO 24088 --- [    Test worker] o.s.t.c.support.AbstractContextLoader    : Could not detect default resource locations for test class [com.ceiba.planta.ConsultaPlantaControladorTest]: no resource found for suffixes {-context.xml, Context.groovy}.
2022-07-26 15:30:46.355  INFO 24088 --- [    Test worker] .b.t.a.w.s.WebMvcTestContextBootstrapper : Loaded default TestExecutionListener class names from location [META-INF/spring.factories]: [org.springframework.boot.test.autoconfigure.restdocs.RestDocsTestExecutionListener, org.springframework.boot.test.autoconfigure.web.client.MockRestServiceServerResetTestExecutionListener, org.springframework.boot.test.autoconfigure.web.servlet.MockMvcPrintOnlyOnFailureTestExecutionListener, org.springframework.boot.test.autoconfigure.web.servlet.WebDriverTestExecutionListener, org.springframework.boot.test.autoconfigure.webservices.client.MockWebServiceServerTestExecutionListener, org.springframework.boot.test.mock.mockito.MockitoTestExecutionListener, org.springframework.boot.test.mock.mockito.ResetMocksTestExecutionListener, org.springframework.test.context.web.ServletTestExecutionListener, org.springframework.test.context.support.DirtiesContextBeforeModesTestExecutionListener, org.springframework.test.context.event.ApplicationEventsTestExecutionListener, org.springframework.test.context.support.DependencyInjectionTestExecutionListener, org.springframework.test.context.support.DirtiesContextTestExecutionListener, org.springframework.test.context.transaction.TransactionalTestExecutionListener, org.springframework.test.context.jdbc.SqlScriptsTestExecutionListener, org.springframework.test.context.event.EventPublishingTestExecutionListener]
2022-07-26 15:30:46.355  INFO 24088 --- [    Test worker] .b.t.a.w.s.WebMvcTestContextBootstrapper : Using TestExecutionListeners: [org.springframework.test.context.web.ServletTestExecutionListener@328b43f6, org.springframework.test.context.support.DirtiesContextBeforeModesTestExecutionListener@70c371e9, org.springframework.test.context.event.ApplicationEventsTestExecutionListener@6637971d, org.springframework.boot.test.mock.mockito.MockitoTestExecutionListener@3f350e2b, org.springframework.boot.test.autoconfigure.SpringBootDependencyInjectionTestExecutionListener@57c97ec8, org.springframework.test.context.support.DirtiesContextTestExecutionListener@3cee11e1, org.springframework.test.context.transaction.TransactionalTestExecutionListener@66bbf61e, org.springframework.test.context.jdbc.SqlScriptsTestExecutionListener@71e8e8b4, org.springframework.test.context.event.EventPublishingTestExecutionListener@6d4be77f, org.springframework.boot.test.autoconfigure.restdocs.RestDocsTestExecutionListener@21e6822e, org.springframework.boot.test.autoconfigure.web.client.MockRestServiceServerResetTestExecutionListener@18548b0a, org.springframework.boot.test.autoconfigure.web.servlet.MockMvcPrintOnlyOnFailureTestExecutionListener@2ecf7dfc, org.springframework.boot.test.autoconfigure.web.servlet.WebDriverTestExecutionListener@1c0d0745, org.springframework.boot.test.autoconfigure.webservices.client.MockWebServiceServerTestExecutionListener@9ef0118, org.springframework.boot.test.mock.mockito.ResetMocksTestExecutionListener@35dfd7f4]

  .   ____          _            __ _ _
 /\\ / ___'_ __ _ _(_)_ __  __ _ \ \ \ \
( ( )\___ | '_ | '_| | '_ \/ _` | \ \ \ \
 \\/  ___)| |_)| | | | | || (_| |  ) ) ) )
  '  |____| .__|_| |_|_| |_\__, | / / / /
 =========|_|==============|___/=/_/_/_/
 :: Spring Boot ::                (v2.6.7)

2022-07-26 15:30:46.372  INFO 24088 --- [    Test worker] c.c.p.ConsultaPlantaControladorTest      : Starting ConsultaPlantaControladorTest using Java 17.0.3 on RODRIGO-MONTERO with PID 24088 (started by rodrigo.montero in D:\Adn\java-arquitectura-hexagonal\microservicio\infraestructura)
2022-07-26 15:30:46.373  INFO 24088 --- [    Test worker] c.c.p.ConsultaPlantaControladorTest      : No active profile set, falling back to 1 default profile: "default"
2022-07-26 15:30:46.464  INFO 24088 --- [    Test worker] com.zaxxer.hikari.HikariDataSource       : pool - Starting...
2022-07-26 15:30:46.465  INFO 24088 --- [    Test worker] com.zaxxer.hikari.HikariDataSource       : pool - Start completed.
2022-07-26 15:30:46.548  INFO 24088 --- [    Test worker] o.s.j.d.e.EmbeddedDatabaseFactory        : Starting embedded database: url='jdbc:h2:mem:testdb;DB_CLOSE_DELAY=-1;DB_CLOSE_ON_EXIT=false', username='sa'
2022-07-26 15:30:46.551  INFO 24088 --- [    Test worker] o.f.c.i.database.base.DatabaseType       : Database: jdbc:h2:mem:testdb (H2 1.4)
2022-07-26 15:30:46.555  INFO 24088 --- [    Test worker] o.f.core.internal.command.DbValidate     : Successfully validated 2 migrations (execution time 00:00.002s)
2022-07-26 15:30:46.559  INFO 24088 --- [    Test worker] o.f.core.internal.command.DbMigrate      : Current version of schema "PUBLIC": 1.1
2022-07-26 15:30:46.560  INFO 24088 --- [    Test worker] o.f.core.internal.command.DbMigrate      : Schema "PUBLIC" is up to date. No migration necessary.
2022-07-26 15:30:46.859  INFO 24088 --- [    Test worker] o.s.b.t.m.w.SpringBootMockServletContext : Initializing Spring TestDispatcherServlet ''
2022-07-26 15:30:46.859  INFO 24088 --- [    Test worker] o.s.t.web.servlet.TestDispatcherServlet  : Initializing Servlet ''
2022-07-26 15:30:46.860  INFO 24088 --- [    Test worker] o.s.t.web.servlet.TestDispatcherServlet  : Completed initialization in 1 ms
2022-07-26 15:30:46.867  INFO 24088 --- [    Test worker] c.c.p.ConsultaPlantaControladorTest      : Started ConsultaPlantaControladorTest in 0.509 seconds (JVM running for 17.136)
2022-07-26 15:30:46.876  INFO 24088 --- [    Test worker] o.s.j.d.e.EmbeddedDatabaseFactory        : Shutting down embedded database: url='jdbc:h2:mem:testdb;DB_CLOSE_DELAY=-1;DB_CLOSE_ON_EXIT=false'
2022-07-26 15:30:47.081  INFO 24088 --- [    Test worker] com.zaxxer.hikari.HikariDataSource       : pool - Shutdown initiated...
2022-07-26 15:30:47.083  INFO 24088 --- [    Test worker] com.zaxxer.hikari.HikariDataSource       : pool - Shutdown completed.

  .   ____          _            __ _ _
 /\\ / ___'_ __ _ _(_)_ __  __ _ \ \ \ \
( ( )\___ | '_ | '_| | '_ \/ _` | \ \ \ \
 \\/  ___)| |_)| | | | | || (_| |  ) ) ) )
  '  |____| .__|_| |_|_| |_\__, | / / / /
 =========|_|==============|___/=/_/_/_/
 :: Spring Boot ::                (v2.6.7)

2022-07-26 15:30:47.119  INFO 24088 --- [    Test worker] c.c.p.ConsultaPlantaControladorTest      : Starting ConsultaPlantaControladorTest using Java 17.0.3 on RODRIGO-MONTERO with PID 24088 (started by rodrigo.montero in D:\Adn\java-arquitectura-hexagonal\microservicio\infraestructura)
2022-07-26 15:30:47.119  INFO 24088 --- [    Test worker] c.c.p.ConsultaPlantaControladorTest      : No active profile set, falling back to 1 default profile: "default"
2022-07-26 15:30:47.217  INFO 24088 --- [    Test worker] com.zaxxer.hikari.HikariDataSource       : pool - Starting...
2022-07-26 15:30:47.219  INFO 24088 --- [    Test worker] com.zaxxer.hikari.HikariDataSource       : pool - Start completed.
2022-07-26 15:30:47.313  INFO 24088 --- [    Test worker] o.s.j.d.e.EmbeddedDatabaseFactory        : Starting embedded database: url='jdbc:h2:mem:testdb;DB_CLOSE_DELAY=-1;DB_CLOSE_ON_EXIT=false', username='sa'
2022-07-26 15:30:47.316  INFO 24088 --- [    Test worker] o.f.c.i.database.base.DatabaseType       : Database: jdbc:h2:mem:testdb (H2 1.4)
2022-07-26 15:30:47.320  INFO 24088 --- [    Test worker] o.f.core.internal.command.DbValidate     : Successfully validated 2 migrations (execution time 00:00.001s)
2022-07-26 15:30:47.322  INFO 24088 --- [    Test worker] o.f.c.i.s.JdbcTableSchemaHistory         : Creating Schema History table "PUBLIC"."flyway_schema_history" ...
2022-07-26 15:30:47.327  INFO 24088 --- [    Test worker] o.f.core.internal.command.DbMigrate      : Current version of schema "PUBLIC": << Empty Schema >>
2022-07-26 15:30:47.328  INFO 24088 --- [    Test worker] o.f.core.internal.command.DbMigrate      : Migrating schema "PUBLIC" to version 1.0 - schema
2022-07-26 15:30:47.338  INFO 24088 --- [    Test worker] o.f.core.internal.command.DbMigrate      : Migrating schema "PUBLIC" to version 1.1 - data
2022-07-26 15:30:47.347  INFO 24088 --- [    Test worker] o.f.core.internal.command.DbMigrate      : Successfully applied 2 migrations to schema "PUBLIC" (execution time 00:00.021s)
2022-07-26 15:30:47.633  INFO 24088 --- [    Test worker] o.s.b.t.m.w.SpringBootMockServletContext : Initializing Spring TestDispatcherServlet ''
2022-07-26 15:30:47.633  INFO 24088 --- [    Test worker] o.s.t.web.servlet.TestDispatcherServlet  : Initializing Servlet ''
2022-07-26 15:30:47.633  INFO 24088 --- [    Test worker] o.s.t.web.servlet.TestDispatcherServlet  : Completed initialization in 0 ms
2022-07-26 15:30:47.640  INFO 24088 --- [    Test worker] c.c.p.ConsultaPlantaControladorTest      : Started ConsultaPlantaControladorTest in 0.552 seconds (JVM running for 17.909)
2022-07-26 15:30:47.649  INFO 24088 --- [    Test worker] o.s.j.d.e.EmbeddedDatabaseFactory        : Shutting down embedded database: url='jdbc:h2:mem:testdb;DB_CLOSE_DELAY=-1;DB_CLOSE_ON_EXIT=false'
2022-07-26 15:30:47.858  INFO 24088 --- [    Test worker] com.zaxxer.hikari.HikariDataSource       : pool - Shutdown initiated...
2022-07-26 15:30:47.860  INFO 24088 --- [    Test worker] com.zaxxer.hikari.HikariDataSource       : pool - Shutdown completed.
]]></system-out>
  <system-err><![CDATA[]]></system-err>
</testsuite>
