<?xml version="1.0" encoding="UTF-8"?>
<testsuite name="com.ceiba.planta.ConsultaPlantaControladorTest" tests="2" skipped="0" failures="0" errors="0" timestamp="2022-07-27T09:28:03" hostname="RODRIGO-MONTERO" time="0.952">
  <properties/>
  <testcase name="consultarPlantaPorProveedor()" classname="com.ceiba.planta.ConsultaPlantaControladorTest" time="0.224"/>
  <testcase name="consultarPlantas()" classname="com.ceiba.planta.ConsultaPlantaControladorTest" time="0.222"/>
  <system-out><![CDATA[2022-07-27 04:28:02.476  INFO 13336 --- [    Test worker] o.s.t.c.support.AbstractContextLoader    : Could not detect default resource locations for test class [com.ceiba.planta.ConsultaPlantaControladorTest]: no resource found for suffixes {-context.xml, Context.groovy}.
2022-07-27 04:28:02.478  INFO 13336 --- [    Test worker] .b.t.a.w.s.WebMvcTestContextBootstrapper : Loaded default TestExecutionListener class names from location [META-INF/spring.factories]: [org.springframework.boot.test.autoconfigure.restdocs.RestDocsTestExecutionListener, org.springframework.boot.test.autoconfigure.web.client.MockRestServiceServerResetTestExecutionListener, org.springframework.boot.test.autoconfigure.web.servlet.MockMvcPrintOnlyOnFailureTestExecutionListener, org.springframework.boot.test.autoconfigure.web.servlet.WebDriverTestExecutionListener, org.springframework.boot.test.autoconfigure.webservices.client.MockWebServiceServerTestExecutionListener, org.springframework.boot.test.mock.mockito.MockitoTestExecutionListener, org.springframework.boot.test.mock.mockito.ResetMocksTestExecutionListener, org.springframework.test.context.web.ServletTestExecutionListener, org.springframework.test.context.support.DirtiesContextBeforeModesTestExecutionListener, org.springframework.test.context.event.ApplicationEventsTestExecutionListener, org.springframework.test.context.support.DependencyInjectionTestExecutionListener, org.springframework.test.context.support.DirtiesContextTestExecutionListener, org.springframework.test.context.transaction.TransactionalTestExecutionListener, org.springframework.test.context.jdbc.SqlScriptsTestExecutionListener, org.springframework.test.context.event.EventPublishingTestExecutionListener]
2022-07-27 04:28:02.479  INFO 13336 --- [    Test worker] .b.t.a.w.s.WebMvcTestContextBootstrapper : Using TestExecutionListeners: [org.springframework.test.context.web.ServletTestExecutionListener@59d20597, org.springframework.test.context.support.DirtiesContextBeforeModesTestExecutionListener@31525ed3, org.springframework.test.context.event.ApplicationEventsTestExecutionListener@56563440, org.springframework.boot.test.mock.mockito.MockitoTestExecutionListener@c94b341, org.springframework.boot.test.autoconfigure.SpringBootDependencyInjectionTestExecutionListener@45a3f1f9, org.springframework.test.context.support.DirtiesContextTestExecutionListener@66248b58, org.springframework.test.context.transaction.TransactionalTestExecutionListener@13757e8, org.springframework.test.context.jdbc.SqlScriptsTestExecutionListener@2890e234, org.springframework.test.context.event.EventPublishingTestExecutionListener@7266e2e6, org.springframework.boot.test.autoconfigure.restdocs.RestDocsTestExecutionListener@30dad9b9, org.springframework.boot.test.autoconfigure.web.client.MockRestServiceServerResetTestExecutionListener@be9505d, org.springframework.boot.test.autoconfigure.web.servlet.MockMvcPrintOnlyOnFailureTestExecutionListener@24479256, org.springframework.boot.test.autoconfigure.web.servlet.WebDriverTestExecutionListener@617335ea, org.springframework.boot.test.autoconfigure.webservices.client.MockWebServiceServerTestExecutionListener@7023f6c, org.springframework.boot.test.mock.mockito.ResetMocksTestExecutionListener@4628ec69]

  .   ____          _            __ _ _
 /\\ / ___'_ __ _ _(_)_ __  __ _ \ \ \ \
( ( )\___ | '_ | '_| | '_ \/ _` | \ \ \ \
 \\/  ___)| |_)| | | | | || (_| |  ) ) ) )
  '  |____| .__|_| |_|_| |_\__, | / / / /
 =========|_|==============|___/=/_/_/_/
 :: Spring Boot ::                (v2.6.7)

2022-07-27 04:28:02.495  INFO 13336 --- [    Test worker] c.c.p.ConsultaPlantaControladorTest      : Starting ConsultaPlantaControladorTest using Java 17.0.3 on RODRIGO-MONTERO with PID 13336 (started by rodrigo.montero in D:\Adn\java-arquitectura-hexagonal\microservicio\infraestructura)
2022-07-27 04:28:02.495  INFO 13336 --- [    Test worker] c.c.p.ConsultaPlantaControladorTest      : No active profile set, falling back to 1 default profile: "default"
2022-07-27 04:28:02.593  INFO 13336 --- [    Test worker] com.zaxxer.hikari.HikariDataSource       : pool - Starting...
2022-07-27 04:28:02.594  INFO 13336 --- [    Test worker] com.zaxxer.hikari.HikariDataSource       : pool - Start completed.
2022-07-27 04:28:02.692  INFO 13336 --- [    Test worker] o.s.j.d.e.EmbeddedDatabaseFactory        : Starting embedded database: url='jdbc:h2:mem:testdb;DB_CLOSE_DELAY=-1;DB_CLOSE_ON_EXIT=false', username='sa'
2022-07-27 04:28:02.696  INFO 13336 --- [    Test worker] o.f.c.i.database.base.DatabaseType       : Database: jdbc:h2:mem:testdb (H2 1.4)
2022-07-27 04:28:02.700  INFO 13336 --- [    Test worker] o.f.core.internal.command.DbValidate     : Successfully validated 2 migrations (execution time 00:00.002s)
2022-07-27 04:28:02.704  INFO 13336 --- [    Test worker] o.f.core.internal.command.DbMigrate      : Current version of schema "PUBLIC": 1.1
2022-07-27 04:28:02.706  INFO 13336 --- [    Test worker] o.f.core.internal.command.DbMigrate      : Schema "PUBLIC" is up to date. No migration necessary.
2022-07-27 04:28:03.008  INFO 13336 --- [    Test worker] o.s.b.t.m.w.SpringBootMockServletContext : Initializing Spring TestDispatcherServlet ''
2022-07-27 04:28:03.008  INFO 13336 --- [    Test worker] o.s.t.web.servlet.TestDispatcherServlet  : Initializing Servlet ''
2022-07-27 04:28:03.009  INFO 13336 --- [    Test worker] o.s.t.web.servlet.TestDispatcherServlet  : Completed initialization in 0 ms
2022-07-27 04:28:03.017  INFO 13336 --- [    Test worker] c.c.p.ConsultaPlantaControladorTest      : Started ConsultaPlantaControladorTest in 0.537 seconds (JVM running for 17.232)
2022-07-27 04:28:03.029  INFO 13336 --- [    Test worker] o.s.j.d.e.EmbeddedDatabaseFactory        : Shutting down embedded database: url='jdbc:h2:mem:testdb;DB_CLOSE_DELAY=-1;DB_CLOSE_ON_EXIT=false'
2022-07-27 04:28:03.242  INFO 13336 --- [    Test worker] com.zaxxer.hikari.HikariDataSource       : pool - Shutdown initiated...
2022-07-27 04:28:03.243  INFO 13336 --- [    Test worker] com.zaxxer.hikari.HikariDataSource       : pool - Shutdown completed.

  .   ____          _            __ _ _
 /\\ / ___'_ __ _ _(_)_ __  __ _ \ \ \ \
( ( )\___ | '_ | '_| | '_ \/ _` | \ \ \ \
 \\/  ___)| |_)| | | | | || (_| |  ) ) ) )
  '  |____| .__|_| |_|_| |_\__, | / / / /
 =========|_|==============|___/=/_/_/_/
 :: Spring Boot ::                (v2.6.7)

2022-07-27 04:28:03.260  INFO 13336 --- [    Test worker] c.c.p.ConsultaPlantaControladorTest      : Starting ConsultaPlantaControladorTest using Java 17.0.3 on RODRIGO-MONTERO with PID 13336 (started by rodrigo.montero in D:\Adn\java-arquitectura-hexagonal\microservicio\infraestructura)
2022-07-27 04:28:03.260  INFO 13336 --- [    Test worker] c.c.p.ConsultaPlantaControladorTest      : No active profile set, falling back to 1 default profile: "default"
2022-07-27 04:28:03.347  INFO 13336 --- [    Test worker] com.zaxxer.hikari.HikariDataSource       : pool - Starting...
2022-07-27 04:28:03.354  INFO 13336 --- [    Test worker] com.zaxxer.hikari.HikariDataSource       : pool - Start completed.
2022-07-27 04:28:03.429  INFO 13336 --- [    Test worker] o.s.j.d.e.EmbeddedDatabaseFactory        : Starting embedded database: url='jdbc:h2:mem:testdb;DB_CLOSE_DELAY=-1;DB_CLOSE_ON_EXIT=false', username='sa'
2022-07-27 04:28:03.432  INFO 13336 --- [    Test worker] o.f.c.i.database.base.DatabaseType       : Database: jdbc:h2:mem:testdb (H2 1.4)
2022-07-27 04:28:03.435  INFO 13336 --- [    Test worker] o.f.core.internal.command.DbValidate     : Successfully validated 2 migrations (execution time 00:00.001s)
2022-07-27 04:28:03.438  INFO 13336 --- [    Test worker] o.f.c.i.s.JdbcTableSchemaHistory         : Creating Schema History table "PUBLIC"."flyway_schema_history" ...
2022-07-27 04:28:03.444  INFO 13336 --- [    Test worker] o.f.core.internal.command.DbMigrate      : Current version of schema "PUBLIC": << Empty Schema >>
2022-07-27 04:28:03.446  INFO 13336 --- [    Test worker] o.f.core.internal.command.DbMigrate      : Migrating schema "PUBLIC" to version 1.0 - schema
2022-07-27 04:28:03.459  INFO 13336 --- [    Test worker] o.f.core.internal.command.DbMigrate      : Migrating schema "PUBLIC" to version 1.1 - data
2022-07-27 04:28:03.468  INFO 13336 --- [    Test worker] o.f.core.internal.command.DbMigrate      : Successfully applied 2 migrations to schema "PUBLIC" (execution time 00:00.026s)
2022-07-27 04:28:03.740  INFO 13336 --- [    Test worker] o.s.b.t.m.w.SpringBootMockServletContext : Initializing Spring TestDispatcherServlet ''
2022-07-27 04:28:03.740  INFO 13336 --- [    Test worker] o.s.t.web.servlet.TestDispatcherServlet  : Initializing Servlet ''
2022-07-27 04:28:03.740  INFO 13336 --- [    Test worker] o.s.t.web.servlet.TestDispatcherServlet  : Completed initialization in 0 ms
2022-07-27 04:28:03.747  INFO 13336 --- [    Test worker] c.c.p.ConsultaPlantaControladorTest      : Started ConsultaPlantaControladorTest in 0.502 seconds (JVM running for 17.962)
2022-07-27 04:28:03.756  INFO 13336 --- [    Test worker] o.s.j.d.e.EmbeddedDatabaseFactory        : Shutting down embedded database: url='jdbc:h2:mem:testdb;DB_CLOSE_DELAY=-1;DB_CLOSE_ON_EXIT=false'
2022-07-27 04:28:03.970  INFO 13336 --- [    Test worker] com.zaxxer.hikari.HikariDataSource       : pool - Shutdown initiated...
2022-07-27 04:28:03.971  INFO 13336 --- [    Test worker] com.zaxxer.hikari.HikariDataSource       : pool - Shutdown completed.
]]></system-out>
  <system-err><![CDATA[]]></system-err>
</testsuite>
