<?xml version="1.0" encoding="UTF-8"?>
<testsuite name="com.ceiba.planta.ComandoPlantaControladorTest" tests="2" skipped="0" failures="0" errors="0" timestamp="2022-06-27T17:41:16" hostname="RODRIGO-MONTERO" time="0.032">
  <properties/>
  <testcase name="crear()" classname="com.ceiba.planta.ComandoPlantaControladorTest" time="0.019"/>
  <testcase name="eliminar()" classname="com.ceiba.planta.ComandoPlantaControladorTest" time="0.012"/>
  <system-out><![CDATA[2022-06-27 12:41:15.279  INFO 35024 --- [    Test worker] o.s.t.c.support.AbstractContextLoader    : Could not detect default resource locations for test class [com.ceiba.planta.ComandoPlantaControladorTest]: no resource found for suffixes {-context.xml, Context.groovy}.
2022-06-27 12:41:15.285  INFO 35024 --- [    Test worker] .b.t.a.w.s.WebMvcTestContextBootstrapper : Loaded default TestExecutionListener class names from location [META-INF/spring.factories]: [org.springframework.boot.test.autoconfigure.restdocs.RestDocsTestExecutionListener, org.springframework.boot.test.autoconfigure.web.client.MockRestServiceServerResetTestExecutionListener, org.springframework.boot.test.autoconfigure.web.servlet.MockMvcPrintOnlyOnFailureTestExecutionListener, org.springframework.boot.test.autoconfigure.web.servlet.WebDriverTestExecutionListener, org.springframework.boot.test.autoconfigure.webservices.client.MockWebServiceServerTestExecutionListener, org.springframework.boot.test.mock.mockito.MockitoTestExecutionListener, org.springframework.boot.test.mock.mockito.ResetMocksTestExecutionListener, org.springframework.test.context.web.ServletTestExecutionListener, org.springframework.test.context.support.DirtiesContextBeforeModesTestExecutionListener, org.springframework.test.context.event.ApplicationEventsTestExecutionListener, org.springframework.test.context.support.DependencyInjectionTestExecutionListener, org.springframework.test.context.support.DirtiesContextTestExecutionListener, org.springframework.test.context.transaction.TransactionalTestExecutionListener, org.springframework.test.context.jdbc.SqlScriptsTestExecutionListener, org.springframework.test.context.event.EventPublishingTestExecutionListener]
2022-06-27 12:41:15.285  INFO 35024 --- [    Test worker] .b.t.a.w.s.WebMvcTestContextBootstrapper : Using TestExecutionListeners: [org.springframework.test.context.web.ServletTestExecutionListener@526388ee, org.springframework.test.context.support.DirtiesContextBeforeModesTestExecutionListener@7543fe74, org.springframework.test.context.event.ApplicationEventsTestExecutionListener@7785e48b, org.springframework.boot.test.mock.mockito.MockitoTestExecutionListener@70685cad, org.springframework.boot.test.autoconfigure.SpringBootDependencyInjectionTestExecutionListener@3e828eb6, org.springframework.test.context.support.DirtiesContextTestExecutionListener@54d8774c, org.springframework.test.context.transaction.TransactionalTestExecutionListener@ca160e0, org.springframework.test.context.jdbc.SqlScriptsTestExecutionListener@3e1ec8ed, org.springframework.test.context.event.EventPublishingTestExecutionListener@144316a6, org.springframework.boot.test.autoconfigure.restdocs.RestDocsTestExecutionListener@3b66175, org.springframework.boot.test.autoconfigure.web.client.MockRestServiceServerResetTestExecutionListener@497b783, org.springframework.boot.test.autoconfigure.web.servlet.MockMvcPrintOnlyOnFailureTestExecutionListener@4c864e5c, org.springframework.boot.test.autoconfigure.web.servlet.WebDriverTestExecutionListener@407c974c, org.springframework.boot.test.autoconfigure.webservices.client.MockWebServiceServerTestExecutionListener@70f1ebff, org.springframework.boot.test.mock.mockito.ResetMocksTestExecutionListener@496361cd]

  .   ____          _            __ _ _
 /\\ / ___'_ __ _ _(_)_ __  __ _ \ \ \ \
( ( )\___ | '_ | '_| | '_ \/ _` | \ \ \ \
 \\/  ___)| |_)| | | | | || (_| |  ) ) ) )
  '  |____| .__|_| |_|_| |_\__, | / / / /
 =========|_|==============|___/=/_/_/_/
 :: Spring Boot ::                (v2.6.7)

2022-06-27 12:41:15.312  INFO 35024 --- [    Test worker] c.c.planta.ComandoPlantaControladorTest  : Starting ComandoPlantaControladorTest using Java 17.0.2 on RODRIGO-MONTERO with PID 35024 (started by rodrigo.montero in D:\Adn\java-arquitectura-hexagonal\microservicio\infraestructura)
2022-06-27 12:41:15.312  INFO 35024 --- [    Test worker] c.c.planta.ComandoPlantaControladorTest  : No active profile set, falling back to 1 default profile: "default"
2022-06-27 12:41:15.453  INFO 35024 --- [    Test worker] com.zaxxer.hikari.HikariDataSource       : pool - Starting...
2022-06-27 12:41:15.455  INFO 35024 --- [    Test worker] com.zaxxer.hikari.HikariDataSource       : pool - Start completed.
2022-06-27 12:41:15.596  INFO 35024 --- [    Test worker] o.s.j.d.e.EmbeddedDatabaseFactory        : Starting embedded database: url='jdbc:h2:mem:testdb;DB_CLOSE_DELAY=-1;DB_CLOSE_ON_EXIT=false', username='sa'
2022-06-27 12:41:15.601  INFO 35024 --- [    Test worker] o.f.c.i.database.base.DatabaseType       : Database: jdbc:h2:mem:testdb (H2 1.4)
2022-06-27 12:41:15.606  INFO 35024 --- [    Test worker] o.f.core.internal.command.DbValidate     : Successfully validated 2 migrations (execution time 00:00.002s)
2022-06-27 12:41:15.609  INFO 35024 --- [    Test worker] o.f.c.i.s.JdbcTableSchemaHistory         : Creating Schema History table "PUBLIC"."flyway_schema_history" ...
2022-06-27 12:41:15.616  INFO 35024 --- [    Test worker] o.f.core.internal.command.DbMigrate      : Current version of schema "PUBLIC": << Empty Schema >>
2022-06-27 12:41:15.619  INFO 35024 --- [    Test worker] o.f.core.internal.command.DbMigrate      : Migrating schema "PUBLIC" to version 1.0 - schema
2022-06-27 12:41:15.636  INFO 35024 --- [    Test worker] o.f.core.internal.command.DbMigrate      : Migrating schema "PUBLIC" to version 1.1 - data
2022-06-27 12:41:15.648  INFO 35024 --- [    Test worker] o.f.core.internal.command.DbMigrate      : Successfully applied 2 migrations to schema "PUBLIC" (execution time 00:00.035s)
2022-06-27 12:41:16.165  INFO 35024 --- [    Test worker] o.s.b.t.m.w.SpringBootMockServletContext : Initializing Spring TestDispatcherServlet ''
2022-06-27 12:41:16.165  INFO 35024 --- [    Test worker] o.s.t.web.servlet.TestDispatcherServlet  : Initializing Servlet ''
2022-06-27 12:41:16.166  INFO 35024 --- [    Test worker] o.s.t.web.servlet.TestDispatcherServlet  : Completed initialization in 1 ms
2022-06-27 12:41:16.179  INFO 35024 --- [    Test worker] c.c.planta.ComandoPlantaControladorTest  : Started ComandoPlantaControladorTest in 0.891 seconds (JVM running for 18.905)
]]></system-out>
  <system-err><![CDATA[]]></system-err>
</testsuite>
