<?xml version="1.0" encoding="UTF-8"?>
<testsuite name="com.ceiba.planta.ConsultaPlantaControladorTest" tests="2" skipped="0" failures="0" errors="0" timestamp="2022-06-27T20:48:31" hostname="RODRIGO-MONTERO" time="1.016">
  <properties/>
  <testcase name="consultarEmpleados()" classname="com.ceiba.planta.ConsultaPlantaControladorTest" time="0.231"/>
  <testcase name="consultarPlantaPorProveedor()" classname="com.ceiba.planta.ConsultaPlantaControladorTest" time="0.223"/>
  <system-out><![CDATA[2022-06-27 15:48:30.984  INFO 37724 --- [    Test worker] o.s.t.c.support.AbstractContextLoader    : Could not detect default resource locations for test class [com.ceiba.planta.ConsultaPlantaControladorTest]: no resource found for suffixes {-context.xml, Context.groovy}.
2022-06-27 15:48:30.986  INFO 37724 --- [    Test worker] .b.t.a.w.s.WebMvcTestContextBootstrapper : Loaded default TestExecutionListener class names from location [META-INF/spring.factories]: [org.springframework.boot.test.autoconfigure.restdocs.RestDocsTestExecutionListener, org.springframework.boot.test.autoconfigure.web.client.MockRestServiceServerResetTestExecutionListener, org.springframework.boot.test.autoconfigure.web.servlet.MockMvcPrintOnlyOnFailureTestExecutionListener, org.springframework.boot.test.autoconfigure.web.servlet.WebDriverTestExecutionListener, org.springframework.boot.test.autoconfigure.webservices.client.MockWebServiceServerTestExecutionListener, org.springframework.boot.test.mock.mockito.MockitoTestExecutionListener, org.springframework.boot.test.mock.mockito.ResetMocksTestExecutionListener, org.springframework.test.context.web.ServletTestExecutionListener, org.springframework.test.context.support.DirtiesContextBeforeModesTestExecutionListener, org.springframework.test.context.event.ApplicationEventsTestExecutionListener, org.springframework.test.context.support.DependencyInjectionTestExecutionListener, org.springframework.test.context.support.DirtiesContextTestExecutionListener, org.springframework.test.context.transaction.TransactionalTestExecutionListener, org.springframework.test.context.jdbc.SqlScriptsTestExecutionListener, org.springframework.test.context.event.EventPublishingTestExecutionListener]
2022-06-27 15:48:30.986  INFO 37724 --- [    Test worker] .b.t.a.w.s.WebMvcTestContextBootstrapper : Using TestExecutionListeners: [org.springframework.test.context.web.ServletTestExecutionListener@44747589, org.springframework.test.context.support.DirtiesContextBeforeModesTestExecutionListener@1b51db3b, org.springframework.test.context.event.ApplicationEventsTestExecutionListener@30268881, org.springframework.boot.test.mock.mockito.MockitoTestExecutionListener@446a5090, org.springframework.boot.test.autoconfigure.SpringBootDependencyInjectionTestExecutionListener@23d5ada9, org.springframework.test.context.support.DirtiesContextTestExecutionListener@36c832eb, org.springframework.test.context.transaction.TransactionalTestExecutionListener@32aed633, org.springframework.test.context.jdbc.SqlScriptsTestExecutionListener@24d6ee26, org.springframework.test.context.event.EventPublishingTestExecutionListener@2a60a7f0, org.springframework.boot.test.autoconfigure.restdocs.RestDocsTestExecutionListener@5d48873d, org.springframework.boot.test.autoconfigure.web.client.MockRestServiceServerResetTestExecutionListener@1913cde9, org.springframework.boot.test.autoconfigure.web.servlet.MockMvcPrintOnlyOnFailureTestExecutionListener@aa7a733, org.springframework.boot.test.autoconfigure.web.servlet.WebDriverTestExecutionListener@2557ceb0, org.springframework.boot.test.autoconfigure.webservices.client.MockWebServiceServerTestExecutionListener@3cbfd448, org.springframework.boot.test.mock.mockito.ResetMocksTestExecutionListener@3bc43ab3]

  .   ____          _            __ _ _
 /\\ / ___'_ __ _ _(_)_ __  __ _ \ \ \ \
( ( )\___ | '_ | '_| | '_ \/ _` | \ \ \ \
 \\/  ___)| |_)| | | | | || (_| |  ) ) ) )
  '  |____| .__|_| |_|_| |_\__, | / / / /
 =========|_|==============|___/=/_/_/_/
 :: Spring Boot ::                (v2.6.7)

2022-06-27 15:48:31.004  INFO 37724 --- [    Test worker] c.c.p.ConsultaPlantaControladorTest      : Starting ConsultaPlantaControladorTest using Java 17.0.2 on RODRIGO-MONTERO with PID 37724 (started by rodrigo.montero in D:\Adn\java-arquitectura-hexagonal\microservicio\infraestructura)
2022-06-27 15:48:31.004  INFO 37724 --- [    Test worker] c.c.p.ConsultaPlantaControladorTest      : No active profile set, falling back to 1 default profile: "default"
2022-06-27 15:48:31.100  INFO 37724 --- [    Test worker] com.zaxxer.hikari.HikariDataSource       : pool - Starting...
2022-06-27 15:48:31.101  INFO 37724 --- [    Test worker] com.zaxxer.hikari.HikariDataSource       : pool - Start completed.
2022-06-27 15:48:31.194  INFO 37724 --- [    Test worker] o.s.j.d.e.EmbeddedDatabaseFactory        : Starting embedded database: url='jdbc:h2:mem:testdb;DB_CLOSE_DELAY=-1;DB_CLOSE_ON_EXIT=false', username='sa'
2022-06-27 15:48:31.197  INFO 37724 --- [    Test worker] o.f.c.i.database.base.DatabaseType       : Database: jdbc:h2:mem:testdb (H2 1.4)
2022-06-27 15:48:31.201  INFO 37724 --- [    Test worker] o.f.core.internal.command.DbValidate     : Successfully validated 2 migrations (execution time 00:00.002s)
2022-06-27 15:48:31.207  INFO 37724 --- [    Test worker] o.f.core.internal.command.DbMigrate      : Current version of schema "PUBLIC": 1.1
2022-06-27 15:48:31.208  INFO 37724 --- [    Test worker] o.f.core.internal.command.DbMigrate      : Schema "PUBLIC" is up to date. No migration necessary.
2022-06-27 15:48:31.500  INFO 37724 --- [    Test worker] o.s.b.t.m.w.SpringBootMockServletContext : Initializing Spring TestDispatcherServlet ''
2022-06-27 15:48:31.501  INFO 37724 --- [    Test worker] o.s.t.web.servlet.TestDispatcherServlet  : Initializing Servlet ''
2022-06-27 15:48:31.501  INFO 37724 --- [    Test worker] o.s.t.web.servlet.TestDispatcherServlet  : Completed initialization in 0 ms
2022-06-27 15:48:31.508  INFO 37724 --- [    Test worker] c.c.p.ConsultaPlantaControladorTest      : Started ConsultaPlantaControladorTest in 0.52 seconds (JVM running for 13.814)
2022-06-27 15:48:31.517  INFO 37724 --- [    Test worker] o.s.j.d.e.EmbeddedDatabaseFactory        : Shutting down embedded database: url='jdbc:h2:mem:testdb;DB_CLOSE_DELAY=-1;DB_CLOSE_ON_EXIT=false'
2022-06-27 15:48:31.741  INFO 37724 --- [    Test worker] com.zaxxer.hikari.HikariDataSource       : pool - Shutdown initiated...
2022-06-27 15:48:31.742  INFO 37724 --- [    Test worker] com.zaxxer.hikari.HikariDataSource       : pool - Shutdown completed.

  .   ____          _            __ _ _
 /\\ / ___'_ __ _ _(_)_ __  __ _ \ \ \ \
( ( )\___ | '_ | '_| | '_ \/ _` | \ \ \ \
 \\/  ___)| |_)| | | | | || (_| |  ) ) ) )
  '  |____| .__|_| |_|_| |_\__, | / / / /
 =========|_|==============|___/=/_/_/_/
 :: Spring Boot ::                (v2.6.7)

2022-06-27 15:48:31.761  INFO 37724 --- [    Test worker] c.c.p.ConsultaPlantaControladorTest      : Starting ConsultaPlantaControladorTest using Java 17.0.2 on RODRIGO-MONTERO with PID 37724 (started by rodrigo.montero in D:\Adn\java-arquitectura-hexagonal\microservicio\infraestructura)
2022-06-27 15:48:31.761  INFO 37724 --- [    Test worker] c.c.p.ConsultaPlantaControladorTest      : No active profile set, falling back to 1 default profile: "default"
2022-06-27 15:48:31.852  INFO 37724 --- [    Test worker] com.zaxxer.hikari.HikariDataSource       : pool - Starting...
2022-06-27 15:48:31.854  INFO 37724 --- [    Test worker] com.zaxxer.hikari.HikariDataSource       : pool - Start completed.
2022-06-27 15:48:31.929  INFO 37724 --- [    Test worker] o.s.j.d.e.EmbeddedDatabaseFactory        : Starting embedded database: url='jdbc:h2:mem:testdb;DB_CLOSE_DELAY=-1;DB_CLOSE_ON_EXIT=false', username='sa'
2022-06-27 15:48:31.942  INFO 37724 --- [    Test worker] o.f.c.i.database.base.DatabaseType       : Database: jdbc:h2:mem:testdb (H2 1.4)
2022-06-27 15:48:31.946  INFO 37724 --- [    Test worker] o.f.core.internal.command.DbValidate     : Successfully validated 2 migrations (execution time 00:00.001s)
2022-06-27 15:48:31.948  INFO 37724 --- [    Test worker] o.f.c.i.s.JdbcTableSchemaHistory         : Creating Schema History table "PUBLIC"."flyway_schema_history" ...
2022-06-27 15:48:31.953  INFO 37724 --- [    Test worker] o.f.core.internal.command.DbMigrate      : Current version of schema "PUBLIC": << Empty Schema >>
2022-06-27 15:48:31.956  INFO 37724 --- [    Test worker] o.f.core.internal.command.DbMigrate      : Migrating schema "PUBLIC" to version 1.0 - schema
2022-06-27 15:48:31.967  INFO 37724 --- [    Test worker] o.f.core.internal.command.DbMigrate      : Migrating schema "PUBLIC" to version 1.1 - data
2022-06-27 15:48:31.975  INFO 37724 --- [    Test worker] o.f.core.internal.command.DbMigrate      : Successfully applied 2 migrations to schema "PUBLIC" (execution time 00:00.023s)
2022-06-27 15:48:32.294  INFO 37724 --- [    Test worker] o.s.b.t.m.w.SpringBootMockServletContext : Initializing Spring TestDispatcherServlet ''
2022-06-27 15:48:32.294  INFO 37724 --- [    Test worker] o.s.t.web.servlet.TestDispatcherServlet  : Initializing Servlet ''
2022-06-27 15:48:32.294  INFO 37724 --- [    Test worker] o.s.t.web.servlet.TestDispatcherServlet  : Completed initialization in 0 ms
2022-06-27 15:48:32.301  INFO 37724 --- [    Test worker] c.c.p.ConsultaPlantaControladorTest      : Started ConsultaPlantaControladorTest in 0.558 seconds (JVM running for 14.608)
2022-06-27 15:48:32.312  INFO 37724 --- [    Test worker] o.s.j.d.e.EmbeddedDatabaseFactory        : Shutting down embedded database: url='jdbc:h2:mem:testdb;DB_CLOSE_DELAY=-1;DB_CLOSE_ON_EXIT=false'
2022-06-27 15:48:32.524  INFO 37724 --- [    Test worker] com.zaxxer.hikari.HikariDataSource       : pool - Shutdown initiated...
2022-06-27 15:48:32.526  INFO 37724 --- [    Test worker] com.zaxxer.hikari.HikariDataSource       : pool - Shutdown completed.
]]></system-out>
  <system-err><![CDATA[]]></system-err>
</testsuite>
