<?xml version="1.0" encoding="UTF-8"?>
<testsuite name="com.ceiba.empleado.ConsultaEmpleadoControladorTest" tests="1" skipped="0" failures="0" errors="0" timestamp="2022-07-28T10:29:08" hostname="RODRIGO-MONTERO" time="0.222">
  <properties/>
  <testcase name="consultarEmpleados()" classname="com.ceiba.empleado.ConsultaEmpleadoControladorTest" time="0.222"/>
  <system-out><![CDATA[2022-07-28 05:29:07.481  INFO 9704 --- [    Test worker] o.s.t.c.support.AbstractContextLoader    : Could not detect default resource locations for test class [com.ceiba.empleado.ConsultaEmpleadoControladorTest]: no resource found for suffixes {-context.xml, Context.groovy}.
2022-07-28 05:29:07.483  INFO 9704 --- [    Test worker] .b.t.a.w.s.WebMvcTestContextBootstrapper : Loaded default TestExecutionListener class names from location [META-INF/spring.factories]: [org.springframework.boot.test.autoconfigure.restdocs.RestDocsTestExecutionListener, org.springframework.boot.test.autoconfigure.web.client.MockRestServiceServerResetTestExecutionListener, org.springframework.boot.test.autoconfigure.web.servlet.MockMvcPrintOnlyOnFailureTestExecutionListener, org.springframework.boot.test.autoconfigure.web.servlet.WebDriverTestExecutionListener, org.springframework.boot.test.autoconfigure.webservices.client.MockWebServiceServerTestExecutionListener, org.springframework.boot.test.mock.mockito.MockitoTestExecutionListener, org.springframework.boot.test.mock.mockito.ResetMocksTestExecutionListener, org.springframework.test.context.web.ServletTestExecutionListener, org.springframework.test.context.support.DirtiesContextBeforeModesTestExecutionListener, org.springframework.test.context.event.ApplicationEventsTestExecutionListener, org.springframework.test.context.support.DependencyInjectionTestExecutionListener, org.springframework.test.context.support.DirtiesContextTestExecutionListener, org.springframework.test.context.transaction.TransactionalTestExecutionListener, org.springframework.test.context.jdbc.SqlScriptsTestExecutionListener, org.springframework.test.context.event.EventPublishingTestExecutionListener]
2022-07-28 05:29:07.483  INFO 9704 --- [    Test worker] .b.t.a.w.s.WebMvcTestContextBootstrapper : Using TestExecutionListeners: [org.springframework.test.context.web.ServletTestExecutionListener@519cb1bd, org.springframework.test.context.support.DirtiesContextBeforeModesTestExecutionListener@3cceea18, org.springframework.test.context.event.ApplicationEventsTestExecutionListener@4f57a8e2, org.springframework.boot.test.mock.mockito.MockitoTestExecutionListener@378d8d1b, org.springframework.boot.test.autoconfigure.SpringBootDependencyInjectionTestExecutionListener@3a8d30e, org.springframework.test.context.support.DirtiesContextTestExecutionListener@48fd7749, org.springframework.test.context.transaction.TransactionalTestExecutionListener@3a9fd60c, org.springframework.test.context.jdbc.SqlScriptsTestExecutionListener@61a16111, org.springframework.test.context.event.EventPublishingTestExecutionListener@2454ee88, org.springframework.boot.test.autoconfigure.restdocs.RestDocsTestExecutionListener@7b09274, org.springframework.boot.test.autoconfigure.web.client.MockRestServiceServerResetTestExecutionListener@435b1b38, org.springframework.boot.test.autoconfigure.web.servlet.MockMvcPrintOnlyOnFailureTestExecutionListener@291853ab, org.springframework.boot.test.autoconfigure.web.servlet.WebDriverTestExecutionListener@2abbc8ae, org.springframework.boot.test.autoconfigure.webservices.client.MockWebServiceServerTestExecutionListener@299bdcbf, org.springframework.boot.test.mock.mockito.ResetMocksTestExecutionListener@3282806f]

  .   ____          _            __ _ _
 /\\ / ___'_ __ _ _(_)_ __  __ _ \ \ \ \
( ( )\___ | '_ | '_| | '_ \/ _` | \ \ \ \
 \\/  ___)| |_)| | | | | || (_| |  ) ) ) )
  '  |____| .__|_| |_|_| |_\__, | / / / /
 =========|_|==============|___/=/_/_/_/
 :: Spring Boot ::                (v2.6.7)

2022-07-28 05:29:07.504  INFO 9704 --- [    Test worker] c.c.e.ConsultaEmpleadoControladorTest    : Starting ConsultaEmpleadoControladorTest using Java 17.0.3 on RODRIGO-MONTERO with PID 9704 (started by rodrigo.montero in D:\Adn\java-arquitectura-hexagonal\microservicio\infraestructura)
2022-07-28 05:29:07.505  INFO 9704 --- [    Test worker] c.c.e.ConsultaEmpleadoControladorTest    : No active profile set, falling back to 1 default profile: "default"
2022-07-28 05:29:07.633  INFO 9704 --- [    Test worker] com.zaxxer.hikari.HikariDataSource       : pool - Starting...
2022-07-28 05:29:07.635  INFO 9704 --- [    Test worker] com.zaxxer.hikari.HikariDataSource       : pool - Start completed.
2022-07-28 05:29:07.746  INFO 9704 --- [    Test worker] o.s.j.d.e.EmbeddedDatabaseFactory        : Starting embedded database: url='jdbc:h2:mem:testdb;DB_CLOSE_DELAY=-1;DB_CLOSE_ON_EXIT=false', username='sa'
2022-07-28 05:29:07.750  INFO 9704 --- [    Test worker] o.f.c.i.database.base.DatabaseType       : Database: jdbc:h2:mem:testdb (H2 1.4)
2022-07-28 05:29:07.754  INFO 9704 --- [    Test worker] o.f.core.internal.command.DbValidate     : Successfully validated 2 migrations (execution time 00:00.002s)
2022-07-28 05:29:07.757  INFO 9704 --- [    Test worker] o.f.c.i.s.JdbcTableSchemaHistory         : Creating Schema History table "PUBLIC"."flyway_schema_history" ...
2022-07-28 05:29:07.765  INFO 9704 --- [    Test worker] o.f.core.internal.command.DbMigrate      : Current version of schema "PUBLIC": << Empty Schema >>
2022-07-28 05:29:07.769  INFO 9704 --- [    Test worker] o.f.core.internal.command.DbMigrate      : Migrating schema "PUBLIC" to version 1.0 - schema
2022-07-28 05:29:07.785  INFO 9704 --- [    Test worker] o.f.core.internal.command.DbMigrate      : Migrating schema "PUBLIC" to version 1.1 - data
2022-07-28 05:29:07.795  INFO 9704 --- [    Test worker] o.f.core.internal.command.DbMigrate      : Successfully applied 2 migrations to schema "PUBLIC" (execution time 00:00.032s)
2022-07-28 05:29:08.138  INFO 9704 --- [    Test worker] o.s.b.t.m.w.SpringBootMockServletContext : Initializing Spring TestDispatcherServlet ''
2022-07-28 05:29:08.138  INFO 9704 --- [    Test worker] o.s.t.web.servlet.TestDispatcherServlet  : Initializing Servlet ''
2022-07-28 05:29:08.147  INFO 9704 --- [    Test worker] o.s.t.web.servlet.TestDispatcherServlet  : Completed initialization in 9 ms
2022-07-28 05:29:08.153  INFO 9704 --- [    Test worker] c.c.e.ConsultaEmpleadoControladorTest    : Started ConsultaEmpleadoControladorTest in 0.67 seconds (JVM running for 12.162)
2022-07-28 05:29:08.165  INFO 9704 --- [    Test worker] o.s.j.d.e.EmbeddedDatabaseFactory        : Shutting down embedded database: url='jdbc:h2:mem:testdb;DB_CLOSE_DELAY=-1;DB_CLOSE_ON_EXIT=false'
2022-07-28 05:29:08.378  INFO 9704 --- [    Test worker] com.zaxxer.hikari.HikariDataSource       : pool - Shutdown initiated...
2022-07-28 05:29:08.380  INFO 9704 --- [    Test worker] com.zaxxer.hikari.HikariDataSource       : pool - Shutdown completed.
]]></system-out>
  <system-err><![CDATA[]]></system-err>
</testsuite>
