<?xml version="1.0" encoding="UTF-8"?>
<testsuite name="com.ceiba.plantaporproveedor.ComandoControladorPlantaPorProveedorTest" tests="3" skipped="0" failures="0" errors="0" timestamp="2022-06-29T03:19:28" hostname="RODRIGO-MONTERO" time="2.282">
  <properties/>
  <testcase name="existe()" classname="com.ceiba.plantaporproveedor.ComandoControladorPlantaPorProveedorTest" time="0.218"/>
  <testcase name="crearPlantaPorProveedorExitosa()" classname="com.ceiba.plantaporproveedor.ComandoControladorPlantaPorProveedorTest" time="0.211"/>
  <testcase name="eliminar()" classname="com.ceiba.plantaporproveedor.ComandoControladorPlantaPorProveedorTest" time="0.223"/>
  <system-out><![CDATA[2022-06-28 22:19:27.384  INFO 13328 --- [    Test worker] o.s.t.c.support.AbstractContextLoader    : Could not detect default resource locations for test class [com.ceiba.plantaporproveedor.ComandoControladorPlantaPorProveedorTest]: no resource found for suffixes {-context.xml, Context.groovy}.
2022-06-28 22:19:27.389  INFO 13328 --- [    Test worker] .b.t.a.w.s.WebMvcTestContextBootstrapper : Loaded default TestExecutionListener class names from location [META-INF/spring.factories]: [org.springframework.boot.test.autoconfigure.restdocs.RestDocsTestExecutionListener, org.springframework.boot.test.autoconfigure.web.client.MockRestServiceServerResetTestExecutionListener, org.springframework.boot.test.autoconfigure.web.servlet.MockMvcPrintOnlyOnFailureTestExecutionListener, org.springframework.boot.test.autoconfigure.web.servlet.WebDriverTestExecutionListener, org.springframework.boot.test.autoconfigure.webservices.client.MockWebServiceServerTestExecutionListener, org.springframework.boot.test.mock.mockito.MockitoTestExecutionListener, org.springframework.boot.test.mock.mockito.ResetMocksTestExecutionListener, org.springframework.test.context.web.ServletTestExecutionListener, org.springframework.test.context.support.DirtiesContextBeforeModesTestExecutionListener, org.springframework.test.context.event.ApplicationEventsTestExecutionListener, org.springframework.test.context.support.DependencyInjectionTestExecutionListener, org.springframework.test.context.support.DirtiesContextTestExecutionListener, org.springframework.test.context.transaction.TransactionalTestExecutionListener, org.springframework.test.context.jdbc.SqlScriptsTestExecutionListener, org.springframework.test.context.event.EventPublishingTestExecutionListener]
2022-06-28 22:19:27.389  INFO 13328 --- [    Test worker] .b.t.a.w.s.WebMvcTestContextBootstrapper : Using TestExecutionListeners: [org.springframework.test.context.web.ServletTestExecutionListener@6ec4a04a, org.springframework.test.context.support.DirtiesContextBeforeModesTestExecutionListener@5e5ebb7c, org.springframework.test.context.event.ApplicationEventsTestExecutionListener@1901fa4a, org.springframework.boot.test.mock.mockito.MockitoTestExecutionListener@435734c2, org.springframework.boot.test.autoconfigure.SpringBootDependencyInjectionTestExecutionListener@85a1a12, org.springframework.test.context.support.DirtiesContextTestExecutionListener@2374c53e, org.springframework.test.context.transaction.TransactionalTestExecutionListener@35b1a8b0, org.springframework.test.context.jdbc.SqlScriptsTestExecutionListener@4f3a6be0, org.springframework.test.context.event.EventPublishingTestExecutionListener@1768729f, org.springframework.boot.test.autoconfigure.restdocs.RestDocsTestExecutionListener@12301879, org.springframework.boot.test.autoconfigure.web.client.MockRestServiceServerResetTestExecutionListener@2afcc6a7, org.springframework.boot.test.autoconfigure.web.servlet.MockMvcPrintOnlyOnFailureTestExecutionListener@3685cd73, org.springframework.boot.test.autoconfigure.web.servlet.WebDriverTestExecutionListener@622dbdb6, org.springframework.boot.test.autoconfigure.webservices.client.MockWebServiceServerTestExecutionListener@704c925a, org.springframework.boot.test.mock.mockito.ResetMocksTestExecutionListener@3c49bb0a]

  .   ____          _            __ _ _
 /\\ / ___'_ __ _ _(_)_ __  __ _ \ \ \ \
( ( )\___ | '_ | '_| | '_ \/ _` | \ \ \ \
 \\/  ___)| |_)| | | | | || (_| |  ) ) ) )
  '  |____| .__|_| |_|_| |_\__, | / / / /
 =========|_|==============|___/=/_/_/_/
 :: Spring Boot ::                (v2.6.7)

2022-06-28 22:19:27.464  INFO 13328 --- [    Test worker] ComandoControladorPlantaPorProveedorTest : Starting ComandoControladorPlantaPorProveedorTest using Java 17.0.2 on RODRIGO-MONTERO with PID 13328 (started by rodrigo.montero in D:\Adn\java-arquitectura-hexagonal\microservicio\infraestructura)
2022-06-28 22:19:27.464  INFO 13328 --- [    Test worker] ComandoControladorPlantaPorProveedorTest : No active profile set, falling back to 1 default profile: "default"
2022-06-28 22:19:27.657  INFO 13328 --- [    Test worker] com.zaxxer.hikari.HikariDataSource       : pool - Starting...
2022-06-28 22:19:27.660  INFO 13328 --- [    Test worker] com.zaxxer.hikari.HikariDataSource       : pool - Start completed.
2022-06-28 22:19:27.848  INFO 13328 --- [    Test worker] o.s.j.d.e.EmbeddedDatabaseFactory        : Starting embedded database: url='jdbc:h2:mem:testdb;DB_CLOSE_DELAY=-1;DB_CLOSE_ON_EXIT=false', username='sa'
2022-06-28 22:19:27.855  INFO 13328 --- [    Test worker] o.f.c.i.database.base.DatabaseType       : Database: jdbc:h2:mem:testdb (H2 1.4)
2022-06-28 22:19:27.861  INFO 13328 --- [    Test worker] o.f.core.internal.command.DbValidate     : Successfully validated 2 migrations (execution time 00:00.003s)
2022-06-28 22:19:27.865  INFO 13328 --- [    Test worker] o.f.c.i.s.JdbcTableSchemaHistory         : Creating Schema History table "PUBLIC"."flyway_schema_history" ...
2022-06-28 22:19:27.873  INFO 13328 --- [    Test worker] o.f.core.internal.command.DbMigrate      : Current version of schema "PUBLIC": << Empty Schema >>
2022-06-28 22:19:27.877  INFO 13328 --- [    Test worker] o.f.core.internal.command.DbMigrate      : Migrating schema "PUBLIC" to version 1.0 - schema
2022-06-28 22:19:27.895  INFO 13328 --- [    Test worker] o.f.core.internal.command.DbMigrate      : Migrating schema "PUBLIC" to version 1.1 - data
2022-06-28 22:19:27.909  INFO 13328 --- [    Test worker] o.f.core.internal.command.DbMigrate      : Successfully applied 2 migrations to schema "PUBLIC" (execution time 00:00.038s)
2022-06-28 22:19:28.291  INFO 13328 --- [    Test worker] o.s.b.t.m.w.SpringBootMockServletContext : Initializing Spring TestDispatcherServlet ''
2022-06-28 22:19:28.291  INFO 13328 --- [    Test worker] o.s.t.web.servlet.TestDispatcherServlet  : Initializing Servlet ''
2022-06-28 22:19:28.292  INFO 13328 --- [    Test worker] o.s.t.web.servlet.TestDispatcherServlet  : Completed initialization in 1 ms
2022-06-28 22:19:28.306  INFO 13328 --- [    Test worker] ComandoControladorPlantaPorProveedorTest : Started ComandoControladorPlantaPorProveedorTest in 0.906 seconds (JVM running for 23.859)
2022-06-28 22:19:28.317  INFO 13328 --- [    Test worker] o.s.j.d.e.EmbeddedDatabaseFactory        : Shutting down embedded database: url='jdbc:h2:mem:testdb;DB_CLOSE_DELAY=-1;DB_CLOSE_ON_EXIT=false'
2022-06-28 22:19:28.525  INFO 13328 --- [    Test worker] com.zaxxer.hikari.HikariDataSource       : pool - Shutdown initiated...
2022-06-28 22:19:28.527  INFO 13328 --- [    Test worker] com.zaxxer.hikari.HikariDataSource       : pool - Shutdown completed.

  .   ____          _            __ _ _
 /\\ / ___'_ __ _ _(_)_ __  __ _ \ \ \ \
( ( )\___ | '_ | '_| | '_ \/ _` | \ \ \ \
 \\/  ___)| |_)| | | | | || (_| |  ) ) ) )
  '  |____| .__|_| |_|_| |_\__, | / / / /
 =========|_|==============|___/=/_/_/_/
 :: Spring Boot ::                (v2.6.7)

2022-06-28 22:19:28.597  INFO 13328 --- [    Test worker] ComandoControladorPlantaPorProveedorTest : Starting ComandoControladorPlantaPorProveedorTest using Java 17.0.2 on RODRIGO-MONTERO with PID 13328 (started by rodrigo.montero in D:\Adn\java-arquitectura-hexagonal\microservicio\infraestructura)
2022-06-28 22:19:28.598  INFO 13328 --- [    Test worker] ComandoControladorPlantaPorProveedorTest : No active profile set, falling back to 1 default profile: "default"
2022-06-28 22:19:28.757  INFO 13328 --- [    Test worker] com.zaxxer.hikari.HikariDataSource       : pool - Starting...
2022-06-28 22:19:28.760  INFO 13328 --- [    Test worker] com.zaxxer.hikari.HikariDataSource       : pool - Start completed.
2022-06-28 22:19:28.903  INFO 13328 --- [    Test worker] o.s.j.d.e.EmbeddedDatabaseFactory        : Starting embedded database: url='jdbc:h2:mem:testdb;DB_CLOSE_DELAY=-1;DB_CLOSE_ON_EXIT=false', username='sa'
2022-06-28 22:19:28.909  INFO 13328 --- [    Test worker] o.f.c.i.database.base.DatabaseType       : Database: jdbc:h2:mem:testdb (H2 1.4)
2022-06-28 22:19:28.915  INFO 13328 --- [    Test worker] o.f.core.internal.command.DbValidate     : Successfully validated 2 migrations (execution time 00:00.003s)
2022-06-28 22:19:28.918  INFO 13328 --- [    Test worker] o.f.c.i.s.JdbcTableSchemaHistory         : Creating Schema History table "PUBLIC"."flyway_schema_history" ...
2022-06-28 22:19:28.925  INFO 13328 --- [    Test worker] o.f.core.internal.command.DbMigrate      : Current version of schema "PUBLIC": << Empty Schema >>
2022-06-28 22:19:28.930  INFO 13328 --- [    Test worker] o.f.core.internal.command.DbMigrate      : Migrating schema "PUBLIC" to version 1.0 - schema
2022-06-28 22:19:28.947  INFO 13328 --- [    Test worker] o.f.core.internal.command.DbMigrate      : Migrating schema "PUBLIC" to version 1.1 - data
2022-06-28 22:19:28.961  INFO 13328 --- [    Test worker] o.f.core.internal.command.DbMigrate      : Successfully applied 2 migrations to schema "PUBLIC" (execution time 00:00.038s)
2022-06-28 22:19:29.380  INFO 13328 --- [    Test worker] o.s.b.t.m.w.SpringBootMockServletContext : Initializing Spring TestDispatcherServlet ''
2022-06-28 22:19:29.380  INFO 13328 --- [    Test worker] o.s.t.web.servlet.TestDispatcherServlet  : Initializing Servlet ''
2022-06-28 22:19:29.380  INFO 13328 --- [    Test worker] o.s.t.web.servlet.TestDispatcherServlet  : Completed initialization in 0 ms
2022-06-28 22:19:29.381  INFO 13328 --- [    Test worker] ComandoControladorPlantaPorProveedorTest : Started ComandoControladorPlantaPorProveedorTest in 0.859 seconds (JVM running for 24.944)
2022-06-28 22:19:29.396  INFO 13328 --- [    Test worker] o.s.j.d.e.EmbeddedDatabaseFactory        : Shutting down embedded database: url='jdbc:h2:mem:testdb;DB_CLOSE_DELAY=-1;DB_CLOSE_ON_EXIT=false'
2022-06-28 22:19:29.604  INFO 13328 --- [    Test worker] com.zaxxer.hikari.HikariDataSource       : pool - Shutdown initiated...
2022-06-28 22:19:29.605  INFO 13328 --- [    Test worker] com.zaxxer.hikari.HikariDataSource       : pool - Shutdown completed.

  .   ____          _            __ _ _
 /\\ / ___'_ __ _ _(_)_ __  __ _ \ \ \ \
( ( )\___ | '_ | '_| | '_ \/ _` | \ \ \ \
 \\/  ___)| |_)| | | | | || (_| |  ) ) ) )
  '  |____| .__|_| |_|_| |_\__, | / / / /
 =========|_|==============|___/=/_/_/_/
 :: Spring Boot ::                (v2.6.7)

2022-06-28 22:19:29.649  INFO 13328 --- [    Test worker] ComandoControladorPlantaPorProveedorTest : Starting ComandoControladorPlantaPorProveedorTest using Java 17.0.2 on RODRIGO-MONTERO with PID 13328 (started by rodrigo.montero in D:\Adn\java-arquitectura-hexagonal\microservicio\infraestructura)
2022-06-28 22:19:29.649  INFO 13328 --- [    Test worker] ComandoControladorPlantaPorProveedorTest : No active profile set, falling back to 1 default profile: "default"
2022-06-28 22:19:29.797  INFO 13328 --- [    Test worker] com.zaxxer.hikari.HikariDataSource       : pool - Starting...
2022-06-28 22:19:29.799  INFO 13328 --- [    Test worker] com.zaxxer.hikari.HikariDataSource       : pool - Start completed.
2022-06-28 22:19:29.916  INFO 13328 --- [    Test worker] o.s.j.d.e.EmbeddedDatabaseFactory        : Starting embedded database: url='jdbc:h2:mem:testdb;DB_CLOSE_DELAY=-1;DB_CLOSE_ON_EXIT=false', username='sa'
2022-06-28 22:19:29.919  INFO 13328 --- [    Test worker] o.f.c.i.database.base.DatabaseType       : Database: jdbc:h2:mem:testdb (H2 1.4)
2022-06-28 22:19:29.924  INFO 13328 --- [    Test worker] o.f.core.internal.command.DbValidate     : Successfully validated 2 migrations (execution time 00:00.002s)
2022-06-28 22:19:29.927  INFO 13328 --- [    Test worker] o.f.c.i.s.JdbcTableSchemaHistory         : Creating Schema History table "PUBLIC"."flyway_schema_history" ...
2022-06-28 22:19:29.935  INFO 13328 --- [    Test worker] o.f.core.internal.command.DbMigrate      : Current version of schema "PUBLIC": << Empty Schema >>
2022-06-28 22:19:29.939  INFO 13328 --- [    Test worker] o.f.core.internal.command.DbMigrate      : Migrating schema "PUBLIC" to version 1.0 - schema
2022-06-28 22:19:29.948  INFO 13328 --- [    Test worker] o.f.core.internal.command.DbMigrate      : Migrating schema "PUBLIC" to version 1.1 - data
2022-06-28 22:19:29.965  INFO 13328 --- [    Test worker] o.f.core.internal.command.DbMigrate      : Successfully applied 2 migrations to schema "PUBLIC" (execution time 00:00.032s)
2022-06-28 22:19:30.348  INFO 13328 --- [    Test worker] o.s.b.t.m.w.SpringBootMockServletContext : Initializing Spring TestDispatcherServlet ''
2022-06-28 22:19:30.348  INFO 13328 --- [    Test worker] o.s.t.web.servlet.TestDispatcherServlet  : Initializing Servlet ''
2022-06-28 22:19:30.348  INFO 13328 --- [    Test worker] o.s.t.web.servlet.TestDispatcherServlet  : Completed initialization in 0 ms
2022-06-28 22:19:30.366  INFO 13328 --- [    Test worker] ComandoControladorPlantaPorProveedorTest : Started ComandoControladorPlantaPorProveedorTest in 0.757 seconds (JVM running for 25.918)
2022-06-28 22:19:30.378  INFO 13328 --- [    Test worker] o.s.j.d.e.EmbeddedDatabaseFactory        : Shutting down embedded database: url='jdbc:h2:mem:testdb;DB_CLOSE_DELAY=-1;DB_CLOSE_ON_EXIT=false'
2022-06-28 22:19:30.588  INFO 13328 --- [    Test worker] com.zaxxer.hikari.HikariDataSource       : pool - Shutdown initiated...
2022-06-28 22:19:30.590  INFO 13328 --- [    Test worker] com.zaxxer.hikari.HikariDataSource       : pool - Shutdown completed.
]]></system-out>
  <system-err><![CDATA[]]></system-err>
</testsuite>
