<?xml version="1.0" encoding="UTF-8"?>
<testsuite name="com.ceiba.empleado.EmpleadoTest" tests="5" skipped="0" failures="0" errors="0" timestamp="2022-07-27T09:27:44" hostname="RODRIGO-MONTERO" time="0.01">
  <properties/>
  <testcase name="deberiaReconstruirPersonaExitosamente()" classname="com.ceiba.empleado.EmpleadoTest" time="0.003"/>
  <testcase name="reconstruirSinNombredeberiaDeberiaLanzarError()" classname="com.ceiba.empleado.EmpleadoTest" time="0.002"/>
  <testcase name="reconstruirSinIddeberiaDeberiaLanzarError()" classname="com.ceiba.empleado.EmpleadoTest" time="0.001"/>
  <testcase name="reconstruirSinDirecciondeberiaDeberiaLanzarError()" classname="com.ceiba.empleado.EmpleadoTest" time="0.0"/>
  <testcase name="reconstruirSinTelefonodeberiaDeberiaLanzarError()" classname="com.ceiba.empleado.EmpleadoTest" time="0.001"/>
  <system-out><![CDATA[]]></system-out>
  <system-err><![CDATA[]]></system-err>
</testsuite>
