<?xml version="1.0" encoding="UTF-8"?>
<testsuite name="com.ceiba.producto.ProductoTest" tests="1" skipped="0" failures="0" errors="0" timestamp="2022-06-20T23:54:47" hostname="RODRIGO-MONTERO" time="0.032">
  <properties/>
  <testcase name="reconstruirSinAplicaIvadeberiaDeberiaLanzarError()" classname="com.ceiba.producto.ProductoTest" time="0.032"/>
  <system-out><![CDATA[]]></system-out>
  <system-err><![CDATA[]]></system-err>
</testsuite>
