<?xml version="1.0" encoding="UTF-8"?>
<testsuite name="com.ceiba.proveedor.ServicioActualizarProveedorTest" tests="2" skipped="0" failures="0" errors="0" timestamp="2022-06-27T17:40:55" hostname="RODRIGO-MONTERO" time="0.043">
  <properties/>
  <testcase name="validarActualizacionProveedorTest()" classname="com.ceiba.proveedor.ServicioActualizarProveedorTest" time="0.041"/>
  <testcase name="validarProveedorExistenciaPreviaTest()" classname="com.ceiba.proveedor.ServicioActualizarProveedorTest" time="0.001"/>
  <system-out><![CDATA[]]></system-out>
  <system-err><![CDATA[]]></system-err>
</testsuite>
