<?xml version="1.0" encoding="UTF-8"?>
<testsuite name="com.ceiba.cliente.ClienteTest" tests="10" skipped="0" failures="0" errors="0" timestamp="2022-07-27T17:18:26" hostname="RODRIGO-MONTERO" time="0.045">
  <properties/>
  <testcase name="deberiaReconstruirClienteExitosamenteValidandoTipoCliente()" classname="com.ceiba.cliente.ClienteTest" time="0.028"/>
  <testcase name="reconstruirSinDireccionDeberiaLanzarError()" classname="com.ceiba.cliente.ClienteTest" time="0.007"/>
  <testcase name="validarTipoCliente()" classname="com.ceiba.cliente.ClienteTest" time="0.003"/>
  <testcase name="reconstruirSinEmailDeberiaLanzarError()" classname="com.ceiba.cliente.ClienteTest" time="0.0"/>
  <testcase name="reconstruirSinTelefonoDeberiaLanzarError()" classname="com.ceiba.cliente.ClienteTest" time="0.0"/>
  <testcase name="reconstruirSinTipoClienteDeberiaLanzarError()" classname="com.ceiba.cliente.ClienteTest" time="0.0"/>
  <testcase name="deberiaReconstruirClienteExitosamente()" classname="com.ceiba.cliente.ClienteTest" time="0.0"/>
  <testcase name="reconstruirSinIdDeberiaLanzarError()" classname="com.ceiba.cliente.ClienteTest" time="0.001"/>
  <testcase name="reconstruirSinNombreDeberiaLanzarError()" classname="com.ceiba.cliente.ClienteTest" time="0.001"/>
  <testcase name="deberiaReconstruirClienteExitosamenteValidandoTipoClientePreferencial()" classname="com.ceiba.cliente.ClienteTest" time="0.001"/>
  <system-out><![CDATA[]]></system-out>
  <system-err><![CDATA[]]></system-err>
</testsuite>
