<?xml version="1.0" encoding="UTF-8"?>
<testsuite name="com.ceiba.proveedor.SolicitudCrearProveedorTest" tests="1" skipped="0" failures="0" errors="0" timestamp="2022-07-28T09:27:41" hostname="RODRIGO-MONTERO" time="0.0">
  <properties/>
  <testcase name="deberiaGuardarProveedor()" classname="com.ceiba.proveedor.SolicitudCrearProveedorTest" time="0.0"/>
  <system-out><![CDATA[]]></system-out>
  <system-err><![CDATA[]]></system-err>
</testsuite>
