<?xml version="1.0" encoding="UTF-8"?>
<testsuite name="com.ceiba.planta.ServicioActualizarPlantaTest" tests="1" skipped="0" failures="0" errors="0" timestamp="2022-07-26T20:30:27" hostname="RODRIGO-MONTERO" time="0.034">
  <properties/>
  <testcase name="validarActualizacionPlantaTest()" classname="com.ceiba.planta.ServicioActualizarPlantaTest" time="0.034"/>
  <system-out><![CDATA[]]></system-out>
  <system-err><![CDATA[]]></system-err>
</testsuite>
