<?xml version="1.0" encoding="UTF-8"?>
<testsuite name="com.ceiba.factura.SolicitudFacturarTest" tests="2" skipped="0" failures="0" errors="0" timestamp="2022-07-28T13:03:59" hostname="RODRIGO-MONTERO" time="0.002">
  <properties/>
  <testcase name="solicitudFacturarCrearTestExitosamente()" classname="com.ceiba.factura.SolicitudFacturarTest" time="0.001"/>
  <testcase name="solicitudFacturarTestExitosamente()" classname="com.ceiba.factura.SolicitudFacturarTest" time="0.001"/>
  <system-out><![CDATA[]]></system-out>
  <system-err><![CDATA[]]></system-err>
</testsuite>
