<?xml version="1.0" encoding="UTF-8"?>
<testsuite name="com.ceiba.factura.FacturaTest" tests="5" skipped="0" failures="0" errors="0" timestamp="2022-07-28T09:27:41" hostname="RODRIGO-MONTERO" time="0.02">
  <properties/>
  <testcase name="validarDiaHabilSiguienteExitosamente()" classname="com.ceiba.factura.FacturaTest" time="0.014"/>
  <testcase name="validarCalcularValorTotalExitosamente()" classname="com.ceiba.factura.FacturaTest" time="0.001"/>
  <testcase name="validarAplicardescuentoExitosamente()" classname="com.ceiba.factura.FacturaTest" time="0.001"/>
  <testcase name="deberiaConstruirUnaFacturaExitosamente()" classname="com.ceiba.factura.FacturaTest" time="0.0"/>
  <testcase name="validarDiaFestivoExitosamente()" classname="com.ceiba.factura.FacturaTest" time="0.001"/>
  <system-out><![CDATA[]]></system-out>
  <system-err><![CDATA[]]></system-err>
</testsuite>
