<?xml version="1.0" encoding="UTF-8"?>
<testsuite name="com.ceiba.empleado.ServicioCrearEmpleadoTest" tests="1" skipped="0" failures="0" errors="0" timestamp="2022-06-29T01:21:00" hostname="RODRIGO-MONTERO" time="1.205">
  <properties/>
  <testcase name="validarCreacionEmpleado()" classname="com.ceiba.empleado.ServicioCrearEmpleadoTest" time="1.205"/>
  <system-out><![CDATA[]]></system-out>
  <system-err><![CDATA[]]></system-err>
</testsuite>
