<?xml version="1.0" encoding="UTF-8"?>
<testsuite name="com.ceiba.factura.ProductoFacturarTest" tests="1" skipped="0" failures="0" errors="0" timestamp="2022-06-27T03:49:23" hostname="RODRIGO-MONTERO" time="0.001">
  <properties/>
  <testcase name="construirProductoFacturaTestExitosamente()" classname="com.ceiba.factura.ProductoFacturarTest" time="0.001"/>
  <system-out><![CDATA[]]></system-out>
  <system-err><![CDATA[]]></system-err>
</testsuite>
