<?xml version="1.0" encoding="UTF-8"?>
<testsuite name="com.ceiba.cliente.ClienteTest" tests="1" skipped="0" failures="0" errors="0" timestamp="2022-06-27T04:11:34" hostname="RODRIGO-MONTERO" time="0.033">
  <properties/>
  <testcase name="deberiaReconstruirClienteExitosamenteValidandoTipoCliente()" classname="com.ceiba.cliente.ClienteTest" time="0.033"/>
  <system-out><![CDATA[]]></system-out>
  <system-err><![CDATA[]]></system-err>
</testsuite>
