<?xml version="1.0" encoding="UTF-8"?>
<testsuite name="com.ceiba.cliente.ServicioCrearClienteTest" tests="1" skipped="0" failures="0" errors="0" timestamp="2022-06-27T20:48:14" hostname="RODRIGO-MONTERO" time="1.165">
  <properties/>
  <testcase name="validarCreacionCliente()" classname="com.ceiba.cliente.ServicioCrearClienteTest" time="1.165"/>
  <system-out><![CDATA[]]></system-out>
  <system-err><![CDATA[]]></system-err>
</testsuite>
