<?xml version="1.0" encoding="UTF-8"?>
<testsuite name="com.ceiba.proveedor.ServicioActualizarProveedorTest" tests="1" skipped="0" failures="0" errors="0" timestamp="2022-07-28T00:09:37" hostname="RODRIGO-MONTERO" time="1.314">
  <properties/>
  <testcase name="validarActualizacionProveedorTest()" classname="com.ceiba.proveedor.ServicioActualizarProveedorTest" time="1.314"/>
  <system-out><![CDATA[]]></system-out>
  <system-err><![CDATA[]]></system-err>
</testsuite>
