<?xml version="1.0" encoding="UTF-8"?>
<testsuite name="com.ceiba.empleado.EmpleadoTest" tests="6" skipped="0" failures="0" errors="0" timestamp="2022-06-26T22:33:08" hostname="RODRIGO-MONTERO" time="0.01">
  <properties/>
  <testcase name="deberiaReconstruirPersonaExitosamente()" classname="com.ceiba.empleado.EmpleadoTest" time="0.004"/>
  <testcase name="reconstruirSinNombredeberiaDeberiaLanzarError()" classname="com.ceiba.empleado.EmpleadoTest" time="0.001"/>
  <testcase name="reconstruirSinIddeberiaDeberiaLanzarError()" classname="com.ceiba.empleado.EmpleadoTest" time="0.001"/>
  <testcase name="reconstruirSinDirecciondeberiaDeberiaLanzarError()" classname="com.ceiba.empleado.EmpleadoTest" time="0.0"/>
  <testcase name="reconstruirSinTelefonodeberiaDeberiaLanzarError()" classname="com.ceiba.empleado.EmpleadoTest" time="0.0"/>
  <testcase name="testNombrePersona()" classname="com.ceiba.empleado.EmpleadoTest" time="0.001"/>
  <system-out><![CDATA[]]></system-out>
  <system-err><![CDATA[]]></system-err>
</testsuite>
