<?xml version="1.0" encoding="UTF-8"?>
<testsuite name="com.ceiba.empleado.ServicioCrearEmpleadoTest" tests="1" skipped="0" failures="0" errors="0" timestamp="2022-07-07T21:03:19" hostname="RODRIGO-MONTERO" time="0.033">
  <properties/>
  <testcase name="validarCreacionEmpleado()" classname="com.ceiba.empleado.ServicioCrearEmpleadoTest" time="0.033"/>
  <system-out><![CDATA[]]></system-out>
  <system-err><![CDATA[]]></system-err>
</testsuite>
