<?xml version="1.0" encoding="UTF-8"?>
<testsuite name="com.ceiba.plantaporproveedor.PlantaPorProveedorTest" tests="3" skipped="0" failures="0" errors="0" timestamp="2022-06-27T20:48:16" hostname="RODRIGO-MONTERO" time="0.004">
  <properties/>
  <testcase name="ReconstruirSinProveedorDeberiaLanzarError()" classname="com.ceiba.plantaporproveedor.PlantaPorProveedorTest" time="0.001"/>
  <testcase name="deberiaReconstruirPlantaPorProveedorExitosamente()" classname="com.ceiba.plantaporproveedor.PlantaPorProveedorTest" time="0.001"/>
  <testcase name="ReconstruirSinPlantaDeberiaLanzarError()" classname="com.ceiba.plantaporproveedor.PlantaPorProveedorTest" time="0.001"/>
  <system-out><![CDATA[]]></system-out>
  <system-err><![CDATA[]]></system-err>
</testsuite>
