<?xml version="1.0" encoding="UTF-8"?>
<testsuite name="com.ceiba.planta.ServicioActualizarPlantaTest" tests="1" skipped="0" failures="0" errors="0" timestamp="2022-06-27T17:40:54" hostname="RODRIGO-MONTERO" time="1.491">
  <properties/>
  <testcase name="validarActualizacionPlantaTest()" classname="com.ceiba.planta.ServicioActualizarPlantaTest" time="1.491"/>
  <system-out><![CDATA[]]></system-out>
  <system-err><![CDATA[]]></system-err>
</testsuite>
