<?xml version="1.0" encoding="UTF-8"?>
<testsuite name="com.ceiba.cliente.ServicioCrearClienteTest" tests="2" skipped="0" failures="0" errors="0" timestamp="2022-06-29T03:19:01" hostname="RODRIGO-MONTERO" time="1.123">
  <properties/>
  <testcase name="validarCreacionCliente()" classname="com.ceiba.cliente.ServicioCrearClienteTest" time="1.121"/>
  <testcase name="validarExistencia()" classname="com.ceiba.cliente.ServicioCrearClienteTest" time="0.001"/>
  <system-out><![CDATA[]]></system-out>
  <system-err><![CDATA[]]></system-err>
</testsuite>
