<?xml version="1.0" encoding="UTF-8"?>
<testsuite name="com.ceiba.plantaporproveedor.SolicitudCrearPlataPorProveedorTest" tests="1" skipped="0" failures="0" errors="0" timestamp="2022-07-28T18:53:41" hostname="RODRIGO-MONTERO" time="0.002">
  <properties/>
  <testcase name="deberiaRealizarLaSolicitudCrearPlantaPorProveedorTestExitosamente()" classname="com.ceiba.plantaporproveedor.SolicitudCrearPlataPorProveedorTest" time="0.002"/>
  <system-out><![CDATA[]]></system-out>
  <system-err><![CDATA[]]></system-err>
</testsuite>
