<?xml version="1.0" encoding="UTF-8"?>
<testsuite name="com.ceiba.plantaporproveedor.ServicioEliminarPlantaPorProveedorTest" tests="1" skipped="0" failures="0" errors="0" timestamp="2022-07-28T13:03:59" hostname="RODRIGO-MONTERO" time="0.002">
  <properties/>
  <testcase name="deberiaEliminarPlantaPorProveedor()" classname="com.ceiba.plantaporproveedor.ServicioEliminarPlantaPorProveedorTest" time="0.002"/>
  <system-out><![CDATA[]]></system-out>
  <system-err><![CDATA[]]></system-err>
</testsuite>
