<?xml version="1.0" encoding="UTF-8"?>
<testsuite name="com.ceiba.factura.FacturaTest" tests="5" skipped="0" failures="0" errors="0" timestamp="2022-06-29T03:19:02" hostname="RODRIGO-MONTERO" time="0.017">
  <properties/>
  <testcase name="validarDiaHabilSiguienteExitosamente()" classname="com.ceiba.factura.FacturaTest" time="0.011"/>
  <testcase name="validarCalcularValorTotalExitosamente()" classname="com.ceiba.factura.FacturaTest" time="0.002"/>
  <testcase name="validarAplicardescuentoExitosamente()" classname="com.ceiba.factura.FacturaTest" time="0.002"/>
  <testcase name="deberiaConstruirUnaFacturaExitosamente()" classname="com.ceiba.factura.FacturaTest" time="0.0"/>
  <testcase name="validarDiaFestivoExitosamente()" classname="com.ceiba.factura.FacturaTest" time="0.001"/>
  <system-out><![CDATA[]]></system-out>
  <system-err><![CDATA[]]></system-err>
</testsuite>
