<?xml version="1.0" encoding="UTF-8"?>
<testsuite name="com.ceiba.empleado.ServicioCrearEmpleadoTest" tests="1" skipped="0" failures="0" errors="0" timestamp="2022-06-29T03:19:02" hostname="RODRIGO-MONTERO" time="0.031">
  <properties/>
  <testcase name="validarCreacionEmpleado()" classname="com.ceiba.empleado.ServicioCrearEmpleadoTest" time="0.031"/>
  <system-out><![CDATA[]]></system-out>
  <system-err><![CDATA[]]></system-err>
</testsuite>
