<?xml version="1.0" encoding="UTF-8"?>
<testsuite name="com.ceiba.factura.ProductoFacturarTest" tests="2" skipped="0" failures="0" errors="0" timestamp="2022-07-28T10:28:54" hostname="RODRIGO-MONTERO" time="0.001">
  <properties/>
  <testcase name="construirProductoFacturaTestExitosamente()" classname="com.ceiba.factura.ProductoFacturarTest" time="0.001"/>
  <testcase name="calcularSubTotalExitosamente()" classname="com.ceiba.factura.ProductoFacturarTest" time="0.0"/>
  <system-out><![CDATA[]]></system-out>
  <system-err><![CDATA[]]></system-err>
</testsuite>
