<?xml version="1.0" encoding="UTF-8"?>
<testsuite name="com.ceiba.plantaporproveedor.ServicioCrearPlantaPorProveedorTest" tests="1" skipped="0" failures="0" errors="0" timestamp="2022-07-07T21:03:20" hostname="RODRIGO-MONTERO" time="0.024">
  <properties/>
  <testcase name="validarCreacionPlantaPorProveedor()" classname="com.ceiba.plantaporproveedor.ServicioCrearPlantaPorProveedorTest" time="0.024"/>
  <system-out><![CDATA[]]></system-out>
  <system-err><![CDATA[]]></system-err>
</testsuite>
