<?xml version="1.0" encoding="UTF-8"?>
<testsuite name="com.ceiba.plantaporproveedor.PlantaPorProveedorTest" tests="2" skipped="0" failures="0" errors="0" timestamp="2022-06-28T12:47:22" hostname="RODRIGO-MONTERO" time="0.001">
  <properties/>
  <testcase name="ReconstruirSinProveedorDeberiaLanzarError()" classname="com.ceiba.plantaporproveedor.PlantaPorProveedorTest" time="0.001"/>
  <testcase name="deberiaReconstruirPlantaPorProveedorExitosamente()" classname="com.ceiba.plantaporproveedor.PlantaPorProveedorTest" time="0.0"/>
  <system-out><![CDATA[]]></system-out>
  <system-err><![CDATA[]]></system-err>
</testsuite>
