<?xml version="1.0" encoding="UTF-8"?>
<testsuite name="com.ceiba.plantaporproveedor.PlantaPorProveedorTest" tests="1" skipped="0" failures="0" errors="0" timestamp="2022-06-27T04:14:23" hostname="RODRIGO-MONTERO" time="0.002">
  <properties/>
  <testcase name="deberiaReconstruirPlantaPorProveedorExitosamente()" classname="com.ceiba.plantaporproveedor.PlantaPorProveedorTest" time="0.002"/>
  <system-out><![CDATA[]]></system-out>
  <system-err><![CDATA[]]></system-err>
</testsuite>
