<?xml version="1.0" encoding="UTF-8"?>
<testsuite name="com.ceiba.cliente.SolicitudCrearClienteTest" tests="1" skipped="0" failures="0" errors="0" timestamp="2022-07-28T18:53:41" hostname="RODRIGO-MONTERO" time="0.021">
  <properties/>
  <testcase name="deberiaCrearUnaSolicitudDeClienteCorrectamente()" classname="com.ceiba.cliente.SolicitudCrearClienteTest" time="0.021"/>
  <system-out><![CDATA[]]></system-out>
  <system-err><![CDATA[]]></system-err>
</testsuite>
