<?xml version="1.0" encoding="UTF-8"?>
<testsuite name="com.ceiba.planta.ServicioEliminarPlantaTest" tests="1" skipped="0" failures="0" errors="0" timestamp="2022-07-28T10:28:54" hostname="RODRIGO-MONTERO" time="0.003">
  <properties/>
  <testcase name="deberiaEliminarPlantaTest()" classname="com.ceiba.planta.ServicioEliminarPlantaTest" time="0.003"/>
  <system-out><![CDATA[]]></system-out>
  <system-err><![CDATA[]]></system-err>
</testsuite>
