<?xml version="1.0" encoding="UTF-8"?>
<testsuite name="com.ceiba.factura.FacturaTest" tests="1" skipped="0" failures="0" errors="0" timestamp="2022-06-27T03:49:23" hostname="RODRIGO-MONTERO" time="0.003">
  <properties/>
  <testcase name="deberiaConstruirUnaFacturaExitosamente()" classname="com.ceiba.factura.FacturaTest" time="0.003"/>
  <system-out><![CDATA[]]></system-out>
  <system-err><![CDATA[]]></system-err>
</testsuite>
