<?xml version="1.0" encoding="UTF-8"?>
<testsuite name="com.ceiba.factura.SolicitudFacturarTest" tests="1" skipped="0" failures="0" errors="0" timestamp="2022-06-28T12:47:22" hostname="RODRIGO-MONTERO" time="0.001">
  <properties/>
  <testcase name="solicitudFacturarTestExitosamente()" classname="com.ceiba.factura.SolicitudFacturarTest" time="0.001"/>
  <system-out><![CDATA[]]></system-out>
  <system-err><![CDATA[]]></system-err>
</testsuite>
