<?xml version="1.0" encoding="UTF-8"?>
<testsuite name="com.ceiba.planta.ServicioCrearPlantaTest" tests="1" skipped="0" failures="0" errors="0" timestamp="2022-06-28T12:47:22" hostname="RODRIGO-MONTERO" time="0.003">
  <properties/>
  <testcase name="validarCreacionPlanta()" classname="com.ceiba.planta.ServicioCrearPlantaTest" time="0.003"/>
  <system-out><![CDATA[]]></system-out>
  <system-err><![CDATA[]]></system-err>
</testsuite>
