<?xml version="1.0" encoding="UTF-8"?>
<testsuite name="com.ceiba.proveedor.ServicioActualizarProveedorTest" tests="1" skipped="0" failures="0" errors="0" timestamp="2022-07-27T19:48:06" hostname="RODRIGO-MONTERO" time="0.026">
  <properties/>
  <testcase name="validarProveedorExistenciaPreviaTest()" classname="com.ceiba.proveedor.ServicioActualizarProveedorTest" time="0.026"/>
  <system-out><![CDATA[]]></system-out>
  <system-err><![CDATA[]]></system-err>
</testsuite>
