<?xml version="1.0" encoding="UTF-8"?>
<testsuite name="com.ceiba.planta.PlantaTest" tests="6" skipped="0" failures="0" errors="0" timestamp="2022-06-27T04:14:23" hostname="RODRIGO-MONTERO" time="0.006">
  <properties/>
  <testcase name="deberiaReconstruirPlantaExitosamente()" classname="com.ceiba.planta.PlantaTest" time="0.0"/>
  <testcase name="reconstruirSinDescripcionDeberiaLanzarError()" classname="com.ceiba.planta.PlantaTest" time="0.001"/>
  <testcase name="reconstruirSinFechaIngresoDeberiaLanzarError()" classname="com.ceiba.planta.PlantaTest" time="0.001"/>
  <testcase name="reconstruirSinValorDeberiaLanzarError()" classname="com.ceiba.planta.PlantaTest" time="0.001"/>
  <testcase name="reconstruirSinNombreDeberiaLanzarError()" classname="com.ceiba.planta.PlantaTest" time="0.001"/>
  <testcase name="reconstruirSinCategoriaDeberiaLanzarError()" classname="com.ceiba.planta.PlantaTest" time="0.001"/>
  <system-out><![CDATA[]]></system-out>
  <system-err><![CDATA[]]></system-err>
</testsuite>
