<?xml version="1.0" encoding="UTF-8"?>
<testsuite name="com.ceiba.producto.ProductoTest" tests="5" skipped="0" failures="0" errors="0" timestamp="2022-07-28T09:27:41" hostname="RODRIGO-MONTERO" time="0.004">
  <properties/>
  <testcase name="reconstruirSinNombredeberiaDeberiaLanzarError()" classname="com.ceiba.producto.ProductoTest" time="0.001"/>
  <testcase name="reconstruirSinAplicaIvadeberiaDeberiaLanzarError()" classname="com.ceiba.producto.ProductoTest" time="0.0"/>
  <testcase name="reconstruirSinIddeberiaDeberiaLanzarError()" classname="com.ceiba.producto.ProductoTest" time="0.0"/>
  <testcase name="deberiaReconstruirProductoExitosamente()" classname="com.ceiba.producto.ProductoTest" time="0.001"/>
  <testcase name="reconstruirSinValorIvadeberiaDeberiaLanzarError()" classname="com.ceiba.producto.ProductoTest" time="0.001"/>
  <system-out><![CDATA[]]></system-out>
  <system-err><![CDATA[]]></system-err>
</testsuite>
