<?xml version="1.0" encoding="UTF-8"?>
<testsuite name="com.ceiba.factura.ProductoFacturarTest" tests="1" skipped="0" failures="0" errors="0" timestamp="2022-06-28T20:36:04" hostname="RODRIGO-MONTERO" time="0.034">
  <properties/>
  <testcase name="calcularSubTotalExitosamente()" classname="com.ceiba.factura.ProductoFacturarTest" time="0.034"/>
  <system-out><![CDATA[]]></system-out>
  <system-err><![CDATA[]]></system-err>
</testsuite>
